#
# A fatal error has been detected by the Java Runtime Environment:
#
#  EXCEPTION_ACCESS_VIOLATION (0xc0000005) at pc=0x00007ff901878660, pid=18160, tid=10172
#
# JRE version: Java(TM) SE Runtime Environment (14.0.1+7) (build 14.0.1+7)
# Java VM: Java HotSpot(TM) 64-Bit Server VM (14.0.1+7, mixed mode, sharing, tiered, compressed oops, g1 gc, windows-amd64)
# Problematic frame:
# C  0x00007ff901878660
#
# No core dump will be written. Minidumps are not enabled by default on client versions of Windows
#
# If you would like to submit a bug report, please visit:
#   https://bugreport.java.com/bugreport/crash.jsp
# The crash happened outside the Java Virtual Machine in native code.
# See problematic frame for where to report the bug.
#

---------------  S U M M A R Y ------------

Command Line: -agentlib:jdwp=transport=dt_socket,address=127.0.0.1:51305,suspend=y,server=n -Djava.library.path=C:\Users\hayden\Desktop\move\lib -javaagent:C:\Users\hayden\AppData\Local\JetBrains\IntelliJIdea2020.1\groovyHotSwap\gragent.jar -javaagent:C:\Users\hayden\AppData\Local\JetBrains\IntelliJIdea2020.1\captureAgent\debugger-agent.jar -Dfile.encoding=UTF-8 me.hydos.J64.Main Dorg.lwjgl.util.Debug=true

Host: AMD Ryzen 5 2600 Six-Core Processor            , 12 cores, 31G,  Windows 10 , 64 bit Build 18362 (10.0.18362.778)
Time: Sat May  2 16:46:39 2020 E. Australia Standard Time elapsed time: 10 seconds (0d 0h 0m 10s)

---------------  T H R E A D  ---------------

Current thread (0x0000027c789c9000):  JavaThread "AWT-EventQueue-0" [_thread_in_native, id=10172, stack(0x000000deee400000,0x000000deee500000)]

Stack: [0x000000deee400000,0x000000deee500000],  sp=0x000000deee4fe5a8,  free space=1017k
Native frames: (J=compiled Java code, j=interpreted, Vv=VM code, C=native code)
C  0x00007ff901878660

Java frames: (J=compiled Java code, j=interpreted, Vv=VM code)
j  org.lwjgl.opengl.GL11C.glDrawArrays(III)V+0
j  org.lwjgl.opengl.GL11.glDrawArrays(III)V+3
j  com.github.hydos.ginger.engine.opengl.render.renderers.GLGLTriRenderer.render([Lgln64j/OpenGlGdp$GLVertex;)V+54
j  gln64j.OpenGlGdp.OGL_DrawTriangles()V+17
j  gln64j.rsp.Gsp.gSPFlushTriangles()V+50
j  gln64j.rsp.Gsp.gSP1Triangle(IIII)V+10
j  gln64j.opcodes.F3d$9.exec(II)V+41
j  gln64j.rsp.Gsp.RSP_ProcessDList()V+276
j  gln64j.OpenGl$OGL_EventListener.display(Ljavax/media/opengl/GLAutoDrawable;)V+124
j  com.sun.opengl.impl.GLDrawableHelper.display(Ljavax/media/opengl/GLAutoDrawable;)V+29
j  javax.media.opengl.GLCanvas$DisplayAction.run()V+80
j  com.sun.opengl.impl.GLDrawableHelper.invokeGL(Ljavax/media/opengl/GLDrawable;Ljavax/media/opengl/GLContext;Ljava/lang/Runnable;Ljava/lang/Runnable;)V+418
j  javax.media.opengl.GLCanvas$DisplayOnEventDispatchThreadAction.run()V+35
J 1680 c1 java.awt.event.InvocationEvent.dispatch$$$capture()V java.desktop@14.0.1 (69 bytes) @ 0x0000027c53d0b674 [0x0000027c53d0b500+0x0000000000000174]
J 1679 c1 java.awt.event.InvocationEvent.dispatch()V java.desktop@14.0.1 (18 bytes) @ 0x0000027c53d0b024 [0x0000027c53d0af60+0x00000000000000c4]
j  java.awt.EventQueue.dispatchEventImpl(Ljava/awt/AWTEvent;Ljava/lang/Object;)V+21 java.desktop@14.0.1
J 1423 c1 java.awt.EventQueue$4.run()Ljava/lang/Void; java.desktop@14.0.1 (60 bytes) @ 0x0000027c53c76a5c [0x0000027c53c76900+0x000000000000015c]
J 1169 c1 java.awt.EventQueue.dispatchEvent(Ljava/awt/AWTEvent;)V java.desktop@14.0.1 (80 bytes) @ 0x0000027c53bd16e4 [0x0000027c53bd0d80+0x0000000000000964]
J 1174 c1 java.awt.EventDispatchThread.pumpOneEventForFilters(I)V java.desktop@14.0.1 (113 bytes) @ 0x0000027c53bd607c [0x0000027c53bd58a0+0x00000000000007dc]
j  java.awt.EventDispatchThread.pumpEventsForFilter(ILjava/awt/Conditional;Ljava/awt/EventFilter;)V+35 java.desktop@14.0.1
j  java.awt.EventDispatchThread.pumpEventsForHierarchy(ILjava/awt/Conditional;Ljava/awt/Component;)V+11 java.desktop@14.0.1
j  java.awt.EventDispatchThread.pumpEvents(ILjava/awt/Conditional;)V+4 java.desktop@14.0.1
j  java.awt.EventDispatchThread.pumpEvents(Ljava/awt/Conditional;)V+3 java.desktop@14.0.1
j  java.awt.EventDispatchThread.run()V+9 java.desktop@14.0.1
v  ~StubRoutines::call_stub

siginfo: EXCEPTION_ACCESS_VIOLATION (0xc0000005), reading address 0x0000000000000000


Register to memory mapping:

RIP=0x00007ff901878660 points into unknown readable memory: 0f 10 04 11 4c 03 c1 48
RAX=0x0000000000001000 is an unknown value
RBX=0x00000000000002a0 is an unknown value
RCX=0x0000027c03f297dc points into unknown readable memory: 00 00 00 00
RDX=0xfffffd83fc0d6824 is an unknown value
RSP=0x000000deee4fe5a8 is pointing into the stack for thread: 0x0000027c789c9000
RBP=0x0000000000000002 is an unknown value
RSI=0x0000000000000100 is an unknown value
RDI=0x0000027c03f297dc points into unknown readable memory: 00 00 00 00
R8 =0x0000000000001000 is an unknown value
R9 =0x0000000000000100 is an unknown value
R10=0x0 is NULL
R11=0x0000027c03f297dc points into unknown readable memory: 00 00 00 00
R12=0x0 is NULL
R13=0x00007ff900890000 points into unknown readable memory: 4d 5a 90 00 03 00 00 00
R14=0x0000000000000001 is an unknown value
R15=0x0000027c0532a978 points into unknown readable memory: 0e 00 00 00 0c 00 00 00


Registers:
RAX=0x0000000000001000, RBX=0x00000000000002a0, RCX=0x0000027c03f297dc, RDX=0xfffffd83fc0d6824
RSP=0x000000deee4fe5a8, RBP=0x0000000000000002, RSI=0x0000000000000100, RDI=0x0000027c03f297dc
R8 =0x0000000000001000, R9 =0x0000000000000100, R10=0x0000000000000000, R11=0x0000027c03f297dc
R12=0x0000000000000000, R13=0x00007ff900890000, R14=0x0000000000000001, R15=0x0000027c0532a978
RIP=0x00007ff901878660, EFLAGS=0x0000000000010246

Top of Stack: (sp=0x000000deee4fe5a8)
0x000000deee4fe5a8:   00007ff9012d808c 0000027c03f297a0
0x000000deee4fe5b8:   0000000000000000 0000000000000000
0x000000deee4fe5c8:   00007ff90114881b 0000000000000000
0x000000deee4fe5d8:   0000000000000000 0000000000000000
0x000000deee4fe5e8:   000000000080810b 0000027c0532a978
0x000000deee4fe5f8:   00007ff9012d8f9b 0000027c05321080
0x000000deee4fe608:   0000000000000004 0000000000000100
0x000000deee4fe618:   0000000000000000 0000027c789c9000
0x000000deee4fe628:   000000deee4fe700 0000027c04bea8a8
0x000000deee4fe638:   0000000000000000 0000027c5344ceb0
0x000000deee4fe648:   0000027c53456182 0000027c04bea8b0
0x000000deee4fe658:   000000deee4fe6d0 0000000000000000
0x000000deee4fe668:   0000000000000021 0000027c00000100
0x000000deee4fe678:   00007ff901217240 0000000000000000
0x000000deee4fe688:   000000deee4fe688 0000000000000000
0x000000deee4fe698:   000000deee4fe700 0000027c04bf5978 

Instructions: (pc=0x00007ff901878660)
0x00007ff901878560:   b7 0a 44 0f b6 42 02 66 89 08 44 88 40 02 c3 0f
0x00007ff901878570:   b6 0a 88 08 c3 f3 0f 6f 02 f3 0f 7f 00 c3 66 90
0x00007ff901878580:   4c 8b 02 0f b7 4a 08 44 0f b6 4a 0a 4c 89 00 66
0x00007ff901878590:   89 48 08 44 88 48 0a c3 8b 0a 89 08 c3 0f 1f 00
0x00007ff9018785a0:   8b 0a 44 0f b6 42 04 89 08 44 88 40 04 c3 66 90
0x00007ff9018785b0:   8b 0a 44 0f b7 42 04 89 08 66 44 89 40 04 c3 90
0x00007ff9018785c0:   8b 0a 44 0f b7 42 04 44 0f b6 4a 06 89 08 66 44
0x00007ff9018785d0:   89 40 04 44 88 48 06 c3 4c 8b 02 8b 4a 08 44 0f
0x00007ff9018785e0:   b6 4a 0c 4c 89 00 89 48 08 44 88 48 0c c3 66 90
0x00007ff9018785f0:   4c 8b 02 0f b6 4a 08 4c 89 00 88 48 08 c3 66 90
0x00007ff901878600:   4c 8b 02 0f b7 4a 08 4c 89 00 66 89 48 08 c3 90
0x00007ff901878610:   4c 8b 02 8b 4a 08 4c 89 00 89 48 08 c3 0f 1f 00
0x00007ff901878620:   4c 8b 02 8b 4a 08 44 0f b7 4a 0c 4c 89 00 89 48
0x00007ff901878630:   08 66 44 89 48 0c c3 66 0f 1f 84 00 00 00 00 00
0x00007ff901878640:   4c 8b 02 8b 4a 08 44 0f b7 4a 0c 44 0f b6 52 0e
0x00007ff901878650:   4c 89 00 89 48 08 66 44 89 48 0c 44 88 50 0e c3
0x00007ff901878660:   0f 10 04 11 4c 03 c1 48 83 c1 10 41 f6 c3 0f 74
0x00007ff901878670:   13 0f 28 c8 48 83 e1 f0 0f 10 04 11 48 83 c1 10
0x00007ff901878680:   41 0f 11 0b 4c 2b c1 4d 8b c8 49 c1 e9 07 0f 84
0x00007ff901878690:   88 00 00 00 0f 29 41 f0 4c 3b 0d 49 db 51 01 76
0x00007ff9018786a0:   17 e9 c2 00 00 00 66 66 0f 1f 84 00 00 00 00 00
0x00007ff9018786b0:   0f 29 41 e0 0f 29 49 f0 0f 10 04 11 0f 10 4c 11
0x00007ff9018786c0:   10 48 81 c1 80 00 00 00 0f 29 41 80 0f 29 49 90
0x00007ff9018786d0:   0f 10 44 11 a0 0f 10 4c 11 b0 49 ff c9 0f 29 41
0x00007ff9018786e0:   a0 0f 29 49 b0 0f 10 44 11 c0 0f 10 4c 11 d0 0f
0x00007ff9018786f0:   29 41 c0 0f 29 49 d0 0f 10 44 11 e0 0f 10 4c 11
0x00007ff901878700:   f0 75 ad 0f 29 41 e0 49 83 e0 7f 0f 28 c1 eb 0c
0x00007ff901878710:   0f 10 04 11 48 83 c1 10 49 83 e8 10 4d 8b c8 49
0x00007ff901878720:   c1 e9 04 74 1c 66 66 66 0f 1f 84 00 00 00 00 00
0x00007ff901878730:   0f 11 41 f0 0f 10 04 11 48 83 c1 10 49 ff c9 75
0x00007ff901878740:   ef 49 83 e0 0f 74 0d 4a 8d 04 01 0f 10 4c 10 f0
0x00007ff901878750:   0f 11 48 f0 0f 11 41 f0 49 8b c3 c3 0f 1f 40 00 


Stack slot to memory mapping:
stack at sp + 0 slots: 0x00007ff9012d808c points into unknown readable memory: 42 8b 44 3b
stack at sp + 1 slots: 0x0000027c03f297a0 points into unknown readable memory: 04 60 00 00 e1 0d 00 00
stack at sp + 2 slots: 0x0 is NULL
stack at sp + 3 slots: 0x0 is NULL
stack at sp + 4 slots: 0x00007ff90114881b points into unknown readable memory: 4c 63 4b 08 0f
stack at sp + 5 slots: 0x0 is NULL
stack at sp + 6 slots: 0x0 is NULL
stack at sp + 7 slots: 0x0 is NULL


---------------  P R O C E S S  ---------------

Threads class SMR info:
_java_thread_list=0x0000027c044bc0f0, length=24, elements={
0x0000027c4acbb000, 0x0000027c78842000, 0x0000027c78843000, 0x0000027c78858800,
0x0000027c7885b800, 0x0000027c7885d800, 0x0000027c78861000, 0x0000027c78865800,
0x0000027c78898800, 0x0000027c789cb800, 0x0000027c78ac3800, 0x0000027c78acc800,
0x0000027c78acd000, 0x0000027c789cc800, 0x0000027c789cd000, 0x0000027c789ca800,
0x0000027c789ce000, 0x0000027c789c9000, 0x0000027c789cf800, 0x0000027c789ca000,
0x0000027c7af31000, 0x0000027c7af30000, 0x0000027c7af36800, 0x0000027c7af31800
}

Java Threads: ( => current thread )
  0x0000027c4acbb000 JavaThread "main" [_thread_blocked, id=12516, stack(0x000000deeca00000,0x000000deecb00000)]
  0x0000027c78842000 JavaThread "Reference Handler" daemon [_thread_blocked, id=15684, stack(0x000000deed100000,0x000000deed200000)]
  0x0000027c78843000 JavaThread "Finalizer" daemon [_thread_blocked, id=3620, stack(0x000000deed200000,0x000000deed300000)]
  0x0000027c78858800 JavaThread "Signal Dispatcher" daemon [_thread_blocked, id=14468, stack(0x000000deed300000,0x000000deed400000)]
  0x0000027c7885b800 JavaThread "Attach Listener" daemon [_thread_blocked, id=15584, stack(0x000000deed400000,0x000000deed500000)]
  0x0000027c7885d800 JavaThread "Service Thread" daemon [_thread_blocked, id=1964, stack(0x000000deed500000,0x000000deed600000)]
  0x0000027c78861000 JavaThread "C2 CompilerThread0" daemon [_thread_blocked, id=14412, stack(0x000000deed600000,0x000000deed700000)]
  0x0000027c78865800 JavaThread "C1 CompilerThread0" daemon [_thread_blocked, id=11652, stack(0x000000deed700000,0x000000deed800000)]
  0x0000027c78898800 JavaThread "Sweeper thread" daemon [_thread_blocked, id=17392, stack(0x000000deed800000,0x000000deed900000)]
  0x0000027c789cb800 JavaThread "Common-Cleaner" daemon [_thread_blocked, id=10176, stack(0x000000deed900000,0x000000deeda00000)]
  0x0000027c78ac3800 JavaThread "JDWP Transport Listener: dt_socket" daemon [_thread_blocked, id=12936, stack(0x000000deedb00000,0x000000deedc00000)]
  0x0000027c78acc800 JavaThread "JDWP Event Helper Thread" daemon [_thread_blocked, id=16572, stack(0x000000deedc00000,0x000000deedd00000)]
  0x0000027c78acd000 JavaThread "JDWP Command Reader" daemon [_thread_in_native, id=17624, stack(0x000000deedd00000,0x000000deede00000)]
  0x0000027c789cc800 JavaThread "Notification Thread" daemon [_thread_blocked, id=10976, stack(0x000000deede00000,0x000000deedf00000)]
  0x0000027c789cd000 JavaThread "Java2D Disposer" daemon [_thread_blocked, id=19508, stack(0x000000deee000000,0x000000deee100000)]
  0x0000027c789ca800 JavaThread "AWT-Shutdown" [_thread_blocked, id=15640, stack(0x000000deee100000,0x000000deee200000)]
  0x0000027c789ce000 JavaThread "AWT-Windows" daemon [_thread_in_native, id=1700, stack(0x000000deee200000,0x000000deee300000)]
=>0x0000027c789c9000 JavaThread "AWT-EventQueue-0" [_thread_in_native, id=10172, stack(0x000000deee400000,0x000000deee500000)]
  0x0000027c789cf800 JavaThread "D3D Screen Updater" daemon [_thread_blocked, id=20420, stack(0x000000deee600000,0x000000deee700000)]
  0x0000027c789ca000 JavaThread "Java Sound Event Dispatcher" daemon [_thread_blocked, id=1440, stack(0x000000deef100000,0x000000deef200000)]
  0x0000027c7af31000 JavaThread "Thread-0" [_thread_blocked, id=20220, stack(0x000000deef500000,0x000000deef600000)]
  0x0000027c7af30000 JavaThread "Swing-Shell" daemon [_thread_blocked, id=15892, stack(0x000000deef700000,0x000000deef800000)]
  0x0000027c7af36800 JavaThread "TimerQueue" daemon [_thread_blocked, id=15484, stack(0x000000deefc00000,0x000000deefd00000)]
  0x0000027c7af31800 JavaThread "pool-1-thread-1" [_thread_blocked, id=3520, stack(0x000000def0700000,0x000000def0800000)]

Other Threads:
  0x0000027c77f5d000 VMThread "VM Thread" [stack: 0x000000deed000000,0x000000deed100000] [id=16164]
  0x0000027c7983b800 WatcherThread [stack: 0x000000deedf00000,0x000000deee000000] [id=12020]
  0x0000027c48c2e000 GCTaskThread "GC Thread#0" [stack: 0x000000deecb00000,0x000000deecc00000] [id=7712]
  0x0000027c7afc9800 GCTaskThread "GC Thread#1" [stack: 0x000000deee700000,0x000000deee800000] [id=5320]
  0x0000027c7afca000 GCTaskThread "GC Thread#2" [stack: 0x000000deee800000,0x000000deee900000] [id=16040]
  0x0000027c7afca800 GCTaskThread "GC Thread#3" [stack: 0x000000deee900000,0x000000deeea00000] [id=13096]
  0x0000027c7afcc800 GCTaskThread "GC Thread#4" [stack: 0x000000deeea00000,0x000000deeeb00000] [id=6960]
  0x0000027c7af75000 GCTaskThread "GC Thread#5" [stack: 0x000000deeeb00000,0x000000deeec00000] [id=3036]
  0x0000027c7af78800 GCTaskThread "GC Thread#6" [stack: 0x000000deeec00000,0x000000deeed00000] [id=5144]
  0x0000027c7af7b800 GCTaskThread "GC Thread#7" [stack: 0x000000deeed00000,0x000000deeee00000] [id=8712]
  0x0000027c7af7f000 GCTaskThread "GC Thread#8" [stack: 0x000000deeee00000,0x000000deeef00000] [id=17516]
  0x0000027c7af7f800 GCTaskThread "GC Thread#9" [stack: 0x000000deeef00000,0x000000deef000000] [id=14244]
  0x0000027c4ad5c000 ConcurrentGCThread "G1 Main Marker" [stack: 0x000000deecc00000,0x000000deecd00000] [id=6964]
  0x0000027c4ad5d800 ConcurrentGCThread "G1 Conc#0" [stack: 0x000000deecd00000,0x000000deece00000] [id=18356]
  0x0000027c04310000 ConcurrentGCThread "G1 Conc#1" [stack: 0x000000deef600000,0x000000deef700000] [id=18012]
  0x0000027c03fdb800 ConcurrentGCThread "G1 Conc#2" [stack: 0x000000def0100000,0x000000def0200000] [id=19360]
  0x0000027c77f28800 ConcurrentGCThread "G1 Refine#0" [stack: 0x000000deece00000,0x000000deecf00000] [id=15444]
  0x0000027c77f2a800 ConcurrentGCThread "G1 Young RemSet Sampling" [stack: 0x000000deecf00000,0x000000deed000000] [id=19920]

Threads with active compile tasks:

VM state:not at safepoint (normal execution)

VM Mutex/Monitor currently owned by a thread: None

Heap address: 0x0000000601000000, size: 8176 MB, Compressed Oops mode: Zero based, Oop shift amount: 3
Narrow klass base: 0x0000000800000000, Narrow klass shift: 3
Compressed class space size: 1073741824 Address: 0x0000000800b30000

Heap:
 garbage-first heap   total 163840K, used 61848K [0x0000000601000000, 0x0000000800000000)
  region size 2048K, 11 young (22528K), 2 survivors (4096K)
 Metaspace       used 24329K, capacity 24683K, committed 25008K, reserved 1071104K
  class space    used 2345K, capacity 2489K, committed 2560K, reserved 1048576K
Heap Regions: E=young(eden), S=young(survivor), O=old, HS=humongous(starts), HC=humongous(continues), CS=collection set, F=free, OA=open archive, CA=closed archive, TAMS=top-at-mark-start (previous, next)
|   0|0x0000000601000000, 0x0000000601200000, 0x0000000601200000|100%|HS|  |TAMS 0x0000000601200000, 0x0000000601000000| Complete 
|   1|0x0000000601200000, 0x0000000601400000, 0x0000000601400000|100%|HS|  |TAMS 0x0000000601400000, 0x0000000601200000| Complete 
|   2|0x0000000601400000, 0x0000000601600000, 0x0000000601600000|100%|HS|  |TAMS 0x0000000601600000, 0x0000000601400000| Complete 
|   3|0x0000000601600000, 0x0000000601800000, 0x0000000601800000|100%|HC|  |TAMS 0x0000000601800000, 0x0000000601600000| Complete 
|   4|0x0000000601800000, 0x0000000601a00000, 0x0000000601a00000|100%|HC|  |TAMS 0x0000000601a00000, 0x0000000601800000| Complete 
|   5|0x0000000601a00000, 0x0000000601c00000, 0x0000000601c00000|100%|HC|  |TAMS 0x0000000601c00000, 0x0000000601a00000| Complete 
|   6|0x0000000601c00000, 0x0000000601e00000, 0x0000000601e00000|100%|HC|  |TAMS 0x0000000601e00000, 0x0000000601c00000| Complete 
|   7|0x0000000601e00000, 0x0000000602000000, 0x0000000602000000|100%| O|  |TAMS 0x0000000602000000, 0x0000000601e00000| Untracked 
|   8|0x0000000602000000, 0x0000000602200000, 0x0000000602200000|100%|HS|  |TAMS 0x0000000602200000, 0x0000000602000000| Complete 
|   9|0x0000000602200000, 0x0000000602400000, 0x0000000602400000|100%|HC|  |TAMS 0x0000000602400000, 0x0000000602200000| Complete 
|  10|0x0000000602400000, 0x0000000602600000, 0x0000000602600000|100%|HC|  |TAMS 0x0000000602600000, 0x0000000602400000| Complete 
|  11|0x0000000602600000, 0x0000000602800000, 0x0000000602800000|100%|HC|  |TAMS 0x0000000602800000, 0x0000000602600000| Complete 
|  12|0x0000000602800000, 0x0000000602a00000, 0x0000000602a00000|100%|HC|  |TAMS 0x0000000602a00000, 0x0000000602800000| Complete 
|  13|0x0000000602a00000, 0x0000000602c00000, 0x0000000602c00000|100%|HS|  |TAMS 0x0000000602c00000, 0x0000000602a00000| Complete 
|  14|0x0000000602c00000, 0x0000000602e00000, 0x0000000602e00000|100%|HC|  |TAMS 0x0000000602e00000, 0x0000000602c00000| Complete 
|  15|0x0000000602e00000, 0x0000000603000000, 0x0000000603000000|100%|HC|  |TAMS 0x0000000603000000, 0x0000000602e00000| Complete 
|  16|0x0000000603000000, 0x0000000603200000, 0x0000000603200000|100%|HS|  |TAMS 0x0000000603200000, 0x0000000603000000| Complete 
|  17|0x0000000603200000, 0x0000000603400000, 0x0000000603400000|100%|HC|  |TAMS 0x0000000603400000, 0x0000000603200000| Complete 
|  18|0x0000000603400000, 0x0000000603600000, 0x0000000603600000|100%|HC|  |TAMS 0x0000000603600000, 0x0000000603400000| Complete 
|  19|0x0000000603600000, 0x0000000603800000, 0x0000000603800000|100%| O|  |TAMS 0x0000000603800000, 0x0000000603600000| Untracked 
|  20|0x0000000603800000, 0x0000000603918400, 0x0000000603a00000| 54%| O|  |TAMS 0x0000000603918400, 0x0000000603800000| Untracked 
|  21|0x0000000603a00000, 0x0000000603a00000, 0x0000000603c00000|  0%| F|  |TAMS 0x0000000603a00000, 0x0000000603a00000| Untracked 
|  22|0x0000000603c00000, 0x0000000603c00000, 0x0000000603e00000|  0%| F|  |TAMS 0x0000000603c00000, 0x0000000603c00000| Untracked 
|  23|0x0000000603e00000, 0x0000000603e00000, 0x0000000604000000|  0%| F|  |TAMS 0x0000000603e00000, 0x0000000603e00000| Untracked 
|  24|0x0000000604000000, 0x0000000604000000, 0x0000000604200000|  0%| F|  |TAMS 0x0000000604000000, 0x0000000604000000| Untracked 
|  25|0x0000000604200000, 0x0000000604200000, 0x0000000604400000|  0%| F|  |TAMS 0x0000000604200000, 0x0000000604200000| Untracked 
|  26|0x0000000604400000, 0x0000000604400000, 0x0000000604600000|  0%| F|  |TAMS 0x0000000604400000, 0x0000000604400000| Untracked 
|  27|0x0000000604600000, 0x0000000604600000, 0x0000000604800000|  0%| F|  |TAMS 0x0000000604600000, 0x0000000604600000| Untracked 
|  28|0x0000000604800000, 0x0000000604800000, 0x0000000604a00000|  0%| F|  |TAMS 0x0000000604800000, 0x0000000604800000| Untracked 
|  29|0x0000000604a00000, 0x0000000604a00000, 0x0000000604c00000|  0%| F|  |TAMS 0x0000000604a00000, 0x0000000604a00000| Untracked 
|  30|0x0000000604c00000, 0x0000000604c00000, 0x0000000604e00000|  0%| F|  |TAMS 0x0000000604c00000, 0x0000000604c00000| Untracked 
|  31|0x0000000604e00000, 0x0000000604e00000, 0x0000000605000000|  0%| F|  |TAMS 0x0000000604e00000, 0x0000000604e00000| Untracked 
|  32|0x0000000605000000, 0x0000000605000000, 0x0000000605200000|  0%| F|  |TAMS 0x0000000605000000, 0x0000000605000000| Untracked 
|  33|0x0000000605200000, 0x0000000605200000, 0x0000000605400000|  0%| F|  |TAMS 0x0000000605200000, 0x0000000605200000| Untracked 
|  34|0x0000000605400000, 0x0000000605400000, 0x0000000605600000|  0%| F|  |TAMS 0x0000000605400000, 0x0000000605400000| Untracked 
|  35|0x0000000605600000, 0x0000000605600000, 0x0000000605800000|  0%| F|  |TAMS 0x0000000605600000, 0x0000000605600000| Untracked 
|  36|0x0000000605800000, 0x0000000605800000, 0x0000000605a00000|  0%| F|  |TAMS 0x0000000605800000, 0x0000000605800000| Untracked 
|  37|0x0000000605a00000, 0x0000000605a00000, 0x0000000605c00000|  0%| F|  |TAMS 0x0000000605a00000, 0x0000000605a00000| Untracked 
|  38|0x0000000605c00000, 0x0000000605c00000, 0x0000000605e00000|  0%| F|  |TAMS 0x0000000605c00000, 0x0000000605c00000| Untracked 
|  39|0x0000000605e00000, 0x0000000605e00000, 0x0000000606000000|  0%| F|  |TAMS 0x0000000605e00000, 0x0000000605e00000| Untracked 
|  40|0x0000000606000000, 0x0000000606000000, 0x0000000606200000|  0%| F|  |TAMS 0x0000000606000000, 0x0000000606000000| Untracked 
|  41|0x0000000606200000, 0x0000000606200000, 0x0000000606400000|  0%| F|  |TAMS 0x0000000606200000, 0x0000000606200000| Untracked 
|  42|0x0000000606400000, 0x0000000606400000, 0x0000000606600000|  0%| F|  |TAMS 0x0000000606400000, 0x0000000606400000| Untracked 
|  43|0x0000000606600000, 0x0000000606600000, 0x0000000606800000|  0%| F|  |TAMS 0x0000000606600000, 0x0000000606600000| Untracked 
|  44|0x0000000606800000, 0x0000000606800000, 0x0000000606a00000|  0%| F|  |TAMS 0x0000000606800000, 0x0000000606800000| Untracked 
|  45|0x0000000606a00000, 0x0000000606a00000, 0x0000000606c00000|  0%| F|  |TAMS 0x0000000606a00000, 0x0000000606a00000| Untracked 
|  46|0x0000000606c00000, 0x0000000606c00000, 0x0000000606e00000|  0%| F|  |TAMS 0x0000000606c00000, 0x0000000606c00000| Untracked 
|  47|0x0000000606e00000, 0x0000000606e00000, 0x0000000607000000|  0%| F|  |TAMS 0x0000000606e00000, 0x0000000606e00000| Untracked 
|  48|0x0000000607000000, 0x0000000607000000, 0x0000000607200000|  0%| F|  |TAMS 0x0000000607000000, 0x0000000607000000| Untracked 
|  49|0x0000000607200000, 0x0000000607200000, 0x0000000607400000|  0%| F|  |TAMS 0x0000000607200000, 0x0000000607200000| Untracked 
|  50|0x0000000607400000, 0x0000000607400000, 0x0000000607600000|  0%| F|  |TAMS 0x0000000607400000, 0x0000000607400000| Untracked 
|  51|0x0000000607600000, 0x0000000607600000, 0x0000000607800000|  0%| F|  |TAMS 0x0000000607600000, 0x0000000607600000| Untracked 
|  52|0x0000000607800000, 0x0000000607800000, 0x0000000607a00000|  0%| F|  |TAMS 0x0000000607800000, 0x0000000607800000| Untracked 
|  53|0x0000000607a00000, 0x0000000607a00000, 0x0000000607c00000|  0%| F|  |TAMS 0x0000000607a00000, 0x0000000607a00000| Untracked 
|  54|0x0000000607c00000, 0x0000000607c00000, 0x0000000607e00000|  0%| F|  |TAMS 0x0000000607c00000, 0x0000000607c00000| Untracked 
|  55|0x0000000607e00000, 0x0000000607e00000, 0x0000000608000000|  0%| F|  |TAMS 0x0000000607e00000, 0x0000000607e00000| Untracked 
|  56|0x0000000608000000, 0x0000000608000000, 0x0000000608200000|  0%| F|  |TAMS 0x0000000608000000, 0x0000000608000000| Untracked 
|  57|0x0000000608200000, 0x0000000608200000, 0x0000000608400000|  0%| F|  |TAMS 0x0000000608200000, 0x0000000608200000| Untracked 
|  58|0x0000000608400000, 0x0000000608400000, 0x0000000608600000|  0%| F|  |TAMS 0x0000000608400000, 0x0000000608400000| Untracked 
|  59|0x0000000608600000, 0x0000000608600000, 0x0000000608800000|  0%| F|  |TAMS 0x0000000608600000, 0x0000000608600000| Untracked 
|  60|0x0000000608800000, 0x0000000608800000, 0x0000000608a00000|  0%| F|  |TAMS 0x0000000608800000, 0x0000000608800000| Untracked 
|  61|0x0000000608a00000, 0x0000000608a00000, 0x0000000608c00000|  0%| F|  |TAMS 0x0000000608a00000, 0x0000000608a00000| Untracked 
|  62|0x0000000608c00000, 0x0000000608c00000, 0x0000000608e00000|  0%| F|  |TAMS 0x0000000608c00000, 0x0000000608c00000| Untracked 
|  63|0x0000000608e00000, 0x0000000608e00000, 0x0000000609000000|  0%| F|  |TAMS 0x0000000608e00000, 0x0000000608e00000| Untracked 
|  64|0x0000000609000000, 0x0000000609000000, 0x0000000609200000|  0%| F|  |TAMS 0x0000000609000000, 0x0000000609000000| Untracked 
|  65|0x0000000609200000, 0x0000000609200000, 0x0000000609400000|  0%| F|  |TAMS 0x0000000609200000, 0x0000000609200000| Untracked 
|  66|0x0000000609400000, 0x0000000609400000, 0x0000000609600000|  0%| F|  |TAMS 0x0000000609400000, 0x0000000609400000| Untracked 
|  67|0x0000000609600000, 0x0000000609600000, 0x0000000609800000|  0%| F|  |TAMS 0x0000000609600000, 0x0000000609600000| Untracked 
|  68|0x0000000609800000, 0x0000000609800000, 0x0000000609a00000|  0%| F|  |TAMS 0x0000000609800000, 0x0000000609800000| Untracked 
|  69|0x0000000609a00000, 0x0000000609a4f038, 0x0000000609c00000| 15%| E|  |TAMS 0x0000000609a00000, 0x0000000609a00000| Complete 
|  70|0x0000000609c00000, 0x0000000609e00000, 0x0000000609e00000|100%| E|CS|TAMS 0x0000000609c00000, 0x0000000609c00000| Complete 
|  71|0x0000000609e00000, 0x000000060a000000, 0x000000060a000000|100%| E|CS|TAMS 0x0000000609e00000, 0x0000000609e00000| Complete 
|  72|0x000000060a000000, 0x000000060a200000, 0x000000060a200000|100%| E|CS|TAMS 0x000000060a000000, 0x000000060a000000| Complete 
|  73|0x000000060a200000, 0x000000060a400000, 0x000000060a400000|100%| E|CS|TAMS 0x000000060a200000, 0x000000060a200000| Complete 
|  74|0x000000060a400000, 0x000000060a600000, 0x000000060a600000|100%| E|CS|TAMS 0x000000060a400000, 0x000000060a400000| Complete 
|  75|0x000000060a600000, 0x000000060a800000, 0x000000060a800000|100%| E|CS|TAMS 0x000000060a600000, 0x000000060a600000| Complete 
|  76|0x000000060a800000, 0x000000060aa00000, 0x000000060aa00000|100%| E|CS|TAMS 0x000000060a800000, 0x000000060a800000| Complete 
| 244|0x000000061f800000, 0x000000061f94de08, 0x000000061fa00000| 65%| S|CS|TAMS 0x000000061f800000, 0x000000061f800000| Complete 
| 245|0x000000061fa00000, 0x000000061fc00000, 0x000000061fc00000|100%| S|CS|TAMS 0x000000061fa00000, 0x000000061fa00000| Complete 
| 255|0x0000000620e00000, 0x0000000621000000, 0x0000000621000000|100%| E|CS|TAMS 0x0000000620e00000, 0x0000000620e00000| Complete 

Card table byte_map: [0x0000027c63990000,0x0000027c64990000] _byte_map_base: 0x0000027c60988000

Marking Bits (Prev, Next): (CMBitMap*) 0x0000027c4ad3b1c8, (CMBitMap*) 0x0000027c4ad3b188
 Prev Bits: [0x0000027c6d950000, 0x0000027c75910000)
 Next Bits: [0x0000027c65990000, 0x0000027c6d950000)

Polling page: 0x0000027c48c40000

Metaspace:

Usage:
  Non-class:     21.67 MB capacity,    21.47 MB (>99%) used,   166.84 KB ( <1%) free+waste,    42.81 KB ( <1%) overhead. 
      Class:      2.43 MB capacity,     2.29 MB ( 94%) used,   123.17 KB (  5%) free+waste,    20.19 KB ( <1%) overhead. 
       Both:     24.10 MB capacity,    23.76 MB ( 99%) used,   290.02 KB (  1%) free+waste,    63.00 KB ( <1%) overhead. 

Virtual space:
  Non-class space:       22.00 MB reserved,      21.92 MB (>99%) committed 
      Class space:        1.00 GB reserved,       2.50 MB ( <1%) committed 
             Both:        1.02 GB reserved,      24.42 MB (  2%) committed 

Chunk freelists:
   Non-Class:  126.00 KB
       Class:  7.00 KB
        Both:  133.00 KB

MaxMetaspaceSize: 17179869184.00 GB
CompressedClassSpaceSize: 1.00 GB

CodeHeap 'non-profiled nmethods': size=120000Kb used=1220Kb max_used=1220Kb free=118779Kb
 bounds [0x0000027c5af10000, 0x0000027c5b180000, 0x0000027c62440000]
CodeHeap 'profiled nmethods': size=120000Kb used=6274Kb max_used=6274Kb free=113726Kb
 bounds [0x0000027c539e0000, 0x0000027c54010000, 0x0000027c5af10000]
CodeHeap 'non-nmethods': size=5760Kb used=2075Kb max_used=2112Kb free=3684Kb
 bounds [0x0000027c53440000, 0x0000027c536b0000, 0x0000027c539e0000]
 total_blobs=5393 nmethods=2948 adapters=1394
 compilation: enabled
              stopped_count=0, restarted_count=0
 full_count=0

Compilation events (20 events):
Event: 10.177 Thread 0x0000027c78861000 2942       4       java.nio.Buffer::<init> (105 bytes)
Event: 10.177 Thread 0x0000027c78865800 nmethod 2934 0x0000027c53ffb710 code [0x0000027c53ffb8e0, 0x0000027c53ffbc38]
Event: 10.177 Thread 0x0000027c78865800 2935       3       java.nio.ByteBufferAsShortBufferB::<init> (50 bytes)
Event: 10.178 Thread 0x0000027c78865800 nmethod 2935 0x0000027c53ffbd90 code [0x0000027c53ffbf40, 0x0000027c53ffc268]
Event: 10.178 Thread 0x0000027c78865800 2936       3       java.nio.DirectByteBuffer::asShortBuffer (179 bytes)
Event: 10.178 Thread 0x0000027c78865800 nmethod 2936 0x0000027c53ffc410 code [0x0000027c53ffc5e0, 0x0000027c53ffc9b8]
Event: 10.178 Thread 0x0000027c78865800 2937       3       java.nio.DirectShortBufferU::<init> (50 bytes)
Event: 10.178 Thread 0x0000027c78865800 nmethod 2937 0x0000027c53ffcb10 code [0x0000027c53ffcce0, 0x0000027c53ffd208]
Event: 10.178 Thread 0x0000027c78865800 2943       3       gln64j.rdp.textures.ImageFormat::RGBA5551_RGBA5551 (2 bytes)
Event: 10.178 Thread 0x0000027c78865800 nmethod 2943 0x0000027c53ffd410 code [0x0000027c53ffd5a0, 0x0000027c53ffd678]
Event: 10.178 Thread 0x0000027c78865800 2938   !   3       java.nio.DirectShortBufferU::put (36 bytes)
Event: 10.179 Thread 0x0000027c78861000 nmethod 2942 0x0000027c5b040c10 code [0x0000027c5b040da0, 0x0000027c5b040fd8]
Event: 10.179 Thread 0x0000027c78865800 nmethod 2938 0x0000027c53ffd710 code [0x0000027c53ffd900, 0x0000027c53ffdde8]
Event: 10.179 Thread 0x0000027c78865800 2944       3       java.nio.DirectFloatBufferU::ix (10 bytes)
Event: 10.179 Thread 0x0000027c78865800 nmethod 2944 0x0000027c53ffe090 code [0x0000027c53ffe220, 0x0000027c53ffe358]
Event: 10.179 Thread 0x0000027c78865800 2939       3       java.nio.DirectShortBufferU::ix (10 bytes)
Event: 10.179 Thread 0x0000027c78865800 nmethod 2939 0x0000027c53ffe410 code [0x0000027c53ffe5a0, 0x0000027c53ffe6d8]
Event: 10.179 Thread 0x0000027c78865800 2946       3       jdk.internal.misc.Unsafe::getFloat (7 bytes)
Event: 10.179 Thread 0x0000027c78865800 nmethod 2946 0x0000027c53ffe790 code [0x0000027c53ffe920, 0x0000027c53ffea58]
Event: 10.180 Thread 0x0000027c78865800 2940       3       jdk.internal.misc.Unsafe::putShort (8 bytes)

GC Heap History (6 events):
Event: 1.177 GC heap before
{Heap before GC invocations=0 (full 0):
 garbage-first heap   total 524288K, used 38912K [0x0000000601000000, 0x0000000800000000)
  region size 2048K, 12 young (24576K), 0 survivors (0K)
 Metaspace       used 8559K, capacity 8800K, committed 9088K, reserved 1056768K
  class space    used 990K, capacity 1114K, committed 1152K, reserved 1048576K
}
Event: 1.181 GC heap after
{Heap after GC invocations=1 (full 0):
 garbage-first heap   total 524288K, used 19388K [0x0000000601000000, 0x0000000800000000)
  region size 2048K, 2 young (4096K), 2 survivors (4096K)
 Metaspace       used 8559K, capacity 8800K, committed 9088K, reserved 1056768K
  class space    used 990K, capacity 1114K, committed 1152K, reserved 1048576K
}
Event: 6.695 GC heap before
{Heap before GC invocations=1 (full 0):
 garbage-first heap   total 524288K, used 70588K [0x0000000601000000, 0x0000000800000000)
  region size 2048K, 17 young (34816K), 2 survivors (4096K)
 Metaspace       used 17209K, capacity 17453K, committed 17792K, reserved 1064960K
  class space    used 1991K, capacity 2095K, committed 2176K, reserved 1048576K
}
Event: 6.698 GC heap after
{Heap after GC invocations=2 (full 0):
 garbage-first heap   total 524288K, used 45823K [0x0000000601000000, 0x0000000800000000)
  region size 2048K, 2 young (4096K), 2 survivors (4096K)
 Metaspace       used 17209K, capacity 17453K, committed 17792K, reserved 1064960K
  class space    used 1991K, capacity 2095K, committed 2176K, reserved 1048576K
}
Event: 7.582 GC heap before
{Heap before GC invocations=2 (full 0):
 garbage-first heap   total 524288K, used 64255K [0x0000000601000000, 0x0000000800000000)
  region size 2048K, 12 young (24576K), 2 survivors (4096K)
 Metaspace       used 20707K, capacity 21035K, committed 21296K, reserved 1069056K
  class space    used 2154K, capacity 2316K, committed 2432K, reserved 1048576K
}
Event: 7.585 GC heap after
{Heap after GC invocations=3 (full 0):
 garbage-first heap   total 524288K, used 45464K [0x0000000601000000, 0x0000000800000000)
  region size 2048K, 2 young (4096K), 2 survivors (4096K)
 Metaspace       used 20707K, capacity 21035K, committed 21296K, reserved 1069056K
  class space    used 2154K, capacity 2316K, committed 2432K, reserved 1048576K
}

Deoptimization events (20 events):
Event: 8.649 Thread 0x0000027c7af31000 DEOPT PACKING pc=0x0000027c5b0165e0 sp=0x000000deef5ff320
Event: 8.649 Thread 0x0000027c7af31000 DEOPT UNPACKING pc=0x0000027c5348912f sp=0x000000deef5ff238 mode 2
Event: 8.663 Thread 0x0000027c7af31000 Uncommon trap: trap_request=0xffffff45 fr.pc=0x0000027c5b003198 relative=0x0000000000000078
Event: 8.663 Thread 0x0000027c7af31000 Uncommon trap: reason=unstable_if action=reinterpret pc=0x0000027c5b003198 method=me.hydos.J64.N64Cpu.testInterpreterJump(IIII)I @ 2 c2
Event: 8.663 Thread 0x0000027c7af31000 DEOPT PACKING pc=0x0000027c5b003198 sp=0x000000deef5ff2b0
Event: 8.663 Thread 0x0000027c7af31000 DEOPT UNPACKING pc=0x0000027c5348912f sp=0x000000deef5ff230 mode 2
Event: 8.739 Thread 0x0000027c7af31000 Uncommon trap: trap_request=0xffffff45 fr.pc=0x0000027c5b015680 relative=0x00000000000004c0
Event: 8.739 Thread 0x0000027c7af31000 Uncommon trap: reason=unstable_if action=reinterpret pc=0x0000027c5b015680 method=me.hydos.J64.hardware.Cop0.timerDone()V @ 16 c2
Event: 8.739 Thread 0x0000027c7af31000 DEOPT PACKING pc=0x0000027c5b015680 sp=0x000000deef5ff2b0
Event: 8.739 Thread 0x0000027c7af31000 DEOPT UNPACKING pc=0x0000027c5348912f sp=0x000000deef5ff1f0 mode 2
Event: 8.758 Thread 0x0000027c7af31000 Uncommon trap: trap_request=0xffffff45 fr.pc=0x0000027c5afffe94 relative=0x0000000000000254
Event: 8.758 Thread 0x0000027c7af31000 Uncommon trap: reason=unstable_if action=reinterpret pc=0x0000027c5afffe94 method=me.hydos.J64.hardware.Cop0.timerDone()V @ 16 c2
Event: 8.758 Thread 0x0000027c7af31000 DEOPT PACKING pc=0x0000027c5afffe94 sp=0x000000deef5ff260
Event: 8.758 Thread 0x0000027c7af31000 DEOPT UNPACKING pc=0x0000027c5348912f sp=0x000000deef5ff208 mode 2
Event: 9.876 Thread 0x0000027c7af31000 Uncommon trap: trap_request=0xffffff45 fr.pc=0x0000027c5b0343ac relative=0x000000000000058c
Event: 9.876 Thread 0x0000027c7af31000 Uncommon trap: reason=unstable_if action=reinterpret pc=0x0000027c5b0343ac method=me.hydos.J64.N64Cpu$2.run()V @ 203 c2
Event: 9.876 Thread 0x0000027c7af31000 DEOPT PACKING pc=0x0000027c5b0343ac sp=0x000000deef5fefe0
Event: 9.876 Thread 0x0000027c7af31000 DEOPT UNPACKING pc=0x0000027c5348912f sp=0x000000deef5fef80 mode 2
Event: 10.043 Thread 0x0000027c7af31000 DEOPT PACKING pc=0x0000027c53fddc32 sp=0x000000deef5feec0
Event: 10.043 Thread 0x0000027c7af31000 DEOPT UNPACKING pc=0x0000027c5348964e sp=0x000000deef5fe370 mode 0

Classes unloaded (0 events):
No events

Classes redefined (0 events):
No events

Internal exceptions (20 events):
Event: 7.192 Thread 0x0000027c789c9000 Exception <a 'sun/nio/fs/WindowsException'{0x00000006209f2150}> (0x00000006209f2150) 
thrown [./open/src/hotspot/share/prims/jni.cpp, line 599]
Event: 7.192 Thread 0x0000027c789c9000 Exception <a 'sun/nio/fs/WindowsException'{0x00000006209f4860}> (0x00000006209f4860) 
thrown [./open/src/hotspot/share/prims/jni.cpp, line 599]
Event: 7.198 Thread 0x0000027c789c9000 Exception <a 'sun/nio/fs/WindowsException'{0x000000062061ff78}> (0x000000062061ff78) 
thrown [./open/src/hotspot/share/prims/jni.cpp, line 599]
Event: 7.198 Thread 0x0000027c789c9000 Exception <a 'sun/nio/fs/WindowsException'{0x00000006206202f0}> (0x00000006206202f0) 
thrown [./open/src/hotspot/share/prims/jni.cpp, line 599]
Event: 7.485 Thread 0x0000027c789c9000 Exception <a 'sun/nio/fs/WindowsException'{0x000000062040c710}> (0x000000062040c710) 
thrown [./open/src/hotspot/share/prims/jni.cpp, line 599]
Event: 7.485 Thread 0x0000027c789c9000 Exception <a 'sun/nio/fs/WindowsException'{0x000000062040cac0}> (0x000000062040cac0) 
thrown [./open/src/hotspot/share/prims/jni.cpp, line 599]
Event: 7.488 Thread 0x0000027c789c9000 Exception <a 'sun/nio/fs/WindowsException'{0x0000000620428040}> (0x0000000620428040) 
thrown [./open/src/hotspot/share/prims/jni.cpp, line 599]
Event: 7.488 Thread 0x0000027c789c9000 Exception <a 'sun/nio/fs/WindowsException'{0x0000000620428330}> (0x0000000620428330) 
thrown [./open/src/hotspot/share/prims/jni.cpp, line 599]
Event: 7.515 Thread 0x0000027c789c9000 Exception <a 'sun/nio/fs/WindowsException'{0x000000062022a328}> (0x000000062022a328) 
thrown [./open/src/hotspot/share/prims/jni.cpp, line 599]
Event: 7.515 Thread 0x0000027c789c9000 Exception <a 'sun/nio/fs/WindowsException'{0x000000062022a6d0}> (0x000000062022a6d0) 
thrown [./open/src/hotspot/share/prims/jni.cpp, line 599]
Event: 7.515 Thread 0x0000027c789c9000 Exception <a 'sun/nio/fs/WindowsException'{0x000000062022b6e0}> (0x000000062022b6e0) 
thrown [./open/src/hotspot/share/prims/jni.cpp, line 599]
Event: 7.515 Thread 0x0000027c789c9000 Exception <a 'sun/nio/fs/WindowsException'{0x000000062022b9d0}> (0x000000062022b9d0) 
thrown [./open/src/hotspot/share/prims/jni.cpp, line 599]
Event: 7.515 Thread 0x0000027c789c9000 Exception <a 'sun/nio/fs/WindowsException'{0x000000062022d3a0}> (0x000000062022d3a0) 
thrown [./open/src/hotspot/share/prims/jni.cpp, line 599]
Event: 7.515 Thread 0x0000027c789c9000 Exception <a 'sun/nio/fs/WindowsException'{0x000000062022d6a0}> (0x000000062022d6a0) 
thrown [./open/src/hotspot/share/prims/jni.cpp, line 599]
Event: 7.516 Thread 0x0000027c789c9000 Exception <a 'sun/nio/fs/WindowsException'{0x000000062022e5c8}> (0x000000062022e5c8) 
thrown [./open/src/hotspot/share/prims/jni.cpp, line 599]
Event: 7.516 Thread 0x0000027c789c9000 Exception <a 'sun/nio/fs/WindowsException'{0x000000062022e808}> (0x000000062022e808) 
thrown [./open/src/hotspot/share/prims/jni.cpp, line 599]
Event: 7.517 Thread 0x0000027c789c9000 Exception <a 'java/lang/UnsatisfiedLinkError'{0x0000000620230f98}> (0x0000000620230f98) 
thrown [./open/src/hotspot/share/oops/instanceKlass.cpp, line 1083]
Event: 7.517 Thread 0x0000027c789c9000 Exception <a 'java/lang/UnsatisfiedLinkError'{0x0000000620230f98}> (0x0000000620230f98) 
thrown [./open/src/hotspot/share/oops/instanceKlass.cpp, line 1083]
Event: 7.675 Thread 0x0000027c789c9000 Exception <a 'sun/nio/fs/WindowsException'{0x000000060a594440}> (0x000000060a594440) 
thrown [./open/src/hotspot/share/prims/jni.cpp, line 599]
Event: 7.675 Thread 0x0000027c789c9000 Exception <a 'sun/nio/fs/WindowsException'{0x000000060a5947d0}> (0x000000060a5947d0) 
thrown [./open/src/hotspot/share/prims/jni.cpp, line 599]

Events (20 events):
Event: 9.755 loading class gln64j/rdp/combiners/Combiners$CombinerOp
Event: 9.755 loading class gln64j/rdp/combiners/Combiners$CombinerOp done
Event: 9.758 loading class gln64j/rdp/combiners/Combiners$CachedCombiner
Event: 9.758 loading class gln64j/rdp/combiners/Combiners$CachedCombiner done
Event: 9.761 loading class gln64j/rdp/combiners/TextureEnvCombiner$Vertex
Event: 9.761 loading class gln64j/rdp/combiners/TextureEnvCombiner$Vertex done
Event: 9.764 loading class gln64j/rdp/combiners/TextureEnvCombiner$TexEnvCombinerStage
Event: 9.764 loading class gln64j/rdp/combiners/TextureEnvCombiner$TexEnvCombinerStage done
Event: 9.767 loading class java/nio/HeapFloatBuffer
Event: 9.767 loading class java/nio/HeapFloatBuffer done
Event: 9.768 loading class com/github/hydos/ginger/engine/common/math/Maths
Event: 9.768 loading class com/github/hydos/ginger/engine/common/math/Maths done
Event: 9.772 loading class org/joml/Math
Event: 9.772 loading class org/joml/Math done
Event: 10.169 loading class java/math/BigDecimal$StringBuilderHelper
Event: 10.170 loading class java/math/BigDecimal$StringBuilderHelper done
Event: 10.170 loading class jdk/internal/math/FloatingDecimal$ASCIIToBinaryBuffer
Event: 10.170 loading class jdk/internal/math/FloatingDecimal$ASCIIToBinaryBuffer done
Event: 10.172 loading class gln64j/rsp/Math3D
Event: 10.172 loading class gln64j/rsp/Math3D done


Dynamic libraries:
0x00007ff7a29e0000 - 0x00007ff7a29ef000 	C:\Program Files\Java\jdk-14.0.1\bin\java.exe
0x00007ff96ba20000 - 0x00007ff96bc10000 	C:\WINDOWS\SYSTEM32\ntdll.dll
0x00007ff96a900000 - 0x00007ff96a9b2000 	C:\WINDOWS\System32\KERNEL32.DLL
0x00007ff968d30000 - 0x00007ff968fd3000 	C:\WINDOWS\System32\KERNELBASE.dll
0x00007ff969900000 - 0x00007ff9699fa000 	C:\WINDOWS\System32\ucrtbase.dll
0x00007ff9652f0000 - 0x00007ff965308000 	C:\Program Files\Java\jdk-14.0.1\bin\jli.dll
0x00007ff965390000 - 0x00007ff9653a5000 	C:\Program Files\Java\jdk-14.0.1\bin\VCRUNTIME140.dll
0x00007ff96b930000 - 0x00007ff96b9d3000 	C:\WINDOWS\System32\ADVAPI32.dll
0x00007ff969f10000 - 0x00007ff969fae000 	C:\WINDOWS\System32\msvcrt.dll
0x00007ff96b6d0000 - 0x00007ff96b767000 	C:\WINDOWS\System32\sechost.dll
0x00007ff96a9c0000 - 0x00007ff96aae0000 	C:\WINDOWS\System32\RPCRT4.dll
0x00007ff96a670000 - 0x00007ff96a804000 	C:\WINDOWS\System32\USER32.dll
0x00007ff9571d0000 - 0x00007ff957455000 	C:\WINDOWS\WinSxS\amd64_microsoft.windows.common-controls_6595b64144ccf1df_6.0.18362.778_none_e6c6b761130d4fb8\COMCTL32.dll
0x00007ff968fe0000 - 0x00007ff969001000 	C:\WINDOWS\System32\win32u.dll
0x00007ff96b390000 - 0x00007ff96b6c6000 	C:\WINDOWS\System32\combase.dll
0x00007ff96a820000 - 0x00007ff96a846000 	C:\WINDOWS\System32\GDI32.dll
0x00007ff968b30000 - 0x00007ff968cc4000 	C:\WINDOWS\System32\gdi32full.dll
0x00007ff968a30000 - 0x00007ff968ab0000 	C:\WINDOWS\System32\bcryptPrimitives.dll
0x00007ff969010000 - 0x00007ff9690ae000 	C:\WINDOWS\System32\msvcp_win.dll
0x00007ff960600000 - 0x00007ff96060a000 	C:\WINDOWS\SYSTEM32\VERSION.dll
0x00007ff96b900000 - 0x00007ff96b92e000 	C:\WINDOWS\System32\IMM32.DLL
0x00007ff961ed0000 - 0x00007ff961f6b000 	C:\Program Files\Java\jdk-14.0.1\bin\msvcp140.dll
0x00007ff932e50000 - 0x00007ff93396e000 	C:\Program Files\Java\jdk-14.0.1\bin\server\jvm.dll
0x00007ff96ab50000 - 0x00007ff96ab58000 	C:\WINDOWS\System32\PSAPI.DLL
0x00007ff947190000 - 0x00007ff947199000 	C:\WINDOWS\SYSTEM32\WSOCK32.dll
0x00007ff966b50000 - 0x00007ff966b74000 	C:\WINDOWS\SYSTEM32\WINMM.dll
0x00007ff96aae0000 - 0x00007ff96ab4f000 	C:\WINDOWS\System32\WS2_32.dll
0x00007ff966ad0000 - 0x00007ff966afd000 	C:\WINDOWS\SYSTEM32\winmmbase.dll
0x00007ff968ab0000 - 0x00007ff968afa000 	C:\WINDOWS\System32\cfgmgr32.dll
0x00007ff9689c0000 - 0x00007ff9689d1000 	C:\WINDOWS\System32\kernel.appcore.dll
0x00007ff965380000 - 0x00007ff96538a000 	C:\Program Files\Java\jdk-14.0.1\bin\jimage.dll
0x00007ff958ed0000 - 0x00007ff9590c4000 	C:\WINDOWS\SYSTEM32\DBGHELP.DLL
0x00007ff958cd0000 - 0x00007ff958cfa000 	C:\WINDOWS\SYSTEM32\dbgcore.DLL
0x00007ff961e70000 - 0x00007ff961ea8000 	C:\Program Files\Java\jdk-14.0.1\bin\jdwp.dll
0x00007ff9640a0000 - 0x00007ff9640c5000 	C:\Program Files\Java\jdk-14.0.1\bin\java.dll
0x00007ff964090000 - 0x00007ff96409e000 	C:\Program Files\Java\jdk-14.0.1\bin\instrument.dll
0x00007ff9640f0000 - 0x00007ff964106000 	C:\Program Files\Java\jdk-14.0.1\bin\zip.dll
0x00007ff96aca0000 - 0x00007ff96b385000 	C:\WINDOWS\System32\SHELL32.dll
0x00007ff969d90000 - 0x00007ff969e39000 	C:\WINDOWS\System32\shcore.dll
0x00007ff969160000 - 0x00007ff9698e0000 	C:\WINDOWS\System32\windows.storage.dll
0x00007ff9689e0000 - 0x00007ff968a03000 	C:\WINDOWS\System32\profapi.dll
0x00007ff968970000 - 0x00007ff9689ba000 	C:\WINDOWS\System32\powrprof.dll
0x00007ff968960000 - 0x00007ff968970000 	C:\WINDOWS\System32\UMPDC.dll
0x00007ff96b7e0000 - 0x00007ff96b832000 	C:\WINDOWS\System32\shlwapi.dll
0x00007ff9698e0000 - 0x00007ff9698f7000 	C:\WINDOWS\System32\cryptsp.dll
0x00007ff961e60000 - 0x00007ff961e6b000 	C:\Program Files\Java\jdk-14.0.1\bin\dt_socket.dll
0x00007ff967e80000 - 0x00007ff967eba000 	C:\WINDOWS\SYSTEM32\IPHLPAPI.DLL
0x00007ff968170000 - 0x00007ff9681d7000 	C:\WINDOWS\system32\mswsock.dll
0x00007ff9628c0000 - 0x00007ff9628d9000 	C:\Program Files\Java\jdk-14.0.1\bin\net.dll
0x00007ff964480000 - 0x00007ff964570000 	C:\WINDOWS\SYSTEM32\WINHTTP.dll
0x00007ff962090000 - 0x00007ff9620a2000 	C:\Program Files\Java\jdk-14.0.1\bin\nio.dll
0x00007ff964080000 - 0x00007ff964090000 	C:\Program Files\Java\jdk-14.0.1\bin\verify.dll
0x00007ff939bc0000 - 0x00007ff939d58000 	C:\Program Files\Java\jdk-14.0.1\bin\awt.dll
0x00007ff969b60000 - 0x00007ff969c24000 	C:\WINDOWS\System32\OLEAUT32.dll
0x00007ff9669f0000 - 0x00007ff966a7f000 	C:\WINDOWS\SYSTEM32\apphelp.dll
0x00007ff966ce0000 - 0x00007ff966d79000 	C:\WINDOWS\system32\uxtheme.dll
0x00007ff96ab60000 - 0x00007ff96ac96000 	C:\WINDOWS\System32\MSCTF.dll
0x00007ff969c30000 - 0x00007ff969d87000 	C:\WINDOWS\System32\ole32.dll
0x00007ff967100000 - 0x00007ff96712d000 	C:\WINDOWS\system32\DWMAPI.DLL
0x00007ff91bfe0000 - 0x00007ff91c136000 	C:\WINDOWS\system32\opengl32.dll
0x00007ff91ccd0000 - 0x00007ff91ccfc000 	C:\WINDOWS\SYSTEM32\GLU32.dll
0x00007ff967640000 - 0x00007ff967660000 	C:\WINDOWS\SYSTEM32\dxcore.dll
0x00007ff949a90000 - 0x00007ff949c57000 	C:\WINDOWS\system32\d3d9.dll
0x00007ff95f370000 - 0x00007ff95f45f000 	C:\WINDOWS\System32\DriverStore\FileRepository\nv_dispi.inf_amd64_9952681a7bb1dfac\nvldumdx.dll
0x00007ff969a00000 - 0x00007ff969b49000 	C:\WINDOWS\System32\crypt32.dll
0x00007ff968a10000 - 0x00007ff968a22000 	C:\WINDOWS\System32\MSASN1.dll
0x00007ff960570000 - 0x00007ff96059f000 	C:\WINDOWS\SYSTEM32\cryptnet.dll
0x00007ff968340000 - 0x00007ff96834c000 	C:\WINDOWS\SYSTEM32\cryptbase.dll
0x00007ff968cd0000 - 0x00007ff968d2c000 	C:\WINDOWS\System32\WINTRUST.DLL
0x00007ff969fb0000 - 0x00007ff969fcd000 	C:\WINDOWS\System32\imagehlp.dll
0x00007ff967ce0000 - 0x00007ff967d13000 	C:\WINDOWS\system32\rsaenh.dll
0x00007ff968b00000 - 0x00007ff968b26000 	C:\WINDOWS\System32\bcrypt.dll
0x00007ff8cb330000 - 0x00007ff8cc853000 	C:\WINDOWS\System32\DriverStore\FileRepository\nv_dispi.inf_amd64_9952681a7bb1dfac\nvd3dumx.dll
0x00007ff931100000 - 0x00007ff9313b7000 	C:\WINDOWS\system32\nvspcap64.dll
0x00007ff9679c0000 - 0x00007ff9679f1000 	C:\WINDOWS\SYSTEM32\ntmarta.dll
0x00007ff967580000 - 0x00007ff9675a2000 	C:\WINDOWS\SYSTEM32\gpapi.dll
0x00007ff947c80000 - 0x00007ff947d02000 	C:\Program Files\Java\jdk-14.0.1\bin\freetype.dll
0x00007ff947770000 - 0x00007ff947816000 	C:\Program Files\Java\jdk-14.0.1\bin\fontmanager.dll
0x00007ff94fcf0000 - 0x00007ff94fd8e000 	C:\WINDOWS\System32\TextInputFramework.dll
0x00007ff9662e0000 - 0x00007ff9663b4000 	C:\WINDOWS\System32\CoreMessaging.dll
0x00007ff962a90000 - 0x00007ff962dba000 	C:\WINDOWS\System32\CoreUIComponents.dll
0x00007ff964570000 - 0x00007ff9646c3000 	C:\WINDOWS\SYSTEM32\wintypes.dll
0x00007ff95c980000 - 0x00007ff95cc26000 	C:\WINDOWS\System32\iertutil.dll
0x00007ff95f2c0000 - 0x00007ff95f2d1000 	C:\Program Files\Java\jdk-14.0.1\bin\jsound.dll
0x00007ff9225b0000 - 0x00007ff922649000 	C:\WINDOWS\SYSTEM32\DSOUND.dll
0x00007ff96a850000 - 0x00007ff96a8f2000 	C:\WINDOWS\System32\clbcatq.dll
0x00007ff962e30000 - 0x00007ff962ea2000 	C:\WINDOWS\System32\MMDevApi.dll
0x00007ff968700000 - 0x00007ff96872a000 	C:\WINDOWS\System32\DEVOBJ.dll
0x00007ff93d930000 - 0x00007ff93d974000 	C:\WINDOWS\SYSTEM32\wdmaud.drv
0x00007ff947dd0000 - 0x00007ff947dd9000 	C:\WINDOWS\SYSTEM32\ksuser.dll
0x00007ff963730000 - 0x00007ff96373a000 	C:\WINDOWS\SYSTEM32\AVRT.dll
0x00007ff962fc0000 - 0x00007ff96311d000 	C:\WINDOWS\SYSTEM32\AUDIOSES.DLL
0x00007ff9478f0000 - 0x00007ff9478fd000 	C:\WINDOWS\SYSTEM32\msacm32.drv
0x00007ff947570000 - 0x00007ff94758c000 	C:\WINDOWS\SYSTEM32\MSACM32.dll
0x00007ff9478e0000 - 0x00007ff9478ea000 	C:\WINDOWS\SYSTEM32\midimap.dll
0x00007ff967000000 - 0x00007ff967014000 	C:\WINDOWS\SYSTEM32\resourcepolicyclient.dll
0x00007ff947b80000 - 0x00007ff947c29000 	C:\WINDOWS\WinSxS\amd64_microsoft.windows.common-controls_6595b64144ccf1df_5.82.18362.778_none_2a29d4a64667eb69\comctl32.dll
0x00007ff965150000 - 0x00007ff96523f000 	C:\WINDOWS\system32\propsys.dll
0x00007ff947f10000 - 0x00007ff947f26000 	C:\WINDOWS\system32\NetworkExplorer.dll
0x00007ff961b10000 - 0x00007ff961cbf000 	C:\WINDOWS\SYSTEM32\WindowsCodecs.dll
0x00007ff94aaa0000 - 0x00007ff94aafe000 	C:\Windows\System32\thumbcache.dll
0x00007ff963820000 - 0x00007ff9638a6000 	C:\WINDOWS\SYSTEM32\policymanager.dll
0x00007ff966860000 - 0x00007ff9668ea000 	C:\WINDOWS\SYSTEM32\msvcp110_win.dll
0x00007ff952d40000 - 0x00007ff952d5b000 	C:\WINDOWS\SYSTEM32\MPR.dll
0x00007ff93cff0000 - 0x00007ff93d00b000 	C:\WINDOWS\System32\p9np.dll
0x00007ff93cfe0000 - 0x00007ff93cfeb000 	C:\WINDOWS\System32\drprov.dll
0x00007ff9687f0000 - 0x00007ff96884c000 	C:\WINDOWS\System32\WINSTA.dll
0x00007ff93cfc0000 - 0x00007ff93cfd5000 	C:\WINDOWS\System32\ntlanman.dll
0x00007ff93cfa0000 - 0x00007ff93cfbd000 	C:\WINDOWS\System32\davclnt.dll
0x00007ff93cf90000 - 0x00007ff93cf9c000 	C:\WINDOWS\System32\DAVHLPR.dll
0x00007ff964c90000 - 0x00007ff964ca7000 	C:\WINDOWS\System32\wkscli.dll
0x00007ff948e00000 - 0x00007ff948e12000 	C:\WINDOWS\SYSTEM32\cscapi.dll
0x00007ff967f90000 - 0x00007ff967f9c000 	C:\WINDOWS\System32\netutils.dll
0x00007ff91e3a0000 - 0x00007ff91e3f3000 	C:\Windows\System32\dlnashext.dll
0x00007ff94e090000 - 0x00007ff94e0f4000 	C:\Windows\System32\PlayToDevice.dll
0x00007ff9474f0000 - 0x00007ff947510000 	C:\Windows\System32\DevDispItemProvider.dll
0x00007ff93fca0000 - 0x00007ff93fd3b000 	C:\WINDOWS\system32\wpdshext.dll
0x00007ff948980000 - 0x00007ff948b23000 	C:\WINDOWS\WinSxS\amd64_microsoft.windows.gdiplus_6595b64144ccf1df_1.1.18362.778_none_17b1aa466d9fc986\gdiplus.dll
0x00007ff964e20000 - 0x00007ff964ebe000 	C:\Windows\System32\PortableDeviceApi.dll
0x00007ff96a180000 - 0x00007ff96a5f0000 	C:\WINDOWS\System32\SETUPAPI.dll
0x00007ff962eb0000 - 0x00007ff962ee0000 	C:\Windows\System32\PortableDeviceTypes.dll
0x00007ff948160000 - 0x00007ff948197000 	C:\Windows\System32\EhStorShell.dll
0x00007ff95f140000 - 0x00007ff95f165000 	C:\Windows\System32\EhStorAPI.dll
0x00007ff965460000 - 0x00007ff965473000 	C:\Windows\System32\WTSAPI32.dll
0x00007ff948bd0000 - 0x00007ff948bdd000 	C:\WINDOWS\SYSTEM32\LINKINFO.dll
0x00007ff959240000 - 0x00007ff95924c000 	C:\WINDOWS\SYSTEM32\Secur32.dll
0x00007ff968850000 - 0x00007ff96887f000 	C:\WINDOWS\SYSTEM32\SSPICLI.DLL
0x00007ff94bae0000 - 0x00007ff94bb1a000 	C:\WINDOWS\system32\dataexchange.dll

dbghelp: loaded successfully - version: 4.0.5 - missing functions: none
symbol engine: initialized successfully - sym options: 0x614 - pdb path: .;C:\Program Files\Java\jdk-14.0.1\bin;C:\WINDOWS\SYSTEM32;C:\WINDOWS\WinSxS\amd64_microsoft.windows.common-controls_6595b64144ccf1df_6.0.18362.778_none_e6c6b761130d4fb8;C:\Program Files\Java\jdk-14.0.1\bin\server;C:\WINDOWS\System32\DriverStore\FileRepository\nv_dispi.inf_amd64_9952681a7bb1dfac;C:\WINDOWS\WinSxS\amd64_microsoft.windows.common-controls_6595b64144ccf1df_5.82.18362.778_none_2a29d4a64667eb69;C:\WINDOWS\WinSxS\amd64_microsoft.windows.gdiplus_6595b64144ccf1df_1.1.18362.778_none_17b1aa466d9fc986;C:\Users\hayden\AppData\Local\Microsoft\OneDrive\20.064.0329.0005\amd64;C:\Users\hayden\Desktop\move\lib;C:\WINDOWS\WinSxS\amd64_microsoft.vc80.crt_1fc8b3b9a1e18e3b_8.0.50727.9659_none_88dfc6bf2faefcc6;C:\Users\hayden\AppData\Local\Temp\lwjglhayden\3.2.4-build-5

VM Arguments:
jvm_args: -agentlib:jdwp=transport=dt_socket,address=127.0.0.1:51305,suspend=y,server=n -Djava.library.path=C:\Users\hayden\Desktop\move\lib -javaagent:C:\Users\hayden\AppData\Local\JetBrains\IntelliJIdea2020.1\groovyHotSwap\gragent.jar -javaagent:C:\Users\hayden\AppData\Local\JetBrains\IntelliJIdea2020.1\captureAgent\debugger-agent.jar -Dfile.encoding=UTF-8 
java_command: me.hydos.J64.Main Dorg.lwjgl.util.Debug=true
java_class_path (initial): E:\dev\fabric\mods\1.8.9\JCraft64\build\production\JCraft64.main;C:\Users\hayden\.gradle\caches\fabric-loom\yarn-20w17a+build.7-v2-final.jar;C:\Users\hayden\.gradle\caches\modules-2\files-2.1\org.joml\joml\1.9.20\49c9e036bf10adaf4f0483edc2d54dc4dad035b5\joml-1.9.20.jar;C:\Users\hayden\.gradle\caches\modules-2\files-2.1\org.lwjgl\lwjgl-assimp\3.2.4-SNAPSHOT\b8b7a5e6882e88896dfe9a099a301a91c5df980b\lwjgl-assimp-3.2.4-SNAPSHOT.jar;C:\Users\hayden\.gradle\caches\modules-2\files-2.1\org.lwjgl\lwjgl-glfw\3.2.4-SNAPSHOT\4465a4aaab50536af484e32c63fbac736d94bff2\lwjgl-glfw-3.2.4-SNAPSHOT.jar;C:\Users\hayden\.gradle\caches\modules-2\files-2.1\org.lwjgl\lwjgl-jemalloc\3.2.4-SNAPSHOT\d5d49a280213a7bee1c7046b03100cb4a4f3379f\lwjgl-jemalloc-3.2.4-SNAPSHOT.jar;C:\Users\hayden\.gradle\caches\modules-2\files-2.1\org.lwjgl\lwjgl-openal\3.2.4-SNAPSHOT\e8b74ac82114fa1b198730eed4e07fad16c416df\lwjgl-openal-3.2.4-SNAPSHOT.jar;C:\Users\hayden\.gradle\caches\modules-2\files-2.1\org.lwjgl\lwjgl-opengl\3.2.4-SNAPSHOT\9a83d9a7ff6e5fb98f2a79db3a538f0129b756ff\lwjgl-opengl-3.2.4-SNAPSHOT.jar;C:\Users\hayden\.gradle\caches\modules-2\files-2.1\org.lwjgl\lwjgl-stb\3.2.4-SNAPSHOT\97355448c6c8750733ff8cc6b701cda08ec28ed8\lwjgl-stb-3.2.4-SNAPSHOT.jar;C:\Users\hayden\.gradle\caches\modules-2\files-2.1\org.lwjgl\lwjgl-tinyfd\3.2.4-SNAPSHOT\43eac32bd2c138c1ee139f8e87387c3836888002\lwjgl-tinyfd-3.2.4-SNAPSHOT.jar;C:\Users\hayden\.gradle\caches\modules-2\files-2.1\org.lwjgl\lwjgl\3.2.4-SNAPSHOT\3b2e6246b0c27d9f2272c735911e8306dff81fb7\lwjgl-3.2.4-SNAPSHOT.jar;C:\Users\hayden\.gradle\caches\modules-2\files-2.1\com.mojang\patchy\1.1\aef610b34a1be37fa851825f12372b78424d8903\patchy-1.1.jar;C:\Users\hayden\.gradle\caches\modules-2\files-2.1\oshi-project\oshi-core\1.1\9ddf7b048a8d701be231c0f4f95fd986198fd2d8\oshi-core-1.1.jar;C:\Users\hayden\.gradle\caches\modules-2\files-2.1\net.java.dev.jna\jna\4.4.0\cb208278274bf12ebdb56c61bd7407e6f774d65a\jna-4.4.0.jar;C:\Users\hayden\.gradle\ca
Launcher Type: SUN_STANDARD

[Global flags]
     intx CICompilerCount                          = 4                                         {product} {ergonomic}
     uint ConcGCThreads                            = 3                                         {product} {ergonomic}
     uint G1ConcRefinementThreads                  = 10                                        {product} {ergonomic}
   size_t G1HeapRegionSize                         = 2097152                                   {product} {ergonomic}
    uintx GCDrainStackTargetSize                   = 64                                        {product} {ergonomic}
   size_t InitialHeapSize                          = 536870912                                 {product} {ergonomic}
   size_t MarkStackSize                            = 4194304                                   {product} {ergonomic}
   size_t MaxHeapSize                              = 8573157376                                {product} {ergonomic}
   size_t MaxNewSize                               = 5142216704                                {product} {ergonomic}
   size_t MinHeapDeltaBytes                        = 2097152                                   {product} {ergonomic}
   size_t MinHeapSize                              = 8388608                                   {product} {ergonomic}
    uintx NonNMethodCodeHeapSize                   = 5839372                                {pd product} {ergonomic}
    uintx NonProfiledCodeHeapSize                  = 122909434                              {pd product} {ergonomic}
    uintx ProfiledCodeHeapSize                     = 122909434                              {pd product} {ergonomic}
    uintx ReservedCodeCacheSize                    = 251658240                              {pd product} {ergonomic}
     bool SegmentedCodeCache                       = true                                      {product} {ergonomic}
   size_t SoftMaxHeapSize                          = 8573157376                             {manageable} {ergonomic}
     bool UseCompressedClassPointers               = true                                 {lp64_product} {ergonomic}
     bool UseCompressedOops                        = true                                 {lp64_product} {ergonomic}
     bool UseG1GC                                  = true                                      {product} {ergonomic}
     bool UseLargePagesIndividualAllocation        = false                                  {pd product} {ergonomic}

Logging:
Log output configuration:
 #0: stdout all=warning uptime,level,tags
 #1: stderr all=off uptime,level,tags

Environment Variables:
JAVA_HOME=C:\Program Files\AdoptOpenJDK\jdk-8.0.252.09-hotspot
PATH=C:\Program Files\Oculus\Support\oculus-runtime;C:\Program Files (x86)\Common Files\Oracle\Java\javapath;C:\Windows\system32;C:\Windows;C:\Windows\System32\Wbem;C:\Windows\System32\WindowsPowerShell\v1.0\;C:\Program Files\NVIDIA Corporation\NVIDIA NvDLISR;C:\Program Files (x86)\NVIDIA Corporation\PhysX\Common;C:\WINDOWS\system32;C:\WINDOWS;C:\WINDOWS\System32\Wbem;C:\WINDOWS\System32\WindowsPowerShell\v1.0\;C:\WINDOWS\System32\OpenSSH\;C:\Program Files (x86)\Project64 2.3;C:\Program Files\Git\cmd;C:\gradle-6.3\bin;C:\Program Files\Java\jdk-14.0.1\bin;C:\Users\hayden\AppData\Local\Programs\Python\Python38-32\Scripts\;C:\Users\hayden\AppData\Local\Programs\Python\Python38-32\;C:\Users\hayden\AppData\Local\Microsoft\WindowsApps;C:\Users\hayden\AppData\Local\GitHubDesktop\bin;C:\Program Files\JetBrains\IntelliJ IDEA 2020.1\bin;;C:\Users\hayden\AppData\Local\Microsoft\WindowsApps;;C:\Users\hayden\AppData\Local\Programs\Microsoft VS Code\bin;C:\Program Files\JetBrains\WebStorm 2020.1\bin;
USERNAME=hayden
OS=Windows_NT
PROCESSOR_IDENTIFIER=AMD64 Family 23 Model 8 Stepping 2, AuthenticAMD



---------------  S Y S T E M  ---------------

OS: Windows 10 , 64 bit Build 18362 (10.0.18362.778)
OS uptime: 0 days 11:25 hours

CPU:total 12 (initial active 12) (12 cores per cpu, 2 threads per core) family 23 model 8 stepping 2, cmov, cx8, fxsr, mmx, sse, sse2, sse3, ssse3, sse4.1, sse4.2, popcnt, avx, avx2, aes, clmul, mmxext, 3dnowpref, lzcnt, sse4a, ht, tsc, tscinvbit, tscinv, bmi1, bmi2, adx, sha, fma

Memory: 4k page, system-wide physical 32699M (21736M free)
TotalPageFile size 32699M (AvailPageFile size 18966M)
current process WorkingSet (physical memory assigned to process): 232M, peak: 232M
current process commit charge ("private bytes"): 408M, peak: 730M

vm_info: Java HotSpot(TM) 64-Bit Server VM (14.0.1+7) for windows-amd64 JRE (14.0.1+7), built on Mar  5 2020 10:30:14 by "mach5one" with MS VC++ 15.9 (VS2017)

END.
