#
# A fatal error has been detected by the Java Runtime Environment:
#
#  EXCEPTION_ACCESS_VIOLATION (0xc0000005) at pc=0x000001632223fd00, pid=14524, tid=16276
#
# JRE version: Java(TM) SE Runtime Environment (14.0.1+7) (build 14.0.1+7)
# Java VM: Java HotSpot(TM) 64-Bit Server VM (14.0.1+7, mixed mode, sharing, tiered, compressed oops, g1 gc, windows-amd64)
# Problematic frame:
# C  0x000001632223fd00
#
# No core dump will be written. Minidumps are not enabled by default on client versions of Windows
#
# If you would like to submit a bug report, please visit:
#   https://bugreport.java.com/bugreport/crash.jsp
# The crash happened outside the Java Virtual Machine in native code.
# See problematic frame for where to report the bug.
#

---------------  S U M M A R Y ------------

Command Line: -agentlib:jdwp=transport=dt_socket,address=127.0.0.1:61528,suspend=y,server=n -Dorg.lwjgl.util.Debug=true -Djava.library.path=C:\Users\hayden\Desktop\lib -javaagent:C:\Users\hayden\AppData\Local\JetBrains\IntelliJIdea2020.1\groovyHotSwap\gragent.jar -javaagent:C:\Users\hayden\AppData\Local\JetBrains\IntelliJIdea2020.1\captureAgent\debugger-agent.jar -Dfile.encoding=UTF-8 me.hydos.J64.Main Dorg.lwjgl.util.Debug=true

Host: AMD Ryzen 5 2600 Six-Core Processor            , 12 cores, 31G,  Windows 10 , 64 bit Build 18362 (10.0.18362.778)
Time: Fri May  1 18:21:29 2020 E. Australia Standard Time elapsed time: 2652 seconds (0d 0h 44m 12s)

---------------  T H R E A D  ---------------

Current thread (0x000001631578e800):  JavaThread "AWT-EventQueue-0" [_thread_in_native, id=16276, stack(0x0000004955700000,0x0000004955800000)]

Stack: [0x0000004955700000,0x0000004955800000],  sp=0x00000049557fe930,  free space=1018k
Native frames: (J=compiled Java code, j=interpreted, Vv=VM code, C=native code)
C  0x000001632223fd00

Java frames: (J=compiled Java code, j=interpreted, Vv=VM code)
J 3248  org.lwjgl.opengl.GL11C.glDrawArrays(III)V (0 bytes) @ 0x0000016377dcd479 [0x0000016377dcd420+0x0000000000000059]
J 3462 c2 com.github.hydos.ginger.engine.opengl.render.renderers.GLGLTriRenderer.render([Lgln64j/OpenGlGdp$GLVertex;)V (62 bytes) @ 0x0000016377e3cb8c [0x0000016377e3c440+0x000000000000074c]
J 3270 c2 gln64j.opcodes.F3d$9.exec(II)V (45 bytes) @ 0x0000016377ddff7c [0x0000016377ddfda0+0x00000000000001dc]
J 3536 c2 gln64j.rsp.Gsp.RSP_ProcessDList()V (310 bytes) @ 0x0000016377e4f624 [0x0000016377e4f3a0+0x0000000000000284]
J 4299 c2 com.sun.opengl.impl.GLDrawableHelper.invokeGL(Ljavax/media/opengl/GLDrawable;Ljavax/media/opengl/GLContext;Ljava/lang/Runnable;Ljava/lang/Runnable;)V (498 bytes) @ 0x000001637803aa54 [0x0000016378039760+0x00000000000012f4]
J 4330 c2 javax.media.opengl.GLCanvas$DisplayOnEventDispatchThreadAction.run()V (39 bytes) @ 0x0000016377f1fcd8 [0x0000016377f1fc40+0x0000000000000098]
J 4263 c2 java.awt.EventQueue.dispatchEvent(Ljava/awt/AWTEvent;)V java.desktop@14.0.1 (80 bytes) @ 0x00000163780011d0 [0x0000016378000b40+0x0000000000000690]
J 4266 c2 java.awt.EventDispatchThread.pumpOneEventForFilters(I)V java.desktop@14.0.1 (113 bytes) @ 0x000001637800c8cc [0x000001637800c740+0x000000000000018c]
j  java.awt.EventDispatchThread.pumpEventsForFilter(ILjava/awt/Conditional;Ljava/awt/EventFilter;)V+35 java.desktop@14.0.1
j  java.awt.EventDispatchThread.pumpEventsForHierarchy(ILjava/awt/Conditional;Ljava/awt/Component;)V+11 java.desktop@14.0.1
j  java.awt.EventDispatchThread.pumpEvents(ILjava/awt/Conditional;)V+4 java.desktop@14.0.1
j  java.awt.EventDispatchThread.pumpEvents(Ljava/awt/Conditional;)V+3 java.desktop@14.0.1
j  java.awt.EventDispatchThread.run()V+9 java.desktop@14.0.1
v  ~StubRoutines::call_stub

siginfo: EXCEPTION_ACCESS_VIOLATION (0xc0000005), reading address 0x0000000000000000


Register to memory mapping:

RIP=0x000001632223fd00 points into unknown readable memory: 8b 3e 8b 6e 04 89 38 89
RAX=0x000001643b141d40 points into unknown readable memory: 00 30 00 bf 00 38 55 3f
RBX=0x00000163224c0000 points into unknown readable memory: c0 a1 b6 20 63 01 00 00
RCX=0x0 is NULL
RDX=0x0000000000000100 is an unknown value
RSP=0x00000049557fe930 is pointing into the stack for thread: 0x000001631578e800
RBP=0x000001631c77ca30 points into unknown readable memory: 09 00 00 00 04 90 00 00
RSI=0x0 is NULL
RDI=0x0 is NULL
R8 =0x0 is NULL
R9 =0x0000000000000100 is an unknown value
R10=0x000001631c77ca30 points into unknown readable memory: 09 00 00 00 04 90 00 00
R11=0x0 is NULL
R12=0x0 is NULL
R13=0x0 is NULL
R14=0x0000000000000004 is an unknown value
R15=0x000001643b141d40 points into unknown readable memory: 00 30 00 bf 00 38 55 3f


Registers:
RAX=0x000001643b141d40, RBX=0x00000163224c0000, RCX=0x0000000000000000, RDX=0x0000000000000100
RSP=0x00000049557fe930, RBP=0x000001631c77ca30, RSI=0x0000000000000000, RDI=0x0000000000000000
R8 =0x0000000000000000, R9 =0x0000000000000100, R10=0x000001631c77ca30, R11=0x0000000000000000
R12=0x0000000000000000, R13=0x0000000000000000, R14=0x0000000000000004, R15=0x000001643b141d40
RIP=0x000001632223fd00, EFLAGS=0x0000000000010206

Top of Stack: (sp=0x00000049557fe930)
0x00000049557fe930:   0000000249a62940 0000000000000000
0x00000049557fe940:   0000000000000100 00000163224c0000
0x00000049557fe950:   000001631c77ca30 00007ffb530f7970
0x00000049557fe960:   00000163224c0000 000001631c77ca30
0x00000049557fe970:   0000000000000100 00000163224c0000
0x00000049557fe980:   000001631c77ca30 0000000000000003
0x00000049557fe990:   0000000000000000 000001631ba1d9f8
0x00000049557fe9a0:   0000000000000004 000001631c77ca30
0x00000049557fe9b0:   0000000000000100 0000000000000000
0x00000049557fe9c0:   00000163224c0000 00007ffb530f3e7d
0x00000049557fe9d0:   0000000000000001 0000000000000004
0x00000049557fe9e0:   0000000000000300 0000000000000000
0x00000049557fe9f0:   0000000000000100 000001631c77ca30
0x00000049557fea00:   0000000000000100 00007ffb530f40ad
0x00000049557fea10:   00000163224c0000 000001631ba1d9f8
0x00000049557fea20:   0000000000000000 000001631c77ca30 

Instructions: (pc=0x000001632223fd00)
0x000001632223fc00:   00 00 00 00 00 00 00 00 00 00 00 00 00 00 00 00
0x000001632223fc10:   00 00 00 00 00 00 00 00 00 00 00 00 00 00 00 00
0x000001632223fc20:   00 00 00 00 00 00 00 00 00 00 00 00 00 00 00 00
0x000001632223fc30:   00 00 00 00 00 00 00 00 00 00 00 00 00 00 00 00
0x000001632223fc40:   00 00 00 00 00 00 00 00 00 00 00 00 00 00 00 00
0x000001632223fc50:   00 00 00 00 00 00 00 00 00 00 00 00 00 00 00 00
0x000001632223fc60:   00 00 00 00 00 00 00 00 00 00 00 00 00 00 00 00
0x000001632223fc70:   00 00 00 00 00 00 00 00 00 00 00 00 00 00 00 00
0x000001632223fc80:   00 00 00 00 00 00 00 00 00 00 00 00 00 00 00 00
0x000001632223fc90:   00 00 00 00 00 00 00 00 00 00 00 00 00 00 00 00
0x000001632223fca0:   00 00 00 00 00 00 00 00 00 00 00 00 00 00 00 00
0x000001632223fcb0:   00 00 00 00 00 00 00 00 80 ff ff ff 80 fc 00 00
0x000001632223fcc0:   48 83 ec 28 48 89 6c 24 20 48 89 5c 24 18 48 89
0x000001632223fcd0:   74 24 10 48 89 7c 24 08 48 8b d9 48 8b c2 49 8b
0x000001632223fce0:   c8 49 8b d1 48 be 08 c6 51 22 63 01 00 00 48 8b
0x000001632223fcf0:   36 48 8b b6 08 03 00 00 48 8d 3c 49 48 8d 34 be
0x000001632223fd00:   8b 3e 8b 6e 04 89 38 89 68 04 8b 7e 08 89 78 08
0x000001632223fd10:   48 83 c0 0c ff c1 ff ca 75 ca 48 8b 7c 24 08 48
0x000001632223fd20:   8b 74 24 10 48 8b 5c 24 18 48 8b 6c 24 20 48 83
0x000001632223fd30:   c4 28 c3 00 00 00 00 00 80 ff ff ff 80 00 00 00
0x000001632223fd40:   55 48 8b ec 53 56 57 4c 8b da 4c 8b d1 49 8b f2
0x000001632223fd50:   49 8b fb 41 8b e8 85 ed 0f 84 30 00 00 00 b9 04
0x000001632223fd60:   00 00 00 0f 8f 05 00 00 00 48 f7 d9 f7 dd 8b 1e
0x000001632223fd70:   48 03 f1 48 83 c7 04 8b c3 81 e3 ff ff ff 00 81
0x000001632223fd80:   e0 00 00 00 ff 0b d8 ff cd 89 5f fc 75 e0 5f 5e
0x000001632223fd90:   5b 5d c3 00 00 00 00 00 00 00 00 00 00 00 00 00
0x000001632223fda0:   00 00 00 00 00 00 00 00 00 00 00 00 00 00 00 00
0x000001632223fdb0:   00 00 00 00 00 00 00 00 40 ff ff ff 80 00 00 00
0x000001632223fdc0:   55 48 8b ec 53 56 57 4c 8b da 4c 8b d1 49 8b f2
0x000001632223fdd0:   49 8b fb 41 8b e8 85 ed 0f 84 90 00 00 00 b9 02
0x000001632223fde0:   00 00 00 0f 8f 05 00 00 00 48 f7 d9 f7 dd 0f b7
0x000001632223fdf0:   1e 48 03 f1 48 83 c7 04 8b c3 8b d3 81 e0 00 f0 


Stack slot to memory mapping:
stack at sp + 0 slots: 0x0000000249a62940 is an unknown value
stack at sp + 1 slots: 0x0 is NULL
stack at sp + 2 slots: 0x0000000000000100 is an unknown value
stack at sp + 3 slots: 0x00000163224c0000 points into unknown readable memory: c0 a1 b6 20 63 01 00 00
stack at sp + 4 slots: 0x000001631c77ca30 points into unknown readable memory: 09 00 00 00 04 90 00 00
stack at sp + 5 slots: 0x00007ffb530f7970 points into unknown readable memory: 48 8b 44 24 38 f7 80 08
stack at sp + 6 slots: 0x00000163224c0000 points into unknown readable memory: c0 a1 b6 20 63 01 00 00
stack at sp + 7 slots: 0x000001631c77ca30 points into unknown readable memory: 09 00 00 00 04 90 00 00


---------------  P R O C E S S  ---------------

Threads class SMR info:
_java_thread_list=0x00000163210d0820, length=24, elements={
0x0000016367a2a800, 0x000001631562c000, 0x000001631562d000, 0x0000016315640000,
0x0000016315643000, 0x0000016315645000, 0x0000016315646000, 0x000001631564a800,
0x000001631564e000, 0x000001631578d800, 0x00000163157f1800, 0x000001631589e800,
0x000001631589f000, 0x0000016315790000, 0x000001631578f800, 0x0000016315791000,
0x0000016315792000, 0x000001631578e800, 0x0000016315792800, 0x000001631578d000,
0x000001631c19c800, 0x000001631c19a800, 0x000001631c19a000, 0x000001631c199000
}

Java Threads: ( => current thread )
  0x0000016367a2a800 JavaThread "main" [_thread_blocked, id=16708, stack(0x0000004953c00000,0x0000004953d00000)]
  0x000001631562c000 JavaThread "Reference Handler" daemon [_thread_blocked, id=5136, stack(0x0000004954300000,0x0000004954400000)]
  0x000001631562d000 JavaThread "Finalizer" daemon [_thread_blocked, id=11916, stack(0x0000004954400000,0x0000004954500000)]
  0x0000016315640000 JavaThread "Signal Dispatcher" daemon [_thread_blocked, id=2888, stack(0x0000004954500000,0x0000004954600000)]
  0x0000016315643000 JavaThread "Attach Listener" daemon [_thread_blocked, id=16912, stack(0x0000004954600000,0x0000004954700000)]
  0x0000016315645000 JavaThread "Service Thread" daemon [_thread_blocked, id=16784, stack(0x0000004954700000,0x0000004954800000)]
  0x0000016315646000 JavaThread "C2 CompilerThread0" daemon [_thread_blocked, id=13116, stack(0x0000004954800000,0x0000004954900000)]
  0x000001631564a800 JavaThread "C1 CompilerThread0" daemon [_thread_blocked, id=17312, stack(0x0000004954900000,0x0000004954a00000)]
  0x000001631564e000 JavaThread "Sweeper thread" daemon [_thread_blocked, id=14532, stack(0x0000004954a00000,0x0000004954b00000)]
  0x000001631578d800 JavaThread "Common-Cleaner" daemon [_thread_blocked, id=11168, stack(0x0000004954b00000,0x0000004954c00000)]
  0x00000163157f1800 JavaThread "JDWP Transport Listener: dt_socket" daemon [_thread_blocked, id=8564, stack(0x0000004954d00000,0x0000004954e00000)]
  0x000001631589e800 JavaThread "JDWP Event Helper Thread" daemon [_thread_blocked, id=8780, stack(0x0000004954e00000,0x0000004954f00000)]
  0x000001631589f000 JavaThread "JDWP Command Reader" daemon [_thread_in_native, id=640, stack(0x0000004954f00000,0x0000004955000000)]
  0x0000016315790000 JavaThread "Notification Thread" daemon [_thread_blocked, id=14268, stack(0x0000004955000000,0x0000004955100000)]
  0x000001631578f800 JavaThread "Java2D Disposer" daemon [_thread_blocked, id=11012, stack(0x0000004955200000,0x0000004955300000)]
  0x0000016315791000 JavaThread "AWT-Shutdown" [_thread_blocked, id=1872, stack(0x0000004955300000,0x0000004955400000)]
  0x0000016315792000 JavaThread "AWT-Windows" daemon [_thread_in_native, id=9540, stack(0x0000004955400000,0x0000004955500000)]
=>0x000001631578e800 JavaThread "AWT-EventQueue-0" [_thread_in_native, id=16276, stack(0x0000004955700000,0x0000004955800000)]
  0x0000016315792800 JavaThread "D3D Screen Updater" daemon [_thread_blocked, id=7540, stack(0x0000004955800000,0x0000004955900000)]
  0x000001631578d000 JavaThread "Java Sound Event Dispatcher" daemon [_thread_blocked, id=8740, stack(0x0000004956400000,0x0000004956500000)]
  0x000001631c19c800 JavaThread "Thread-0" [_thread_blocked, id=16704, stack(0x0000004954c00000,0x0000004954d00000)]
  0x000001631c19a800 JavaThread "Swing-Shell" daemon [_thread_blocked, id=584, stack(0x0000004956900000,0x0000004956a00000)]
  0x000001631c19a000 JavaThread "TimerQueue" daemon [_thread_blocked, id=6628, stack(0x0000004956d00000,0x0000004956e00000)]
  0x000001631c199000 JavaThread "pool-1-thread-1" [_thread_blocked, id=8580, stack(0x0000004957800000,0x0000004957900000)]

Other Threads:
  0x0000016315628000 VMThread "VM Thread" [stack: 0x0000004954200000,0x0000004954300000] [id=11412]
  0x00000163165a6800 WatcherThread [stack: 0x0000004955100000,0x0000004955200000] [id=12264]
  0x0000016367aaf800 GCTaskThread "GC Thread#0" [stack: 0x0000004953d00000,0x0000004953e00000] [id=11404]
  0x000001631c051000 GCTaskThread "GC Thread#1" [stack: 0x0000004955900000,0x0000004955a00000] [id=16884]
  0x000001631c052000 GCTaskThread "GC Thread#2" [stack: 0x0000004955a00000,0x0000004955b00000] [id=16068]
  0x000001631c052800 GCTaskThread "GC Thread#3" [stack: 0x0000004955b00000,0x0000004955c00000] [id=14716]
  0x000001631c056800 GCTaskThread "GC Thread#4" [stack: 0x0000004955c00000,0x0000004955d00000] [id=1312]
  0x000001631c059800 GCTaskThread "GC Thread#5" [stack: 0x0000004955d00000,0x0000004955e00000] [id=5764]
  0x000001631c05d000 GCTaskThread "GC Thread#6" [stack: 0x0000004955e00000,0x0000004955f00000] [id=6828]
  0x000001631c060000 GCTaskThread "GC Thread#7" [stack: 0x0000004955f00000,0x0000004956000000] [id=2528]
  0x000001631c060800 GCTaskThread "GC Thread#8" [stack: 0x0000004956000000,0x0000004956100000] [id=13728]
  0x000001631c02b800 GCTaskThread "GC Thread#9" [stack: 0x0000004956100000,0x0000004956200000] [id=14636]
  0x0000016367ad0800 ConcurrentGCThread "G1 Main Marker" [stack: 0x0000004953e00000,0x0000004953f00000] [id=13932]
  0x0000016367ad2800 ConcurrentGCThread "G1 Conc#0" [stack: 0x0000004953f00000,0x0000004954000000] [id=15556]
  0x0000016321598800 ConcurrentGCThread "G1 Conc#1" [stack: 0x0000004957100000,0x0000004957200000] [id=15868]
  0x0000016321599000 ConcurrentGCThread "G1 Conc#2" [stack: 0x0000004957200000,0x0000004957300000] [id=5108]
  0x000001637fcea000 ConcurrentGCThread "G1 Refine#0" [stack: 0x0000004954000000,0x0000004954100000] [id=11020]
  0x0000016321515800 ConcurrentGCThread "G1 Refine#1" [stack: 0x0000004955500000,0x0000004955600000] [id=11548]
  0x0000016321518800 ConcurrentGCThread "G1 Refine#2" [stack: 0x0000004956c00000,0x0000004956d00000] [id=14664]
  0x0000016321514800 ConcurrentGCThread "G1 Refine#3" [stack: 0x0000004957700000,0x0000004957800000] [id=13424]
  0x0000016321517800 ConcurrentGCThread "G1 Refine#4" [stack: 0x0000004953900000,0x0000004953a00000] [id=8600]
  0x000001632151a000 ConcurrentGCThread "G1 Refine#5" [stack: 0x0000004953a00000,0x0000004953b00000] [id=1296]
  0x000001632151a800 ConcurrentGCThread "G1 Refine#6" [stack: 0x0000004953b00000,0x0000004953c00000] [id=16700]
  0x0000016321516000 ConcurrentGCThread "G1 Refine#7" [stack: 0x0000004957b00000,0x0000004957c00000] [id=16120]
  0x000001637fceb000 ConcurrentGCThread "G1 Young RemSet Sampling" [stack: 0x0000004954100000,0x0000004954200000] [id=10148]

Threads with active compile tasks:

VM state:not at safepoint (normal execution)

VM Mutex/Monitor currently owned by a thread: None

Heap address: 0x0000000601000000, size: 8176 MB, Compressed Oops mode: Zero based, Oop shift amount: 3
Narrow klass base: 0x0000000800000000, Narrow klass shift: 3
Compressed class space size: 1073741824 Address: 0x0000000800b30000

Heap:
 garbage-first heap   total 335872K, used 269588K [0x0000000601000000, 0x0000000800000000)
  region size 2048K, 51 young (104448K), 5 survivors (10240K)
 Metaspace       used 25014K, capacity 25349K, committed 25600K, reserved 1073152K
  class space    used 2347K, capacity 2490K, committed 2560K, reserved 1048576K
Heap Regions: E=young(eden), S=young(survivor), O=old, HS=humongous(starts), HC=humongous(continues), CS=collection set, F=free, OA=open archive, CA=closed archive, TAMS=top-at-mark-start (previous, next)
|   0|0x0000000601000000, 0x0000000601200000, 0x0000000601200000|100%|HS|  |TAMS 0x0000000601200000, 0x0000000601000000| Complete 
|   1|0x0000000601200000, 0x0000000601400000, 0x0000000601400000|100%|HS|  |TAMS 0x0000000601400000, 0x0000000601200000| Complete 
|   2|0x0000000601400000, 0x0000000601600000, 0x0000000601600000|100%|HS|  |TAMS 0x0000000601600000, 0x0000000601400000| Complete 
|   3|0x0000000601600000, 0x0000000601800000, 0x0000000601800000|100%|HC|  |TAMS 0x0000000601800000, 0x0000000601600000| Complete 
|   4|0x0000000601800000, 0x0000000601a00000, 0x0000000601a00000|100%|HC|  |TAMS 0x0000000601a00000, 0x0000000601800000| Complete 
|   5|0x0000000601a00000, 0x0000000601c00000, 0x0000000601c00000|100%|HC|  |TAMS 0x0000000601c00000, 0x0000000601a00000| Complete 
|   6|0x0000000601c00000, 0x0000000601e00000, 0x0000000601e00000|100%|HC|  |TAMS 0x0000000601e00000, 0x0000000601c00000| Complete 
|   7|0x0000000601e00000, 0x0000000602000000, 0x0000000602000000|100%| O|  |TAMS 0x0000000602000000, 0x0000000601e00000| Untracked 
|   8|0x0000000602000000, 0x0000000602200000, 0x0000000602200000|100%|HS|  |TAMS 0x0000000602200000, 0x0000000602000000| Complete 
|   9|0x0000000602200000, 0x0000000602400000, 0x0000000602400000|100%|HC|  |TAMS 0x0000000602400000, 0x0000000602200000| Complete 
|  10|0x0000000602400000, 0x0000000602600000, 0x0000000602600000|100%|HC|  |TAMS 0x0000000602600000, 0x0000000602400000| Complete 
|  11|0x0000000602600000, 0x0000000602800000, 0x0000000602800000|100%|HC|  |TAMS 0x0000000602800000, 0x0000000602600000| Complete 
|  12|0x0000000602800000, 0x0000000602a00000, 0x0000000602a00000|100%|HC|  |TAMS 0x0000000602a00000, 0x0000000602800000| Complete 
|  13|0x0000000602a00000, 0x0000000602c00000, 0x0000000602c00000|100%|HS|  |TAMS 0x0000000602c00000, 0x0000000602a00000| Complete 
|  14|0x0000000602c00000, 0x0000000602e00000, 0x0000000602e00000|100%|HC|  |TAMS 0x0000000602e00000, 0x0000000602c00000| Complete 
|  15|0x0000000602e00000, 0x0000000603000000, 0x0000000603000000|100%|HC|  |TAMS 0x0000000603000000, 0x0000000602e00000| Complete 
|  16|0x0000000603000000, 0x0000000603200000, 0x0000000603200000|100%|HS|  |TAMS 0x0000000603200000, 0x0000000603000000| Complete 
|  17|0x0000000603200000, 0x0000000603400000, 0x0000000603400000|100%|HC|  |TAMS 0x0000000603400000, 0x0000000603200000| Complete 
|  18|0x0000000603400000, 0x0000000603600000, 0x0000000603600000|100%|HC|  |TAMS 0x0000000603600000, 0x0000000603400000| Complete 
|  19|0x0000000603600000, 0x0000000603800000, 0x0000000603800000|100%| O|  |TAMS 0x0000000603800000, 0x0000000603600000| Untracked 
|  20|0x0000000603800000, 0x00000006038b2200, 0x0000000603a00000| 34%| O|  |TAMS 0x00000006038b2200, 0x0000000603800000| Untracked 
|  21|0x0000000603a00000, 0x0000000603c00000, 0x0000000603c00000|100%| O|  |TAMS 0x0000000603c00000, 0x0000000603a00000| Untracked 
|  22|0x0000000603c00000, 0x0000000603e00000, 0x0000000603e00000|100%| O|  |TAMS 0x0000000603e00000, 0x0000000603c00000| Untracked 
|  23|0x0000000603e00000, 0x0000000604000000, 0x0000000604000000|100%| O|  |TAMS 0x0000000604000000, 0x0000000603e00000| Untracked 
|  24|0x0000000604000000, 0x0000000604200000, 0x0000000604200000|100%| O|  |TAMS 0x0000000604200000, 0x0000000604000000| Untracked 
|  25|0x0000000604200000, 0x0000000604400000, 0x0000000604400000|100%| O|  |TAMS 0x0000000604400000, 0x0000000604200000| Untracked 
|  26|0x0000000604400000, 0x0000000604600000, 0x0000000604600000|100%| O|  |TAMS 0x0000000604600000, 0x0000000604400000| Untracked 
|  27|0x0000000604600000, 0x0000000604800000, 0x0000000604800000|100%| O|  |TAMS 0x0000000604800000, 0x0000000604600000| Untracked 
|  28|0x0000000604800000, 0x0000000604a00000, 0x0000000604a00000|100%| O|  |TAMS 0x0000000604a00000, 0x0000000604800000| Untracked 
|  29|0x0000000604a00000, 0x0000000604c00000, 0x0000000604c00000|100%| O|  |TAMS 0x0000000604c00000, 0x0000000604a00000| Untracked 
|  30|0x0000000604c00000, 0x0000000604e00000, 0x0000000604e00000|100%| O|  |TAMS 0x0000000604e00000, 0x0000000604c00000| Untracked 
|  31|0x0000000604e00000, 0x0000000605000000, 0x0000000605000000|100%| O|  |TAMS 0x0000000605000000, 0x0000000604e00000| Untracked 
|  32|0x0000000605000000, 0x0000000605200000, 0x0000000605200000|100%| O|  |TAMS 0x0000000605200000, 0x0000000605000000| Untracked 
|  33|0x0000000605200000, 0x0000000605400000, 0x0000000605400000|100%| O|  |TAMS 0x0000000605400000, 0x0000000605200000| Untracked 
|  34|0x0000000605400000, 0x0000000605600000, 0x0000000605600000|100%| O|  |TAMS 0x0000000605600000, 0x0000000605400000| Untracked 
|  35|0x0000000605600000, 0x0000000605800000, 0x0000000605800000|100%| O|  |TAMS 0x0000000605800000, 0x0000000605600000| Untracked 
|  36|0x0000000605800000, 0x0000000605a00000, 0x0000000605a00000|100%| O|  |TAMS 0x0000000605a00000, 0x0000000605800000| Untracked 
|  37|0x0000000605a00000, 0x0000000605c00000, 0x0000000605c00000|100%| O|  |TAMS 0x0000000605c00000, 0x0000000605a00000| Untracked 
|  38|0x0000000605c00000, 0x0000000605e00000, 0x0000000605e00000|100%| O|  |TAMS 0x0000000605e00000, 0x0000000605c00000| Untracked 
|  39|0x0000000605e00000, 0x0000000606000000, 0x0000000606000000|100%| O|  |TAMS 0x0000000606000000, 0x0000000605e00000| Untracked 
|  40|0x0000000606000000, 0x0000000606200000, 0x0000000606200000|100%| O|  |TAMS 0x0000000606200000, 0x0000000606000000| Untracked 
|  41|0x0000000606200000, 0x0000000606400000, 0x0000000606400000|100%| O|  |TAMS 0x0000000606400000, 0x0000000606200000| Untracked 
|  42|0x0000000606400000, 0x0000000606600000, 0x0000000606600000|100%| O|  |TAMS 0x0000000606600000, 0x0000000606400000| Untracked 
|  43|0x0000000606600000, 0x0000000606800000, 0x0000000606800000|100%| O|  |TAMS 0x0000000606800000, 0x0000000606600000| Untracked 
|  44|0x0000000606800000, 0x0000000606a00000, 0x0000000606a00000|100%| O|  |TAMS 0x0000000606a00000, 0x0000000606800000| Untracked 
|  45|0x0000000606a00000, 0x0000000606c00000, 0x0000000606c00000|100%| O|  |TAMS 0x0000000606c00000, 0x0000000606a00000| Untracked 
|  46|0x0000000606c00000, 0x0000000606e00000, 0x0000000606e00000|100%| O|  |TAMS 0x0000000606e00000, 0x0000000606c00000| Untracked 
|  47|0x0000000606e00000, 0x0000000607000000, 0x0000000607000000|100%| O|  |TAMS 0x0000000607000000, 0x0000000606e00000| Untracked 
|  48|0x0000000607000000, 0x0000000607200000, 0x0000000607200000|100%| O|  |TAMS 0x0000000607200000, 0x0000000607000000| Untracked 
|  49|0x0000000607200000, 0x0000000607400000, 0x0000000607400000|100%| O|  |TAMS 0x0000000607400000, 0x0000000607200000| Untracked 
|  50|0x0000000607400000, 0x0000000607600000, 0x0000000607600000|100%| O|  |TAMS 0x0000000607600000, 0x0000000607400000| Untracked 
|  51|0x0000000607600000, 0x0000000607800000, 0x0000000607800000|100%| O|  |TAMS 0x0000000607800000, 0x0000000607600000| Untracked 
|  52|0x0000000607800000, 0x0000000607a00000, 0x0000000607a00000|100%| O|  |TAMS 0x0000000607a00000, 0x0000000607800000| Untracked 
|  53|0x0000000607a00000, 0x0000000607c00000, 0x0000000607c00000|100%| O|  |TAMS 0x0000000607c00000, 0x0000000607a00000| Untracked 
|  54|0x0000000607c00000, 0x0000000607e00000, 0x0000000607e00000|100%| O|  |TAMS 0x0000000607e00000, 0x0000000607c00000| Untracked 
|  55|0x0000000607e00000, 0x0000000608000000, 0x0000000608000000|100%| O|  |TAMS 0x0000000608000000, 0x0000000607e00000| Untracked 
|  56|0x0000000608000000, 0x0000000608200000, 0x0000000608200000|100%| O|  |TAMS 0x0000000608200000, 0x0000000608000000| Untracked 
|  57|0x0000000608200000, 0x0000000608400000, 0x0000000608400000|100%| O|  |TAMS 0x0000000608400000, 0x0000000608200000| Untracked 
|  58|0x0000000608400000, 0x0000000608600000, 0x0000000608600000|100%| O|  |TAMS 0x0000000608600000, 0x0000000608400000| Untracked 
|  59|0x0000000608600000, 0x0000000608800000, 0x0000000608800000|100%| O|  |TAMS 0x0000000608800000, 0x0000000608600000| Untracked 
|  60|0x0000000608800000, 0x000000060896ce00, 0x0000000608a00000| 71%| O|  |TAMS 0x000000060891ca00, 0x0000000608800000| Untracked 
|  61|0x0000000608a00000, 0x0000000608a00000, 0x0000000608c00000|  0%| F|  |TAMS 0x0000000608a00000, 0x0000000608a00000| Untracked 
|  62|0x0000000608c00000, 0x0000000608c00000, 0x0000000608e00000|  0%| F|  |TAMS 0x0000000608c00000, 0x0000000608c00000| Untracked 
|  63|0x0000000608e00000, 0x0000000608e00000, 0x0000000609000000|  0%| F|  |TAMS 0x0000000608e00000, 0x0000000608e00000| Untracked 
|  64|0x0000000609000000, 0x0000000609000000, 0x0000000609200000|  0%| F|  |TAMS 0x0000000609000000, 0x0000000609000000| Untracked 
|  65|0x0000000609200000, 0x0000000609200000, 0x0000000609400000|  0%| F|  |TAMS 0x0000000609200000, 0x0000000609200000| Untracked 
|  66|0x0000000609400000, 0x0000000609400000, 0x0000000609600000|  0%| F|  |TAMS 0x0000000609400000, 0x0000000609400000| Untracked 
|  67|0x0000000609600000, 0x0000000609600000, 0x0000000609800000|  0%| F|  |TAMS 0x0000000609600000, 0x0000000609600000| Untracked 
|  68|0x0000000609800000, 0x0000000609800000, 0x0000000609a00000|  0%| F|  |TAMS 0x0000000609800000, 0x0000000609800000| Untracked 
|  69|0x0000000609a00000, 0x0000000609a00000, 0x0000000609c00000|  0%| F|  |TAMS 0x0000000609a00000, 0x0000000609a00000| Untracked 
|  70|0x0000000609c00000, 0x0000000609c00000, 0x0000000609e00000|  0%| F|  |TAMS 0x0000000609c00000, 0x0000000609c00000| Untracked 
|  71|0x0000000609e00000, 0x000000060a000000, 0x000000060a000000|100%| O|  |TAMS 0x000000060a000000, 0x0000000609e00000| Untracked 
|  72|0x000000060a000000, 0x000000060a200000, 0x000000060a200000|100%| O|  |TAMS 0x000000060a200000, 0x000000060a000000| Untracked 
|  73|0x000000060a200000, 0x000000060a400000, 0x000000060a400000|100%| O|  |TAMS 0x000000060a400000, 0x000000060a200000| Untracked 
|  74|0x000000060a400000, 0x000000060a600000, 0x000000060a600000|100%| O|  |TAMS 0x000000060a600000, 0x000000060a400000| Untracked 
|  75|0x000000060a600000, 0x000000060a800000, 0x000000060a800000|100%| O|  |TAMS 0x000000060a800000, 0x000000060a600000| Untracked 
|  76|0x000000060a800000, 0x000000060aa00000, 0x000000060aa00000|100%| O|  |TAMS 0x000000060aa00000, 0x000000060a800000| Untracked 
|  77|0x000000060aa00000, 0x000000060ac00000, 0x000000060ac00000|100%|HS|  |TAMS 0x000000060ac00000, 0x000000060aa00000| Complete 
|  78|0x000000060ac00000, 0x000000060ae00000, 0x000000060ae00000|100%|HC|  |TAMS 0x000000060ae00000, 0x000000060ac00000| Complete 
|  79|0x000000060ae00000, 0x000000060b000000, 0x000000060b000000|100%|HC|  |TAMS 0x000000060b000000, 0x000000060ae00000| Complete 
|  80|0x000000060b000000, 0x000000060b200000, 0x000000060b200000|100%|HC|  |TAMS 0x000000060b200000, 0x000000060b000000| Complete 
|  81|0x000000060b200000, 0x000000060b400000, 0x000000060b400000|100%|HC|  |TAMS 0x000000060b400000, 0x000000060b200000| Complete 
|  82|0x000000060b400000, 0x000000060b600000, 0x000000060b600000|100%|HC|  |TAMS 0x000000060b600000, 0x000000060b400000| Complete 
|  83|0x000000060b600000, 0x000000060b800000, 0x000000060b800000|100%|HC|  |TAMS 0x000000060b800000, 0x000000060b600000| Complete 
|  84|0x000000060b800000, 0x000000060ba00000, 0x000000060ba00000|100%|HC|  |TAMS 0x000000060ba00000, 0x000000060b800000| Complete 
|  85|0x000000060ba00000, 0x000000060bc00000, 0x000000060bc00000|100%|HS|  |TAMS 0x000000060bc00000, 0x000000060ba00000| Complete 
|  86|0x000000060bc00000, 0x000000060be00000, 0x000000060be00000|100%|HC|  |TAMS 0x000000060be00000, 0x000000060bc00000| Complete 
|  87|0x000000060be00000, 0x000000060c000000, 0x000000060c000000|100%|HC|  |TAMS 0x000000060c000000, 0x000000060be00000| Complete 
|  88|0x000000060c000000, 0x000000060c200000, 0x000000060c200000|100%|HC|  |TAMS 0x000000060c200000, 0x000000060c000000| Complete 
|  89|0x000000060c200000, 0x000000060c400000, 0x000000060c400000|100%|HC|  |TAMS 0x000000060c400000, 0x000000060c200000| Complete 
|  90|0x000000060c400000, 0x000000060c600000, 0x000000060c600000|100%|HC|  |TAMS 0x000000060c600000, 0x000000060c400000| Complete 
|  91|0x000000060c600000, 0x000000060c800000, 0x000000060c800000|100%|HC|  |TAMS 0x000000060c800000, 0x000000060c600000| Complete 
|  92|0x000000060c800000, 0x000000060ca00000, 0x000000060ca00000|100%|HC|  |TAMS 0x000000060ca00000, 0x000000060c800000| Complete 
|  93|0x000000060ca00000, 0x000000060ca00000, 0x000000060cc00000|  0%| F|  |TAMS 0x000000060ca00000, 0x000000060ca00000| Untracked 
|  94|0x000000060cc00000, 0x000000060cc00000, 0x000000060ce00000|  0%| F|  |TAMS 0x000000060cc00000, 0x000000060cc00000| Untracked 
|  95|0x000000060ce00000, 0x000000060ce00000, 0x000000060d000000|  0%| F|  |TAMS 0x000000060ce00000, 0x000000060ce00000| Untracked 
|  96|0x000000060d000000, 0x000000060d000000, 0x000000060d200000|  0%| F|  |TAMS 0x000000060d000000, 0x000000060d000000| Untracked 
|  97|0x000000060d200000, 0x000000060d200000, 0x000000060d400000|  0%| F|  |TAMS 0x000000060d200000, 0x000000060d200000| Untracked 
|  98|0x000000060d400000, 0x000000060d400000, 0x000000060d600000|  0%| F|  |TAMS 0x000000060d400000, 0x000000060d400000| Untracked 
|  99|0x000000060d600000, 0x000000060d600000, 0x000000060d800000|  0%| F|  |TAMS 0x000000060d600000, 0x000000060d600000| Untracked 
| 100|0x000000060d800000, 0x000000060d9261f8, 0x000000060da00000| 57%| S|CS|TAMS 0x000000060d800000, 0x000000060d800000| Complete 
| 101|0x000000060da00000, 0x000000060dc00000, 0x000000060dc00000|100%| S|CS|TAMS 0x000000060da00000, 0x000000060da00000| Complete 
| 102|0x000000060dc00000, 0x000000060de00000, 0x000000060de00000|100%| S|CS|TAMS 0x000000060dc00000, 0x000000060dc00000| Complete 
| 103|0x000000060de00000, 0x000000060e000000, 0x000000060e000000|100%| S|CS|TAMS 0x000000060de00000, 0x000000060de00000| Complete 
| 104|0x000000060e000000, 0x000000060e200000, 0x000000060e200000|100%| S|CS|TAMS 0x000000060e000000, 0x000000060e000000| Complete 
| 105|0x000000060e200000, 0x000000060e200000, 0x000000060e400000|  0%| F|  |TAMS 0x000000060e200000, 0x000000060e200000| Untracked 
| 106|0x000000060e400000, 0x000000060e400000, 0x000000060e600000|  0%| F|  |TAMS 0x000000060e400000, 0x000000060e400000| Untracked 
| 107|0x000000060e600000, 0x000000060e600000, 0x000000060e800000|  0%| F|  |TAMS 0x000000060e600000, 0x000000060e600000| Untracked 
| 108|0x000000060e800000, 0x000000060e800000, 0x000000060ea00000|  0%| F|  |TAMS 0x000000060e800000, 0x000000060e800000| Untracked 
| 109|0x000000060ea00000, 0x000000060ea00000, 0x000000060ec00000|  0%| F|  |TAMS 0x000000060ea00000, 0x000000060ea00000| Untracked 
| 110|0x000000060ec00000, 0x000000060ec00000, 0x000000060ee00000|  0%| F|  |TAMS 0x000000060ec00000, 0x000000060ec00000| Untracked 
| 111|0x000000060ee00000, 0x000000060ee00000, 0x000000060f000000|  0%| F|  |TAMS 0x000000060ee00000, 0x000000060ee00000| Untracked 
| 112|0x000000060f000000, 0x000000060f000000, 0x000000060f200000|  0%| F|  |TAMS 0x000000060f000000, 0x000000060f000000| Untracked 
| 113|0x000000060f200000, 0x000000060f200000, 0x000000060f400000|  0%| F|  |TAMS 0x000000060f200000, 0x000000060f200000| Untracked 
| 114|0x000000060f400000, 0x000000060f400000, 0x000000060f600000|  0%| F|  |TAMS 0x000000060f400000, 0x000000060f400000| Untracked 
| 115|0x000000060f600000, 0x000000060f600000, 0x000000060f800000|  0%| F|  |TAMS 0x000000060f600000, 0x000000060f600000| Untracked 
| 116|0x000000060f800000, 0x000000060f800000, 0x000000060fa00000|  0%| F|  |TAMS 0x000000060f800000, 0x000000060f800000| Untracked 
| 117|0x000000060fa00000, 0x000000060fa00000, 0x000000060fc00000|  0%| F|  |TAMS 0x000000060fa00000, 0x000000060fa00000| Untracked 
| 118|0x000000060fc00000, 0x000000060fc82938, 0x000000060fe00000| 25%| E|  |TAMS 0x000000060fc00000, 0x000000060fc00000| Complete 
| 119|0x000000060fe00000, 0x0000000610000000, 0x0000000610000000|100%| E|CS|TAMS 0x000000060fe00000, 0x000000060fe00000| Complete 
| 120|0x0000000610000000, 0x0000000610200000, 0x0000000610200000|100%| E|CS|TAMS 0x0000000610000000, 0x0000000610000000| Complete 
| 121|0x0000000610200000, 0x0000000610400000, 0x0000000610400000|100%| E|CS|TAMS 0x0000000610200000, 0x0000000610200000| Complete 
| 122|0x0000000610400000, 0x0000000610600000, 0x0000000610600000|100%| E|CS|TAMS 0x0000000610400000, 0x0000000610400000| Complete 
| 123|0x0000000610600000, 0x0000000610800000, 0x0000000610800000|100%| E|CS|TAMS 0x0000000610600000, 0x0000000610600000| Complete 
| 124|0x0000000610800000, 0x0000000610a00000, 0x0000000610a00000|100%| E|CS|TAMS 0x0000000610800000, 0x0000000610800000| Complete 
| 125|0x0000000610a00000, 0x0000000610c00000, 0x0000000610c00000|100%| E|CS|TAMS 0x0000000610a00000, 0x0000000610a00000| Complete 
| 126|0x0000000610c00000, 0x0000000610e00000, 0x0000000610e00000|100%| E|CS|TAMS 0x0000000610c00000, 0x0000000610c00000| Complete 
| 127|0x0000000610e00000, 0x0000000611000000, 0x0000000611000000|100%| E|CS|TAMS 0x0000000610e00000, 0x0000000610e00000| Complete 
| 128|0x0000000611000000, 0x0000000611200000, 0x0000000611200000|100%| E|CS|TAMS 0x0000000611000000, 0x0000000611000000| Complete 
| 129|0x0000000611200000, 0x0000000611400000, 0x0000000611400000|100%| E|CS|TAMS 0x0000000611200000, 0x0000000611200000| Complete 
| 130|0x0000000611400000, 0x0000000611600000, 0x0000000611600000|100%| E|CS|TAMS 0x0000000611400000, 0x0000000611400000| Complete 
| 131|0x0000000611600000, 0x0000000611800000, 0x0000000611800000|100%| E|CS|TAMS 0x0000000611600000, 0x0000000611600000| Complete 
| 132|0x0000000611800000, 0x0000000611a00000, 0x0000000611a00000|100%| E|CS|TAMS 0x0000000611800000, 0x0000000611800000| Complete 
| 133|0x0000000611a00000, 0x0000000611c00000, 0x0000000611c00000|100%| E|CS|TAMS 0x0000000611a00000, 0x0000000611a00000| Complete 
| 134|0x0000000611c00000, 0x0000000611e00000, 0x0000000611e00000|100%| E|CS|TAMS 0x0000000611c00000, 0x0000000611c00000| Complete 
| 135|0x0000000611e00000, 0x0000000612000000, 0x0000000612000000|100%| E|CS|TAMS 0x0000000611e00000, 0x0000000611e00000| Complete 
| 136|0x0000000612000000, 0x0000000612200000, 0x0000000612200000|100%| E|CS|TAMS 0x0000000612000000, 0x0000000612000000| Complete 
| 137|0x0000000612200000, 0x0000000612400000, 0x0000000612400000|100%| E|CS|TAMS 0x0000000612200000, 0x0000000612200000| Complete 
| 138|0x0000000612400000, 0x0000000612600000, 0x0000000612600000|100%| E|CS|TAMS 0x0000000612400000, 0x0000000612400000| Complete 
| 139|0x0000000612600000, 0x0000000612800000, 0x0000000612800000|100%| E|CS|TAMS 0x0000000612600000, 0x0000000612600000| Complete 
| 140|0x0000000612800000, 0x0000000612a00000, 0x0000000612a00000|100%| E|CS|TAMS 0x0000000612800000, 0x0000000612800000| Complete 
| 141|0x0000000612a00000, 0x0000000612c00000, 0x0000000612c00000|100%| E|CS|TAMS 0x0000000612a00000, 0x0000000612a00000| Complete 
| 142|0x0000000612c00000, 0x0000000612e00000, 0x0000000612e00000|100%| E|CS|TAMS 0x0000000612c00000, 0x0000000612c00000| Complete 
| 143|0x0000000612e00000, 0x0000000613000000, 0x0000000613000000|100%| E|CS|TAMS 0x0000000612e00000, 0x0000000612e00000| Complete 
| 144|0x0000000613000000, 0x0000000613200000, 0x0000000613200000|100%| E|CS|TAMS 0x0000000613000000, 0x0000000613000000| Complete 
| 145|0x0000000613200000, 0x0000000613400000, 0x0000000613400000|100%| E|CS|TAMS 0x0000000613200000, 0x0000000613200000| Complete 
| 146|0x0000000613400000, 0x0000000613600000, 0x0000000613600000|100%| E|CS|TAMS 0x0000000613400000, 0x0000000613400000| Complete 
| 147|0x0000000613600000, 0x0000000613800000, 0x0000000613800000|100%| E|CS|TAMS 0x0000000613600000, 0x0000000613600000| Complete 
| 148|0x0000000613800000, 0x0000000613a00000, 0x0000000613a00000|100%| E|CS|TAMS 0x0000000613800000, 0x0000000613800000| Complete 
| 149|0x0000000613a00000, 0x0000000613c00000, 0x0000000613c00000|100%| E|CS|TAMS 0x0000000613a00000, 0x0000000613a00000| Complete 
| 150|0x0000000613c00000, 0x0000000613e00000, 0x0000000613e00000|100%| E|CS|TAMS 0x0000000613c00000, 0x0000000613c00000| Complete 
| 151|0x0000000613e00000, 0x0000000614000000, 0x0000000614000000|100%| E|CS|TAMS 0x0000000613e00000, 0x0000000613e00000| Complete 
| 152|0x0000000614000000, 0x0000000614200000, 0x0000000614200000|100%| E|CS|TAMS 0x0000000614000000, 0x0000000614000000| Complete 
| 153|0x0000000614200000, 0x0000000614400000, 0x0000000614400000|100%| E|CS|TAMS 0x0000000614200000, 0x0000000614200000| Complete 
| 154|0x0000000614400000, 0x0000000614600000, 0x0000000614600000|100%| E|CS|TAMS 0x0000000614400000, 0x0000000614400000| Complete 
| 155|0x0000000614600000, 0x0000000614800000, 0x0000000614800000|100%| E|CS|TAMS 0x0000000614600000, 0x0000000614600000| Complete 
| 156|0x0000000614800000, 0x0000000614a00000, 0x0000000614a00000|100%| E|CS|TAMS 0x0000000614800000, 0x0000000614800000| Complete 
| 157|0x0000000614a00000, 0x0000000614c00000, 0x0000000614c00000|100%| E|CS|TAMS 0x0000000614a00000, 0x0000000614a00000| Complete 
| 158|0x0000000614c00000, 0x0000000614e00000, 0x0000000614e00000|100%| E|CS|TAMS 0x0000000614c00000, 0x0000000614c00000| Complete 
| 159|0x0000000614e00000, 0x0000000615000000, 0x0000000615000000|100%| E|CS|TAMS 0x0000000614e00000, 0x0000000614e00000| Complete 
| 160|0x0000000615000000, 0x0000000615200000, 0x0000000615200000|100%| E|CS|TAMS 0x0000000615000000, 0x0000000615000000| Complete 
| 244|0x000000061f800000, 0x000000061fa00000, 0x000000061fa00000|100%| E|CS|TAMS 0x000000061f800000, 0x000000061f800000| Complete 
| 245|0x000000061fa00000, 0x000000061fc00000, 0x000000061fc00000|100%| E|CS|TAMS 0x000000061fa00000, 0x000000061fa00000| Complete 
| 255|0x0000000620e00000, 0x0000000621000000, 0x0000000621000000|100%| E|CS|TAMS 0x0000000620e00000, 0x0000000620e00000| Complete 

Card table byte_map: [0x0000016301000000,0x0000016302000000] _byte_map_base: 0x00000162fdff8000

Marking Bits (Prev, Next): (CMBitMap*) 0x0000016367aafee8, (CMBitMap*) 0x0000016367aaff28
 Prev Bits: [0x0000016303000000, 0x000001630afc0000)
 Next Bits: [0x000001630afc0000, 0x0000016312f80000)

Polling page: 0x00000163671e0000

Metaspace:

Usage:
  Non-class:     22.32 MB capacity,    22.14 MB (>99%) used,   146.99 KB ( <1%) free+waste,    44.06 KB ( <1%) overhead. 
      Class:      2.43 MB capacity,     2.29 MB ( 94%) used,   122.72 KB (  5%) free+waste,    20.25 KB ( <1%) overhead. 
       Both:     24.75 MB capacity,    24.43 MB ( 99%) used,   269.71 KB (  1%) free+waste,    64.31 KB ( <1%) overhead. 

Virtual space:
  Non-class space:       24.00 MB reserved,      22.50 MB ( 94%) committed 
      Class space:        1.00 GB reserved,       2.50 MB ( <1%) committed 
             Both:        1.02 GB reserved,      25.00 MB (  2%) committed 

Chunk freelists:
   Non-Class:  53.00 KB
       Class:  6.00 KB
        Both:  59.00 KB

MaxMetaspaceSize: 17179869184.00 GB
CompressedClassSpaceSize: 1.00 GB

CodeHeap 'non-profiled nmethods': size=120000Kb used=3355Kb max_used=3908Kb free=116644Kb
 bounds [0x0000016377c80000, 0x0000016378060000, 0x000001637f1b0000]
CodeHeap 'profiled nmethods': size=120000Kb used=5823Kb max_used=8410Kb free=114176Kb
 bounds [0x0000016370750000, 0x0000016370f90000, 0x0000016377c80000]
CodeHeap 'non-nmethods': size=5760Kb used=2069Kb max_used=2136Kb free=3690Kb
 bounds [0x00000163701b0000, 0x0000016370420000, 0x0000016370750000]
 total_blobs=7926 nmethods=3394 adapters=1396
 compilation: enabled
              stopped_count=0, restarted_count=0
 full_count=0

Compilation events (20 events):
Event: 493.036 Thread 0x0000016315646000 4364       4       java.util.ArrayList::toArray (57 bytes)
Event: 493.042 Thread 0x0000016315646000 nmethod 4364 0x0000016377d84d90 code [0x0000016377d84fa0, 0x0000016377d857f8]
Event: 566.978 Thread 0x000001631564a800 4365       3       java.math.BigInteger::<init> (77 bytes)
Event: 566.978 Thread 0x000001631564a800 nmethod 4365 0x0000016370c58690 code [0x0000016370c58840, 0x0000016370c58d18]
Event: 638.637 Thread 0x0000016315646000 4366   !   4       java.awt.Component::firePropertyChange (59 bytes)
Event: 638.694 Thread 0x0000016315646000 nmethod 4366 0x0000016377fac210 code [0x0000016377fac560, 0x0000016377faebf8]
Event: 641.156 Thread 0x0000016315646000 4367       4       me.hydos.J64.hardware.Cop0$Tlb::setEntryHi (42 bytes)
Event: 641.157 Thread 0x0000016315646000 nmethod 4367 0x0000016377fabf10 code [0x0000016377fac080, 0x0000016377fac118]
Event: 853.753 Thread 0x000001631564a800 4368       3       jdk.internal.math.FDBigInteger::leftInplaceSub (335 bytes)
Event: 853.754 Thread 0x000001631564a800 nmethod 4368 0x0000016370ea1710 code [0x0000016370ea1980, 0x0000016370ea27b8]
Event: 1437.832 Thread 0x0000016315646000 4369   !   4       java.util.concurrent.Executors$DelegatedExecutorService::execute (25 bytes)
Event: 1437.833 Thread 0x0000016315646000 nmethod 4369 0x0000016377faba90 code [0x0000016377fabc60, 0x0000016377fabdc8]
Event: 1439.882 Thread 0x000001631564a800 4370       3       me.hydos.J64.audio.AudioCode::AddBuffer (135 bytes)
Event: 1439.883 Thread 0x000001631564a800 nmethod 4370 0x0000016370ec0390 code [0x0000016370ec0560, 0x0000016370ec0a28]
Event: 1927.194 Thread 0x0000016315646000 4373       4       me.hydos.J64.audio.AudioCode::FillBuffer (317 bytes)
Event: 1927.208 Thread 0x0000016315646000 nmethod 4373 0x0000016377d5d410 code [0x0000016377d5d7e0, 0x0000016377d5ee58]
Event: 2150.252 Thread 0x0000016315646000 4374   !   4       com.sun.media.sound.EventDispatcher::monitorLines (53 bytes)
Event: 2150.258 Thread 0x0000016315646000 nmethod 4374 0x0000016377e30310 code [0x0000016377e30600, 0x0000016377e31308]
Event: 2150.258 Thread 0x0000016315646000 4375   !   4       com.sun.media.sound.EventDispatcher::dispatchEvents (146 bytes)
Event: 2150.261 Thread 0x0000016315646000 nmethod 4375 0x0000016377f70910 code [0x0000016377f70bc0, 0x0000016377f71338]

GC Heap History (20 events):
Event: 2126.450 GC heap before
{Heap before GC invocations=364 (full 0):
 garbage-first heap   total 335872K, used 265244K [0x0000000601000000, 0x0000000800000000)
  region size 2048K, 50 young (102400K), 4 survivors (8192K)
 Metaspace       used 25014K, capacity 25349K, committed 25600K, reserved 1073152K
  class space    used 2347K, capacity 2490K, committed 2560K, reserved 1048576K
}
Event: 2126.459 GC heap after
{Heap after GC invocations=365 (full 0):
 garbage-first heap   total 335872K, used 171404K [0x0000000601000000, 0x0000000800000000)
  region size 2048K, 4 young (8192K), 4 survivors (8192K)
 Metaspace       used 25014K, capacity 25349K, committed 25600K, reserved 1073152K
  class space    used 2347K, capacity 2490K, committed 2560K, reserved 1048576K
}
Event: 2191.087 GC heap before
{Heap before GC invocations=365 (full 0):
 garbage-first heap   total 335872K, used 290188K [0x0000000601000000, 0x0000000800000000)
  region size 2048K, 62 young (126976K), 4 survivors (8192K)
 Metaspace       used 25014K, capacity 25349K, committed 25600K, reserved 1073152K
  class space    used 2347K, capacity 2490K, committed 2560K, reserved 1048576K
}
Event: 2191.096 GC heap after
{Heap after GC invocations=366 (full 0):
 garbage-first heap   total 335872K, used 172620K [0x0000000601000000, 0x0000000800000000)
  region size 2048K, 5 young (10240K), 5 survivors (10240K)
 Metaspace       used 25014K, capacity 25349K, committed 25600K, reserved 1073152K
  class space    used 2347K, capacity 2490K, committed 2560K, reserved 1048576K
}
Event: 2258.469 GC heap before
{Heap before GC invocations=367 (full 0):
 garbage-first heap   total 335872K, used 287308K [0x0000000601000000, 0x0000000800000000)
  region size 2048K, 61 young (124928K), 5 survivors (10240K)
 Metaspace       used 25014K, capacity 25349K, committed 25600K, reserved 1073152K
  class space    used 2347K, capacity 2490K, committed 2560K, reserved 1048576K
}
Event: 2258.479 GC heap after
{Heap after GC invocations=368 (full 0):
 garbage-first heap   total 335872K, used 173160K [0x0000000601000000, 0x0000000800000000)
  region size 2048K, 5 young (10240K), 5 survivors (10240K)
 Metaspace       used 25014K, capacity 25349K, committed 25600K, reserved 1073152K
  class space    used 2347K, capacity 2490K, committed 2560K, reserved 1048576K
}
Event: 2315.851 GC heap before
{Heap before GC invocations=368 (full 0):
 garbage-first heap   total 335872K, used 287848K [0x0000000601000000, 0x0000000800000000)
  region size 2048K, 61 young (124928K), 5 survivors (10240K)
 Metaspace       used 25014K, capacity 25349K, committed 25600K, reserved 1073152K
  class space    used 2347K, capacity 2490K, committed 2560K, reserved 1048576K
}
Event: 2315.862 GC heap after
{Heap after GC invocations=369 (full 0):
 garbage-first heap   total 335872K, used 174092K [0x0000000601000000, 0x0000000800000000)
  region size 2048K, 5 young (10240K), 5 survivors (10240K)
 Metaspace       used 25014K, capacity 25349K, committed 25600K, reserved 1073152K
  class space    used 2347K, capacity 2490K, committed 2560K, reserved 1048576K
}
Event: 2368.504 GC heap before
{Heap before GC invocations=370 (full 0):
 garbage-first heap   total 335872K, used 286732K [0x0000000601000000, 0x0000000800000000)
  region size 2048K, 60 young (122880K), 5 survivors (10240K)
 Metaspace       used 25014K, capacity 25349K, committed 25600K, reserved 1073152K
  class space    used 2347K, capacity 2490K, committed 2560K, reserved 1048576K
}
Event: 2368.513 GC heap after
{Heap after GC invocations=371 (full 0):
 garbage-first heap   total 335872K, used 174362K [0x0000000601000000, 0x0000000800000000)
  region size 2048K, 5 young (10240K), 5 survivors (10240K)
 Metaspace       used 25014K, capacity 25349K, committed 25600K, reserved 1073152K
  class space    used 2347K, capacity 2490K, committed 2560K, reserved 1048576K
}
Event: 2419.360 GC heap before
{Heap before GC invocations=371 (full 0):
 garbage-first heap   total 335872K, used 287002K [0x0000000601000000, 0x0000000800000000)
  region size 2048K, 60 young (122880K), 5 survivors (10240K)
 Metaspace       used 25014K, capacity 25349K, committed 25600K, reserved 1073152K
  class space    used 2347K, capacity 2490K, committed 2560K, reserved 1048576K
}
Event: 2419.370 GC heap after
{Heap after GC invocations=372 (full 0):
 garbage-first heap   total 335872K, used 174903K [0x0000000601000000, 0x0000000800000000)
  region size 2048K, 5 young (10240K), 5 survivors (10240K)
 Metaspace       used 25014K, capacity 25349K, committed 25600K, reserved 1073152K
  class space    used 2347K, capacity 2490K, committed 2560K, reserved 1048576K
}
Event: 2469.835 GC heap before
{Heap before GC invocations=373 (full 0):
 garbage-first heap   total 335872K, used 287543K [0x0000000601000000, 0x0000000800000000)
  region size 2048K, 60 young (122880K), 5 survivors (10240K)
 Metaspace       used 25014K, capacity 25349K, committed 25600K, reserved 1073152K
  class space    used 2347K, capacity 2490K, committed 2560K, reserved 1048576K
}
Event: 2469.844 GC heap after
{Heap after GC invocations=374 (full 0):
 garbage-first heap   total 335872K, used 175742K [0x0000000601000000, 0x0000000800000000)
  region size 2048K, 5 young (10240K), 5 survivors (10240K)
 Metaspace       used 25014K, capacity 25349K, committed 25600K, reserved 1073152K
  class space    used 2347K, capacity 2490K, committed 2560K, reserved 1048576K
}
Event: 2520.169 GC heap before
{Heap before GC invocations=374 (full 0):
 garbage-first heap   total 335872K, used 286334K [0x0000000601000000, 0x0000000800000000)
  region size 2048K, 60 young (122880K), 5 survivors (10240K)
 Metaspace       used 25014K, capacity 25349K, committed 25600K, reserved 1073152K
  class space    used 2347K, capacity 2490K, committed 2560K, reserved 1048576K
}
Event: 2520.177 GC heap after
{Heap after GC invocations=375 (full 0):
 garbage-first heap   total 335872K, used 176173K [0x0000000601000000, 0x0000000800000000)
  region size 2048K, 5 young (10240K), 5 survivors (10240K)
 Metaspace       used 25014K, capacity 25349K, committed 25600K, reserved 1073152K
  class space    used 2347K, capacity 2490K, committed 2560K, reserved 1048576K
}
Event: 2564.829 GC heap before
{Heap before GC invocations=376 (full 0):
 garbage-first heap   total 335872K, used 286765K [0x0000000601000000, 0x0000000800000000)
  region size 2048K, 59 young (120832K), 5 survivors (10240K)
 Metaspace       used 25014K, capacity 25349K, committed 25600K, reserved 1073152K
  class space    used 2347K, capacity 2490K, committed 2560K, reserved 1048576K
}
Event: 2564.839 GC heap after
{Heap after GC invocations=377 (full 0):
 garbage-first heap   total 335872K, used 176792K [0x0000000601000000, 0x0000000800000000)
  region size 2048K, 5 young (10240K), 5 survivors (10240K)
 Metaspace       used 25014K, capacity 25349K, committed 25600K, reserved 1073152K
  class space    used 2347K, capacity 2490K, committed 2560K, reserved 1048576K
}
Event: 2612.624 GC heap before
{Heap before GC invocations=377 (full 0):
 garbage-first heap   total 335872K, used 287384K [0x0000000601000000, 0x0000000800000000)
  region size 2048K, 59 young (120832K), 5 survivors (10240K)
 Metaspace       used 25014K, capacity 25349K, committed 25600K, reserved 1073152K
  class space    used 2347K, capacity 2490K, committed 2560K, reserved 1048576K
}
Event: 2612.634 GC heap after
{Heap after GC invocations=378 (full 0):
 garbage-first heap   total 335872K, used 177428K [0x0000000601000000, 0x0000000800000000)
  region size 2048K, 5 young (10240K), 5 survivors (10240K)
 Metaspace       used 25014K, capacity 25349K, committed 25600K, reserved 1073152K
  class space    used 2347K, capacity 2490K, committed 2560K, reserved 1048576K
}

Deoptimization events (20 events):
Event: 435.781 Thread 0x000001631c19c800 DEOPT PACKING pc=0x0000016370f3e9b0 sp=0x0000004954cff270
Event: 435.781 Thread 0x000001631c19c800 DEOPT UNPACKING pc=0x00000163701f964e sp=0x0000004954cfe738 mode 0
Event: 435.800 Thread 0x000001631c19c800 DEOPT PACKING pc=0x0000016370f3e9b0 sp=0x0000004954cff270
Event: 435.800 Thread 0x000001631c19c800 DEOPT UNPACKING pc=0x00000163701f964e sp=0x0000004954cfe738 mode 0
Event: 435.872 Thread 0x000001631c19c800 DEOPT PACKING pc=0x0000016370f3e9b0 sp=0x0000004954cff270
Event: 435.872 Thread 0x000001631c19c800 DEOPT UNPACKING pc=0x00000163701f964e sp=0x0000004954cfe738 mode 0
Event: 435.890 Thread 0x000001631c19c800 DEOPT PACKING pc=0x0000016370f3e9b0 sp=0x0000004954cff270
Event: 435.890 Thread 0x000001631c19c800 DEOPT UNPACKING pc=0x00000163701f964e sp=0x0000004954cfe738 mode 0
Event: 461.381 Thread 0x000001631c19c800 Uncommon trap: trap_request=0xffffff45 fr.pc=0x0000016377e30c1c relative=0x000000000000095c
Event: 461.381 Thread 0x000001631c19c800 Uncommon trap: reason=unstable_if action=reinterpret pc=0x0000016377e30c1c method=jdk.internal.math.FDBigInteger.leftShift(I)Ljdk/internal/math/FDBigInteger; @ 8 c2
Event: 461.381 Thread 0x000001631c19c800 DEOPT PACKING pc=0x0000016377e30c1c sp=0x0000004954cff0f0
Event: 461.381 Thread 0x000001631c19c800 DEOPT UNPACKING pc=0x00000163701f912f sp=0x0000004954cff090 mode 2
Event: 480.223 Thread 0x0000016315792800 Uncommon trap: trap_request=0xffffffdc fr.pc=0x0000016377f73e78 relative=0x00000000000001d8
Event: 480.223 Thread 0x0000016315792800 Uncommon trap: reason=class_check action=make_not_entrant pc=0x0000016377f73e78 method=java.util.ArrayList.toArray([Ljava/lang/Object;)[Ljava/lang/Object; @ 21 c2
Event: 480.223 Thread 0x0000016315792800 DEOPT PACKING pc=0x0000016377f73e78 sp=0x00000049558ff1f0
Event: 480.224 Thread 0x0000016315792800 DEOPT UNPACKING pc=0x00000163701f912f sp=0x00000049558ff1c0 mode 2
Event: 1326.149 Thread 0x000001631c19c800 Uncommon trap: trap_request=0xffffff45 fr.pc=0x0000016378016194 relative=0x0000000000000f74
Event: 1326.149 Thread 0x000001631c19c800 Uncommon trap: reason=unstable_if action=reinterpret pc=0x0000016378016194 method=me.hydos.J64.audio.AudioCode.AddBuffer(Ljava/nio/ByteBuffer;II)I @ 13 c2
Event: 1326.149 Thread 0x000001631c19c800 DEOPT PACKING pc=0x0000016378016194 sp=0x0000004954cff3c0
Event: 1326.149 Thread 0x000001631c19c800 DEOPT UNPACKING pc=0x00000163701f912f sp=0x0000004954cff3b0 mode 2

Classes unloaded (0 events):
No events

Classes redefined (0 events):
No events

Internal exceptions (20 events):
Event: 8.114 Thread 0x000001631578e800 Exception <a 'sun/nio/fs/WindowsException'{0x00000006204b9218}> (0x00000006204b9218) 
thrown [./open/src/hotspot/share/prims/jni.cpp, line 599]
Event: 8.114 Thread 0x000001631578e800 Exception <a 'sun/nio/fs/WindowsException'{0x00000006204bb928}> (0x00000006204bb928) 
thrown [./open/src/hotspot/share/prims/jni.cpp, line 599]
Event: 8.120 Thread 0x000001631578e800 Exception <a 'sun/nio/fs/WindowsException'{0x00000006204e6d60}> (0x00000006204e6d60) 
thrown [./open/src/hotspot/share/prims/jni.cpp, line 599]
Event: 8.120 Thread 0x000001631578e800 Exception <a 'sun/nio/fs/WindowsException'{0x00000006204e70d8}> (0x00000006204e70d8) 
thrown [./open/src/hotspot/share/prims/jni.cpp, line 599]
Event: 8.335 Thread 0x000001631578e800 Exception <a 'sun/nio/fs/WindowsException'{0x00000006202b7620}> (0x00000006202b7620) 
thrown [./open/src/hotspot/share/prims/jni.cpp, line 599]
Event: 8.335 Thread 0x000001631578e800 Exception <a 'sun/nio/fs/WindowsException'{0x00000006202b79d0}> (0x00000006202b79d0) 
thrown [./open/src/hotspot/share/prims/jni.cpp, line 599]
Event: 8.339 Thread 0x000001631578e800 Exception <a 'sun/nio/fs/WindowsException'{0x00000006202d3098}> (0x00000006202d3098) 
thrown [./open/src/hotspot/share/prims/jni.cpp, line 599]
Event: 8.339 Thread 0x000001631578e800 Exception <a 'sun/nio/fs/WindowsException'{0x00000006202d3388}> (0x00000006202d3388) 
thrown [./open/src/hotspot/share/prims/jni.cpp, line 599]
Event: 8.363 Thread 0x000001631578e800 Exception <a 'sun/nio/fs/WindowsException'{0x00000006200d8de0}> (0x00000006200d8de0) 
thrown [./open/src/hotspot/share/prims/jni.cpp, line 599]
Event: 8.363 Thread 0x000001631578e800 Exception <a 'sun/nio/fs/WindowsException'{0x00000006200d9188}> (0x00000006200d9188) 
thrown [./open/src/hotspot/share/prims/jni.cpp, line 599]
Event: 8.363 Thread 0x000001631578e800 Exception <a 'sun/nio/fs/WindowsException'{0x00000006200da198}> (0x00000006200da198) 
thrown [./open/src/hotspot/share/prims/jni.cpp, line 599]
Event: 8.363 Thread 0x000001631578e800 Exception <a 'sun/nio/fs/WindowsException'{0x00000006200da488}> (0x00000006200da488) 
thrown [./open/src/hotspot/share/prims/jni.cpp, line 599]
Event: 8.364 Thread 0x000001631578e800 Exception <a 'sun/nio/fs/WindowsException'{0x00000006200dbed8}> (0x00000006200dbed8) 
thrown [./open/src/hotspot/share/prims/jni.cpp, line 599]
Event: 8.364 Thread 0x000001631578e800 Exception <a 'sun/nio/fs/WindowsException'{0x00000006200dc1b8}> (0x00000006200dc1b8) 
thrown [./open/src/hotspot/share/prims/jni.cpp, line 599]
Event: 8.364 Thread 0x000001631578e800 Exception <a 'sun/nio/fs/WindowsException'{0x00000006200dd0b8}> (0x00000006200dd0b8) 
thrown [./open/src/hotspot/share/prims/jni.cpp, line 599]
Event: 8.364 Thread 0x000001631578e800 Exception <a 'sun/nio/fs/WindowsException'{0x00000006200dd2e0}> (0x00000006200dd2e0) 
thrown [./open/src/hotspot/share/prims/jni.cpp, line 599]
Event: 8.365 Thread 0x000001631578e800 Exception <a 'java/lang/UnsatisfiedLinkError'{0x00000006200df9c0}> (0x00000006200df9c0) 
thrown [./open/src/hotspot/share/oops/instanceKlass.cpp, line 1083]
Event: 8.365 Thread 0x000001631578e800 Exception <a 'java/lang/UnsatisfiedLinkError'{0x00000006200df9c0}> (0x00000006200df9c0) 
thrown [./open/src/hotspot/share/oops/instanceKlass.cpp, line 1083]
Event: 8.521 Thread 0x000001631578e800 Exception <a 'sun/nio/fs/WindowsException'{0x000000060a2511b0}> (0x000000060a2511b0) 
thrown [./open/src/hotspot/share/prims/jni.cpp, line 599]
Event: 8.521 Thread 0x000001631578e800 Exception <a 'sun/nio/fs/WindowsException'{0x000000060a251540}> (0x000000060a251540) 
thrown [./open/src/hotspot/share/prims/jni.cpp, line 599]

Events (20 events):
Event: 2419.431 Executing VM operation: G1Concurrent
Event: 2419.432 Executing VM operation: G1Concurrent done
Event: 2419.459 Executing VM operation: G1Concurrent
Event: 2419.459 Executing VM operation: G1Concurrent done
Event: 2469.835 Executing VM operation: G1CollectForAllocation
Event: 2469.844 Executing VM operation: G1CollectForAllocation done
Event: 2520.169 Executing VM operation: G1CollectForAllocation
Event: 2520.177 Executing VM operation: G1CollectForAllocation done
Event: 2520.242 Executing VM operation: G1Concurrent
Event: 2520.243 Executing VM operation: G1Concurrent done
Event: 2520.270 Executing VM operation: G1Concurrent
Event: 2520.270 Executing VM operation: G1Concurrent done
Event: 2564.829 Executing VM operation: G1CollectForAllocation
Event: 2564.839 Executing VM operation: G1CollectForAllocation done
Event: 2612.624 Executing VM operation: G1CollectForAllocation
Event: 2612.634 Executing VM operation: G1CollectForAllocation done
Event: 2612.699 Executing VM operation: G1Concurrent
Event: 2612.700 Executing VM operation: G1Concurrent done
Event: 2612.728 Executing VM operation: G1Concurrent
Event: 2612.728 Executing VM operation: G1Concurrent done


Dynamic libraries:
0x00007ff67e8f0000 - 0x00007ff67e8ff000 	C:\Program Files\Java\jdk-14.0.1\bin\java.exe
0x00007ffbc6220000 - 0x00007ffbc6410000 	C:\WINDOWS\SYSTEM32\ntdll.dll
0x00007ffbc5d40000 - 0x00007ffbc5df2000 	C:\WINDOWS\System32\KERNEL32.DLL
0x00007ffbc3430000 - 0x00007ffbc36d3000 	C:\WINDOWS\System32\KERNELBASE.dll
0x00007ffbc3960000 - 0x00007ffbc3a5a000 	C:\WINDOWS\System32\ucrtbase.dll
0x00007ffba8330000 - 0x00007ffba8348000 	C:\Program Files\Java\jdk-14.0.1\bin\jli.dll
0x00007ffbacd70000 - 0x00007ffbacd85000 	C:\Program Files\Java\jdk-14.0.1\bin\VCRUNTIME140.dll
0x00007ffbc5490000 - 0x00007ffbc5533000 	C:\WINDOWS\System32\ADVAPI32.dll
0x00007ffbc5700000 - 0x00007ffbc579e000 	C:\WINDOWS\System32\msvcrt.dll
0x00007ffbc57a0000 - 0x00007ffbc5837000 	C:\WINDOWS\System32\sechost.dll
0x00007ffbc4820000 - 0x00007ffbc4940000 	C:\WINDOWS\System32\RPCRT4.dll
0x00007ffbc5ed0000 - 0x00007ffbc6064000 	C:\WINDOWS\System32\USER32.dll
0x00007ffbc3730000 - 0x00007ffbc3751000 	C:\WINDOWS\System32\win32u.dll
0x00007ffbb1ec0000 - 0x00007ffbb2145000 	C:\WINDOWS\WinSxS\amd64_microsoft.windows.common-controls_6595b64144ccf1df_6.0.18362.778_none_e6c6b761130d4fb8\COMCTL32.dll
0x00007ffbc59c0000 - 0x00007ffbc59e6000 	C:\WINDOWS\System32\GDI32.dll
0x00007ffbc5a00000 - 0x00007ffbc5d36000 	C:\WINDOWS\System32\combase.dll
0x00007ffbc3760000 - 0x00007ffbc38f4000 	C:\WINDOWS\System32\gdi32full.dll
0x00007ffbc32d0000 - 0x00007ffbc3350000 	C:\WINDOWS\System32\bcryptPrimitives.dll
0x00007ffbc3230000 - 0x00007ffbc32ce000 	C:\WINDOWS\System32\msvcp_win.dll
0x00007ffbbcb90000 - 0x00007ffbbcb9a000 	C:\WINDOWS\SYSTEM32\VERSION.dll
0x00007ffbc61b0000 - 0x00007ffbc61de000 	C:\WINDOWS\System32\IMM32.DLL
0x00007ffb947c0000 - 0x00007ffb9485b000 	C:\Program Files\Java\jdk-14.0.1\bin\msvcp140.dll
0x00007ffb706c0000 - 0x00007ffb711de000 	C:\Program Files\Java\jdk-14.0.1\bin\server\jvm.dll
0x00007ffbc59f0000 - 0x00007ffbc59f8000 	C:\WINDOWS\System32\PSAPI.DLL
0x00007ffbbed90000 - 0x00007ffbbed99000 	C:\WINDOWS\SYSTEM32\WSOCK32.dll
0x00007ffbc12f0000 - 0x00007ffbc1314000 	C:\WINDOWS\SYSTEM32\WINMM.dll
0x00007ffbc6070000 - 0x00007ffbc60df000 	C:\WINDOWS\System32\WS2_32.dll
0x00007ffbc1150000 - 0x00007ffbc117d000 	C:\WINDOWS\SYSTEM32\winmmbase.dll
0x00007ffbc36e0000 - 0x00007ffbc372a000 	C:\WINDOWS\System32\cfgmgr32.dll
0x00007ffbc31e0000 - 0x00007ffbc31f1000 	C:\WINDOWS\System32\kernel.appcore.dll
0x00007ffbbed40000 - 0x00007ffbbed4a000 	C:\Program Files\Java\jdk-14.0.1\bin\jimage.dll
0x00007ffbb2e90000 - 0x00007ffbb3084000 	C:\WINDOWS\SYSTEM32\DBGHELP.DLL
0x00007ffbb34e0000 - 0x00007ffbb350a000 	C:\WINDOWS\SYSTEM32\dbgcore.DLL
0x00007ffba25f0000 - 0x00007ffba2628000 	C:\Program Files\Java\jdk-14.0.1\bin\jdwp.dll
0x00007ffba82b0000 - 0x00007ffba82d5000 	C:\Program Files\Java\jdk-14.0.1\bin\java.dll
0x00007ffbbed50000 - 0x00007ffbbed5e000 	C:\Program Files\Java\jdk-14.0.1\bin\instrument.dll
0x00007ffba8310000 - 0x00007ffba8326000 	C:\Program Files\Java\jdk-14.0.1\bin\zip.dll
0x00007ffbc4a10000 - 0x00007ffbc50f5000 	C:\WINDOWS\System32\SHELL32.dll
0x00007ffbc5840000 - 0x00007ffbc58e9000 	C:\WINDOWS\System32\shcore.dll
0x00007ffbc3bd0000 - 0x00007ffbc4350000 	C:\WINDOWS\System32\windows.storage.dll
0x00007ffbc3200000 - 0x00007ffbc3223000 	C:\WINDOWS\System32\profapi.dll
0x00007ffbc3190000 - 0x00007ffbc31da000 	C:\WINDOWS\System32\powrprof.dll
0x00007ffbc3160000 - 0x00007ffbc3170000 	C:\WINDOWS\System32\UMPDC.dll
0x00007ffbc56a0000 - 0x00007ffbc56f2000 	C:\WINDOWS\System32\shlwapi.dll
0x00007ffbc3a60000 - 0x00007ffbc3a77000 	C:\WINDOWS\System32\cryptsp.dll
0x00007ffbad670000 - 0x00007ffbad67b000 	C:\Program Files\Java\jdk-14.0.1\bin\dt_socket.dll
0x00007ffbc2680000 - 0x00007ffbc26ba000 	C:\WINDOWS\SYSTEM32\IPHLPAPI.DLL
0x00007ffbc2970000 - 0x00007ffbc29d7000 	C:\WINDOWS\system32\mswsock.dll
0x00007ffba8290000 - 0x00007ffba82a9000 	C:\Program Files\Java\jdk-14.0.1\bin\net.dll
0x00007ffbba4c0000 - 0x00007ffbba5b0000 	C:\WINDOWS\SYSTEM32\WINHTTP.dll
0x00007ffba8250000 - 0x00007ffba8262000 	C:\Program Files\Java\jdk-14.0.1\bin\nio.dll
0x00007ffbbe280000 - 0x00007ffbbe290000 	C:\Program Files\Java\jdk-14.0.1\bin\verify.dll
0x00007ffb77fe0000 - 0x00007ffb78178000 	C:\Program Files\Java\jdk-14.0.1\bin\awt.dll
0x00007ffbc5e00000 - 0x00007ffbc5ec4000 	C:\WINDOWS\System32\OLEAUT32.dll
0x00007ffbc1410000 - 0x00007ffbc149f000 	C:\WINDOWS\SYSTEM32\apphelp.dll
0x00007ffbc14e0000 - 0x00007ffbc1579000 	C:\WINDOWS\system32\uxtheme.dll
0x00007ffbc51a0000 - 0x00007ffbc52d6000 	C:\WINDOWS\System32\MSCTF.dll
0x00007ffbc5540000 - 0x00007ffbc5697000 	C:\WINDOWS\System32\ole32.dll
0x00007ffbc1900000 - 0x00007ffbc192d000 	C:\WINDOWS\system32\DWMAPI.DLL
0x00007ffb8f0e0000 - 0x00007ffb8f236000 	C:\WINDOWS\system32\opengl32.dll
0x00007ffbad500000 - 0x00007ffbad52c000 	C:\WINDOWS\SYSTEM32\GLU32.dll
0x00007ffbc1e40000 - 0x00007ffbc1e60000 	C:\WINDOWS\SYSTEM32\dxcore.dll
0x00007ffba5880000 - 0x00007ffba5a47000 	C:\WINDOWS\system32\d3d9.dll
0x00007ffbb9bb0000 - 0x00007ffbb9c9f000 	C:\WINDOWS\System32\DriverStore\FileRepository\nv_dispi.inf_amd64_9952681a7bb1dfac\nvldumdx.dll
0x00007ffbc3a80000 - 0x00007ffbc3bc9000 	C:\WINDOWS\System32\crypt32.dll
0x00007ffbc3170000 - 0x00007ffbc3182000 	C:\WINDOWS\System32\MSASN1.dll
0x00007ffbbca80000 - 0x00007ffbbcaaf000 	C:\WINDOWS\SYSTEM32\cryptnet.dll
0x00007ffbc2b40000 - 0x00007ffbc2b4c000 	C:\WINDOWS\SYSTEM32\cryptbase.dll
0x00007ffbc3900000 - 0x00007ffbc395c000 	C:\WINDOWS\System32\WINTRUST.DLL
0x00007ffbc49f0000 - 0x00007ffbc4a0d000 	C:\WINDOWS\System32\imagehlp.dll
0x00007ffbc24e0000 - 0x00007ffbc2513000 	C:\WINDOWS\system32\rsaenh.dll
0x00007ffbc3400000 - 0x00007ffbc3426000 	C:\WINDOWS\System32\bcrypt.dll
0x00007ffb662a0000 - 0x00007ffb677c3000 	C:\WINDOWS\System32\DriverStore\FileRepository\nv_dispi.inf_amd64_9952681a7bb1dfac\nvd3dumx.dll
0x00007ffb8f620000 - 0x00007ffb8f8d7000 	C:\WINDOWS\system32\nvspcap64.dll
0x00007ffbc21c0000 - 0x00007ffbc21f1000 	C:\WINDOWS\SYSTEM32\ntmarta.dll
0x00007ffbc1d80000 - 0x00007ffbc1da2000 	C:\WINDOWS\SYSTEM32\gpapi.dll
0x00007ffb8dd50000 - 0x00007ffb8ddd2000 	C:\Program Files\Java\jdk-14.0.1\bin\freetype.dll
0x00007ffb85dc0000 - 0x00007ffb85e66000 	C:\Program Files\Java\jdk-14.0.1\bin\fontmanager.dll
0x00007ffbaa4e0000 - 0x00007ffbaa57e000 	C:\WINDOWS\System32\TextInputFramework.dll
0x00007ffbbe670000 - 0x00007ffbbe99a000 	C:\WINDOWS\System32\CoreUIComponents.dll
0x00007ffbc1070000 - 0x00007ffbc1144000 	C:\WINDOWS\System32\CoreMessaging.dll
0x00007ffbbedb0000 - 0x00007ffbbef03000 	C:\WINDOWS\SYSTEM32\wintypes.dll
0x00007ffba7d50000 - 0x00007ffba7d61000 	C:\Program Files\Java\jdk-14.0.1\bin\jsound.dll
0x00007ffbbd0b0000 - 0x00007ffbbd149000 	C:\WINDOWS\SYSTEM32\DSOUND.dll
0x00007ffbc4940000 - 0x00007ffbc49e2000 	C:\WINDOWS\System32\clbcatq.dll
0x00007ffbbcd10000 - 0x00007ffbbcd82000 	C:\WINDOWS\System32\MMDevApi.dll
0x00007ffbc2f00000 - 0x00007ffbc2f2a000 	C:\WINDOWS\System32\DEVOBJ.dll
0x00007ffbb6b60000 - 0x00007ffbb6e06000 	C:\WINDOWS\System32\iertutil.dll
0x00007ffb9a100000 - 0x00007ffb9a144000 	C:\WINDOWS\SYSTEM32\wdmaud.drv
0x00007ffbbf1b0000 - 0x00007ffbbf1b9000 	C:\WINDOWS\SYSTEM32\ksuser.dll
0x00007ffbbef10000 - 0x00007ffbbef1a000 	C:\WINDOWS\SYSTEM32\AVRT.dll
0x00007ffbbd150000 - 0x00007ffbbd2ad000 	C:\WINDOWS\SYSTEM32\AUDIOSES.DLL
0x00007ffbbec20000 - 0x00007ffbbec2d000 	C:\WINDOWS\SYSTEM32\msacm32.drv
0x00007ffbaa3d0000 - 0x00007ffbaa3ec000 	C:\WINDOWS\SYSTEM32\MSACM32.dll
0x00007ffbb94f0000 - 0x00007ffbb94fa000 	C:\WINDOWS\SYSTEM32\midimap.dll
0x00007ffbc1800000 - 0x00007ffbc1814000 	C:\WINDOWS\SYSTEM32\resourcepolicyclient.dll
0x00007ffba27a0000 - 0x00007ffba2849000 	C:\WINDOWS\WinSxS\amd64_microsoft.windows.common-controls_6595b64144ccf1df_5.82.18362.778_none_2a29d4a64667eb69\comctl32.dll
0x00007ffbbfb00000 - 0x00007ffbbfbef000 	C:\WINDOWS\system32\propsys.dll
0x00007ffbbec30000 - 0x00007ffbbec46000 	C:\WINDOWS\system32\NetworkExplorer.dll
0x00007ffbbd860000 - 0x00007ffbbda0f000 	C:\WINDOWS\SYSTEM32\WindowsCodecs.dll
0x00007ffba4740000 - 0x00007ffba479e000 	C:\Windows\System32\thumbcache.dll
0x00007ffbbdc20000 - 0x00007ffbbdca6000 	C:\WINDOWS\SYSTEM32\policymanager.dll
0x00007ffbbfca0000 - 0x00007ffbbfd2a000 	C:\WINDOWS\SYSTEM32\msvcp110_win.dll
0x00007ffbad290000 - 0x00007ffbad2ab000 	C:\WINDOWS\SYSTEM32\MPR.dll
0x00007ffb948c0000 - 0x00007ffb948db000 	C:\WINDOWS\System32\p9np.dll
0x00007ffb948b0000 - 0x00007ffb948bb000 	C:\WINDOWS\System32\drprov.dll
0x00007ffbc2ff0000 - 0x00007ffbc304c000 	C:\WINDOWS\System32\WINSTA.dll
0x00007ffb94890000 - 0x00007ffb948a5000 	C:\WINDOWS\System32\ntlanman.dll
0x00007ffb94870000 - 0x00007ffb9488d000 	C:\WINDOWS\System32\davclnt.dll
0x00007ffb94860000 - 0x00007ffb9486c000 	C:\WINDOWS\System32\DAVHLPR.dll
0x00007ffbbf3e0000 - 0x00007ffbbf3f7000 	C:\WINDOWS\System32\wkscli.dll
0x00007ffba2fa0000 - 0x00007ffba2fb2000 	C:\WINDOWS\SYSTEM32\cscapi.dll
0x00007ffbc2790000 - 0x00007ffbc279c000 	C:\WINDOWS\System32\netutils.dll
0x00007ffba9400000 - 0x00007ffba9453000 	C:\Windows\System32\dlnashext.dll
0x00007ffb90e10000 - 0x00007ffb90e74000 	C:\Windows\System32\PlayToDevice.dll
0x00007ffba1330000 - 0x00007ffba1350000 	C:\Windows\System32\DevDispItemProvider.dll
0x00007ffb7a6e0000 - 0x00007ffb7a77b000 	C:\WINDOWS\system32\wpdshext.dll
0x00007ffba39a0000 - 0x00007ffba3b43000 	C:\WINDOWS\WinSxS\amd64_microsoft.windows.gdiplus_6595b64144ccf1df_1.1.18362.778_none_17b1aa466d9fc986\gdiplus.dll
0x00007ffbbf400000 - 0x00007ffbbf49e000 	C:\Windows\System32\PortableDeviceApi.dll
0x00007ffbc4350000 - 0x00007ffbc47c0000 	C:\WINDOWS\System32\SETUPAPI.dll
0x00007ffbbd390000 - 0x00007ffbbd3c0000 	C:\Windows\System32\PortableDeviceTypes.dll
0x00007ffbad6c0000 - 0x00007ffbad6f7000 	C:\Windows\System32\EhStorShell.dll
0x00007ffba25c0000 - 0x00007ffba25e5000 	C:\Windows\System32\EhStorAPI.dll
0x00007ffbbfc50000 - 0x00007ffbbfc63000 	C:\Windows\System32\WTSAPI32.dll
0x00007ffbab050000 - 0x00007ffbab05d000 	C:\WINDOWS\SYSTEM32\LINKINFO.dll
0x00007ffbb3550000 - 0x00007ffbb355c000 	C:\WINDOWS\SYSTEM32\Secur32.dll
0x00007ffbc3050000 - 0x00007ffbc307f000 	C:\WINDOWS\SYSTEM32\SSPICLI.DLL
0x00007ffba5690000 - 0x00007ffba56ca000 	C:\WINDOWS\system32\dataexchange.dll

dbghelp: loaded successfully - version: 4.0.5 - missing functions: none
symbol engine: initialized successfully - sym options: 0x614 - pdb path: (cannot be retrieved)

VM Arguments:
jvm_args: -agentlib:jdwp=transport=dt_socket,address=127.0.0.1:61528,suspend=y,server=n -Dorg.lwjgl.util.Debug=true -Djava.library.path=C:\Users\hayden\Desktop\lib -javaagent:C:\Users\hayden\AppData\Local\JetBrains\IntelliJIdea2020.1\groovyHotSwap\gragent.jar -javaagent:C:\Users\hayden\AppData\Local\JetBrains\IntelliJIdea2020.1\captureAgent\debugger-agent.jar -Dfile.encoding=UTF-8 
java_command: me.hydos.J64.Main Dorg.lwjgl.util.Debug=true
java_class_path (initial): E:\dev\fabric\mods\1.8.9\JCraft64\build\production\JCraft64.main;C:\Users\hayden\.gradle\caches\fabric-loom\yarn-20w17a+build.7-v2-final.jar;C:\Users\hayden\.gradle\caches\modules-2\files-2.1\org.joml\joml\1.9.20\49c9e036bf10adaf4f0483edc2d54dc4dad035b5\joml-1.9.20.jar;C:\Users\hayden\.gradle\caches\modules-2\files-2.1\org.lwjgl\lwjgl-assimp\3.2.4-SNAPSHOT\b8b7a5e6882e88896dfe9a099a301a91c5df980b\lwjgl-assimp-3.2.4-SNAPSHOT.jar;C:\Users\hayden\.gradle\caches\modules-2\files-2.1\org.lwjgl\lwjgl-glfw\3.2.4-SNAPSHOT\4465a4aaab50536af484e32c63fbac736d94bff2\lwjgl-glfw-3.2.4-SNAPSHOT.jar;C:\Users\hayden\.gradle\caches\modules-2\files-2.1\org.lwjgl\lwjgl-jemalloc\3.2.4-SNAPSHOT\d5d49a280213a7bee1c7046b03100cb4a4f3379f\lwjgl-jemalloc-3.2.4-SNAPSHOT.jar;C:\Users\hayden\.gradle\caches\modules-2\files-2.1\org.lwjgl\lwjgl-openal\3.2.4-SNAPSHOT\e8b74ac82114fa1b198730eed4e07fad16c416df\lwjgl-openal-3.2.4-SNAPSHOT.jar;C:\Users\hayden\.gradle\caches\modules-2\files-2.1\org.lwjgl\lwjgl-opengl\3.2.4-SNAPSHOT\9a83d9a7ff6e5fb98f2a79db3a538f0129b756ff\lwjgl-opengl-3.2.4-SNAPSHOT.jar;C:\Users\hayden\.gradle\caches\modules-2\files-2.1\org.lwjgl\lwjgl-stb\3.2.4-SNAPSHOT\97355448c6c8750733ff8cc6b701cda08ec28ed8\lwjgl-stb-3.2.4-SNAPSHOT.jar;C:\Users\hayden\.gradle\caches\modules-2\files-2.1\org.lwjgl\lwjgl-tinyfd\3.2.4-SNAPSHOT\43eac32bd2c138c1ee139f8e87387c3836888002\lwjgl-tinyfd-3.2.4-SNAPSHOT.jar;C:\Users\hayden\.gradle\caches\modules-2\files-2.1\org.lwjgl\lwjgl\3.2.4-SNAPSHOT\3b2e6246b0c27d9f2272c735911e8306dff81fb7\lwjgl-3.2.4-SNAPSHOT.jar;C:\Users\hayden\.gradle\caches\modules-2\files-2.1\com.mojang\patchy\1.1\aef610b34a1be37fa851825f12372b78424d8903\patchy-1.1.jar;C:\Users\hayden\.gradle\caches\modules-2\files-2.1\oshi-project\oshi-core\1.1\9ddf7b048a8d701be231c0f4f95fd986198fd2d8\oshi-core-1.1.jar;C:\Users\hayden\.gradle\caches\modules-2\files-2.1\net.java.dev.jna\jna\4.4.0\cb208278274bf12ebdb56c61bd7407e6f774d65a\jna-4.4.0.jar;C:\Users\hayden\.gradle\ca
Launcher Type: SUN_STANDARD

[Global flags]
     bool UseCompressedOops                        = true                                 {lp64_product} {ergonomic}
     bool UseCompressedClassPointers               = true                                 {lp64_product} {ergonomic}
     bool UseLargePagesIndividualAllocation        = false                                  {pd product} {ergonomic}
     intx CICompilerCount                          = 4                                         {product} {ergonomic}
   size_t MinHeapDeltaBytes                        = 2097152                                   {product} {ergonomic}
     bool SegmentedCodeCache                       = true                                      {product} {ergonomic}
    uintx ReservedCodeCacheSize                    = 251658240                              {pd product} {ergonomic}
    uintx NonProfiledCodeHeapSize                  = 122909434                              {pd product} {ergonomic}
    uintx ProfiledCodeHeapSize                     = 122909434                              {pd product} {ergonomic}
    uintx NonNMethodCodeHeapSize                   = 5839372                                {pd product} {ergonomic}
   size_t G1HeapRegionSize                         = 2097152                                   {product} {ergonomic}
     uint G1ConcRefinementThreads                  = 10                                        {product} {ergonomic}
     bool UseG1GC                                  = true                                      {product} {ergonomic}
     uint ConcGCThreads                            = 3                                         {product} {ergonomic}
   size_t MarkStackSize                            = 4194304                                   {product} {ergonomic}
   size_t MinHeapSize                              = 8388608                                   {product} {ergonomic}
   size_t InitialHeapSize                          = 536870912                                 {product} {ergonomic}
   size_t MaxHeapSize                              = 8573157376                                {product} {ergonomic}
   size_t SoftMaxHeapSize                          = 8573157376                             {manageable} {ergonomic}
   size_t MaxNewSize                               = 5142216704                                {product} {ergonomic}
    uintx GCDrainStackTargetSize                   = 64                                        {product} {ergonomic}

Logging:
Log output configuration:
 #0: stdout all=warning uptime,level,tags
 #1: stderr all=off uptime,level,tags

Environment Variables:
JAVA_HOME=C:\Program Files\AdoptOpenJDK\jdk-8.0.252.09-hotspot\
PATH=C:\Program Files\AdoptOpenJDK\jdk-8.0.252.09-hotspot\bin;C:\Program Files\Oculus\Support\oculus-runtime;C:\Program Files (x86)\Common Files\Oracle\Java\javapath;C:\Windows\system32;C:\Windows;C:\Windows\System32\Wbem;C:\Windows\System32\WindowsPowerShell\v1.0\;C:\Program Files\NVIDIA Corporation\NVIDIA NvDLISR;C:\Program Files (x86)\NVIDIA Corporation\PhysX\Common;C:\WINDOWS\system32;C:\WINDOWS;C:\WINDOWS\System32\Wbem;C:\WINDOWS\System32\WindowsPowerShell\v1.0\;C:\WINDOWS\System32\OpenSSH\;C:\Program Files (x86)\Project64 2.3;C:\Program Files\Java\jdk1.8.0_251\bin;C:\Program Files\Git\cmd;C:\gradle-6.3\bin;C:\Users\hayden\AppData\Local\Programs\Python\Python38-32\Scripts\;C:\Users\hayden\AppData\Local\Programs\Python\Python38-32\;C:\Users\hayden\AppData\Local\Microsoft\WindowsApps;C:\Users\hayden\AppData\Local\GitHubDesktop\bin;C:\Program Files\JetBrains\IntelliJ IDEA 2020.1\bin;;C:\Users\hayden\AppData\Local\Microsoft\WindowsApps;;C:\Users\hayden\AppData\Local\Programs\Microsoft VS Code\bin;C:\Program Files\JetBrains\WebStorm 2020.1\bin;
USERNAME=hayden
OS=Windows_NT
PROCESSOR_IDENTIFIER=AMD64 Family 23 Model 8 Stepping 2, AuthenticAMD



---------------  S Y S T E M  ---------------

OS: Windows 10 , 64 bit Build 18362 (10.0.18362.778)
OS uptime: 0 days 13:28 hours

CPU:total 12 (initial active 12) (12 cores per cpu, 2 threads per core) family 23 model 8 stepping 2, cmov, cx8, fxsr, mmx, sse, sse2, sse3, ssse3, sse4.1, sse4.2, popcnt, avx, avx2, aes, clmul, mmxext, 3dnowpref, lzcnt, sse4a, ht, tsc, tscinvbit, tscinv, bmi1, bmi2, adx, sha, fma

Memory: 4k page, system-wide physical 32699M (5105M free)
TotalPageFile size 32699M (AvailPageFile size 0M)
current process WorkingSet (physical memory assigned to process): 20371M, peak: 20371M
current process commit charge ("private bytes"): 24415M, peak: 24415M

vm_info: Java HotSpot(TM) 64-Bit Server VM (14.0.1+7) for windows-amd64 JRE (14.0.1+7), built on Mar  5 2020 10:30:14 by "mach5one" with MS VC++ 15.9 (VS2017)

END.
