#
# A fatal error has been detected by the Java Runtime Environment:
#
#  EXCEPTION_ACCESS_VIOLATION (0xc0000005) at pc=0x00007ffb05d990f9, pid=6820, tid=10724
#
# JRE version: Java(TM) SE Runtime Environment (14.0.1+7) (build 14.0.1+7)
# Java VM: Java HotSpot(TM) 64-Bit Server VM (14.0.1+7, mixed mode, sharing, tiered, compressed oops, g1 gc, windows-amd64)
# Problematic frame:
# C  [nvoglv64.dll+0xa490f9]
#
# No core dump will be written. Minidumps are not enabled by default on client versions of Windows
#
# If you would like to submit a bug report, please visit:
#   https://bugreport.java.com/bugreport/crash.jsp
# The crash happened outside the Java Virtual Machine in native code.
# See problematic frame for where to report the bug.
#

---------------  S U M M A R Y ------------

Command Line: -agentlib:jdwp=transport=dt_socket,address=127.0.0.1:58441,suspend=y,server=n -Djava.library.path=C:\Users\hayden\Desktop\lib -javaagent:C:\Users\hayden\AppData\Local\JetBrains\IntelliJIdea2020.1\groovyHotSwap\gragent.jar -javaagent:C:\Users\hayden\AppData\Local\JetBrains\IntelliJIdea2020.1\captureAgent\debugger-agent.jar -Dfile.encoding=UTF-8 me.hydos.J64.Main

Host: AMD Ryzen 5 2600 Six-Core Processor            , 12 cores, 31G,  Windows 10 , 64 bit Build 18362 (10.0.18362.778)
Time: Thu Apr 30 15:49:11 2020 E. Australia Standard Time elapsed time: 11 seconds (0d 0h 0m 11s)

---------------  T H R E A D  ---------------

Current thread (0x0000029e31a75800):  JavaThread "main" [_thread_in_native, id=10724, stack(0x000000a10ca00000,0x000000a10cb00000)]

Stack: [0x000000a10ca00000,0x000000a10cb00000],  sp=0x000000a10cafebd0,  free space=1018k
Native frames: (J=compiled Java code, j=interpreted, Vv=VM code, C=native code)
C  [nvoglv64.dll+0xa490f9]

Java frames: (J=compiled Java code, j=interpreted, Vv=VM code)
j  org.lwjgl.opengl.GL11C.nglDrawElements(IIIJ)V+0
j  org.lwjgl.opengl.GL11C.glDrawElements(IIIJ)V+4
j  org.lwjgl.opengl.GL11.glDrawElements(IIIJ)V+4
j  com.github.hydos.ginger.engine.opengl.render.renderers.GLGLVertexRenderer.render([Lgln64j/OpenGlGdp$GLVertex;)V+50
j  gln64j.OpenGlGdp.OGL_DrawTriangles()V+17
j  gln64j.rsp.Gsp.gSPFlushTriangles()V+50
j  gln64j.rsp.Gsp.gSP2Triangles(IIIIIIII)V+22
j  gln64j.opcodes.F3dex$5.exec(II)V+45
j  gln64j.rsp.Gsp.RSP_ProcessDList()V+276
j  gln64j.OpenGl$OGL_EventListener.lambda$display$0()V+129
j  gln64j.OpenGl$OGL_EventListener$$Lambda$180.run()V+0
j  me.hydos.J64.Main.main([Ljava/lang/String;)V+14
v  ~StubRoutines::call_stub

siginfo: EXCEPTION_ACCESS_VIOLATION (0xc0000005), reading address 0x0000000000000000


Register to memory mapping:

RIP=0x00007ffb05d990f9 nvoglv64.dll
RAX=0x00000008c783f25d is an unknown value
RBX=0x0 is NULL
RCX=0x0 is NULL
RDX=0x00000057d7bb6e0d is an unknown value
RSP=0x000000a10cafebd0 is pointing into the stack for thread: 0x0000029e31a75800
RBP=0x000000a10cafed98 is pointing into the stack for thread: 0x0000029e31a75800
RSI=0x0000000000000100 is an unknown value
RDI=0x0000000000000001 is an unknown value
R8 =0x00000000000000da is an unknown value
R9 =0x0 is NULL
R10=0x00000000546c6148 is an unknown value
R11=0xfffffffff36c099b is an unknown value
R12=0x0000000000001405 is an unknown value
R13=0x0000029e6b7253e8 points into unknown readable memory: 04 00 00 00 01 00 00 00
R14=0x0 is NULL
R15=0x0000029e6b723080 points into unknown readable memory: 00 00 00 00 00 00 00 00


Registers:
RAX=0x00000008c783f25d, RBX=0x0000000000000000, RCX=0x0000000000000000, RDX=0x00000057d7bb6e0d
RSP=0x000000a10cafebd0, RBP=0x000000a10cafed98, RSI=0x0000000000000100, RDI=0x0000000000000001
R8 =0x00000000000000da, R9 =0x0000000000000000, R10=0x00000000546c6148, R11=0xfffffffff36c099b
R12=0x0000000000001405, R13=0x0000029e6b7253e8, R14=0x0000000000000000, R15=0x0000029e6b723080
RIP=0x00007ffb05d990f9, EFLAGS=0x0000000000010246

Top of Stack: (sp=0x000000a10cafebd0)
0x000000a10cafebd0:   0000000000000000 0000000000000000
0x000000a10cafebe0:   0000029e31a76400 0000000000000000
0x000000a10cafebf0:   00007ffb3302cf58 0000029e63ce0460
0x000000a10cafec00:   0000000531a75800 000000a10cafeed8
0x000000a10cafec10:   0000029e6d176228 0000029e31a75800
0x000000a10cafec20:   0000000200000005 0000029e31a75800
0x000000a10cafec30:   0000000000000000 0000000000001405
0x000000a10cafec40:   0000000000000004 0000029e6b723080
0x000000a10cafec50:   0000000000000100 000000a10cafed98
0x000000a10cafec60:   0000000000000000 00007ffb05a14176
0x000000a10cafec70:   0000029e31a75800 000000a100000004
0x000000a10cafec80:   000000a100000000 00007ffb00000000
0x000000a10cafec90:   000000a100000100 0000029e00000400
0x000000a10cafeca0:   0000000000000000 0000029e00000000
0x000000a10cafecb0:   0000029e6d176200 0000029e31a75800
0x000000a10cafecc0:   0000029e3ba1cda9 0000029e3ba25e47 

Instructions: (pc=0x00007ffb05d990f9)
0x00007ffb05d98ff9:   18 89 54 24 10 53 55 56 57 41 54 41 55 41 56 41
0x00007ffb05d99009:   57 48 83 ec 58 4c 8b a9 38 03 00 00 4c 8b f9 44
0x00007ffb05d99019:   8b a4 24 c8 00 00 00 41 8b cc 8b b4 24 c0 00 00
0x00007ffb05d99029:   00 8b d6 48 8b 9c 24 d0 00 00 00 45 8b 55 14 41
0x00007ffb05d99039:   8b 45 18 41 f7 d2 45 23 55 0c 41 0b c2 d1 e9 83
0x00007ffb05d99049:   e1 03 f7 d0 41 23 45 10 d3 e2 41 80 7d 1e 00 89
0x00007ffb05d99059:   94 24 c8 00 00 00 0f 85 52 08 00 00 41 80 bf 8c
0x00007ffb05d99069:   ec 55 00 00 0f 85 44 08 00 00 85 f6 0f 8e 3c 08
0x00007ffb05d99079:   00 00 41 3b 97 a8 ee 55 00 0f 8f 2f 08 00 00 41
0x00007ffb05d99089:   83 7d 08 00 0f 85 24 08 00 00 41 80 7d 1d 00 0f
0x00007ffb05d99099:   85 19 08 00 00 41 80 7d 1c 00 0f 85 0e 08 00 00
0x00007ffb05d990a9:   41 80 bf 95 38 55 00 00 0f 85 00 08 00 00 41 80
0x00007ffb05d990b9:   bf 9c 38 55 00 00 0f 85 f2 07 00 00 a9 00 00 03
0x00007ffb05d990c9:   00 0f 85 e7 07 00 00 44 0b d0 45 85 55 20 0f 85
0x00007ffb05d990d9:   da 07 00 00 bf 01 00 00 00 49 8d 8f 00 f0 55 00
0x00007ffb05d990e9:   8b d7 e8 10 f7 e6 ff 41 81 fc 05 14 00 00 75 21
0x00007ffb05d990f9:   8b 0b 8d 6e ff 48 63 c5 48 89 84 24 a0 00 00 00
0x00007ffb05d99109:   8b 04 83 3b c8 44 8b f0 44 0f 47 f1 0f 42 c1 eb
0x00007ffb05d99119:   6e 41 81 fc 03 14 00 00 75 2c 0f b7 13 8d 6e ff
0x00007ffb05d99129:   48 63 c5 48 89 84 24 a0 00 00 00 0f b7 0c 43 0f
0x00007ffb05d99139:   b7 c1 66 3b d1 66 0f 47 c2 66 0f 42 ca 44 0f b7
0x00007ffb05d99149:   f0 0f b7 c1 eb 39 41 81 fc 01 14 00 00 0f 85 5b
0x00007ffb05d99159:   07 00 00 44 0f b6 03 8d 6e ff 48 63 c5 48 89 84
0x00007ffb05d99169:   24 a0 00 00 00 0f b6 14 18 44 3a c2 8b ca 41 0f
0x00007ffb05d99179:   47 c8 44 0f b6 f1 8b ca 41 0f 42 c8 0f b6 c1 49
0x00007ffb05d99189:   8b cd 44 2b f0 e8 2d 0b 00 00 45 8b 55 78 41 8b
0x00007ffb05d99199:   c2 41 0f af c6 41 3b 87 ac ee 55 00 0f 8f 0c 07
0x00007ffb05d991a9:   00 00 41 81 fc 05 14 00 00 0f 85 0f 01 00 00 44
0x00007ffb05d991b9:   8b 0b 45 8b f1 48 8d 53 04 3b f7 0f 8e 83 03 00
0x00007ffb05d991c9:   00 83 fd 08 0f 82 b1 00 00 00 83 3d 06 d0 ab 01
0x00007ffb05d991d9:   02 0f 8c a4 00 00 00 81 e5 07 00 00 80 7d 07 ff
0x00007ffb05d991e9:   cd 83 cd f8 ff c5 66 41 0f 6e c9 8b c6 66 0f 70 


Stack slot to memory mapping:
stack at sp + 0 slots: 0x0 is NULL
stack at sp + 1 slots: 0x0 is NULL
stack at sp + 2 slots: 0x0000029e31a76400 points into unknown readable memory: 00 00 00 00 00 00 00 00
stack at sp + 3 slots: 0x0 is NULL
stack at sp + 4 slots: 0x00007ffb3302cf58 jvm.dll
stack at sp + 5 slots: 0x0000029e63ce0460 points into unknown readable memory: 30 00 07 00 1f bb 28 49
stack at sp + 6 slots: 0x0000000531a75800 is an unknown value
stack at sp + 7 slots: 0x000000a10cafeed8 is pointing into the stack for thread: 0x0000029e31a75800


---------------  P R O C E S S  ---------------

Threads class SMR info:
_java_thread_list=0x0000029e6c3a0190, length=23, elements={
0x0000029e31a75800, 0x0000029e61502000, 0x0000029e61503000, 0x0000029e61518800,
0x0000029e6151b800, 0x0000029e6151d000, 0x0000029e61529000, 0x0000029e6152e000,
0x0000029e61539000, 0x0000029e61667800, 0x0000029e616d0000, 0x0000029e61778000,
0x0000029e6177b000, 0x0000029e61668800, 0x0000029e61664800, 0x0000029e61667000,
0x0000029e61665000, 0x0000029e61669800, 0x0000029e6166b000, 0x0000029e61666000,
0x0000029e6c3e7000, 0x0000029e6c3e3000, 0x0000029e6c3e1800
}

Java Threads: ( => current thread )
=>0x0000029e31a75800 JavaThread "main" [_thread_in_native, id=10724, stack(0x000000a10ca00000,0x000000a10cb00000)]
  0x0000029e61502000 JavaThread "Reference Handler" daemon [_thread_blocked, id=3720, stack(0x000000a10d100000,0x000000a10d200000)]
  0x0000029e61503000 JavaThread "Finalizer" daemon [_thread_blocked, id=16632, stack(0x000000a10d200000,0x000000a10d300000)]
  0x0000029e61518800 JavaThread "Signal Dispatcher" daemon [_thread_blocked, id=4076, stack(0x000000a10d300000,0x000000a10d400000)]
  0x0000029e6151b800 JavaThread "Attach Listener" daemon [_thread_blocked, id=13396, stack(0x000000a10d400000,0x000000a10d500000)]
  0x0000029e6151d000 JavaThread "Service Thread" daemon [_thread_blocked, id=12484, stack(0x000000a10d500000,0x000000a10d600000)]
  0x0000029e61529000 JavaThread "C2 CompilerThread0" daemon [_thread_blocked, id=5824, stack(0x000000a10d600000,0x000000a10d700000)]
  0x0000029e6152e000 JavaThread "C1 CompilerThread0" daemon [_thread_blocked, id=10520, stack(0x000000a10d700000,0x000000a10d800000)]
  0x0000029e61539000 JavaThread "Sweeper thread" daemon [_thread_blocked, id=1760, stack(0x000000a10d800000,0x000000a10d900000)]
  0x0000029e61667800 JavaThread "Common-Cleaner" daemon [_thread_blocked, id=16056, stack(0x000000a10d900000,0x000000a10da00000)]
  0x0000029e616d0000 JavaThread "JDWP Transport Listener: dt_socket" daemon [_thread_blocked, id=15532, stack(0x000000a10db00000,0x000000a10dc00000)]
  0x0000029e61778000 JavaThread "JDWP Event Helper Thread" daemon [_thread_blocked, id=9968, stack(0x000000a10dc00000,0x000000a10dd00000)]
  0x0000029e6177b000 JavaThread "JDWP Command Reader" daemon [_thread_in_native, id=16488, stack(0x000000a10dd00000,0x000000a10de00000)]
  0x0000029e61668800 JavaThread "Notification Thread" daemon [_thread_blocked, id=11116, stack(0x000000a10de00000,0x000000a10df00000)]
  0x0000029e61664800 JavaThread "Java2D Disposer" daemon [_thread_blocked, id=5528, stack(0x000000a10e000000,0x000000a10e100000)]
  0x0000029e61667000 JavaThread "AWT-Shutdown" [_thread_blocked, id=16164, stack(0x000000a10e100000,0x000000a10e200000)]
  0x0000029e61665000 JavaThread "AWT-Windows" daemon [_thread_in_native, id=2512, stack(0x000000a10e200000,0x000000a10e300000)]
  0x0000029e61669800 JavaThread "AWT-EventQueue-0" [_thread_blocked, id=17188, stack(0x000000a10e500000,0x000000a10e600000)]
  0x0000029e6166b000 JavaThread "D3D Screen Updater" daemon [_thread_blocked, id=5648, stack(0x000000a10e600000,0x000000a10e700000)]
  0x0000029e61666000 JavaThread "Java Sound Event Dispatcher" daemon [_thread_blocked, id=13140, stack(0x000000a10f100000,0x000000a10f200000)]
  0x0000029e6c3e7000 JavaThread "Thread-0" [_thread_blocked, id=16992, stack(0x000000a10fb30000,0x000000a10fc30000)]
  0x0000029e6c3e3000 JavaThread "Swing-Shell" daemon [_thread_blocked, id=15160, stack(0x000000a10fd30000,0x000000a10fe30000)]
  0x0000029e6c3e1800 JavaThread "TimerQueue" daemon [_thread_blocked, id=13348, stack(0x000000a110040000,0x000000a110140000)]

Other Threads:
  0x0000029e60c49800 VMThread "VM Thread" [stack: 0x000000a10d000000,0x000000a10d100000] [id=16240]
  0x0000029e624d0800 WatcherThread [stack: 0x000000a10df00000,0x000000a10e000000] [id=8692]
  0x0000029e31afb000 GCTaskThread "GC Thread#0" [stack: 0x000000a10cb00000,0x000000a10cc00000] [id=12276]
  0x0000029e63a71800 GCTaskThread "GC Thread#1" [stack: 0x000000a10e700000,0x000000a10e800000] [id=2256]
  0x0000029e63a72800 GCTaskThread "GC Thread#2" [stack: 0x000000a10e800000,0x000000a10e900000] [id=16284]
  0x0000029e63a73800 GCTaskThread "GC Thread#3" [stack: 0x000000a10e900000,0x000000a10ea00000] [id=8660]
  0x0000029e63a74000 GCTaskThread "GC Thread#4" [stack: 0x000000a10ea00000,0x000000a10eb00000] [id=9880]
  0x0000029e63a78000 GCTaskThread "GC Thread#5" [stack: 0x000000a10eb00000,0x000000a10ec00000] [id=1132]
  0x0000029e63a79000 GCTaskThread "GC Thread#6" [stack: 0x000000a10ec00000,0x000000a10ed00000] [id=4124]
  0x0000029e63a14000 GCTaskThread "GC Thread#7" [stack: 0x000000a10ed00000,0x000000a10ee00000] [id=9380]
  0x0000029e63a14800 GCTaskThread "GC Thread#8" [stack: 0x000000a10ee00000,0x000000a10ef00000] [id=7536]
  0x0000029e63a18000 GCTaskThread "GC Thread#9" [stack: 0x000000a10ef00000,0x000000a10f000000] [id=14372]
  0x0000029e31b1c800 ConcurrentGCThread "G1 Main Marker" [stack: 0x000000a10cc00000,0x000000a10cd00000] [id=12352]
  0x0000029e31b1e000 ConcurrentGCThread "G1 Conc#0" [stack: 0x000000a10cd00000,0x000000a10ce00000] [id=1724]
  0x0000029e6c5ed000 ConcurrentGCThread "G1 Conc#1" [stack: 0x000000a110240000,0x000000a110340000] [id=10728]
  0x0000029e61770000 ConcurrentGCThread "G1 Conc#2" [stack: 0x000000a110340000,0x000000a110440000] [id=3420]
  0x0000029e60bf9000 ConcurrentGCThread "G1 Refine#0" [stack: 0x000000a10ce00000,0x000000a10cf00000] [id=15956]
  0x0000029e60bfb000 ConcurrentGCThread "G1 Young RemSet Sampling" [stack: 0x000000a10cf00000,0x000000a10d000000] [id=8500]

Threads with active compile tasks:

VM state:not at safepoint (normal execution)

VM Mutex/Monitor currently owned by a thread: None

Heap address: 0x0000000601000000, size: 8176 MB, Compressed Oops mode: Zero based, Oop shift amount: 3
Narrow klass base: 0x0000000800000000, Narrow klass shift: 3
Compressed class space size: 1073741824 Address: 0x0000000800b30000

Heap:
 garbage-first heap   total 102400K, used 57129K [0x0000000601000000, 0x0000000800000000)
  region size 2048K, 15 young (30720K), 3 survivors (6144K)
 Metaspace       used 24631K, capacity 24984K, committed 25088K, reserved 1071104K
  class space    used 2372K, capacity 2522K, committed 2560K, reserved 1048576K
Heap Regions: E=young(eden), S=young(survivor), O=old, HS=humongous(starts), HC=humongous(continues), CS=collection set, F=free, OA=open archive, CA=closed archive, TAMS=top-at-mark-start (previous, next)
|   0|0x0000000601000000, 0x0000000601200000, 0x0000000601200000|100%|HS|  |TAMS 0x0000000601200000, 0x0000000601000000| Complete 
|   1|0x0000000601200000, 0x0000000601400000, 0x0000000601400000|100%|HS|  |TAMS 0x0000000601400000, 0x0000000601200000| Complete 
|   2|0x0000000601400000, 0x0000000601600000, 0x0000000601600000|100%|HS|  |TAMS 0x0000000601600000, 0x0000000601400000| Complete 
|   3|0x0000000601600000, 0x0000000601800000, 0x0000000601800000|100%|HC|  |TAMS 0x0000000601800000, 0x0000000601600000| Complete 
|   4|0x0000000601800000, 0x0000000601a00000, 0x0000000601a00000|100%|HC|  |TAMS 0x0000000601a00000, 0x0000000601800000| Complete 
|   5|0x0000000601a00000, 0x0000000601c00000, 0x0000000601c00000|100%|HC|  |TAMS 0x0000000601c00000, 0x0000000601a00000| Complete 
|   6|0x0000000601c00000, 0x0000000601e00000, 0x0000000601e00000|100%|HC|  |TAMS 0x0000000601e00000, 0x0000000601c00000| Complete 
|   7|0x0000000601e00000, 0x0000000602000000, 0x0000000602000000|100%| O|  |TAMS 0x0000000602000000, 0x0000000601e00000| Untracked 
|   8|0x0000000602000000, 0x0000000602200000, 0x0000000602200000|100%| O|  |TAMS 0x0000000602200000, 0x0000000602000000| Untracked 
|   9|0x0000000602200000, 0x00000006022eac00, 0x0000000602400000| 45%| O|  |TAMS 0x00000006022eac00, 0x0000000602200000| Untracked 
|  10|0x0000000602400000, 0x0000000602600000, 0x0000000602600000|100%|HS|  |TAMS 0x0000000602400000, 0x0000000602400000| Complete 
|  11|0x0000000602600000, 0x0000000602800000, 0x0000000602800000|100%|HC|  |TAMS 0x0000000602600000, 0x0000000602600000| Complete 
|  12|0x0000000602800000, 0x0000000602a00000, 0x0000000602a00000|100%|HC|  |TAMS 0x0000000602800000, 0x0000000602800000| Complete 
|  13|0x0000000602a00000, 0x0000000602c00000, 0x0000000602c00000|100%|HS|  |TAMS 0x0000000602a00000, 0x0000000602a00000| Complete 
|  14|0x0000000602c00000, 0x0000000602e00000, 0x0000000602e00000|100%|HC|  |TAMS 0x0000000602c00000, 0x0000000602c00000| Complete 
|  15|0x0000000602e00000, 0x0000000603000000, 0x0000000603000000|100%|HC|  |TAMS 0x0000000602e00000, 0x0000000602e00000| Complete 
|  16|0x0000000603000000, 0x0000000603000000, 0x0000000603200000|  0%| F|  |TAMS 0x0000000603000000, 0x0000000603000000| Untracked 
|  17|0x0000000603200000, 0x0000000603200000, 0x0000000603400000|  0%| F|  |TAMS 0x0000000603200000, 0x0000000603200000| Untracked 
|  18|0x0000000603400000, 0x0000000603400000, 0x0000000603600000|  0%| F|  |TAMS 0x0000000603400000, 0x0000000603400000| Untracked 
|  19|0x0000000603600000, 0x0000000603600000, 0x0000000603800000|  0%| F|  |TAMS 0x0000000603600000, 0x0000000603600000| Untracked 
|  20|0x0000000603800000, 0x0000000603800000, 0x0000000603a00000|  0%| F|  |TAMS 0x0000000603800000, 0x0000000603800000| Untracked 
|  21|0x0000000603a00000, 0x0000000603a00000, 0x0000000603c00000|  0%| F|  |TAMS 0x0000000603a00000, 0x0000000603a00000| Untracked 
|  22|0x0000000603c00000, 0x0000000603c00000, 0x0000000603e00000|  0%| F|  |TAMS 0x0000000603c00000, 0x0000000603c00000| Untracked 
|  23|0x0000000603e00000, 0x0000000603e00000, 0x0000000604000000|  0%| F|  |TAMS 0x0000000603e00000, 0x0000000603e00000| Untracked 
|  24|0x0000000604000000, 0x0000000604000000, 0x0000000604200000|  0%| F|  |TAMS 0x0000000604000000, 0x0000000604000000| Untracked 
|  25|0x0000000604200000, 0x0000000604200000, 0x0000000604400000|  0%| F|  |TAMS 0x0000000604200000, 0x0000000604200000| Untracked 
|  26|0x0000000604400000, 0x0000000604400000, 0x0000000604600000|  0%| F|  |TAMS 0x0000000604400000, 0x0000000604400000| Untracked 
|  27|0x0000000604600000, 0x0000000604600000, 0x0000000604800000|  0%| F|  |TAMS 0x0000000604600000, 0x0000000604600000| Untracked 
|  28|0x0000000604800000, 0x0000000604800000, 0x0000000604a00000|  0%| F|  |TAMS 0x0000000604800000, 0x0000000604800000| Untracked 
|  29|0x0000000604a00000, 0x0000000604a00000, 0x0000000604c00000|  0%| F|  |TAMS 0x0000000604a00000, 0x0000000604a00000| Untracked 
|  30|0x0000000604c00000, 0x0000000604c00000, 0x0000000604e00000|  0%| F|  |TAMS 0x0000000604c00000, 0x0000000604c00000| Untracked 
|  31|0x0000000604e00000, 0x0000000604e00000, 0x0000000605000000|  0%| F|  |TAMS 0x0000000604e00000, 0x0000000604e00000| Untracked 
|  32|0x0000000605000000, 0x0000000605000000, 0x0000000605200000|  0%| F|  |TAMS 0x0000000605000000, 0x0000000605000000| Untracked 
|  33|0x0000000605200000, 0x0000000605200000, 0x0000000605400000|  0%| F|  |TAMS 0x0000000605200000, 0x0000000605200000| Untracked 
|  34|0x0000000605400000, 0x0000000605400000, 0x0000000605600000|  0%| F|  |TAMS 0x0000000605400000, 0x0000000605400000| Untracked 
|  35|0x0000000605600000, 0x0000000605703fd8, 0x0000000605800000| 50%| E|  |TAMS 0x0000000605600000, 0x0000000605600000| Complete 
|  36|0x0000000605800000, 0x0000000605a00000, 0x0000000605a00000|100%| E|CS|TAMS 0x0000000605800000, 0x0000000605800000| Complete 
|  37|0x0000000605a00000, 0x0000000605c00000, 0x0000000605c00000|100%| E|CS|TAMS 0x0000000605a00000, 0x0000000605a00000| Complete 
|  38|0x0000000605c00000, 0x0000000605e00000, 0x0000000605e00000|100%| E|CS|TAMS 0x0000000605c00000, 0x0000000605c00000| Complete 
|  39|0x0000000605e00000, 0x0000000606000000, 0x0000000606000000|100%| E|CS|TAMS 0x0000000605e00000, 0x0000000605e00000| Complete 
|  40|0x0000000606000000, 0x0000000606200000, 0x0000000606200000|100%| E|CS|TAMS 0x0000000606000000, 0x0000000606000000| Complete 
|  41|0x0000000606200000, 0x0000000606400000, 0x0000000606400000|100%| E|  |TAMS 0x0000000606200000, 0x0000000606200000| Complete 
|  42|0x0000000606400000, 0x0000000606600000, 0x0000000606600000|100%| E|CS|TAMS 0x0000000606400000, 0x0000000606400000| Complete 
|  43|0x0000000606600000, 0x0000000606800000, 0x0000000606800000|100%| E|CS|TAMS 0x0000000606600000, 0x0000000606600000| Complete 
|  44|0x0000000606800000, 0x0000000606a00000, 0x0000000606a00000|100%| E|CS|TAMS 0x0000000606800000, 0x0000000606800000| Complete 
| 243|0x000000061f600000, 0x000000061f6dfac0, 0x000000061f800000| 43%| S|CS|TAMS 0x000000061f600000, 0x000000061f600000| Complete 
| 244|0x000000061f800000, 0x000000061fa00000, 0x000000061fa00000|100%| S|CS|TAMS 0x000000061f800000, 0x000000061f800000| Complete 
| 245|0x000000061fa00000, 0x000000061fc00000, 0x000000061fc00000|100%| S|CS|TAMS 0x000000061fa00000, 0x000000061fa00000| Complete 
| 254|0x0000000620c00000, 0x0000000620e00000, 0x0000000620e00000|100%| E|CS|TAMS 0x0000000620c00000, 0x0000000620c00000| Complete 
| 255|0x0000000620e00000, 0x0000000621000000, 0x0000000621000000|100%| E|CS|TAMS 0x0000000620e00000, 0x0000000620e00000| Complete 

Card table byte_map: [0x0000029e4c690000,0x0000029e4d690000] _byte_map_base: 0x0000029e49688000

Marking Bits (Prev, Next): (CMBitMap*) 0x0000029e31afb828, (CMBitMap*) 0x0000029e31afb7e8
 Prev Bits: [0x0000029e56650000, 0x0000029e5e610000)
 Next Bits: [0x0000029e4e690000, 0x0000029e56650000)

Polling page: 0x0000029e31b30000

Metaspace:

Usage:
  Non-class:     21.94 MB capacity,    21.74 MB (>99%) used,   159.27 KB ( <1%) free+waste,    43.44 KB ( <1%) overhead. 
      Class:      2.46 MB capacity,     2.32 MB ( 94%) used,   129.65 KB (  5%) free+waste,    20.31 KB ( <1%) overhead. 
       Both:     24.40 MB capacity,    24.05 MB ( 99%) used,   288.92 KB (  1%) free+waste,    63.75 KB ( <1%) overhead. 

Virtual space:
  Non-class space:       22.00 MB reserved,      22.00 MB (100%) committed 
      Class space:        1.00 GB reserved,       2.50 MB ( <1%) committed 
             Both:        1.02 GB reserved,      24.50 MB (  2%) committed 

Chunk freelists:
   Non-Class:  66.00 KB
       Class:  38.00 KB
        Both:  104.00 KB

MaxMetaspaceSize: 17179869184.00 GB
CompressedClassSpaceSize: 1.00 GB

CodeHeap 'non-profiled nmethods': size=120000Kb used=1167Kb max_used=1167Kb free=118832Kb
 bounds [0x0000029e434e0000, 0x0000029e43750000, 0x0000029e4aa10000]
CodeHeap 'profiled nmethods': size=120000Kb used=6632Kb max_used=6632Kb free=113367Kb
 bounds [0x0000029e3bfb0000, 0x0000029e3c630000, 0x0000029e434e0000]
CodeHeap 'non-nmethods': size=5760Kb used=2075Kb max_used=2090Kb free=3685Kb
 bounds [0x0000029e3ba10000, 0x0000029e3bc80000, 0x0000029e3bfb0000]
 total_blobs=5400 nmethods=3006 adapters=1397
 compilation: enabled
              stopped_count=0, restarted_count=0
 full_count=0

Compilation events (20 events):
Event: 11.472 Thread 0x0000029e6152e000 nmethod 2999 0x0000029e3c625f10 code [0x0000029e3c6260a0, 0x0000029e3c6261f8]
Event: 11.472 Thread 0x0000029e6152e000 2995   !   3       me.hydos.J64.N64Cpu$54::run (172 bytes)
Event: 11.473 Thread 0x0000029e61529000 nmethod 2991 0x0000029e43601690 code [0x0000029e43601860, 0x0000029e43601ad8]
Event: 11.473 Thread 0x0000029e61529000 2996       4       me.hydos.J64.hardware.Memory::loadDoubleWord (23 bytes)
Event: 11.473 Thread 0x0000029e6152e000 nmethod 2995 0x0000029e3c626310 code [0x0000029e3c6265a0, 0x0000029e3c627298]
Event: 11.473 Thread 0x0000029e6152e000 2997       3       java.lang.Float::floatToIntBits (15 bytes)
Event: 11.473 Thread 0x0000029e6152e000 nmethod 2997 0x0000029e3c627910 code [0x0000029e3c627ac0, 0x0000029e3c627cd8]
Event: 11.473 Thread 0x0000029e6152e000 2998       3       me.hydos.J64.hardware.Cop1$MipsDword::getW (65 bytes)
Event: 11.473 Thread 0x0000029e6152e000 nmethod 2998 0x0000029e3c627d90 code [0x0000029e3c627f40, 0x0000029e3c628198]
Event: 11.476 Thread 0x0000029e61529000 nmethod 2996 0x0000029e43601c10 code [0x0000029e43601ec0, 0x0000029e43602778]
Event: 11.485 Thread 0x0000029e6152e000 3000       3       me.hydos.J64.N64Cpu$22::run (88 bytes)
Event: 11.485 Thread 0x0000029e6152e000 nmethod 3000 0x0000029e3c628290 code [0x0000029e3c628440, 0x0000029e3c6286e8]
Event: 11.502 Thread 0x0000029e61529000 3001   !   4       me.hydos.J64.N64Cpu$53::run (159 bytes)
Event: 11.506 Thread 0x0000029e61529000 nmethod 3001 0x0000029e43602a90 code [0x0000029e43602d40, 0x0000029e43603578]
Event: 11.509 Thread 0x0000029e6152e000 3002       3       jdk.internal.misc.Unsafe::getFloat (7 bytes)
Event: 11.510 Thread 0x0000029e6152e000 nmethod 3002 0x0000029e3c628910 code [0x0000029e3c628aa0, 0x0000029e3c628bd8]
Event: 11.510 Thread 0x0000029e6152e000 3004       3       java.nio.DirectFloatBufferU::ix (10 bytes)
Event: 11.510 Thread 0x0000029e6152e000 nmethod 3004 0x0000029e3c628c90 code [0x0000029e3c628e20, 0x0000029e3c628f58]
Event: 11.510 Thread 0x0000029e6152e000 3005   !   3       java.nio.DirectFloatBufferU::get (33 bytes)
Event: 11.510 Thread 0x0000029e6152e000 nmethod 3005 0x0000029e3c629010 code [0x0000029e3c629200, 0x0000029e3c6296c8]

GC Heap History (6 events):
Event: 1.227 GC heap before
{Heap before GC invocations=0 (full 0):
 garbage-first heap   total 524288K, used 38912K [0x0000000601000000, 0x0000000800000000)
  region size 2048K, 13 young (26624K), 0 survivors (0K)
 Metaspace       used 8668K, capacity 8936K, committed 9088K, reserved 1056768K
  class space    used 1004K, capacity 1114K, committed 1152K, reserved 1048576K
}
Event: 1.231 GC heap after
{Heap after GC invocations=1 (full 0):
 garbage-first heap   total 524288K, used 19475K [0x0000000601000000, 0x0000000800000000)
  region size 2048K, 2 young (4096K), 2 survivors (4096K)
 Metaspace       used 8668K, capacity 8936K, committed 9088K, reserved 1056768K
  class space    used 1004K, capacity 1114K, committed 1152K, reserved 1048576K
}
Event: 2.365 GC heap before
{Heap before GC invocations=1 (full 0):
 garbage-first heap   total 524288K, used 48147K [0x0000000601000000, 0x0000000800000000)
  region size 2048K, 17 young (34816K), 2 survivors (4096K)
 Metaspace       used 16150K, capacity 16400K, committed 16640K, reserved 1064960K
  class space    used 1407K, capacity 1517K, committed 1536K, reserved 1048576K
}
Event: 2.368 GC heap after
{Heap after GC invocations=2 (full 0):
 garbage-first heap   total 524288K, used 20981K [0x0000000601000000, 0x0000000800000000)
  region size 2048K, 1 young (2048K), 1 survivors (2048K)
 Metaspace       used 16150K, capacity 16400K, committed 16640K, reserved 1064960K
  class space    used 1407K, capacity 1517K, committed 1536K, reserved 1048576K
}
Event: 5.478 GC heap before
{Heap before GC invocations=2 (full 0):
 garbage-first heap   total 524288K, used 39413K [0x0000000601000000, 0x0000000800000000)
  region size 2048K, 11 young (22528K), 1 survivors (2048K)
 Metaspace       used 20799K, capacity 21083K, committed 21248K, reserved 1069056K
  class space    used 2047K, capacity 2180K, committed 2304K, reserved 1048576K
}
Event: 5.480 GC heap after
{Heap after GC invocations=3 (full 0):
 garbage-first heap   total 524288K, used 24361K [0x0000000601000000, 0x0000000800000000)
  region size 2048K, 3 young (6144K), 3 survivors (6144K)
 Metaspace       used 20799K, capacity 21083K, committed 21248K, reserved 1069056K
  class space    used 2047K, capacity 2180K, committed 2304K, reserved 1048576K
}

Deoptimization events (20 events):
Event: 10.954 Thread 0x0000029e6c3e7000 Uncommon trap: trap_request=0xffffff45 fr.pc=0x0000029e435f7c5c relative=0x000000000000023c
Event: 10.954 Thread 0x0000029e6c3e7000 Uncommon trap: reason=unstable_if action=reinterpret pc=0x0000029e435f7c5c method=me.hydos.J64.N64Cpu$22.run()V @ 37 c2
Event: 10.954 Thread 0x0000029e6c3e7000 DEOPT PACKING pc=0x0000029e435f7c5c sp=0x000000a10fc2f180
Event: 10.954 Thread 0x0000029e6c3e7000 DEOPT UNPACKING pc=0x0000029e3ba5912f sp=0x000000a10fc2f128 mode 2
Event: 10.970 Thread 0x0000029e6c3e7000 Uncommon trap: trap_request=0xffffff45 fr.pc=0x0000029e435ee928 relative=0x0000000000000508
Event: 10.970 Thread 0x0000029e6c3e7000 Uncommon trap: reason=unstable_if action=reinterpret pc=0x0000029e435ee928 method=me.hydos.J64.N64Cpu.jumpTo(I)V @ 24 c2
Event: 10.970 Thread 0x0000029e6c3e7000 DEOPT PACKING pc=0x0000029e435ee928 sp=0x000000a10fc2f180
Event: 10.970 Thread 0x0000029e6c3e7000 DEOPT UNPACKING pc=0x0000029e3ba5912f sp=0x000000a10fc2f0c0 mode 2
Event: 11.205 Thread 0x0000029e6c3e7000 Uncommon trap: trap_request=0xffffff45 fr.pc=0x0000029e435faf78 relative=0x0000000000000a18
Event: 11.205 Thread 0x0000029e6c3e7000 Uncommon trap: reason=unstable_if action=reinterpret pc=0x0000029e435faf78 method=me.hydos.J64.hardware.Memory.lwNonMemory(I)I @ 72 c2
Event: 11.205 Thread 0x0000029e6c3e7000 DEOPT PACKING pc=0x0000029e435faf78 sp=0x000000a10fc2f100
Event: 11.205 Thread 0x0000029e6c3e7000 DEOPT UNPACKING pc=0x0000029e3ba5912f sp=0x000000a10fc2f070 mode 2
Event: 11.205 Thread 0x0000029e6c3e7000 Uncommon trap: trap_request=0xffffff45 fr.pc=0x0000029e435f88e4 relative=0x0000000000000604
Event: 11.205 Thread 0x0000029e6c3e7000 Uncommon trap: reason=unstable_if action=reinterpret pc=0x0000029e435f88e4 method=me.hydos.J64.N64Cpu.testInterpreterJump(IIII)I @ 2 c2
Event: 11.205 Thread 0x0000029e6c3e7000 DEOPT PACKING pc=0x0000029e435f88e4 sp=0x000000a10fc2f180
Event: 11.205 Thread 0x0000029e6c3e7000 DEOPT UNPACKING pc=0x0000029e3ba5912f sp=0x000000a10fc2f098 mode 2
Event: 11.450 Thread 0x0000029e6c3e7000 Uncommon trap: trap_request=0xffffff45 fr.pc=0x0000029e435f4150 relative=0x0000000000000410
Event: 11.450 Thread 0x0000029e6c3e7000 Uncommon trap: reason=unstable_if action=reinterpret pc=0x0000029e435f4150 method=me.hydos.J64.hardware.Cop0.timerDone()V @ 16 c2
Event: 11.450 Thread 0x0000029e6c3e7000 DEOPT PACKING pc=0x0000029e435f4150 sp=0x000000a10fc2f110
Event: 11.450 Thread 0x0000029e6c3e7000 DEOPT UNPACKING pc=0x0000029e3ba5912f sp=0x000000a10fc2f050 mode 2

Classes unloaded (0 events):
No events

Classes redefined (0 events):
No events

Internal exceptions (20 events):
Event: 1.512 Thread 0x0000029e31a75800 Exception <a 'sun/nio/fs/WindowsException'{0x00000006209a8500}> (0x00000006209a8500) 
thrown [./open/src/hotspot/share/prims/jni.cpp, line 599]
Event: 2.059 Thread 0x0000029e31a75800 Exception <a 'sun/nio/fs/WindowsException'{0x00000006207c7d60}> (0x00000006207c7d60) 
thrown [./open/src/hotspot/share/prims/jni.cpp, line 599]
Event: 2.059 Thread 0x0000029e31a75800 Exception <a 'sun/nio/fs/WindowsException'{0x00000006207c8110}> (0x00000006207c8110) 
thrown [./open/src/hotspot/share/prims/jni.cpp, line 599]
Event: 2.062 Thread 0x0000029e31a75800 Exception <a 'sun/nio/fs/WindowsException'{0x00000006207eaf18}> (0x00000006207eaf18) 
thrown [./open/src/hotspot/share/prims/jni.cpp, line 599]
Event: 2.062 Thread 0x0000029e31a75800 Exception <a 'sun/nio/fs/WindowsException'{0x00000006207eb208}> (0x00000006207eb208) 
thrown [./open/src/hotspot/share/prims/jni.cpp, line 599]
Event: 2.087 Thread 0x0000029e31a75800 Exception <a 'sun/nio/fs/WindowsException'{0x0000000620346ed0}> (0x0000000620346ed0) 
thrown [./open/src/hotspot/share/prims/jni.cpp, line 599]
Event: 2.087 Thread 0x0000029e31a75800 Exception <a 'sun/nio/fs/WindowsException'{0x0000000620347278}> (0x0000000620347278) 
thrown [./open/src/hotspot/share/prims/jni.cpp, line 599]
Event: 2.087 Thread 0x0000029e31a75800 Exception <a 'sun/nio/fs/WindowsException'{0x0000000620347d38}> (0x0000000620347d38) 
thrown [./open/src/hotspot/share/prims/jni.cpp, line 599]
Event: 2.087 Thread 0x0000029e31a75800 Exception <a 'sun/nio/fs/WindowsException'{0x0000000620348028}> (0x0000000620348028) 
thrown [./open/src/hotspot/share/prims/jni.cpp, line 599]
Event: 2.088 Thread 0x0000029e31a75800 Exception <a 'sun/nio/fs/WindowsException'{0x0000000620349480}> (0x0000000620349480) 
thrown [./open/src/hotspot/share/prims/jni.cpp, line 599]
Event: 2.088 Thread 0x0000029e31a75800 Exception <a 'sun/nio/fs/WindowsException'{0x0000000620349760}> (0x0000000620349760) 
thrown [./open/src/hotspot/share/prims/jni.cpp, line 599]
Event: 2.088 Thread 0x0000029e31a75800 Exception <a 'sun/nio/fs/WindowsException'{0x000000062034a110}> (0x000000062034a110) 
thrown [./open/src/hotspot/share/prims/jni.cpp, line 599]
Event: 2.088 Thread 0x0000029e31a75800 Exception <a 'sun/nio/fs/WindowsException'{0x000000062034a338}> (0x000000062034a338) 
thrown [./open/src/hotspot/share/prims/jni.cpp, line 599]
Event: 2.089 Thread 0x0000029e31a75800 Exception <a 'java/lang/UnsatisfiedLinkError'{0x000000062034c2c8}> (0x000000062034c2c8) 
thrown [./open/src/hotspot/share/oops/instanceKlass.cpp, line 1083]
Event: 2.089 Thread 0x0000029e31a75800 Exception <a 'java/lang/UnsatisfiedLinkError'{0x000000062034c2c8}> (0x000000062034c2c8) 
thrown [./open/src/hotspot/share/oops/instanceKlass.cpp, line 1083]
Event: 2.253 Thread 0x0000029e31a75800 Exception <a 'sun/nio/fs/WindowsException'{0x000000061f6ece00}> (0x000000061f6ece00) 
thrown [./open/src/hotspot/share/prims/jni.cpp, line 599]
Event: 2.253 Thread 0x0000029e31a75800 Exception <a 'sun/nio/fs/WindowsException'{0x000000061f6ed190}> (0x000000061f6ed190) 
thrown [./open/src/hotspot/share/prims/jni.cpp, line 599]
Event: 10.325 Thread 0x0000029e31a75800 Exception <a 'java/lang/NoSuchMethodError'{0x000000060632c0c0}: 'void java.lang.invoke.DirectMethodHandle$Holder.invokeStatic(java.lang.Object, int, int)'> (0x000000060632c0c0) 
thrown [./open/src/hotspot/share/interpreter/linkResolver.cpp, line 766]
Event: 10.326 Thread 0x0000029e31a75800 Exception <a 'java/lang/NoSuchMethodError'{0x000000060632eb48}: 'void java.lang.invoke.DirectMethodHandle$Holder.invokeStaticInit(java.lang.Object, int, int)'> (0x000000060632eb48) 
thrown [./open/src/hotspot/share/interpreter/linkResolver.cpp, line 766]
Event: 10.525 Thread 0x0000029e61669800 Exception <a 'java/lang/NoSuchMethodError'{0x00000006059a85f0}: 'int java.lang.invoke.DirectMethodHandle$Holder.invokeSpecialIFC(java.lang.Object, java.lang.Object, int)'> (0x00000006059a85f0) 
thrown [./open/src/hotspot/share/interpreter/linkResolver.cpp, line 766]

Events (20 events):
Event: 11.492 loading class gln64j/rdp/combiners/TextureEnvCombiner$Vertex
Event: 11.492 loading class gln64j/rdp/combiners/TextureEnvCombiner$Vertex done
Event: 11.495 loading class gln64j/rdp/combiners/TextureEnvCombiner$TexEnvCombinerStage
Event: 11.495 loading class gln64j/rdp/combiners/TextureEnvCombiner$TexEnvCombinerStage done
Event: 11.498 loading class java/nio/HeapFloatBuffer
Event: 11.498 loading class java/nio/HeapFloatBuffer done
Event: 11.499 loading class gln64j/rsp/Math3D
Event: 11.499 loading class gln64j/rsp/Math3D done
Event: 11.502 loading class com/github/hydos/ginger/engine/common/math/Maths
Event: 11.502 loading class com/github/hydos/ginger/engine/common/math/Maths done
Event: 11.505 loading class org/joml/Math
Event: 11.505 loading class org/joml/Math done
Event: 11.506 loading class com/github/hydos/ginger/engine/opengl/render/models/RawModel
Event: 11.506 loading class com/github/hydos/ginger/engine/opengl/render/models/RawModel done
Event: 11.510 loading class com/github/hydos/ginger/engine/opengl/utils/GLLoader
Event: 11.510 loading class com/github/hydos/ginger/engine/opengl/utils/GLLoader done
Event: 11.513 loading class org/lwjgl/opengl/GL30C
Event: 11.513 loading class org/lwjgl/opengl/GL30C done
Event: 11.514 loading class org/lwjgl/opengl/GL21C
Event: 11.514 loading class org/lwjgl/opengl/GL21C done


Dynamic libraries:
0x00007ff73dfd0000 - 0x00007ff73dfdf000 	C:\Program Files\Java\jdk-14.0.1\bin\java.exe
0x00007ffb706a0000 - 0x00007ffb70890000 	C:\WINDOWS\SYSTEM32\ntdll.dll
0x00007ffb6f870000 - 0x00007ffb6f922000 	C:\WINDOWS\System32\KERNEL32.DLL
0x00007ffb6d8b0000 - 0x00007ffb6db53000 	C:\WINDOWS\System32\KERNELBASE.dll
0x00007ffb6e6b0000 - 0x00007ffb6e7aa000 	C:\WINDOWS\System32\ucrtbase.dll
0x00007ffb66210000 - 0x00007ffb66228000 	C:\Program Files\Java\jdk-14.0.1\bin\jli.dll
0x00007ffb50e50000 - 0x00007ffb50e65000 	C:\Program Files\Java\jdk-14.0.1\bin\VCRUNTIME140.dll
0x00007ffb6ea50000 - 0x00007ffb6eaf3000 	C:\WINDOWS\System32\ADVAPI32.dll
0x00007ffb6f260000 - 0x00007ffb6f2fe000 	C:\WINDOWS\System32\msvcrt.dll
0x00007ffb6f460000 - 0x00007ffb6f4f7000 	C:\WINDOWS\System32\sechost.dll
0x00007ffb6ecd0000 - 0x00007ffb6edf0000 	C:\WINDOWS\System32\RPCRT4.dll
0x00007ffb703e0000 - 0x00007ffb70574000 	C:\WINDOWS\System32\USER32.dll
0x00007ffb5bed0000 - 0x00007ffb5c155000 	C:\WINDOWS\WinSxS\amd64_microsoft.windows.common-controls_6595b64144ccf1df_6.0.18362.778_none_e6c6b761130d4fb8\COMCTL32.dll
0x00007ffb6dde0000 - 0x00007ffb6de01000 	C:\WINDOWS\System32\win32u.dll
0x00007ffb6f930000 - 0x00007ffb6fc66000 	C:\WINDOWS\System32\combase.dll
0x00007ffb70630000 - 0x00007ffb70656000 	C:\WINDOWS\System32\GDI32.dll
0x00007ffb6d690000 - 0x00007ffb6d824000 	C:\WINDOWS\System32\gdi32full.dll
0x00007ffb6e630000 - 0x00007ffb6e6b0000 	C:\WINDOWS\System32\bcryptPrimitives.dll
0x00007ffb6e590000 - 0x00007ffb6e62e000 	C:\WINDOWS\System32\msvcp_win.dll
0x00007ffb67a20000 - 0x00007ffb67a2a000 	C:\WINDOWS\SYSTEM32\VERSION.dll
0x00007ffb6e8f0000 - 0x00007ffb6e91e000 	C:\WINDOWS\System32\IMM32.DLL
0x00007ffb3f580000 - 0x00007ffb3f61b000 	C:\Program Files\Java\jdk-14.0.1\bin\msvcp140.dll
0x00007ffb327d0000 - 0x00007ffb332ee000 	C:\Program Files\Java\jdk-14.0.1\bin\server\jvm.dll
0x00007ffb6f450000 - 0x00007ffb6f458000 	C:\WINDOWS\System32\PSAPI.DLL
0x00007ffb48600000 - 0x00007ffb48609000 	C:\WINDOWS\SYSTEM32\WSOCK32.dll
0x00007ffb6b750000 - 0x00007ffb6b774000 	C:\WINDOWS\SYSTEM32\WINMM.dll
0x00007ffb6f800000 - 0x00007ffb6f86f000 	C:\WINDOWS\System32\WS2_32.dll
0x00007ffb6b5b0000 - 0x00007ffb6b5dd000 	C:\WINDOWS\SYSTEM32\winmmbase.dll
0x00007ffb6d860000 - 0x00007ffb6d8aa000 	C:\WINDOWS\System32\cfgmgr32.dll
0x00007ffb6d5d0000 - 0x00007ffb6d5e1000 	C:\WINDOWS\System32\kernel.appcore.dll
0x00007ffb67180000 - 0x00007ffb6718a000 	C:\Program Files\Java\jdk-14.0.1\bin\jimage.dll
0x00007ffb5d530000 - 0x00007ffb5d724000 	C:\WINDOWS\SYSTEM32\DBGHELP.DLL
0x00007ffb5d330000 - 0x00007ffb5d35a000 	C:\WINDOWS\SYSTEM32\dbgcore.DLL
0x00007ffb41910000 - 0x00007ffb41948000 	C:\Program Files\Java\jdk-14.0.1\bin\jdwp.dll
0x00007ffb4fac0000 - 0x00007ffb4fae5000 	C:\Program Files\Java\jdk-14.0.1\bin\java.dll
0x00007ffb4fa80000 - 0x00007ffb4fa8e000 	C:\Program Files\Java\jdk-14.0.1\bin\instrument.dll
0x00007ffb4fa40000 - 0x00007ffb4fa56000 	C:\Program Files\Java\jdk-14.0.1\bin\zip.dll
0x00007ffb6fcf0000 - 0x00007ffb703d5000 	C:\WINDOWS\System32\SHELL32.dll
0x00007ffb70580000 - 0x00007ffb70629000 	C:\WINDOWS\System32\shcore.dll
0x00007ffb6de10000 - 0x00007ffb6e590000 	C:\WINDOWS\System32\windows.storage.dll
0x00007ffb6d660000 - 0x00007ffb6d683000 	C:\WINDOWS\System32\profapi.dll
0x00007ffb6d610000 - 0x00007ffb6d65a000 	C:\WINDOWS\System32\powrprof.dll
0x00007ffb6d5c0000 - 0x00007ffb6d5d0000 	C:\WINDOWS\System32\UMPDC.dll
0x00007ffb6f3f0000 - 0x00007ffb6f442000 	C:\WINDOWS\System32\shlwapi.dll
0x00007ffb6dd60000 - 0x00007ffb6dd77000 	C:\WINDOWS\System32\cryptsp.dll
0x00007ffb4c040000 - 0x00007ffb4c04b000 	C:\Program Files\Java\jdk-14.0.1\bin\dt_socket.dll
0x00007ffb6cae0000 - 0x00007ffb6cb1a000 	C:\WINDOWS\SYSTEM32\IPHLPAPI.DLL
0x00007ffb6cdd0000 - 0x00007ffb6ce37000 	C:\WINDOWS\system32\mswsock.dll
0x00007ffb4fa20000 - 0x00007ffb4fa39000 	C:\Program Files\Java\jdk-14.0.1\bin\net.dll
0x00007ffb69070000 - 0x00007ffb69160000 	C:\WINDOWS\SYSTEM32\WINHTTP.dll
0x00007ffb4a580000 - 0x00007ffb4a592000 	C:\Program Files\Java\jdk-14.0.1\bin\nio.dll
0x00007ffb67050000 - 0x00007ffb67060000 	C:\Program Files\Java\jdk-14.0.1\bin\verify.dll
0x00007ffb35860000 - 0x00007ffb359f8000 	C:\Program Files\Java\jdk-14.0.1\bin\awt.dll
0x00007ffb6f500000 - 0x00007ffb6f5c4000 	C:\WINDOWS\System32\OLEAUT32.dll
0x00007ffb6b870000 - 0x00007ffb6b8ff000 	C:\WINDOWS\SYSTEM32\apphelp.dll
0x00007ffb6b940000 - 0x00007ffb6b9d9000 	C:\WINDOWS\system32\uxtheme.dll
0x00007ffb6e7b0000 - 0x00007ffb6e8e6000 	C:\WINDOWS\System32\MSCTF.dll
0x00007ffb6eb70000 - 0x00007ffb6ecc7000 	C:\WINDOWS\System32\ole32.dll
0x00007ffb6bd60000 - 0x00007ffb6bd8d000 	C:\WINDOWS\system32\DWMAPI.DLL
0x00007ffb3f930000 - 0x00007ffb3fa86000 	C:\WINDOWS\system32\opengl32.dll
0x00007ffb61d60000 - 0x00007ffb61d8c000 	C:\WINDOWS\SYSTEM32\GLU32.dll
0x00007ffb6c2a0000 - 0x00007ffb6c2c0000 	C:\WINDOWS\SYSTEM32\dxcore.dll
0x00007ffb56890000 - 0x00007ffb56a57000 	C:\WINDOWS\system32\d3d9.dll
0x00007ffb63de0000 - 0x00007ffb63ecf000 	C:\WINDOWS\System32\DriverStore\FileRepository\nv_dispi.inf_amd64_9952681a7bb1dfac\nvldumdx.dll
0x00007ffb6dc10000 - 0x00007ffb6dd59000 	C:\WINDOWS\System32\crypt32.dll
0x00007ffb6d5f0000 - 0x00007ffb6d602000 	C:\WINDOWS\System32\MSASN1.dll
0x00007ffb67930000 - 0x00007ffb6795f000 	C:\WINDOWS\SYSTEM32\cryptnet.dll
0x00007ffb6cfa0000 - 0x00007ffb6cfac000 	C:\WINDOWS\SYSTEM32\cryptbase.dll
0x00007ffb6dd80000 - 0x00007ffb6dddc000 	C:\WINDOWS\System32\WINTRUST.DLL
0x00007ffb6f3d0000 - 0x00007ffb6f3ed000 	C:\WINDOWS\System32\imagehlp.dll
0x00007ffb6c940000 - 0x00007ffb6c973000 	C:\WINDOWS\system32\rsaenh.dll
0x00007ffb6d830000 - 0x00007ffb6d856000 	C:\WINDOWS\System32\bcrypt.dll
0x00007ffb07a80000 - 0x00007ffb08fa3000 	C:\WINDOWS\System32\DriverStore\FileRepository\nv_dispi.inf_amd64_9952681a7bb1dfac\nvd3dumx.dll
0x00007ffb2eab0000 - 0x00007ffb2ed67000 	C:\WINDOWS\system32\nvspcap64.dll
0x00007ffb6c620000 - 0x00007ffb6c651000 	C:\WINDOWS\SYSTEM32\ntmarta.dll
0x00007ffb6c1e0000 - 0x00007ffb6c202000 	C:\WINDOWS\SYSTEM32\gpapi.dll
0x00007ffb35640000 - 0x00007ffb356c2000 	C:\Program Files\Java\jdk-14.0.1\bin\freetype.dll
0x00007ffb35590000 - 0x00007ffb35636000 	C:\Program Files\Java\jdk-14.0.1\bin\fontmanager.dll
0x00007ffb53290000 - 0x00007ffb5332e000 	C:\WINDOWS\System32\TextInputFramework.dll
0x00007ffb689a0000 - 0x00007ffb68cca000 	C:\WINDOWS\System32\CoreUIComponents.dll
0x00007ffb6b160000 - 0x00007ffb6b234000 	C:\WINDOWS\System32\CoreMessaging.dll
0x00007ffb69490000 - 0x00007ffb695e3000 	C:\WINDOWS\SYSTEM32\wintypes.dll
0x00007ffb5dd70000 - 0x00007ffb5e016000 	C:\WINDOWS\System32\iertutil.dll
0x00007ffb4c020000 - 0x00007ffb4c031000 	C:\Program Files\Java\jdk-14.0.1\bin\jsound.dll
0x00007ffb42290000 - 0x00007ffb42329000 	C:\WINDOWS\SYSTEM32\DSOUND.dll
0x00007ffb6e920000 - 0x00007ffb6e9c2000 	C:\WINDOWS\System32\clbcatq.dll
0x00007ffb66d60000 - 0x00007ffb66dd2000 	C:\WINDOWS\System32\MMDevApi.dll
0x00007ffb6d360000 - 0x00007ffb6d38a000 	C:\WINDOWS\System32\DEVOBJ.dll
0x00007ffb61e40000 - 0x00007ffb61e84000 	C:\WINDOWS\SYSTEM32\wdmaud.drv
0x00007ffb69e30000 - 0x00007ffb69e39000 	C:\WINDOWS\SYSTEM32\ksuser.dll
0x00007ffb69160000 - 0x00007ffb6916a000 	C:\WINDOWS\SYSTEM32\AVRT.dll
0x00007ffb66ea0000 - 0x00007ffb66ffd000 	C:\WINDOWS\SYSTEM32\AUDIOSES.DLL
0x00007ffb687b0000 - 0x00007ffb687bd000 	C:\WINDOWS\SYSTEM32\msacm32.drv
0x00007ffb66250000 - 0x00007ffb6626c000 	C:\WINDOWS\SYSTEM32\MSACM32.dll
0x00007ffb66240000 - 0x00007ffb6624a000 	C:\WINDOWS\SYSTEM32\midimap.dll
0x00007ffb6bc60000 - 0x00007ffb6bc74000 	C:\WINDOWS\SYSTEM32\resourcepolicyclient.dll
0x00007ffb35520000 - 0x00007ffb35584000 	C:\Users\hayden\AppData\Local\Temp\lwjglhayden\3.2.4-build-5\lwjgl.dll
0x00007ffb354b0000 - 0x00007ffb35512000 	C:\Users\hayden\AppData\Local\Temp\lwjglhayden\3.2.4-build-5\glfw.dll
0x00007ffb3f680000 - 0x00007ffb3f6c3000 	C:\WINDOWS\SYSTEM32\dinput8.dll
0x00007ffb4a360000 - 0x00007ffb4a371000 	C:\WINDOWS\SYSTEM32\xinput1_4.dll
0x00007ffb51930000 - 0x00007ffb51a4a000 	C:\WINDOWS\SYSTEM32\inputhost.dll
0x00007ffb69f60000 - 0x00007ffb6a04f000 	C:\WINDOWS\SYSTEM32\PROPSYS.dll
0x00007ffb6c1d0000 - 0x00007ffb6c1de000 	C:\WINDOWS\SYSTEM32\HID.DLL
0x00007ffb6edf0000 - 0x00007ffb6f260000 	C:\WINDOWS\System32\SETUPAPI.DLL
0x00007ffb05350000 - 0x00007ffb07a74000 	C:\WINDOWS\System32\DriverStore\FileRepository\nv_dispi.inf_amd64_9952681a7bb1dfac\nvoglv64.dll
0x00007ffb6a0b0000 - 0x00007ffb6a0c3000 	C:\WINDOWS\SYSTEM32\WTSAPI32.dll
0x00007ffb6d450000 - 0x00007ffb6d4ac000 	C:\WINDOWS\SYSTEM32\WINSTA.dll
0x00007ffb35250000 - 0x00007ffb352a9000 	C:\Users\hayden\AppData\Local\Temp\lwjglhayden\3.2.4-build-5\lwjgl_opengl.dll
0x00007ffb34cc0000 - 0x00007ffb34d39000 	C:\Users\hayden\AppData\Local\Temp\lwjglhayden\3.2.4-build-5\lwjgl_stb.dll
0x00007ffb66160000 - 0x00007ffb6620e000 	C:\WINDOWS\SYSTEM32\mscms.dll
0x00007ffb6d4e0000 - 0x00007ffb6d505000 	C:\WINDOWS\SYSTEM32\USERENV.dll
0x00007ffb65f50000 - 0x00007ffb65f67000 	C:\WINDOWS\SYSTEM32\ColorAdapterClient.dll
0x00007ffb40550000 - 0x00007ffb40593000 	C:\WINDOWS\SYSTEM32\icm32.dll
0x00007ffb56270000 - 0x00007ffb56319000 	C:\WINDOWS\WinSxS\amd64_microsoft.windows.common-controls_6595b64144ccf1df_5.82.18362.778_none_2a29d4a64667eb69\comctl32.dll
0x00007ffb67160000 - 0x00007ffb67176000 	C:\WINDOWS\system32\NetworkExplorer.dll
0x00007ffb67660000 - 0x00007ffb6780f000 	C:\WINDOWS\SYSTEM32\WindowsCodecs.dll
0x00007ffb4e2d0000 - 0x00007ffb4e32e000 	C:\Windows\System32\thumbcache.dll
0x00007ffb67960000 - 0x00007ffb679e6000 	C:\WINDOWS\SYSTEM32\policymanager.dll
0x00007ffb6a100000 - 0x00007ffb6a18a000 	C:\WINDOWS\SYSTEM32\msvcp110_win.dll
0x00007ffb55ab0000 - 0x00007ffb55acb000 	C:\WINDOWS\SYSTEM32\MPR.dll
0x00007ffb41c50000 - 0x00007ffb41c6b000 	C:\WINDOWS\System32\p9np.dll
0x00007ffb41c40000 - 0x00007ffb41c4b000 	C:\WINDOWS\System32\drprov.dll
0x00007ffb41c20000 - 0x00007ffb41c35000 	C:\WINDOWS\System32\ntlanman.dll
0x00007ffb41c00000 - 0x00007ffb41c1d000 	C:\WINDOWS\System32\davclnt.dll
0x00007ffb41bf0000 - 0x00007ffb41bfc000 	C:\WINDOWS\System32\DAVHLPR.dll
0x00007ffb69890000 - 0x00007ffb698a7000 	C:\WINDOWS\System32\wkscli.dll
0x00007ffb4be60000 - 0x00007ffb4be72000 	C:\WINDOWS\SYSTEM32\cscapi.dll
0x00007ffb6cbf0000 - 0x00007ffb6cbfc000 	C:\WINDOWS\System32\netutils.dll

dbghelp: loaded successfully - version: 4.0.5 - missing functions: none
symbol engine: initialized successfully - sym options: 0x614 - pdb path: .;C:\Program Files\Java\jdk-14.0.1\bin;C:\WINDOWS\SYSTEM32;C:\WINDOWS\WinSxS\amd64_microsoft.windows.common-controls_6595b64144ccf1df_6.0.18362.778_none_e6c6b761130d4fb8;C:\Program Files\Java\jdk-14.0.1\bin\server;C:\WINDOWS\System32\DriverStore\FileRepository\nv_dispi.inf_amd64_9952681a7bb1dfac;C:\Users\hayden\AppData\Local\Temp\lwjglhayden\3.2.4-build-5;C:\WINDOWS\WinSxS\amd64_microsoft.windows.common-controls_6595b64144ccf1df_5.82.18362.778_none_2a29d4a64667eb69;C:\WINDOWS\WinSxS\amd64_microsoft.windows.gdiplus_6595b64144ccf1df_1.1.18362.778_none_17b1aa466d9fc986;C:\Users\hayden\AppData\Local\Microsoft\OneDrive\20.064.0329.0005\amd64;C:\Users\hayden\Desktop\lib;C:\WINDOWS\WinSxS\amd64_microsoft.vc80.crt_1fc8b3b9a1e18e3b_8.0.50727.9659_none_88dfc6bf2faefcc6

VM Arguments:
jvm_args: -agentlib:jdwp=transport=dt_socket,address=127.0.0.1:58441,suspend=y,server=n -Djava.library.path=C:\Users\hayden\Desktop\lib -javaagent:C:\Users\hayden\AppData\Local\JetBrains\IntelliJIdea2020.1\groovyHotSwap\gragent.jar -javaagent:C:\Users\hayden\AppData\Local\JetBrains\IntelliJIdea2020.1\captureAgent\debugger-agent.jar -Dfile.encoding=UTF-8 
java_command: me.hydos.J64.Main
java_class_path (initial): E:\dev\fabric\mods\1.8.9\JCraft64\build\production\JCraft64.main;C:\Users\hayden\.gradle\caches\fabric-loom\yarn-20w17a+build.7-v2-final.jar;C:\Users\hayden\.gradle\caches\modules-2\files-2.1\org.joml\joml\1.9.20\49c9e036bf10adaf4f0483edc2d54dc4dad035b5\joml-1.9.20.jar;C:\Users\hayden\.gradle\caches\modules-2\files-2.1\org.lwjgl\lwjgl-assimp\3.2.4-SNAPSHOT\b8b7a5e6882e88896dfe9a099a301a91c5df980b\lwjgl-assimp-3.2.4-SNAPSHOT.jar;C:\Users\hayden\.gradle\caches\modules-2\files-2.1\org.lwjgl\lwjgl-glfw\3.2.4-SNAPSHOT\4465a4aaab50536af484e32c63fbac736d94bff2\lwjgl-glfw-3.2.4-SNAPSHOT.jar;C:\Users\hayden\.gradle\caches\modules-2\files-2.1\org.lwjgl\lwjgl-jemalloc\3.2.4-SNAPSHOT\d5d49a280213a7bee1c7046b03100cb4a4f3379f\lwjgl-jemalloc-3.2.4-SNAPSHOT.jar;C:\Users\hayden\.gradle\caches\modules-2\files-2.1\org.lwjgl\lwjgl-openal\3.2.4-SNAPSHOT\e8b74ac82114fa1b198730eed4e07fad16c416df\lwjgl-openal-3.2.4-SNAPSHOT.jar;C:\Users\hayden\.gradle\caches\modules-2\files-2.1\org.lwjgl\lwjgl-opengl\3.2.4-SNAPSHOT\9a83d9a7ff6e5fb98f2a79db3a538f0129b756ff\lwjgl-opengl-3.2.4-SNAPSHOT.jar;C:\Users\hayden\.gradle\caches\modules-2\files-2.1\org.lwjgl\lwjgl-stb\3.2.4-SNAPSHOT\97355448c6c8750733ff8cc6b701cda08ec28ed8\lwjgl-stb-3.2.4-SNAPSHOT.jar;C:\Users\hayden\.gradle\caches\modules-2\files-2.1\org.lwjgl\lwjgl-tinyfd\3.2.4-SNAPSHOT\43eac32bd2c138c1ee139f8e87387c3836888002\lwjgl-tinyfd-3.2.4-SNAPSHOT.jar;C:\Users\hayden\.gradle\caches\modules-2\files-2.1\org.lwjgl\lwjgl\3.2.4-SNAPSHOT\3b2e6246b0c27d9f2272c735911e8306dff81fb7\lwjgl-3.2.4-SNAPSHOT.jar;C:\Users\hayden\.gradle\caches\modules-2\files-2.1\com.mojang\patchy\1.1\aef610b34a1be37fa851825f12372b78424d8903\patchy-1.1.jar;C:\Users\hayden\.gradle\caches\modules-2\files-2.1\oshi-project\oshi-core\1.1\9ddf7b048a8d701be231c0f4f95fd986198fd2d8\oshi-core-1.1.jar;C:\Users\hayden\.gradle\caches\modules-2\files-2.1\net.java.dev.jna\jna\4.4.0\cb208278274bf12ebdb56c61bd7407e6f774d65a\jna-4.4.0.jar;C:\Users\hayden\.gradle\ca
Launcher Type: SUN_STANDARD

[Global flags]
     intx CICompilerCount                          = 4                                         {product} {ergonomic}
     uint ConcGCThreads                            = 3                                         {product} {ergonomic}
     uint G1ConcRefinementThreads                  = 10                                        {product} {ergonomic}
   size_t G1HeapRegionSize                         = 2097152                                   {product} {ergonomic}
    uintx GCDrainStackTargetSize                   = 64                                        {product} {ergonomic}
   size_t InitialHeapSize                          = 536870912                                 {product} {ergonomic}
   size_t MarkStackSize                            = 4194304                                   {product} {ergonomic}
   size_t MaxHeapSize                              = 8573157376                                {product} {ergonomic}
   size_t MaxNewSize                               = 5142216704                                {product} {ergonomic}
   size_t MinHeapDeltaBytes                        = 2097152                                   {product} {ergonomic}
   size_t MinHeapSize                              = 8388608                                   {product} {ergonomic}
    uintx NonNMethodCodeHeapSize                   = 5839372                                {pd product} {ergonomic}
    uintx NonProfiledCodeHeapSize                  = 122909434                              {pd product} {ergonomic}
    uintx ProfiledCodeHeapSize                     = 122909434                              {pd product} {ergonomic}
    uintx ReservedCodeCacheSize                    = 251658240                              {pd product} {ergonomic}
     bool SegmentedCodeCache                       = true                                      {product} {ergonomic}
   size_t SoftMaxHeapSize                          = 8573157376                             {manageable} {ergonomic}
     bool UseCompressedClassPointers               = true                                 {lp64_product} {ergonomic}
     bool UseCompressedOops                        = true                                 {lp64_product} {ergonomic}
     bool UseG1GC                                  = true                                      {product} {ergonomic}
     bool UseLargePagesIndividualAllocation        = false                                  {pd product} {ergonomic}

Logging:
Log output configuration:
 #0: stdout all=warning uptime,level,tags
 #1: stderr all=off uptime,level,tags

Environment Variables:
JAVA_HOME=C:\Program Files\AdoptOpenJDK\jdk-8.0.252.09-hotspot\
PATH=C:\Program Files\AdoptOpenJDK\jdk-8.0.252.09-hotspot\bin;C:\Program Files\Oculus\Support\oculus-runtime;C:\Program Files (x86)\Common Files\Oracle\Java\javapath;C:\Windows\system32;C:\Windows;C:\Windows\System32\Wbem;C:\Windows\System32\WindowsPowerShell\v1.0\;C:\Program Files\NVIDIA Corporation\NVIDIA NvDLISR;C:\Program Files (x86)\NVIDIA Corporation\PhysX\Common;C:\WINDOWS\system32;C:\WINDOWS;C:\WINDOWS\System32\Wbem;C:\WINDOWS\System32\WindowsPowerShell\v1.0\;C:\WINDOWS\System32\OpenSSH\;C:\Program Files (x86)\Project64 2.3;C:\Program Files\Java\jdk1.8.0_251\bin;C:\Program Files\Git\cmd;C:\gradle-6.3\bin;C:\Users\hayden\AppData\Local\Programs\Python\Python38-32\Scripts\;C:\Users\hayden\AppData\Local\Programs\Python\Python38-32\;C:\Users\hayden\AppData\Local\Microsoft\WindowsApps;C:\Users\hayden\AppData\Local\GitHubDesktop\bin;C:\Program Files\JetBrains\IntelliJ IDEA 2020.1\bin;;C:\Users\hayden\AppData\Local\Microsoft\WindowsApps;;C:\Users\hayden\AppData\Local\Programs\Microsoft VS Code\bin;C:\Program Files\JetBrains\WebStorm 2020.1\bin;
USERNAME=hayden
OS=Windows_NT
PROCESSOR_IDENTIFIER=AMD64 Family 23 Model 8 Stepping 2, AuthenticAMD



---------------  S Y S T E M  ---------------

OS: Windows 10 , 64 bit Build 18362 (10.0.18362.778)
OS uptime: 0 days 10:28 hours

CPU:total 12 (initial active 12) (12 cores per cpu, 2 threads per core) family 23 model 8 stepping 2, cmov, cx8, fxsr, mmx, sse, sse2, sse3, ssse3, sse4.1, sse4.2, popcnt, avx, avx2, aes, clmul, mmxext, 3dnowpref, lzcnt, sse4a, ht, tsc, tscinvbit, tscinv, bmi1, bmi2, adx, sha, fma

Memory: 4k page, system-wide physical 32699M (22479M free)
TotalPageFile size 32699M (AvailPageFile size 20083M)
current process WorkingSet (physical memory assigned to process): 226M, peak: 227M
current process commit charge ("private bytes"): 338M, peak: 730M

vm_info: Java HotSpot(TM) 64-Bit Server VM (14.0.1+7) for windows-amd64 JRE (14.0.1+7), built on Mar  5 2020 10:30:14 by "mach5one" with MS VC++ 15.9 (VS2017)

END.
