#
# A fatal error has been detected by the Java Runtime Environment:
#
#  EXCEPTION_ACCESS_VIOLATION (0xc0000005) at pc=0x00007ffb05a14013, pid=5832, tid=6608
#
# JRE version: Java(TM) SE Runtime Environment (14.0.1+7) (build 14.0.1+7)
# Java VM: Java HotSpot(TM) 64-Bit Server VM (14.0.1+7, mixed mode, sharing, tiered, compressed oops, g1 gc, windows-amd64)
# Problematic frame:
# C  [nvoglv64.dll+0x6c4013]
#
# No core dump will be written. Minidumps are not enabled by default on client versions of Windows
#
# If you would like to submit a bug report, please visit:
#   https://bugreport.java.com/bugreport/crash.jsp
# The crash happened outside the Java Virtual Machine in native code.
# See problematic frame for where to report the bug.
#

---------------  S U M M A R Y ------------

Command Line: -agentlib:jdwp=transport=dt_socket,address=127.0.0.1:58480,suspend=y,server=n -Djava.library.path=C:\Users\hayden\Desktop\lib -javaagent:C:\Users\hayden\AppData\Local\JetBrains\IntelliJIdea2020.1\groovyHotSwap\gragent.jar -javaagent:C:\Users\hayden\AppData\Local\JetBrains\IntelliJIdea2020.1\captureAgent\debugger-agent.jar -Dfile.encoding=UTF-8 me.hydos.J64.Main

Host: AMD Ryzen 5 2600 Six-Core Processor            , 12 cores, 31G,  Windows 10 , 64 bit Build 18362 (10.0.18362.778)
Time: Thu Apr 30 15:54:15 2020 E. Australia Standard Time elapsed time: 50 seconds (0d 0h 0m 50s)

---------------  T H R E A D  ---------------

Current thread (0x0000018cb4be6800):  JavaThread "main" [_thread_in_native, id=6608, stack(0x00000057da500000,0x00000057da600000)]

Stack: [0x00000057da500000,0x00000057da600000],  sp=0x00000057da5feb90,  free space=1018k
Native frames: (J=compiled Java code, j=interpreted, Vv=VM code, C=native code)
C  [nvoglv64.dll+0x6c4013]

Java frames: (J=compiled Java code, j=interpreted, Vv=VM code)
j  org.lwjgl.opengl.GL11C.nglDrawElements(IIIJ)V+0
j  org.lwjgl.opengl.GL11C.glDrawElements(IIIJ)V+4
j  org.lwjgl.opengl.GL11.glDrawElements(IIIJ)V+4
j  com.github.hydos.ginger.engine.opengl.render.renderers.GLGLVertexRenderer.render([Lgln64j/OpenGlGdp$GLVertex;)V+50
j  gln64j.OpenGlGdp.OGL_DrawTriangles()V+17
j  gln64j.rsp.Gsp.gSPFlushTriangles()V+50
j  gln64j.rsp.Gsp.gSP2Triangles(IIIIIIII)V+22
j  gln64j.opcodes.F3dex$5.exec(II)V+45
j  gln64j.rsp.Gsp.RSP_ProcessDList()V+276
j  gln64j.OpenGl$OGL_EventListener.lambda$display$0()V+129
j  gln64j.OpenGl$OGL_EventListener$$Lambda$180.run()V+0
j  me.hydos.J64.Main.main([Ljava/lang/String;)V+14
v  ~StubRoutines::call_stub

siginfo: EXCEPTION_ACCESS_VIOLATION (0xc0000005), reading address 0x0000000000000000


Register to memory mapping:

RIP=0x00007ffb05a14013 nvoglv64.dll
RAX=0x0 is NULL
RBX=0x0 is NULL
RCX=0x00000000ffffffe1 is an unknown value
RDX=0x0000018ce71e2510 points into unknown readable memory: 00 00 00 00 00 00 00 00
RSP=0x00000057da5feb90 is pointing into the stack for thread: 0x0000018cb4be6800
RBP=0x000000000000042c is an unknown value
RSI=0x0000000000000100 is an unknown value
RDI=0x0000018cee8bb080 points into unknown readable memory: 00 00 00 00 00 00 00 00
R8 =0x0000000000000008 is an unknown value
R9 =0x0000018ce71e24f4 points into unknown readable memory: 06 60 21 00
R10=0x0000000000000400 is an unknown value
R11=0x0000018ce71e250c points into unknown readable memory: 00 00 00 00
R12=0x0000018ce71e2510 points into unknown readable memory: 00 00 00 00 00 00 00 00
R13=0x0000000000001405 is an unknown value
R14=0x0 is NULL
R15=0x000000000000001f is an unknown value


Registers:
RAX=0x0000000000000000, RBX=0x0000000000000000, RCX=0x00000000ffffffe1, RDX=0x0000018ce71e2510
RSP=0x00000057da5feb90, RBP=0x000000000000042c, RSI=0x0000000000000100, RDI=0x0000018cee8bb080
R8 =0x0000000000000008, R9 =0x0000018ce71e24f4, R10=0x0000000000000400, R11=0x0000018ce71e250c
R12=0x0000018ce71e2510, R13=0x0000000000001405, R14=0x0000000000000000, R15=0x000000000000001f
RIP=0x00007ffb05a14013, EFLAGS=0x0000000000010297

Top of Stack: (sp=0x00000057da5feb90)
0x00000057da5feb90:   0000018cb4be6800 00000057da5fecf8
0x00000057da5feba0:   00000057da5fecb8 00007ffb32b09cb7
0x00000057da5febb0:   00000057da5febd0 0000018cb490b360
0x00000057da5febc0:   00000000014caabd 0000018cbebb03bb
0x00000057da5febd0:   0000018cf02f6cb8 0000018cb4be6800
0x00000057da5febe0:   0000000000000000 0000000000000000
0x00000057da5febf0:   00000057da5fecf8 0000018cf02f6cb8
0x00000057da5fec00:   0000000000000000 0000018cbeb4cda9
0x00000057da5fec10:   0000000000000000 0000018cbeb56182
0x00000057da5fec20:   00000057da5fecb8 0000005700000400
0x00000057da5fec30:   0000018cb4be6800 0000018cf02f6cb8
0x00000057da5fec40:   0000018c00001405 0000000000000000
0x00000057da5fec50:   00000057da5fed48 00000057da5fed00
0x00000057da5fec60:   00000057da5fed00 0000018cbeb55c0c
0x00000057da5fec70:   00000057da5fec70 0000018cf02f6cb8
0x00000057da5fec80:   00000057da5fecf8 0000018cf0311bb0 

Instructions: (pc=0x00007ffb05a14013)
0x00007ffb05a13f13:   50 38 00 48 8b ac 24 90 00 00 00 4c 8b bc 24 a0
0x00007ffb05a13f23:   00 00 00 48 8b 9c 24 a8 00 00 00 48 83 c4 60 41
0x00007ffb05a13f33:   5e 41 5d 41 5c 5f 5e c3 4c 8b 4f 40 8b c3 48 8b
0x00007ffb05a13f43:   4f 50 49 2b c9 48 c1 f9 02 85 c9 0f 49 c1 c1 e0
0x00007ffb05a13f53:   02 3b e8 72 16 8b d5 48 8b cf e8 9e 29 1f 00 4c
0x00007ffb05a13f63:   8b 4f 40 44 8b 94 24 98 00 00 00 8b c5 45 89 61
0x00007ffb05a13f73:   04 c1 e0 0b 83 c8 06 41 89 71 08 41 89 01 45 89
0x00007ffb05a13f83:   69 0c 4d 89 71 10 45 84 ff 0f 84 07 01 00 00 4c
0x00007ffb05a13f93:   8b 5f 40 41 8d 4e 0f 83 e1 f0 49 83 c3 18 41 2b
0x00007ffb05a13fa3:   ce 0f 57 db d1 f9 49 8b c6 44 8b c6 66 0f 7f 5c
0x00007ffb05a13fb3:   24 50 49 8d 53 04 03 ca 49 8d 53 04 f7 d9 83 e1
0x00007ffb05a13fc3:   0f 48 03 d1 4c 8b e2 41 f6 c6 0f 74 1b 45 85 c0
0x00007ffb05a13fd3:   74 16 8b 08 41 ff c8 66 89 0a 0b d9 48 83 c2 02
0x00007ffb05a13fe3:   48 83 c0 04 a8 0f 75 e5 41 83 f8 08 7e 66 66 0f
0x00007ffb05a13ff3:   6f 25 d7 07 5f 01 41 8d 48 f7 66 0f 6f 2d db 07
0x00007ffb05a14003:   5f 01 c1 e9 03 ff c1 44 8b f9 f7 d9 45 8d 04 c8
0x00007ffb05a14013:   f3 0f 6f 10 f3 0f 6f 48 10 66 0f 6f c2 66 0f eb
0x00007ffb05a14023:   c3 48 83 c0 20 66 0f 6f d8 66 0f eb d9 0f 18 00
0x00007ffb05a14033:   66 0f fe d4 66 0f fe cc 66 0f 6b d1 66 0f fd d5
0x00007ffb05a14043:   f3 0f 7f 12 48 83 c2 10 49 83 ef 01 75 c2 66 0f
0x00007ffb05a14053:   7f 5c 24 50 8b 4c 24 5c 0b 4c 24 58 0b 4c 24 54
0x00007ffb05a14063:   0b 4c 24 50 0b d9 45 85 c0 74 17 66 90 8b 08 0b
0x00007ffb05a14073:   d9 66 89 0a 48 8d 52 02 48 8d 40 04 41 83 e8 01
0x00007ffb05a14083:   75 eb 45 2b e3 45 89 23 f7 c3 00 00 ff ff 74 46
0x00007ffb05a14093:   ff 87 2c f0 55 00 48 8b 5f 40 49 8b d6 4d 63 c2
0x00007ffb05a140a3:   48 8d 4b 1c e8 24 44 92 00 c7 43 18 04 00 00 00
0x00007ffb05a140b3:   48 63 c5 48 83 e0 fc 48 01 47 40 48 8b 47 40 48
0x00007ffb05a140c3:   3b 47 48 0f 82 4a fe ff ff 48 8b cf e8 6c 24 1f
0x00007ffb05a140d3:   00 e9 3d fe ff ff 41 c7 41 0c 03 14 00 00 41 8b
0x00007ffb05a140e3:   2b 48 8b 47 40 83 c5 03 8d 6c 75 00 83 e5 fc 83
0x00007ffb05a140f3:   c5 18 8b cd c1 e1 0b 83 c9 06 89 08 8b 87 2c f0
0x00007ffb05a14103:   55 00 85 c0 74 aa ff c8 89 87 2c f0 55 00 eb a0 


Stack slot to memory mapping:
stack at sp + 0 slots: 0x0000018cb4be6800 is a thread
stack at sp + 1 slots: 0x00000057da5fecf8 is pointing into the stack for thread: 0x0000018cb4be6800
stack at sp + 2 slots: 0x00000057da5fecb8 is pointing into the stack for thread: 0x0000018cb4be6800
stack at sp + 3 slots: 0x00007ffb32b09cb7 jvm.dll
stack at sp + 4 slots: 0x00000057da5febd0 is pointing into the stack for thread: 0x0000018cb4be6800
stack at sp + 5 slots: 0x0000018cb490b360 points into unknown readable memory: 02 00 00 00 8c 01 00 00
stack at sp + 6 slots: 0x00000000014caabd is an unknown value
stack at sp + 7 slots: 0x0000018cbebb03bb is at code_begin+7867 in 
[CodeBlob (0x0000018cbebae490)]
Framesize: 0
BufferBlob (0x0000018cbebae490) used for native signature handlers


---------------  P R O C E S S  ---------------

Threads class SMR info:
_java_thread_list=0x0000018cef626020, length=23, elements={
0x0000018cb4be6800, 0x0000018ce4653000, 0x0000018ce4654800, 0x0000018ce465f800,
0x0000018ce466d000, 0x0000018ce466e000, 0x0000018ce4674800, 0x0000018ce4678800,
0x0000018ce4696000, 0x0000018ce47b6000, 0x0000018ce4835000, 0x0000018ce48f5800,
0x0000018ce48f8800, 0x0000018ce47ba800, 0x0000018ce47ba000, 0x0000018ce47b5000,
0x0000018ce47bb800, 0x0000018ce47b9000, 0x0000018ce47b7800, 0x0000018ce47b8800,
0x0000018cef524000, 0x0000018cef523000, 0x0000018cef521800
}

Java Threads: ( => current thread )
=>0x0000018cb4be6800 JavaThread "main" [_thread_in_native, id=6608, stack(0x00000057da500000,0x00000057da600000)]
  0x0000018ce4653000 JavaThread "Reference Handler" daemon [_thread_blocked, id=14532, stack(0x00000057dac00000,0x00000057dad00000)]
  0x0000018ce4654800 JavaThread "Finalizer" daemon [_thread_blocked, id=14528, stack(0x00000057dad00000,0x00000057dae00000)]
  0x0000018ce465f800 JavaThread "Signal Dispatcher" daemon [_thread_blocked, id=17284, stack(0x00000057dae00000,0x00000057daf00000)]
  0x0000018ce466d000 JavaThread "Attach Listener" daemon [_thread_blocked, id=2300, stack(0x00000057daf00000,0x00000057db000000)]
  0x0000018ce466e000 JavaThread "Service Thread" daemon [_thread_blocked, id=16472, stack(0x00000057db000000,0x00000057db100000)]
  0x0000018ce4674800 JavaThread "C2 CompilerThread0" daemon [_thread_blocked, id=12788, stack(0x00000057db100000,0x00000057db200000)]
  0x0000018ce4678800 JavaThread "C1 CompilerThread0" daemon [_thread_blocked, id=16860, stack(0x00000057db200000,0x00000057db300000)]
  0x0000018ce4696000 JavaThread "Sweeper thread" daemon [_thread_blocked, id=16616, stack(0x00000057db300000,0x00000057db400000)]
  0x0000018ce47b6000 JavaThread "Common-Cleaner" daemon [_thread_blocked, id=13120, stack(0x00000057db400000,0x00000057db500000)]
  0x0000018ce4835000 JavaThread "JDWP Transport Listener: dt_socket" daemon [_thread_blocked, id=12768, stack(0x00000057db600000,0x00000057db700000)]
  0x0000018ce48f5800 JavaThread "JDWP Event Helper Thread" daemon [_thread_blocked, id=13540, stack(0x00000057db700000,0x00000057db800000)]
  0x0000018ce48f8800 JavaThread "JDWP Command Reader" daemon [_thread_in_native, id=16292, stack(0x00000057db800000,0x00000057db900000)]
  0x0000018ce47ba800 JavaThread "Notification Thread" daemon [_thread_blocked, id=15212, stack(0x00000057db900000,0x00000057dba00000)]
  0x0000018ce47ba000 JavaThread "Java2D Disposer" daemon [_thread_blocked, id=14640, stack(0x00000057dbb00000,0x00000057dbc00000)]
  0x0000018ce47b5000 JavaThread "AWT-Shutdown" [_thread_blocked, id=10448, stack(0x00000057dbc00000,0x00000057dbd00000)]
  0x0000018ce47bb800 JavaThread "AWT-Windows" daemon [_thread_in_native, id=10976, stack(0x00000057dbd00000,0x00000057dbe00000)]
  0x0000018ce47b9000 JavaThread "AWT-EventQueue-0" [_thread_blocked, id=3356, stack(0x00000057dbf00000,0x00000057dc000000)]
  0x0000018ce47b7800 JavaThread "D3D Screen Updater" daemon [_thread_blocked, id=9244, stack(0x00000057dc000000,0x00000057dc100000)]
  0x0000018ce47b8800 JavaThread "Java Sound Event Dispatcher" daemon [_thread_blocked, id=16728, stack(0x00000057dcc00000,0x00000057dcd00000)]
  0x0000018cef524000 JavaThread "Thread-0" [_thread_blocked, id=2644, stack(0x00000057dd610000,0x00000057dd710000)]
  0x0000018cef523000 JavaThread "Swing-Shell" daemon [_thread_blocked, id=15952, stack(0x00000057dd940000,0x00000057dda40000)]
  0x0000018cef521800 JavaThread "TimerQueue" daemon [_thread_blocked, id=15956, stack(0x00000057ddc40000,0x00000057ddd40000)]

Other Threads:
  0x0000018ce3eab000 VMThread "VM Thread" [stack: 0x00000057dab00000,0x00000057dac00000] [id=17072]
  0x0000018ce52be000 WatcherThread [stack: 0x00000057dba00000,0x00000057dbb00000] [id=8764]
  0x0000018cb4c6a800 GCTaskThread "GC Thread#0" [stack: 0x00000057da600000,0x00000057da700000] [id=7584]
  0x0000018ce6c21800 GCTaskThread "GC Thread#1" [stack: 0x00000057dc100000,0x00000057dc200000] [id=6612]
  0x0000018ce6bed800 GCTaskThread "GC Thread#2" [stack: 0x00000057dc200000,0x00000057dc300000] [id=14508]
  0x0000018ce6bee000 GCTaskThread "GC Thread#3" [stack: 0x00000057dc300000,0x00000057dc400000] [id=5176]
  0x0000018ce6bf1000 GCTaskThread "GC Thread#4" [stack: 0x00000057dc400000,0x00000057dc500000] [id=15872]
  0x0000018ce6bf4000 GCTaskThread "GC Thread#5" [stack: 0x00000057dc500000,0x00000057dc600000] [id=7436]
  0x0000018ce6bf9000 GCTaskThread "GC Thread#6" [stack: 0x00000057dc600000,0x00000057dc700000] [id=13480]
  0x0000018ce6bfa000 GCTaskThread "GC Thread#7" [stack: 0x00000057dc700000,0x00000057dc800000] [id=12944]
  0x0000018ce6bfd800 GCTaskThread "GC Thread#8" [stack: 0x00000057dc800000,0x00000057dc900000] [id=12316]
  0x0000018ce6c02000 GCTaskThread "GC Thread#9" [stack: 0x00000057dc900000,0x00000057dca00000] [id=6024]
  0x0000018cb4c8d000 ConcurrentGCThread "G1 Main Marker" [stack: 0x00000057da700000,0x00000057da800000] [id=16628]
  0x0000018cb4c8f000 ConcurrentGCThread "G1 Conc#0" [stack: 0x00000057da800000,0x00000057da900000] [id=6532]
  0x0000018cef8c6800 ConcurrentGCThread "G1 Conc#1" [stack: 0x00000057ddd40000,0x00000057dde40000] [id=15536]
  0x0000018cef8cf000 ConcurrentGCThread "G1 Conc#2" [stack: 0x00000057dde40000,0x00000057ddf40000] [id=15136]
  0x0000018ce3e56000 ConcurrentGCThread "G1 Refine#0" [stack: 0x00000057da900000,0x00000057daa00000] [id=16760]
  0x0000018ce3e58000 ConcurrentGCThread "G1 Young RemSet Sampling" [stack: 0x00000057daa00000,0x00000057dab00000] [id=1412]

Threads with active compile tasks:

VM state:not at safepoint (normal execution)

VM Mutex/Monitor currently owned by a thread: None

Heap address: 0x0000000601000000, size: 8176 MB, Compressed Oops mode: Zero based, Oop shift amount: 3
Narrow klass base: 0x0000000800000000, Narrow klass shift: 3
Compressed class space size: 1073741824 Address: 0x0000000800b30000

Heap:
 garbage-first heap   total 110592K, used 57206K [0x0000000601000000, 0x0000000800000000)
  region size 2048K, 14 young (28672K), 3 survivors (6144K)
 Metaspace       used 24636K, capacity 24980K, committed 25088K, reserved 1071104K
  class space    used 2372K, capacity 2522K, committed 2560K, reserved 1048576K
Heap Regions: E=young(eden), S=young(survivor), O=old, HS=humongous(starts), HC=humongous(continues), CS=collection set, F=free, OA=open archive, CA=closed archive, TAMS=top-at-mark-start (previous, next)
|   0|0x0000000601000000, 0x0000000601200000, 0x0000000601200000|100%|HS|  |TAMS 0x0000000601200000, 0x0000000601000000| Complete 
|   1|0x0000000601200000, 0x0000000601400000, 0x0000000601400000|100%|HS|  |TAMS 0x0000000601400000, 0x0000000601200000| Complete 
|   2|0x0000000601400000, 0x0000000601600000, 0x0000000601600000|100%|HS|  |TAMS 0x0000000601600000, 0x0000000601400000| Complete 
|   3|0x0000000601600000, 0x0000000601800000, 0x0000000601800000|100%|HC|  |TAMS 0x0000000601800000, 0x0000000601600000| Complete 
|   4|0x0000000601800000, 0x0000000601a00000, 0x0000000601a00000|100%|HC|  |TAMS 0x0000000601a00000, 0x0000000601800000| Complete 
|   5|0x0000000601a00000, 0x0000000601c00000, 0x0000000601c00000|100%|HC|  |TAMS 0x0000000601c00000, 0x0000000601a00000| Complete 
|   6|0x0000000601c00000, 0x0000000601e00000, 0x0000000601e00000|100%|HC|  |TAMS 0x0000000601e00000, 0x0000000601c00000| Complete 
|   7|0x0000000601e00000, 0x0000000602000000, 0x0000000602000000|100%| O|  |TAMS 0x0000000602000000, 0x0000000601e00000| Untracked 
|   8|0x0000000602000000, 0x0000000602200000, 0x0000000602200000|100%| O|  |TAMS 0x0000000602200000, 0x0000000602000000| Untracked 
|   9|0x0000000602200000, 0x00000006022f1600, 0x0000000602400000| 47%| O|  |TAMS 0x00000006022f1600, 0x0000000602200000| Untracked 
|  10|0x0000000602400000, 0x0000000602600000, 0x0000000602600000|100%|HS|  |TAMS 0x0000000602400000, 0x0000000602400000| Complete 
|  11|0x0000000602600000, 0x0000000602800000, 0x0000000602800000|100%|HC|  |TAMS 0x0000000602600000, 0x0000000602600000| Complete 
|  12|0x0000000602800000, 0x0000000602a00000, 0x0000000602a00000|100%|HC|  |TAMS 0x0000000602800000, 0x0000000602800000| Complete 
|  13|0x0000000602a00000, 0x0000000602c00000, 0x0000000602c00000|100%|HS|  |TAMS 0x0000000602a00000, 0x0000000602a00000| Complete 
|  14|0x0000000602c00000, 0x0000000602e00000, 0x0000000602e00000|100%|HC|  |TAMS 0x0000000602c00000, 0x0000000602c00000| Complete 
|  15|0x0000000602e00000, 0x0000000603000000, 0x0000000603000000|100%|HC|  |TAMS 0x0000000602e00000, 0x0000000602e00000| Complete 
|  16|0x0000000603000000, 0x0000000603000000, 0x0000000603200000|  0%| F|  |TAMS 0x0000000603000000, 0x0000000603000000| Untracked 
|  17|0x0000000603200000, 0x0000000603200000, 0x0000000603400000|  0%| F|  |TAMS 0x0000000603200000, 0x0000000603200000| Untracked 
|  18|0x0000000603400000, 0x0000000603400000, 0x0000000603600000|  0%| F|  |TAMS 0x0000000603400000, 0x0000000603400000| Untracked 
|  19|0x0000000603600000, 0x0000000603600000, 0x0000000603800000|  0%| F|  |TAMS 0x0000000603600000, 0x0000000603600000| Untracked 
|  20|0x0000000603800000, 0x0000000603800000, 0x0000000603a00000|  0%| F|  |TAMS 0x0000000603800000, 0x0000000603800000| Untracked 
|  21|0x0000000603a00000, 0x0000000603a00000, 0x0000000603c00000|  0%| F|  |TAMS 0x0000000603a00000, 0x0000000603a00000| Untracked 
|  22|0x0000000603c00000, 0x0000000603c00000, 0x0000000603e00000|  0%| F|  |TAMS 0x0000000603c00000, 0x0000000603c00000| Untracked 
|  23|0x0000000603e00000, 0x0000000603e00000, 0x0000000604000000|  0%| F|  |TAMS 0x0000000603e00000, 0x0000000603e00000| Untracked 
|  24|0x0000000604000000, 0x0000000604000000, 0x0000000604200000|  0%| F|  |TAMS 0x0000000604000000, 0x0000000604000000| Untracked 
|  25|0x0000000604200000, 0x0000000604200000, 0x0000000604400000|  0%| F|  |TAMS 0x0000000604200000, 0x0000000604200000| Untracked 
|  26|0x0000000604400000, 0x0000000604400000, 0x0000000604600000|  0%| F|  |TAMS 0x0000000604400000, 0x0000000604400000| Untracked 
|  27|0x0000000604600000, 0x0000000604600000, 0x0000000604800000|  0%| F|  |TAMS 0x0000000604600000, 0x0000000604600000| Untracked 
|  28|0x0000000604800000, 0x0000000604800000, 0x0000000604a00000|  0%| F|  |TAMS 0x0000000604800000, 0x0000000604800000| Untracked 
|  29|0x0000000604a00000, 0x0000000604a00000, 0x0000000604c00000|  0%| F|  |TAMS 0x0000000604a00000, 0x0000000604a00000| Untracked 
|  30|0x0000000604c00000, 0x0000000604c00000, 0x0000000604e00000|  0%| F|  |TAMS 0x0000000604c00000, 0x0000000604c00000| Untracked 
|  31|0x0000000604e00000, 0x0000000604e00000, 0x0000000605000000|  0%| F|  |TAMS 0x0000000604e00000, 0x0000000604e00000| Untracked 
|  32|0x0000000605000000, 0x0000000605000000, 0x0000000605200000|  0%| F|  |TAMS 0x0000000605000000, 0x0000000605000000| Untracked 
|  33|0x0000000605200000, 0x0000000605200000, 0x0000000605400000|  0%| F|  |TAMS 0x0000000605200000, 0x0000000605200000| Untracked 
|  34|0x0000000605400000, 0x0000000605400000, 0x0000000605600000|  0%| F|  |TAMS 0x0000000605400000, 0x0000000605400000| Untracked 
|  35|0x0000000605600000, 0x0000000605600000, 0x0000000605800000|  0%| F|  |TAMS 0x0000000605600000, 0x0000000605600000| Untracked 
|  36|0x0000000605800000, 0x0000000605800000, 0x0000000605a00000|  0%| F|  |TAMS 0x0000000605800000, 0x0000000605800000| Untracked 
|  37|0x0000000605a00000, 0x0000000605a00000, 0x0000000605c00000|  0%| F|  |TAMS 0x0000000605a00000, 0x0000000605a00000| Untracked 
|  38|0x0000000605c00000, 0x0000000605c00000, 0x0000000605e00000|  0%| F|  |TAMS 0x0000000605c00000, 0x0000000605c00000| Untracked 
|  39|0x0000000605e00000, 0x0000000605e00000, 0x0000000606000000|  0%| F|  |TAMS 0x0000000605e00000, 0x0000000605e00000| Untracked 
|  40|0x0000000606000000, 0x00000006061014b0, 0x0000000606200000| 50%| E|  |TAMS 0x0000000606000000, 0x0000000606000000| Complete 
|  41|0x0000000606200000, 0x0000000606400000, 0x0000000606400000|100%| E|CS|TAMS 0x0000000606200000, 0x0000000606200000| Complete 
|  42|0x0000000606400000, 0x0000000606600000, 0x0000000606600000|100%| E|CS|TAMS 0x0000000606400000, 0x0000000606400000| Complete 
|  43|0x0000000606600000, 0x0000000606800000, 0x0000000606800000|100%| E|CS|TAMS 0x0000000606600000, 0x0000000606600000| Complete 
|  44|0x0000000606800000, 0x0000000606a00000, 0x0000000606a00000|100%| E|CS|TAMS 0x0000000606800000, 0x0000000606800000| Complete 
|  45|0x0000000606a00000, 0x0000000606c00000, 0x0000000606c00000|100%| E|CS|TAMS 0x0000000606a00000, 0x0000000606a00000| Complete 
|  46|0x0000000606c00000, 0x0000000606e00000, 0x0000000606e00000|100%| E|CS|TAMS 0x0000000606c00000, 0x0000000606c00000| Complete 
|  47|0x0000000606e00000, 0x0000000607000000, 0x0000000607000000|100%| E|CS|TAMS 0x0000000606e00000, 0x0000000606e00000| Complete 
| 243|0x000000061f600000, 0x000000061f6ec358, 0x000000061f800000| 46%| S|CS|TAMS 0x000000061f600000, 0x000000061f600000| Complete 
| 244|0x000000061f800000, 0x000000061fa00000, 0x000000061fa00000|100%| S|CS|TAMS 0x000000061f800000, 0x000000061f800000| Complete 
| 245|0x000000061fa00000, 0x000000061fc00000, 0x000000061fc00000|100%| S|CS|TAMS 0x000000061fa00000, 0x000000061fa00000| Complete 
| 253|0x0000000620a00000, 0x0000000620c00000, 0x0000000620c00000|100%| E|CS|TAMS 0x0000000620a00000, 0x0000000620a00000| Complete 
| 254|0x0000000620c00000, 0x0000000620e00000, 0x0000000620e00000|100%| E|CS|TAMS 0x0000000620c00000, 0x0000000620c00000| Complete 
| 255|0x0000000620e00000, 0x0000000621000000, 0x0000000621000000|100%| E|CS|TAMS 0x0000000620e00000, 0x0000000620e00000| Complete 

Card table byte_map: [0x0000018ccf7e0000,0x0000018cd07e0000] _byte_map_base: 0x0000018ccc7d8000

Marking Bits (Prev, Next): (CMBitMap*) 0x0000018cb4c6c5c8, (CMBitMap*) 0x0000018cb4c6c588
 Prev Bits: [0x0000018cd97a0000, 0x0000018ce1760000)
 Next Bits: [0x0000018cd17e0000, 0x0000018cd97a0000)

Polling page: 0x0000018cb4ca0000

Metaspace:

Usage:
  Non-class:     21.93 MB capacity,    21.74 MB (>99%) used,   149.85 KB ( <1%) free+waste,    43.38 KB ( <1%) overhead. 
      Class:      2.46 MB capacity,     2.32 MB ( 94%) used,   129.65 KB (  5%) free+waste,    20.31 KB ( <1%) overhead. 
       Both:     24.39 MB capacity,    24.06 MB ( 99%) used,   279.50 KB (  1%) free+waste,    63.69 KB ( <1%) overhead. 

Virtual space:
  Non-class space:       22.00 MB reserved,      22.00 MB (100%) committed 
      Class space:        1.00 GB reserved,       2.50 MB ( <1%) committed 
             Both:        1.02 GB reserved,      24.50 MB (  2%) committed 

Chunk freelists:
   Non-Class:  70.00 KB
       Class:  38.00 KB
        Both:  108.00 KB

MaxMetaspaceSize: 17179869184.00 GB
CompressedClassSpaceSize: 1.00 GB

CodeHeap 'non-profiled nmethods': size=120000Kb used=1160Kb max_used=1160Kb free=118839Kb
 bounds [0x0000018cc6610000, 0x0000018cc6880000, 0x0000018ccdb40000]
CodeHeap 'profiled nmethods': size=120000Kb used=6642Kb max_used=6642Kb free=113357Kb
 bounds [0x0000018cbf0e0000, 0x0000018cbf760000, 0x0000018cc6610000]
CodeHeap 'non-nmethods': size=5760Kb used=2073Kb max_used=2091Kb free=3686Kb
 bounds [0x0000018cbeb40000, 0x0000018cbedb0000, 0x0000018cbf0e0000]
 total_blobs=5381 nmethods=2999 adapters=1397
 compilation: enabled
              stopped_count=0, restarted_count=0
 full_count=0

Compilation events (20 events):
Event: 10.614 Thread 0x0000018ce4674800 nmethod 2985 0x0000018cc672e910 code [0x0000018cc672eaa0, 0x0000018cc672eb38]
Event: 10.615 Thread 0x0000018ce4678800 nmethod 2984 0x0000018cbf754290 code [0x0000018cbf754520, 0x0000018cbf755218]
Event: 10.615 Thread 0x0000018ce4678800 2987       3       me.hydos.J64.N64Cpu$10::run (24 bytes)
Event: 10.615 Thread 0x0000018ce4678800 nmethod 2987 0x0000018cbf755890 code [0x0000018cbf755a40, 0x0000018cbf755c88]
Event: 10.644 Thread 0x0000018ce4674800 2988   !   4       me.hydos.J64.N64Cpu$53::run (159 bytes)
Event: 10.652 Thread 0x0000018ce4674800 nmethod 2988 0x0000018cc672ec10 code [0x0000018cc672efe0, 0x0000018cc6730188]
Event: 16.711 Thread 0x0000018ce4678800 2989       3       sun.font.CompositeStrike::getGlyphImagePtrs (67 bytes)
Event: 16.711 Thread 0x0000018ce4678800 nmethod 2989 0x0000018cbf755d90 code [0x0000018cbf755f80, 0x0000018cbf7564f8]
Event: 16.711 Thread 0x0000018ce4678800 2994       3       sun.java2d.pipe.RenderBuffer::put (91 bytes)
Event: 16.711 Thread 0x0000018ce4674800 2995       4       java.awt.Image$1::getSurfaceManager (5 bytes)
Event: 16.712 Thread 0x0000018ce4678800 nmethod 2994 0x0000018cbf756810 code [0x0000018cbf756ac0, 0x0000018cbf7577e8]
Event: 16.712 Thread 0x0000018ce4678800 2990   !   3       sun.java2d.pipe.BufferedTextPipe::drawGlyphList (58 bytes)
Event: 16.712 Thread 0x0000018ce4674800 nmethod 2995 0x0000018cc6730890 code [0x0000018cc6730a20, 0x0000018cc6730af8]
Event: 16.712 Thread 0x0000018ce4678800 nmethod 2990 0x0000018cbf757e10 code [0x0000018cbf7580c0, 0x0000018cbf759028]
Event: 16.712 Thread 0x0000018ce4678800 2991       3       sun.java2d.d3d.D3DTextRenderer::validateContext (26 bytes)
Event: 16.712 Thread 0x0000018ce4678800 nmethod 2991 0x0000018cbf759590 code [0x0000018cbf759780, 0x0000018cbf759ca8]
Event: 16.713 Thread 0x0000018ce4678800 2992       3       sun.java2d.pipe.BufferedTextPipe::enqueueGlyphList (220 bytes)
Event: 16.713 Thread 0x0000018ce4678800 nmethod 2992 0x0000018cbf759f10 code [0x0000018cbf75a200, 0x0000018cbf75b268]
Event: 16.713 Thread 0x0000018ce4678800 2993       3       sun.java2d.pipe.BufferedTextPipe::createPackedParams (57 bytes)
Event: 16.713 Thread 0x0000018ce4678800 nmethod 2993 0x0000018cbf75ba10 code [0x0000018cbf75bbc0, 0x0000018cbf75be18]

GC Heap History (6 events):
Event: 1.212 GC heap before
{Heap before GC invocations=0 (full 0):
 garbage-first heap   total 524288K, used 38912K [0x0000000601000000, 0x0000000800000000)
  region size 2048K, 12 young (24576K), 0 survivors (0K)
 Metaspace       used 8673K, capacity 8932K, committed 9088K, reserved 1056768K
  class space    used 1004K, capacity 1114K, committed 1152K, reserved 1048576K
}
Event: 1.217 GC heap after
{Heap after GC invocations=1 (full 0):
 garbage-first heap   total 524288K, used 19507K [0x0000000601000000, 0x0000000800000000)
  region size 2048K, 2 young (4096K), 2 survivors (4096K)
 Metaspace       used 8673K, capacity 8932K, committed 9088K, reserved 1056768K
  class space    used 1004K, capacity 1114K, committed 1152K, reserved 1048576K
}
Event: 2.952 GC heap before
{Heap before GC invocations=1 (full 0):
 garbage-first heap   total 524288K, used 48179K [0x0000000601000000, 0x0000000800000000)
  region size 2048K, 17 young (34816K), 2 survivors (4096K)
 Metaspace       used 16206K, capacity 16492K, committed 16768K, reserved 1064960K
  class space    used 1417K, capacity 1549K, committed 1664K, reserved 1048576K
}
Event: 2.955 GC heap after
{Heap after GC invocations=2 (full 0):
 garbage-first heap   total 524288K, used 20936K [0x0000000601000000, 0x0000000800000000)
  region size 2048K, 1 young (2048K), 1 survivors (2048K)
 Metaspace       used 16206K, capacity 16492K, committed 16768K, reserved 1064960K
  class space    used 1417K, capacity 1549K, committed 1664K, reserved 1048576K
}
Event: 5.174 GC heap before
{Heap before GC invocations=2 (full 0):
 garbage-first heap   total 524288K, used 39368K [0x0000000601000000, 0x0000000800000000)
  region size 2048K, 11 young (22528K), 1 survivors (2048K)
 Metaspace       used 20795K, capacity 21079K, committed 21248K, reserved 1069056K
  class space    used 2046K, capacity 2180K, committed 2304K, reserved 1048576K
}
Event: 5.177 GC heap after
{Heap after GC invocations=3 (full 0):
 garbage-first heap   total 524288K, used 24438K [0x0000000601000000, 0x0000000800000000)
  region size 2048K, 3 young (6144K), 3 survivors (6144K)
 Metaspace       used 20795K, capacity 21079K, committed 21248K, reserved 1069056K
  class space    used 2046K, capacity 2180K, committed 2304K, reserved 1048576K
}

Deoptimization events (20 events):
Event: 10.087 Thread 0x0000018cef524000 Uncommon trap: trap_request=0xffffff45 fr.pc=0x0000018cc6701518 relative=0x0000000000000078
Event: 10.087 Thread 0x0000018cef524000 Uncommon trap: reason=unstable_if action=reinterpret pc=0x0000018cc6701518 method=me.hydos.J64.N64Cpu.testInterpreterJump(IIII)I @ 2 c2
Event: 10.087 Thread 0x0000018cef524000 DEOPT PACKING pc=0x0000018cc6701518 sp=0x00000057dd70f230
Event: 10.087 Thread 0x0000018cef524000 DEOPT UNPACKING pc=0x0000018cbeb8912f sp=0x00000057dd70f1b0 mode 2
Event: 10.110 Thread 0x0000018cef524000 Uncommon trap: trap_request=0xffffff45 fr.pc=0x0000018cc6704d60 relative=0x0000000000000b20
Event: 10.110 Thread 0x0000018cef524000 Uncommon trap: reason=unstable_if action=reinterpret pc=0x0000018cc6704d60 method=me.hydos.J64.N64Cpu.jumpTo(I)V @ 24 c2
Event: 10.110 Thread 0x0000018cef524000 DEOPT PACKING pc=0x0000018cc6704d60 sp=0x00000057dd70f290
Event: 10.110 Thread 0x0000018cef524000 DEOPT UNPACKING pc=0x0000018cbeb8912f sp=0x00000057dd70f1e0 mode 2
Event: 10.344 Thread 0x0000018cef524000 Uncommon trap: trap_request=0xffffff45 fr.pc=0x0000018cc6727bc4 relative=0x00000000000009e4
Event: 10.344 Thread 0x0000018cef524000 Uncommon trap: reason=unstable_if action=reinterpret pc=0x0000018cc6727bc4 method=me.hydos.J64.hardware.Memory.lwNonMemory(I)I @ 72 c2
Event: 10.344 Thread 0x0000018cef524000 DEOPT PACKING pc=0x0000018cc6727bc4 sp=0x00000057dd70f220
Event: 10.344 Thread 0x0000018cef524000 DEOPT UNPACKING pc=0x0000018cbeb8912f sp=0x00000057dd70f190 mode 2
Event: 10.344 Thread 0x0000018cef524000 Uncommon trap: trap_request=0xffffff45 fr.pc=0x0000018cc6723c64 relative=0x0000000000000604
Event: 10.344 Thread 0x0000018cef524000 Uncommon trap: reason=unstable_if action=reinterpret pc=0x0000018cc6723c64 method=me.hydos.J64.N64Cpu.testInterpreterJump(IIII)I @ 2 c2
Event: 10.344 Thread 0x0000018cef524000 DEOPT PACKING pc=0x0000018cc6723c64 sp=0x00000057dd70f2a0
Event: 10.344 Thread 0x0000018cef524000 DEOPT UNPACKING pc=0x0000018cbeb8912f sp=0x00000057dd70f1b8 mode 2
Event: 10.591 Thread 0x0000018cef524000 Uncommon trap: trap_request=0xffffff45 fr.pc=0x0000018cc6721650 relative=0x0000000000000410
Event: 10.591 Thread 0x0000018cef524000 Uncommon trap: reason=unstable_if action=reinterpret pc=0x0000018cc6721650 method=me.hydos.J64.hardware.Cop0.timerDone()V @ 16 c2
Event: 10.591 Thread 0x0000018cef524000 DEOPT PACKING pc=0x0000018cc6721650 sp=0x00000057dd70f230
Event: 10.591 Thread 0x0000018cef524000 DEOPT UNPACKING pc=0x0000018cbeb8912f sp=0x00000057dd70f170 mode 2

Classes unloaded (0 events):
No events

Classes redefined (0 events):
No events

Internal exceptions (20 events):
Event: 1.499 Thread 0x0000018cb4be6800 Exception <a 'sun/nio/fs/WindowsException'{0x00000006209e76e0}> (0x00000006209e76e0) 
thrown [./open/src/hotspot/share/prims/jni.cpp, line 599]
Event: 2.057 Thread 0x0000018cb4be6800 Exception <a 'sun/nio/fs/WindowsException'{0x0000000620438b18}> (0x0000000620438b18) 
thrown [./open/src/hotspot/share/prims/jni.cpp, line 599]
Event: 2.057 Thread 0x0000018cb4be6800 Exception <a 'sun/nio/fs/WindowsException'{0x0000000620438ec8}> (0x0000000620438ec8) 
thrown [./open/src/hotspot/share/prims/jni.cpp, line 599]
Event: 2.060 Thread 0x0000018cb4be6800 Exception <a 'sun/nio/fs/WindowsException'{0x000000062045bcd0}> (0x000000062045bcd0) 
thrown [./open/src/hotspot/share/prims/jni.cpp, line 599]
Event: 2.060 Thread 0x0000018cb4be6800 Exception <a 'sun/nio/fs/WindowsException'{0x000000062045bfc0}> (0x000000062045bfc0) 
thrown [./open/src/hotspot/share/prims/jni.cpp, line 599]
Event: 2.085 Thread 0x0000018cb4be6800 Exception <a 'sun/nio/fs/WindowsException'{0x0000000620278be8}> (0x0000000620278be8) 
thrown [./open/src/hotspot/share/prims/jni.cpp, line 599]
Event: 2.085 Thread 0x0000018cb4be6800 Exception <a 'sun/nio/fs/WindowsException'{0x0000000620278f90}> (0x0000000620278f90) 
thrown [./open/src/hotspot/share/prims/jni.cpp, line 599]
Event: 2.085 Thread 0x0000018cb4be6800 Exception <a 'sun/nio/fs/WindowsException'{0x0000000620279a50}> (0x0000000620279a50) 
thrown [./open/src/hotspot/share/prims/jni.cpp, line 599]
Event: 2.085 Thread 0x0000018cb4be6800 Exception <a 'sun/nio/fs/WindowsException'{0x0000000620279d40}> (0x0000000620279d40) 
thrown [./open/src/hotspot/share/prims/jni.cpp, line 599]
Event: 2.086 Thread 0x0000018cb4be6800 Exception <a 'sun/nio/fs/WindowsException'{0x000000062027b198}> (0x000000062027b198) 
thrown [./open/src/hotspot/share/prims/jni.cpp, line 599]
Event: 2.086 Thread 0x0000018cb4be6800 Exception <a 'sun/nio/fs/WindowsException'{0x000000062027b478}> (0x000000062027b478) 
thrown [./open/src/hotspot/share/prims/jni.cpp, line 599]
Event: 2.086 Thread 0x0000018cb4be6800 Exception <a 'sun/nio/fs/WindowsException'{0x000000062027be28}> (0x000000062027be28) 
thrown [./open/src/hotspot/share/prims/jni.cpp, line 599]
Event: 2.086 Thread 0x0000018cb4be6800 Exception <a 'sun/nio/fs/WindowsException'{0x000000062027c050}> (0x000000062027c050) 
thrown [./open/src/hotspot/share/prims/jni.cpp, line 599]
Event: 2.087 Thread 0x0000018cb4be6800 Exception <a 'java/lang/UnsatisfiedLinkError'{0x000000062027dfe0}> (0x000000062027dfe0) 
thrown [./open/src/hotspot/share/oops/instanceKlass.cpp, line 1083]
Event: 2.087 Thread 0x0000018cb4be6800 Exception <a 'java/lang/UnsatisfiedLinkError'{0x000000062027dfe0}> (0x000000062027dfe0) 
thrown [./open/src/hotspot/share/oops/instanceKlass.cpp, line 1083]
Event: 2.249 Thread 0x0000018cb4be6800 Exception <a 'sun/nio/fs/WindowsException'{0x000000061f256538}> (0x000000061f256538) 
thrown [./open/src/hotspot/share/prims/jni.cpp, line 599]
Event: 2.249 Thread 0x0000018cb4be6800 Exception <a 'sun/nio/fs/WindowsException'{0x000000061f2568c8}> (0x000000061f2568c8) 
thrown [./open/src/hotspot/share/prims/jni.cpp, line 599]
Event: 9.449 Thread 0x0000018cb4be6800 Exception <a 'java/lang/NoSuchMethodError'{0x0000000606ddeb08}: 'void java.lang.invoke.DirectMethodHandle$Holder.invokeStatic(java.lang.Object, int, int)'> (0x0000000606ddeb08) 
thrown [./open/src/hotspot/share/interpreter/linkResolver.cpp, line 766]
Event: 9.449 Thread 0x0000018cb4be6800 Exception <a 'java/lang/NoSuchMethodError'{0x0000000606de1590}: 'void java.lang.invoke.DirectMethodHandle$Holder.invokeStaticInit(java.lang.Object, int, int)'> (0x0000000606de1590) 
thrown [./open/src/hotspot/share/interpreter/linkResolver.cpp, line 766]
Event: 9.644 Thread 0x0000018ce47b9000 Exception <a 'java/lang/NoSuchMethodError'{0x0000000606314a30}: 'int java.lang.invoke.DirectMethodHandle$Holder.invokeSpecialIFC(java.lang.Object, java.lang.Object, int)'> (0x0000000606314a30) 
thrown [./open/src/hotspot/share/interpreter/linkResolver.cpp, line 766]

Events (20 events):
Event: 28.929 Executing VM operation: get/set locals
Event: 28.929 Executing VM operation: get/set locals done
Event: 50.256 Executing VM operation: GetFrameCount
Event: 50.256 Executing VM operation: GetFrameCount done
Event: 50.256 Executing VM operation: SetFramePop
Event: 50.256 Executing VM operation: SetFramePop done
Event: 50.256 Executing VM operation: GetFrameLocation
Event: 50.256 Executing VM operation: GetFrameLocation done
Event: 50.256 Executing VM operation: GetCurrentLocation
Event: 50.256 Executing VM operation: GetCurrentLocation done
Event: 50.256 Executing VM operation: ChangeSingleStep
Event: 50.256 Executing VM operation: ChangeSingleStep done
Event: 50.257 Executing VM operation: ChangeSingleStep
Event: 50.257 Executing VM operation: ChangeSingleStep done
Event: 50.257 Executing VM operation: GetCurrentLocation
Event: 50.257 Executing VM operation: GetCurrentLocation done
Event: 50.257 Executing VM operation: ChangeSingleStep
Event: 50.257 Executing VM operation: ChangeSingleStep done
Event: 50.257 Executing VM operation: ChangeSingleStep
Event: 50.257 Executing VM operation: ChangeSingleStep done


Dynamic libraries:
0x00007ff73dfd0000 - 0x00007ff73dfdf000 	C:\Program Files\Java\jdk-14.0.1\bin\java.exe
0x00007ffb706a0000 - 0x00007ffb70890000 	C:\WINDOWS\SYSTEM32\ntdll.dll
0x00007ffb6f870000 - 0x00007ffb6f922000 	C:\WINDOWS\System32\KERNEL32.DLL
0x00007ffb6d8b0000 - 0x00007ffb6db53000 	C:\WINDOWS\System32\KERNELBASE.dll
0x00007ffb6e6b0000 - 0x00007ffb6e7aa000 	C:\WINDOWS\System32\ucrtbase.dll
0x00007ffb50e50000 - 0x00007ffb50e65000 	C:\Program Files\Java\jdk-14.0.1\bin\VCRUNTIME140.dll
0x00007ffb66210000 - 0x00007ffb66228000 	C:\Program Files\Java\jdk-14.0.1\bin\jli.dll
0x00007ffb6ea50000 - 0x00007ffb6eaf3000 	C:\WINDOWS\System32\ADVAPI32.dll
0x00007ffb6f260000 - 0x00007ffb6f2fe000 	C:\WINDOWS\System32\msvcrt.dll
0x00007ffb6f460000 - 0x00007ffb6f4f7000 	C:\WINDOWS\System32\sechost.dll
0x00007ffb6ecd0000 - 0x00007ffb6edf0000 	C:\WINDOWS\System32\RPCRT4.dll
0x00007ffb703e0000 - 0x00007ffb70574000 	C:\WINDOWS\System32\USER32.dll
0x00007ffb6dde0000 - 0x00007ffb6de01000 	C:\WINDOWS\System32\win32u.dll
0x00007ffb5bed0000 - 0x00007ffb5c155000 	C:\WINDOWS\WinSxS\amd64_microsoft.windows.common-controls_6595b64144ccf1df_6.0.18362.778_none_e6c6b761130d4fb8\COMCTL32.dll
0x00007ffb70630000 - 0x00007ffb70656000 	C:\WINDOWS\System32\GDI32.dll
0x00007ffb6d690000 - 0x00007ffb6d824000 	C:\WINDOWS\System32\gdi32full.dll
0x00007ffb6f930000 - 0x00007ffb6fc66000 	C:\WINDOWS\System32\combase.dll
0x00007ffb6e590000 - 0x00007ffb6e62e000 	C:\WINDOWS\System32\msvcp_win.dll
0x00007ffb6e630000 - 0x00007ffb6e6b0000 	C:\WINDOWS\System32\bcryptPrimitives.dll
0x00007ffb67a20000 - 0x00007ffb67a2a000 	C:\WINDOWS\SYSTEM32\VERSION.dll
0x00007ffb6e8f0000 - 0x00007ffb6e91e000 	C:\WINDOWS\System32\IMM32.DLL
0x00007ffb3f580000 - 0x00007ffb3f61b000 	C:\Program Files\Java\jdk-14.0.1\bin\msvcp140.dll
0x00007ffb327d0000 - 0x00007ffb332ee000 	C:\Program Files\Java\jdk-14.0.1\bin\server\jvm.dll
0x00007ffb6f450000 - 0x00007ffb6f458000 	C:\WINDOWS\System32\PSAPI.DLL
0x00007ffb6b750000 - 0x00007ffb6b774000 	C:\WINDOWS\SYSTEM32\WINMM.dll
0x00007ffb48600000 - 0x00007ffb48609000 	C:\WINDOWS\SYSTEM32\WSOCK32.dll
0x00007ffb6f800000 - 0x00007ffb6f86f000 	C:\WINDOWS\System32\WS2_32.dll
0x00007ffb6b5b0000 - 0x00007ffb6b5dd000 	C:\WINDOWS\SYSTEM32\WINMMBASE.dll
0x00007ffb6d860000 - 0x00007ffb6d8aa000 	C:\WINDOWS\System32\cfgmgr32.dll
0x00007ffb6d5d0000 - 0x00007ffb6d5e1000 	C:\WINDOWS\System32\kernel.appcore.dll
0x00007ffb67180000 - 0x00007ffb6718a000 	C:\Program Files\Java\jdk-14.0.1\bin\jimage.dll
0x00007ffb5d530000 - 0x00007ffb5d724000 	C:\WINDOWS\SYSTEM32\DBGHELP.DLL
0x00007ffb5d330000 - 0x00007ffb5d35a000 	C:\WINDOWS\SYSTEM32\dbgcore.DLL
0x00007ffb41910000 - 0x00007ffb41948000 	C:\Program Files\Java\jdk-14.0.1\bin\jdwp.dll
0x00007ffb4fac0000 - 0x00007ffb4fae5000 	C:\Program Files\Java\jdk-14.0.1\bin\java.dll
0x00007ffb4fa80000 - 0x00007ffb4fa8e000 	C:\Program Files\Java\jdk-14.0.1\bin\instrument.dll
0x00007ffb4fa40000 - 0x00007ffb4fa56000 	C:\Program Files\Java\jdk-14.0.1\bin\zip.dll
0x00007ffb6fcf0000 - 0x00007ffb703d5000 	C:\WINDOWS\System32\SHELL32.dll
0x00007ffb70580000 - 0x00007ffb70629000 	C:\WINDOWS\System32\shcore.dll
0x00007ffb6de10000 - 0x00007ffb6e590000 	C:\WINDOWS\System32\windows.storage.dll
0x00007ffb6d660000 - 0x00007ffb6d683000 	C:\WINDOWS\System32\profapi.dll
0x00007ffb6d610000 - 0x00007ffb6d65a000 	C:\WINDOWS\System32\powrprof.dll
0x00007ffb6d5c0000 - 0x00007ffb6d5d0000 	C:\WINDOWS\System32\UMPDC.dll
0x00007ffb6f3f0000 - 0x00007ffb6f442000 	C:\WINDOWS\System32\shlwapi.dll
0x00007ffb6dd60000 - 0x00007ffb6dd77000 	C:\WINDOWS\System32\cryptsp.dll
0x00007ffb4c040000 - 0x00007ffb4c04b000 	C:\Program Files\Java\jdk-14.0.1\bin\dt_socket.dll
0x00007ffb6cae0000 - 0x00007ffb6cb1a000 	C:\WINDOWS\SYSTEM32\IPHLPAPI.DLL
0x00007ffb6cdd0000 - 0x00007ffb6ce37000 	C:\WINDOWS\system32\mswsock.dll
0x00007ffb4fa20000 - 0x00007ffb4fa39000 	C:\Program Files\Java\jdk-14.0.1\bin\net.dll
0x00007ffb69070000 - 0x00007ffb69160000 	C:\WINDOWS\SYSTEM32\WINHTTP.dll
0x00007ffb4a580000 - 0x00007ffb4a592000 	C:\Program Files\Java\jdk-14.0.1\bin\nio.dll
0x00007ffb67050000 - 0x00007ffb67060000 	C:\Program Files\Java\jdk-14.0.1\bin\verify.dll
0x00007ffb35530000 - 0x00007ffb356c8000 	C:\Program Files\Java\jdk-14.0.1\bin\awt.dll
0x00007ffb6f500000 - 0x00007ffb6f5c4000 	C:\WINDOWS\System32\OLEAUT32.dll
0x00007ffb6b870000 - 0x00007ffb6b8ff000 	C:\WINDOWS\SYSTEM32\apphelp.dll
0x00007ffb6b940000 - 0x00007ffb6b9d9000 	C:\WINDOWS\system32\uxtheme.dll
0x00007ffb6e7b0000 - 0x00007ffb6e8e6000 	C:\WINDOWS\System32\MSCTF.dll
0x00007ffb6eb70000 - 0x00007ffb6ecc7000 	C:\WINDOWS\System32\ole32.dll
0x00007ffb6bd60000 - 0x00007ffb6bd8d000 	C:\WINDOWS\system32\DWMAPI.DLL
0x00007ffb3f930000 - 0x00007ffb3fa86000 	C:\WINDOWS\system32\opengl32.dll
0x00007ffb61d60000 - 0x00007ffb61d8c000 	C:\WINDOWS\SYSTEM32\GLU32.dll
0x00007ffb6c2a0000 - 0x00007ffb6c2c0000 	C:\WINDOWS\SYSTEM32\dxcore.dll
0x00007ffb56890000 - 0x00007ffb56a57000 	C:\WINDOWS\system32\d3d9.dll
0x00007ffb63de0000 - 0x00007ffb63ecf000 	C:\WINDOWS\System32\DriverStore\FileRepository\nv_dispi.inf_amd64_9952681a7bb1dfac\nvldumdx.dll
0x00007ffb6dc10000 - 0x00007ffb6dd59000 	C:\WINDOWS\System32\crypt32.dll
0x00007ffb6d5f0000 - 0x00007ffb6d602000 	C:\WINDOWS\System32\MSASN1.dll
0x00007ffb67930000 - 0x00007ffb6795f000 	C:\WINDOWS\SYSTEM32\cryptnet.dll
0x00007ffb6cfa0000 - 0x00007ffb6cfac000 	C:\WINDOWS\SYSTEM32\cryptbase.dll
0x00007ffb6dd80000 - 0x00007ffb6dddc000 	C:\WINDOWS\System32\WINTRUST.DLL
0x00007ffb6f3d0000 - 0x00007ffb6f3ed000 	C:\WINDOWS\System32\imagehlp.dll
0x00007ffb6c940000 - 0x00007ffb6c973000 	C:\WINDOWS\system32\rsaenh.dll
0x00007ffb6d830000 - 0x00007ffb6d856000 	C:\WINDOWS\System32\bcrypt.dll
0x00007ffb07a80000 - 0x00007ffb08fa3000 	C:\WINDOWS\System32\DriverStore\FileRepository\nv_dispi.inf_amd64_9952681a7bb1dfac\nvd3dumx.dll
0x00007ffb2eab0000 - 0x00007ffb2ed67000 	C:\WINDOWS\system32\nvspcap64.dll
0x00007ffb6c620000 - 0x00007ffb6c651000 	C:\WINDOWS\SYSTEM32\ntmarta.dll
0x00007ffb6c1e0000 - 0x00007ffb6c202000 	C:\WINDOWS\SYSTEM32\gpapi.dll
0x00007ffb35970000 - 0x00007ffb359f2000 	C:\Program Files\Java\jdk-14.0.1\bin\freetype.dll
0x00007ffb34c90000 - 0x00007ffb34d36000 	C:\Program Files\Java\jdk-14.0.1\bin\fontmanager.dll
0x00007ffb53290000 - 0x00007ffb5332e000 	C:\WINDOWS\System32\TextInputFramework.dll
0x00007ffb689a0000 - 0x00007ffb68cca000 	C:\WINDOWS\System32\CoreUIComponents.dll
0x00007ffb6b160000 - 0x00007ffb6b234000 	C:\WINDOWS\System32\CoreMessaging.dll
0x00007ffb69490000 - 0x00007ffb695e3000 	C:\WINDOWS\SYSTEM32\wintypes.dll
0x00007ffb5dd70000 - 0x00007ffb5e016000 	C:\WINDOWS\System32\iertutil.dll
0x00007ffb4c020000 - 0x00007ffb4c031000 	C:\Program Files\Java\jdk-14.0.1\bin\jsound.dll
0x00007ffb42290000 - 0x00007ffb42329000 	C:\WINDOWS\SYSTEM32\DSOUND.dll
0x00007ffb6e920000 - 0x00007ffb6e9c2000 	C:\WINDOWS\System32\clbcatq.dll
0x00007ffb66d60000 - 0x00007ffb66dd2000 	C:\WINDOWS\System32\MMDevApi.dll
0x00007ffb6d360000 - 0x00007ffb6d38a000 	C:\WINDOWS\System32\DEVOBJ.dll
0x00007ffb61e40000 - 0x00007ffb61e84000 	C:\WINDOWS\SYSTEM32\wdmaud.drv
0x00007ffb69160000 - 0x00007ffb6916a000 	C:\WINDOWS\SYSTEM32\AVRT.dll
0x00007ffb69e30000 - 0x00007ffb69e39000 	C:\WINDOWS\SYSTEM32\ksuser.dll
0x00007ffb66ea0000 - 0x00007ffb66ffd000 	C:\WINDOWS\SYSTEM32\AUDIOSES.DLL
0x00007ffb687b0000 - 0x00007ffb687bd000 	C:\WINDOWS\SYSTEM32\msacm32.drv
0x00007ffb66250000 - 0x00007ffb6626c000 	C:\WINDOWS\SYSTEM32\MSACM32.dll
0x00007ffb66240000 - 0x00007ffb6624a000 	C:\WINDOWS\SYSTEM32\midimap.dll
0x00007ffb6bc60000 - 0x00007ffb6bc74000 	C:\WINDOWS\SYSTEM32\resourcepolicyclient.dll
0x00007ffb35900000 - 0x00007ffb35964000 	C:\Users\hayden\AppData\Local\Temp\lwjglhayden\3.2.4-build-5\lwjgl.dll
0x00007ffb354c0000 - 0x00007ffb35522000 	C:\Users\hayden\AppData\Local\Temp\lwjglhayden\3.2.4-build-5\glfw.dll
0x00007ffb35260000 - 0x00007ffb352a3000 	C:\WINDOWS\SYSTEM32\dinput8.dll
0x00007ffb4a360000 - 0x00007ffb4a371000 	C:\WINDOWS\SYSTEM32\xinput1_4.dll
0x00007ffb51930000 - 0x00007ffb51a4a000 	C:\WINDOWS\SYSTEM32\inputhost.dll
0x00007ffb69f60000 - 0x00007ffb6a04f000 	C:\WINDOWS\SYSTEM32\PROPSYS.dll
0x00007ffb6c1d0000 - 0x00007ffb6c1de000 	C:\WINDOWS\SYSTEM32\HID.DLL
0x00007ffb6edf0000 - 0x00007ffb6f260000 	C:\WINDOWS\System32\SETUPAPI.DLL
0x00007ffb05350000 - 0x00007ffb07a74000 	C:\WINDOWS\System32\DriverStore\FileRepository\nv_dispi.inf_amd64_9952681a7bb1dfac\nvoglv64.dll
0x00007ffb6a0b0000 - 0x00007ffb6a0c3000 	C:\WINDOWS\SYSTEM32\WTSAPI32.dll
0x00007ffb6d450000 - 0x00007ffb6d4ac000 	C:\WINDOWS\SYSTEM32\WINSTA.dll
0x00007ffb34c30000 - 0x00007ffb34c89000 	C:\Users\hayden\AppData\Local\Temp\lwjglhayden\3.2.4-build-5\lwjgl_opengl.dll
0x00007ffb34bb0000 - 0x00007ffb34c29000 	C:\Users\hayden\AppData\Local\Temp\lwjglhayden\3.2.4-build-5\lwjgl_stb.dll
0x00007ffb66160000 - 0x00007ffb6620e000 	C:\WINDOWS\SYSTEM32\mscms.dll
0x00007ffb6d4e0000 - 0x00007ffb6d505000 	C:\WINDOWS\SYSTEM32\USERENV.dll
0x00007ffb65f50000 - 0x00007ffb65f67000 	C:\WINDOWS\SYSTEM32\ColorAdapterClient.dll
0x00007ffb40550000 - 0x00007ffb40593000 	C:\WINDOWS\SYSTEM32\icm32.dll
0x00007ffb56270000 - 0x00007ffb56319000 	C:\WINDOWS\WinSxS\amd64_microsoft.windows.common-controls_6595b64144ccf1df_5.82.18362.778_none_2a29d4a64667eb69\comctl32.dll
0x00007ffb67160000 - 0x00007ffb67176000 	C:\WINDOWS\system32\NetworkExplorer.dll
0x00007ffb67660000 - 0x00007ffb6780f000 	C:\WINDOWS\SYSTEM32\WindowsCodecs.dll
0x00007ffb4e2d0000 - 0x00007ffb4e32e000 	C:\Windows\System32\thumbcache.dll
0x00007ffb67960000 - 0x00007ffb679e6000 	C:\WINDOWS\SYSTEM32\policymanager.dll
0x00007ffb6a100000 - 0x00007ffb6a18a000 	C:\WINDOWS\SYSTEM32\msvcp110_win.dll
0x00007ffb55ab0000 - 0x00007ffb55acb000 	C:\WINDOWS\SYSTEM32\MPR.dll
0x00007ffb41c50000 - 0x00007ffb41c6b000 	C:\WINDOWS\System32\p9np.dll
0x00007ffb41c40000 - 0x00007ffb41c4b000 	C:\WINDOWS\System32\drprov.dll
0x00007ffb41c20000 - 0x00007ffb41c35000 	C:\WINDOWS\System32\ntlanman.dll
0x00007ffb41c00000 - 0x00007ffb41c1d000 	C:\WINDOWS\System32\davclnt.dll
0x00007ffb41bf0000 - 0x00007ffb41bfc000 	C:\WINDOWS\System32\DAVHLPR.dll
0x00007ffb69890000 - 0x00007ffb698a7000 	C:\WINDOWS\System32\wkscli.dll
0x00007ffb4be60000 - 0x00007ffb4be72000 	C:\WINDOWS\SYSTEM32\cscapi.dll
0x00007ffb6cbf0000 - 0x00007ffb6cbfc000 	C:\WINDOWS\System32\netutils.dll

dbghelp: loaded successfully - version: 4.0.5 - missing functions: none
symbol engine: initialized successfully - sym options: 0x614 - pdb path: .;C:\Program Files\Java\jdk-14.0.1\bin;C:\WINDOWS\SYSTEM32;C:\WINDOWS\WinSxS\amd64_microsoft.windows.common-controls_6595b64144ccf1df_6.0.18362.778_none_e6c6b761130d4fb8;C:\Program Files\Java\jdk-14.0.1\bin\server;C:\WINDOWS\System32\DriverStore\FileRepository\nv_dispi.inf_amd64_9952681a7bb1dfac;C:\Users\hayden\AppData\Local\Temp\lwjglhayden\3.2.4-build-5;C:\WINDOWS\WinSxS\amd64_microsoft.windows.common-controls_6595b64144ccf1df_5.82.18362.778_none_2a29d4a64667eb69;C:\WINDOWS\WinSxS\amd64_microsoft.windows.gdiplus_6595b64144ccf1df_1.1.18362.778_none_17b1aa466d9fc986;C:\Users\hayden\AppData\Local\Microsoft\OneDrive\20.064.0329.0005\amd64;C:\Users\hayden\Desktop\lib;C:\WINDOWS\WinSxS\amd64_microsoft.vc80.crt_1fc8b3b9a1e18e3b_8.0.50727.9659_none_88dfc6bf2faefcc6

VM Arguments:
jvm_args: -agentlib:jdwp=transport=dt_socket,address=127.0.0.1:58480,suspend=y,server=n -Djava.library.path=C:\Users\hayden\Desktop\lib -javaagent:C:\Users\hayden\AppData\Local\JetBrains\IntelliJIdea2020.1\groovyHotSwap\gragent.jar -javaagent:C:\Users\hayden\AppData\Local\JetBrains\IntelliJIdea2020.1\captureAgent\debugger-agent.jar -Dfile.encoding=UTF-8 
java_command: me.hydos.J64.Main
java_class_path (initial): E:\dev\fabric\mods\1.8.9\JCraft64\build\production\JCraft64.main;C:\Users\hayden\.gradle\caches\fabric-loom\yarn-20w17a+build.7-v2-final.jar;C:\Users\hayden\.gradle\caches\modules-2\files-2.1\org.joml\joml\1.9.20\49c9e036bf10adaf4f0483edc2d54dc4dad035b5\joml-1.9.20.jar;C:\Users\hayden\.gradle\caches\modules-2\files-2.1\org.lwjgl\lwjgl-assimp\3.2.4-SNAPSHOT\b8b7a5e6882e88896dfe9a099a301a91c5df980b\lwjgl-assimp-3.2.4-SNAPSHOT.jar;C:\Users\hayden\.gradle\caches\modules-2\files-2.1\org.lwjgl\lwjgl-glfw\3.2.4-SNAPSHOT\4465a4aaab50536af484e32c63fbac736d94bff2\lwjgl-glfw-3.2.4-SNAPSHOT.jar;C:\Users\hayden\.gradle\caches\modules-2\files-2.1\org.lwjgl\lwjgl-jemalloc\3.2.4-SNAPSHOT\d5d49a280213a7bee1c7046b03100cb4a4f3379f\lwjgl-jemalloc-3.2.4-SNAPSHOT.jar;C:\Users\hayden\.gradle\caches\modules-2\files-2.1\org.lwjgl\lwjgl-openal\3.2.4-SNAPSHOT\e8b74ac82114fa1b198730eed4e07fad16c416df\lwjgl-openal-3.2.4-SNAPSHOT.jar;C:\Users\hayden\.gradle\caches\modules-2\files-2.1\org.lwjgl\lwjgl-opengl\3.2.4-SNAPSHOT\9a83d9a7ff6e5fb98f2a79db3a538f0129b756ff\lwjgl-opengl-3.2.4-SNAPSHOT.jar;C:\Users\hayden\.gradle\caches\modules-2\files-2.1\org.lwjgl\lwjgl-stb\3.2.4-SNAPSHOT\97355448c6c8750733ff8cc6b701cda08ec28ed8\lwjgl-stb-3.2.4-SNAPSHOT.jar;C:\Users\hayden\.gradle\caches\modules-2\files-2.1\org.lwjgl\lwjgl-tinyfd\3.2.4-SNAPSHOT\43eac32bd2c138c1ee139f8e87387c3836888002\lwjgl-tinyfd-3.2.4-SNAPSHOT.jar;C:\Users\hayden\.gradle\caches\modules-2\files-2.1\org.lwjgl\lwjgl\3.2.4-SNAPSHOT\3b2e6246b0c27d9f2272c735911e8306dff81fb7\lwjgl-3.2.4-SNAPSHOT.jar;C:\Users\hayden\.gradle\caches\modules-2\files-2.1\com.mojang\patchy\1.1\aef610b34a1be37fa851825f12372b78424d8903\patchy-1.1.jar;C:\Users\hayden\.gradle\caches\modules-2\files-2.1\oshi-project\oshi-core\1.1\9ddf7b048a8d701be231c0f4f95fd986198fd2d8\oshi-core-1.1.jar;C:\Users\hayden\.gradle\caches\modules-2\files-2.1\net.java.dev.jna\jna\4.4.0\cb208278274bf12ebdb56c61bd7407e6f774d65a\jna-4.4.0.jar;C:\Users\hayden\.gradle\ca
Launcher Type: SUN_STANDARD

[Global flags]
     intx CICompilerCount                          = 4                                         {product} {ergonomic}
     uint ConcGCThreads                            = 3                                         {product} {ergonomic}
     uint G1ConcRefinementThreads                  = 10                                        {product} {ergonomic}
   size_t G1HeapRegionSize                         = 2097152                                   {product} {ergonomic}
    uintx GCDrainStackTargetSize                   = 64                                        {product} {ergonomic}
   size_t InitialHeapSize                          = 536870912                                 {product} {ergonomic}
   size_t MarkStackSize                            = 4194304                                   {product} {ergonomic}
   size_t MaxHeapSize                              = 8573157376                                {product} {ergonomic}
   size_t MaxNewSize                               = 5142216704                                {product} {ergonomic}
   size_t MinHeapDeltaBytes                        = 2097152                                   {product} {ergonomic}
   size_t MinHeapSize                              = 8388608                                   {product} {ergonomic}
    uintx NonNMethodCodeHeapSize                   = 5839372                                {pd product} {ergonomic}
    uintx NonProfiledCodeHeapSize                  = 122909434                              {pd product} {ergonomic}
    uintx ProfiledCodeHeapSize                     = 122909434                              {pd product} {ergonomic}
    uintx ReservedCodeCacheSize                    = 251658240                              {pd product} {ergonomic}
     bool SegmentedCodeCache                       = true                                      {product} {ergonomic}
   size_t SoftMaxHeapSize                          = 8573157376                             {manageable} {ergonomic}
     bool UseCompressedClassPointers               = true                                 {lp64_product} {ergonomic}
     bool UseCompressedOops                        = true                                 {lp64_product} {ergonomic}
     bool UseG1GC                                  = true                                      {product} {ergonomic}
     bool UseLargePagesIndividualAllocation        = false                                  {pd product} {ergonomic}

Logging:
Log output configuration:
 #0: stdout all=warning uptime,level,tags
 #1: stderr all=off uptime,level,tags

Environment Variables:
JAVA_HOME=C:\Program Files\AdoptOpenJDK\jdk-8.0.252.09-hotspot\
PATH=C:\Program Files\AdoptOpenJDK\jdk-8.0.252.09-hotspot\bin;C:\Program Files\Oculus\Support\oculus-runtime;C:\Program Files (x86)\Common Files\Oracle\Java\javapath;C:\Windows\system32;C:\Windows;C:\Windows\System32\Wbem;C:\Windows\System32\WindowsPowerShell\v1.0\;C:\Program Files\NVIDIA Corporation\NVIDIA NvDLISR;C:\Program Files (x86)\NVIDIA Corporation\PhysX\Common;C:\WINDOWS\system32;C:\WINDOWS;C:\WINDOWS\System32\Wbem;C:\WINDOWS\System32\WindowsPowerShell\v1.0\;C:\WINDOWS\System32\OpenSSH\;C:\Program Files (x86)\Project64 2.3;C:\Program Files\Java\jdk1.8.0_251\bin;C:\Program Files\Git\cmd;C:\gradle-6.3\bin;C:\Users\hayden\AppData\Local\Programs\Python\Python38-32\Scripts\;C:\Users\hayden\AppData\Local\Programs\Python\Python38-32\;C:\Users\hayden\AppData\Local\Microsoft\WindowsApps;C:\Users\hayden\AppData\Local\GitHubDesktop\bin;C:\Program Files\JetBrains\IntelliJ IDEA 2020.1\bin;;C:\Users\hayden\AppData\Local\Microsoft\WindowsApps;;C:\Users\hayden\AppData\Local\Programs\Microsoft VS Code\bin;C:\Program Files\JetBrains\WebStorm 2020.1\bin;
USERNAME=hayden
OS=Windows_NT
PROCESSOR_IDENTIFIER=AMD64 Family 23 Model 8 Stepping 2, AuthenticAMD



---------------  S Y S T E M  ---------------

OS: Windows 10 , 64 bit Build 18362 (10.0.18362.778)
OS uptime: 0 days 10:33 hours

CPU:total 12 (initial active 12) (12 cores per cpu, 2 threads per core) family 23 model 8 stepping 2, cmov, cx8, fxsr, mmx, sse, sse2, sse3, ssse3, sse4.1, sse4.2, popcnt, avx, avx2, aes, clmul, mmxext, 3dnowpref, lzcnt, sse4a, ht, tsc, tscinvbit, tscinv, bmi1, bmi2, adx, sha, fma

Memory: 4k page, system-wide physical 32699M (22506M free)
TotalPageFile size 32699M (AvailPageFile size 20091M)
current process WorkingSet (physical memory assigned to process): 222M, peak: 227M
current process commit charge ("private bytes"): 342M, peak: 731M

vm_info: Java HotSpot(TM) 64-Bit Server VM (14.0.1+7) for windows-amd64 JRE (14.0.1+7), built on Mar  5 2020 10:30:14 by "mach5one" with MS VC++ 15.9 (VS2017)

END.
