#
# A fatal error has been detected by the Java Runtime Environment:
#
#  EXCEPTION_ACCESS_VIOLATION (0xc0000005) at pc=0x00007ffb533a8660, pid=13040, tid=6228
#
# JRE version: Java(TM) SE Runtime Environment (14.0.1+7) (build 14.0.1+7)
# Java VM: Java HotSpot(TM) 64-Bit Server VM (14.0.1+7, mixed mode, sharing, tiered, compressed oops, g1 gc, windows-amd64)
# Problematic frame:
# C  0x00007ffb533a8660
#
# No core dump will be written. Minidumps are not enabled by default on client versions of Windows
#
# If you would like to submit a bug report, please visit:
#   https://bugreport.java.com/bugreport/crash.jsp
# The crash happened outside the Java Virtual Machine in native code.
# See problematic frame for where to report the bug.
#

---------------  S U M M A R Y ------------

Command Line: -agentlib:jdwp=transport=dt_socket,address=127.0.0.1:49927,suspend=y,server=n -Dorg.lwjgl.util.Debug=true -Djava.library.path=C:\Users\hayden\Desktop\lib -javaagent:C:\Users\hayden\AppData\Local\JetBrains\IntelliJIdea2020.1\groovyHotSwap\gragent.jar -javaagent:C:\Users\hayden\AppData\Local\JetBrains\IntelliJIdea2020.1\captureAgent\debugger-agent.jar -Dfile.encoding=UTF-8 me.hydos.J64.Main Dorg.lwjgl.util.Debug=true

Host: AMD Ryzen 5 2600 Six-Core Processor            , 12 cores, 31G,  Windows 10 , 64 bit Build 18362 (10.0.18362.778)
Time: Fri May  1 14:10:44 2020 E. Australia Standard Time elapsed time: 13 seconds (0d 0h 0m 13s)

---------------  T H R E A D  ---------------

Current thread (0x00000234218c6000):  JavaThread "AWT-EventQueue-0" [_thread_in_native, id=6228, stack(0x000000c183600000,0x000000c183700000)]

Stack: [0x000000c183600000,0x000000c183700000],  sp=0x000000c1836fea48,  free space=1018k
Native frames: (J=compiled Java code, j=interpreted, Vv=VM code, C=native code)
C  0x00007ffb533a8660

Java frames: (J=compiled Java code, j=interpreted, Vv=VM code)
j  org.lwjgl.opengl.GL11C.glDrawArrays(III)V+0
j  org.lwjgl.opengl.GL11.glDrawArrays(III)V+3
j  com.github.hydos.ginger.engine.opengl.render.renderers.GLGLTriRenderer.render([Lgln64j/OpenGlGdp$GLVertex;)V+47
j  gln64j.OpenGlGdp.OGL_DrawTriangles()V+17
j  gln64j.rsp.Gsp.gSPFlushTriangles()V+50
j  gln64j.rsp.Gsp.gSP1Quadrangle(IIII)V+18
j  gln64j.opcodes.F3dex$6.exec(II)V+30
j  gln64j.rsp.Gsp.RSP_ProcessDList()V+276
j  gln64j.OpenGl$OGL_EventListener.display(Ljavax/media/opengl/GLAutoDrawable;)V+124
j  com.sun.opengl.impl.GLDrawableHelper.display(Ljavax/media/opengl/GLAutoDrawable;)V+29
j  javax.media.opengl.GLCanvas$DisplayAction.run()V+80
j  com.sun.opengl.impl.GLDrawableHelper.invokeGL(Ljavax/media/opengl/GLDrawable;Ljavax/media/opengl/GLContext;Ljava/lang/Runnable;Ljava/lang/Runnable;)V+418
j  javax.media.opengl.GLCanvas$DisplayOnEventDispatchThreadAction.run()V+35
J 1487 c1 java.awt.event.InvocationEvent.dispatch$$$capture()V java.desktop@14.0.1 (69 bytes) @ 0x0000023400869ef4 [0x0000023400869d80+0x0000000000000174]
J 1486 c1 java.awt.event.InvocationEvent.dispatch()V java.desktop@14.0.1 (18 bytes) @ 0x00000234008698a4 [0x00000234008697e0+0x00000000000000c4]
J 2835 c1 java.awt.EventQueue.dispatchEventImpl(Ljava/awt/AWTEvent;Ljava/lang/Object;)V java.desktop@14.0.1 (136 bytes) @ 0x0000023400bbcadc [0x0000023400bbb020+0x0000000000001abc]
J 1180 c1 java.awt.EventQueue$4.run()Ljava/lang/Void; java.desktop@14.0.1 (60 bytes) @ 0x000002340079f8dc [0x000002340079f780+0x000000000000015c]
J 1120 c1 java.awt.EventQueue.dispatchEvent(Ljava/awt/AWTEvent;)V java.desktop@14.0.1 (80 bytes) @ 0x000002340077dc64 [0x000002340077d300+0x0000000000000964]
J 1182 c1 java.awt.EventDispatchThread.pumpOneEventForFilters(I)V java.desktop@14.0.1 (113 bytes) @ 0x00000234007a15fc [0x00000234007a0e20+0x00000000000007dc]
j  java.awt.EventDispatchThread.pumpEventsForFilter(ILjava/awt/Conditional;Ljava/awt/EventFilter;)V+35 java.desktop@14.0.1
j  java.awt.EventDispatchThread.pumpEventsForHierarchy(ILjava/awt/Conditional;Ljava/awt/Component;)V+11 java.desktop@14.0.1
j  java.awt.EventDispatchThread.pumpEvents(ILjava/awt/Conditional;)V+4 java.desktop@14.0.1
j  java.awt.EventDispatchThread.pumpEvents(Ljava/awt/Conditional;)V+3 java.desktop@14.0.1
j  java.awt.EventDispatchThread.run()V+9 java.desktop@14.0.1
v  ~StubRoutines::call_stub

siginfo: EXCEPTION_ACCESS_VIOLATION (0xc0000005), reading address 0x0000000000000000


Register to memory mapping:

RIP=0x00007ffb533a8660 points into unknown readable memory: 0f 10 04 11 4c 03 c1 48
RAX=0x0000000000001000 is an unknown value
RBX=0x00000000000002a0 is an unknown value
RCX=0x000002342a3ae024 points into unknown readable memory: 00 00 00 00
RDX=0xfffffdcbd5c51fdc is an unknown value
RSP=0x000000c1836fea48 is pointing into the stack for thread: 0x00000234218c6000
RBP=0x0000000000000002 is an unknown value
RSI=0x0000000000000100 is an unknown value
RDI=0x000002342a3ae024 points into unknown readable memory: 00 00 00 00
R8 =0x0000000000001000 is an unknown value
R9 =0x0000000000000100 is an unknown value
R10=0x0 is NULL
R11=0x000002342a3ae024 points into unknown readable memory: 00 00 00 00
R12=0x0 is NULL
R13=0x00007ffb523c0000 points into unknown readable memory: 4d 5a 90 00 03 00 00 00
R14=0x0000000000000001 is an unknown value
R15=0x000002342b8113f8 points into unknown readable memory: 0c 00 00 00 04 00 00 00


Registers:
RAX=0x0000000000001000, RBX=0x00000000000002a0, RCX=0x000002342a3ae024, RDX=0xfffffdcbd5c51fdc
RSP=0x000000c1836fea48, RBP=0x0000000000000002, RSI=0x0000000000000100, RDI=0x000002342a3ae024
R8 =0x0000000000001000, R9 =0x0000000000000100, R10=0x0000000000000000, R11=0x000002342a3ae024
R12=0x0000000000000000, R13=0x00007ffb523c0000, R14=0x0000000000000001, R15=0x000002342b8113f8
RIP=0x00007ffb533a8660, EFLAGS=0x0000000000010246

Top of Stack: (sp=0x000000c1836fea48)
0x000000c1836fea48:   00007ffb52e0808c 00000000ffffffff
0x000000c1836fea58:   000000c1836fea58 000002342c070414
0x000000c1836fea68:   00007ffb52c7881b 0000000000000000
0x000000c1836fea78:   0000000000000000 0000000000000000
0x000000c1836fea88:   000000000080810b 000002342b8113f8
0x000000c1836fea98:   00007ffb52e08f9b 000002342b80d080
0x000000c1836feaa8:   0000000000000004 0000000000000100
0x000000c1836feab8:   000000003ecccccd 00000234218c6000
0x000000c1836feac8:   000000c1836feba0 000002342c3ec320
0x000000c1836fead8:   0000000000000000 000002340000cda9
0x000000c1836feae8:   0000023400016182 000002342c3ec328
0x000000c1836feaf8:   000000c1836feb70 0000000000000000
0x000000c1836feb08:   0000000000000000 000000c100000100
0x000000c1836feb18:   000000c1836feb88 000002340000cda9
0x000000c1836feb28:   000000c1836feb28 0000000000000000
0x000000c1836feb38:   000000c1836feba0 000002342c3f7400 

Instructions: (pc=0x00007ffb533a8660)
0x00007ffb533a8560:   b7 0a 44 0f b6 42 02 66 89 08 44 88 40 02 c3 0f
0x00007ffb533a8570:   b6 0a 88 08 c3 f3 0f 6f 02 f3 0f 7f 00 c3 66 90
0x00007ffb533a8580:   4c 8b 02 0f b7 4a 08 44 0f b6 4a 0a 4c 89 00 66
0x00007ffb533a8590:   89 48 08 44 88 48 0a c3 8b 0a 89 08 c3 0f 1f 00
0x00007ffb533a85a0:   8b 0a 44 0f b6 42 04 89 08 44 88 40 04 c3 66 90
0x00007ffb533a85b0:   8b 0a 44 0f b7 42 04 89 08 66 44 89 40 04 c3 90
0x00007ffb533a85c0:   8b 0a 44 0f b7 42 04 44 0f b6 4a 06 89 08 66 44
0x00007ffb533a85d0:   89 40 04 44 88 48 06 c3 4c 8b 02 8b 4a 08 44 0f
0x00007ffb533a85e0:   b6 4a 0c 4c 89 00 89 48 08 44 88 48 0c c3 66 90
0x00007ffb533a85f0:   4c 8b 02 0f b6 4a 08 4c 89 00 88 48 08 c3 66 90
0x00007ffb533a8600:   4c 8b 02 0f b7 4a 08 4c 89 00 66 89 48 08 c3 90
0x00007ffb533a8610:   4c 8b 02 8b 4a 08 4c 89 00 89 48 08 c3 0f 1f 00
0x00007ffb533a8620:   4c 8b 02 8b 4a 08 44 0f b7 4a 0c 4c 89 00 89 48
0x00007ffb533a8630:   08 66 44 89 48 0c c3 66 0f 1f 84 00 00 00 00 00
0x00007ffb533a8640:   4c 8b 02 8b 4a 08 44 0f b7 4a 0c 44 0f b6 52 0e
0x00007ffb533a8650:   4c 89 00 89 48 08 66 44 89 48 0c 44 88 50 0e c3
0x00007ffb533a8660:   0f 10 04 11 4c 03 c1 48 83 c1 10 41 f6 c3 0f 74
0x00007ffb533a8670:   13 0f 28 c8 48 83 e1 f0 0f 10 04 11 48 83 c1 10
0x00007ffb533a8680:   41 0f 11 0b 4c 2b c1 4d 8b c8 49 c1 e9 07 0f 84
0x00007ffb533a8690:   88 00 00 00 0f 29 41 f0 4c 3b 0d 49 db 51 01 76
0x00007ffb533a86a0:   17 e9 c2 00 00 00 66 66 0f 1f 84 00 00 00 00 00
0x00007ffb533a86b0:   0f 29 41 e0 0f 29 49 f0 0f 10 04 11 0f 10 4c 11
0x00007ffb533a86c0:   10 48 81 c1 80 00 00 00 0f 29 41 80 0f 29 49 90
0x00007ffb533a86d0:   0f 10 44 11 a0 0f 10 4c 11 b0 49 ff c9 0f 29 41
0x00007ffb533a86e0:   a0 0f 29 49 b0 0f 10 44 11 c0 0f 10 4c 11 d0 0f
0x00007ffb533a86f0:   29 41 c0 0f 29 49 d0 0f 10 44 11 e0 0f 10 4c 11
0x00007ffb533a8700:   f0 75 ad 0f 29 41 e0 49 83 e0 7f 0f 28 c1 eb 0c
0x00007ffb533a8710:   0f 10 04 11 48 83 c1 10 49 83 e8 10 4d 8b c8 49
0x00007ffb533a8720:   c1 e9 04 74 1c 66 66 66 0f 1f 84 00 00 00 00 00
0x00007ffb533a8730:   0f 11 41 f0 0f 10 04 11 48 83 c1 10 49 ff c9 75
0x00007ffb533a8740:   ef 49 83 e0 0f 74 0d 4a 8d 04 01 0f 10 4c 10 f0
0x00007ffb533a8750:   0f 11 48 f0 0f 11 41 f0 49 8b c3 c3 0f 1f 40 00 


Stack slot to memory mapping:
stack at sp + 0 slots: 0x00007ffb52e0808c points into unknown readable memory: 42 8b 44 3b
stack at sp + 1 slots: 0x00000000ffffffff is an unknown value
stack at sp + 2 slots: 0x000000c1836fea58 is pointing into the stack for thread: 0x00000234218c6000
stack at sp + 3 slots: 0x000002342c070414 is pointing into metadata
stack at sp + 4 slots: 0x00007ffb52c7881b points into unknown readable memory: 4c 63 4b 08 0f
stack at sp + 5 slots: 0x0 is NULL
stack at sp + 6 slots: 0x0 is NULL
stack at sp + 7 slots: 0x0 is NULL


---------------  P R O C E S S  ---------------

Threads class SMR info:
_java_thread_list=0x00000234223a3f80, length=24, elements={
0x00000234716ab000, 0x000002341f30f800, 0x000002341f312800, 0x000002341f32a800,
0x000002341f32d800, 0x000002341f32f800, 0x000002341f332800, 0x000002341f337000,
0x000002341f354800, 0x000002341f474000, 0x000002341f4d4800, 0x000002341f4c6000,
0x000002341f4ed800, 0x0000023420284000, 0x0000023420481800, 0x0000023420484800,
0x0000023420486000, 0x00000234218c6000, 0x0000023421944800, 0x0000023421e3c800,
0x0000023421f12800, 0x0000023421ea8000, 0x0000023421ea7000, 0x0000023421ea9000
}

Java Threads: ( => current thread )
  0x00000234716ab000 JavaThread "main" [_thread_blocked, id=3824, stack(0x000000c182600000,0x000000c182700000)]
  0x000002341f30f800 JavaThread "Reference Handler" daemon [_thread_blocked, id=11452, stack(0x000000c182d00000,0x000000c182e00000)]
  0x000002341f312800 JavaThread "Finalizer" daemon [_thread_blocked, id=9028, stack(0x000000c182e00000,0x000000c182f00000)]
  0x000002341f32a800 JavaThread "Signal Dispatcher" daemon [_thread_blocked, id=15848, stack(0x000000c182f00000,0x000000c183000000)]
  0x000002341f32d800 JavaThread "Attach Listener" daemon [_thread_blocked, id=14436, stack(0x000000c183000000,0x000000c183100000)]
  0x000002341f32f800 JavaThread "Service Thread" daemon [_thread_blocked, id=17272, stack(0x000000c183100000,0x000000c183200000)]
  0x000002341f332800 JavaThread "C2 CompilerThread0" daemon [_thread_blocked, id=16376, stack(0x000000c183200000,0x000000c183300000)]
  0x000002341f337000 JavaThread "C1 CompilerThread0" daemon [_thread_blocked, id=15752, stack(0x000000c183300000,0x000000c183400000)]
  0x000002341f354800 JavaThread "Sweeper thread" daemon [_thread_blocked, id=2268, stack(0x000000c183400000,0x000000c183500000)]
  0x000002341f474000 JavaThread "Common-Cleaner" daemon [_thread_blocked, id=5732, stack(0x000000c183500000,0x000000c183600000)]
  0x000002341f4d4800 JavaThread "JDWP Transport Listener: dt_socket" daemon [_thread_blocked, id=368, stack(0x000000c183700000,0x000000c183800000)]
  0x000002341f4c6000 JavaThread "JDWP Event Helper Thread" daemon [_thread_blocked, id=5696, stack(0x000000c183800000,0x000000c183900000)]
  0x000002341f4ed800 JavaThread "JDWP Command Reader" daemon [_thread_in_native, id=7656, stack(0x000000c183900000,0x000000c183a00000)]
  0x0000023420284000 JavaThread "Notification Thread" daemon [_thread_blocked, id=12256, stack(0x000000c183a00000,0x000000c183b00000)]
  0x0000023420481800 JavaThread "Java2D Disposer" daemon [_thread_blocked, id=9972, stack(0x000000c183c00000,0x000000c183d00000)]
  0x0000023420484800 JavaThread "AWT-Shutdown" [_thread_blocked, id=5184, stack(0x000000c183d00000,0x000000c183e00000)]
  0x0000023420486000 JavaThread "AWT-Windows" daemon [_thread_in_native, id=3588, stack(0x000000c183e00000,0x000000c183f00000)]
=>0x00000234218c6000 JavaThread "AWT-EventQueue-0" [_thread_in_native, id=6228, stack(0x000000c183600000,0x000000c183700000)]
  0x0000023421944800 JavaThread "D3D Screen Updater" daemon [_thread_blocked, id=12940, stack(0x000000c184100000,0x000000c184200000)]
  0x0000023421e3c800 JavaThread "Java Sound Event Dispatcher" daemon [_thread_blocked, id=6088, stack(0x000000c184d00000,0x000000c184e00000)]
  0x0000023421f12800 JavaThread "Thread-0" [_thread_blocked, id=14248, stack(0x000000c185100000,0x000000c185200000)]
  0x0000023421ea8000 JavaThread "Swing-Shell" daemon [_thread_blocked, id=9168, stack(0x000000c185300000,0x000000c185400000)]
  0x0000023421ea7000 JavaThread "TimerQueue" daemon [_thread_blocked, id=15204, stack(0x000000c185700000,0x000000c185800000)]
  0x0000023421ea9000 JavaThread "pool-1-thread-1" [_thread_blocked, id=4136, stack(0x000000c186100000,0x000000c186200000)]

Other Threads:
  0x000002341f308800 VMThread "VM Thread" [stack: 0x000000c182c00000,0x000000c182d00000] [id=15376]
  0x0000023420285000 WatcherThread [stack: 0x000000c183b00000,0x000000c183c00000] [id=8948]
  0x000002347172e800 GCTaskThread "GC Thread#0" [stack: 0x000000c182700000,0x000000c182800000] [id=6064]
  0x0000023421ceb000 GCTaskThread "GC Thread#1" [stack: 0x000000c184200000,0x000000c184300000] [id=11212]
  0x0000023421cec000 GCTaskThread "GC Thread#2" [stack: 0x000000c184300000,0x000000c184400000] [id=14648]
  0x0000023421cec800 GCTaskThread "GC Thread#3" [stack: 0x000000c184400000,0x000000c184500000] [id=15068]
  0x0000023421cf5000 GCTaskThread "GC Thread#4" [stack: 0x000000c184500000,0x000000c184600000] [id=11032]
  0x0000023421cf8000 GCTaskThread "GC Thread#5" [stack: 0x000000c184600000,0x000000c184700000] [id=16712]
  0x0000023421cfd000 GCTaskThread "GC Thread#6" [stack: 0x000000c184700000,0x000000c184800000] [id=14696]
  0x0000023421d00800 GCTaskThread "GC Thread#7" [stack: 0x000000c184800000,0x000000c184900000] [id=5764]
  0x0000023421d02000 GCTaskThread "GC Thread#8" [stack: 0x000000c184900000,0x000000c184a00000] [id=6404]
  0x0000023421d06000 GCTaskThread "GC Thread#9" [stack: 0x000000c184a00000,0x000000c184b00000] [id=15356]
  0x0000023471750000 ConcurrentGCThread "G1 Main Marker" [stack: 0x000000c182800000,0x000000c182900000] [id=15672]
  0x0000023471752000 ConcurrentGCThread "G1 Conc#0" [stack: 0x000000c182900000,0x000000c182a00000] [id=5692]
  0x000002342af1b000 ConcurrentGCThread "G1 Conc#1" [stack: 0x000000c185b00000,0x000000c185c00000] [id=14416]
  0x000002342219f800 ConcurrentGCThread "G1 Conc#2" [stack: 0x000000c185c00000,0x000000c185d00000] [id=5188]
  0x000002347f993800 ConcurrentGCThread "G1 Refine#0" [stack: 0x000000c182a00000,0x000000c182b00000] [id=11588]
  0x000002347f994800 ConcurrentGCThread "G1 Young RemSet Sampling" [stack: 0x000000c182b00000,0x000000c182c00000] [id=908]

Threads with active compile tasks:

VM state:not at safepoint (normal execution)

VM Mutex/Monitor currently owned by a thread: None

Heap address: 0x0000000601000000, size: 8176 MB, Compressed Oops mode: Zero based, Oop shift amount: 3
Narrow klass base: 0x0000000800000000, Narrow klass shift: 3
Compressed class space size: 1073741824 Address: 0x0000000800b30000

Heap:
 garbage-first heap   total 178176K, used 66450K [0x0000000601000000, 0x0000000800000000)
  region size 2048K, 11 young (22528K), 2 survivors (4096K)
 Metaspace       used 24633K, capacity 24984K, committed 25340K, reserved 1073152K
  class space    used 2367K, capacity 2521K, committed 2560K, reserved 1048576K
Heap Regions: E=young(eden), S=young(survivor), O=old, HS=humongous(starts), HC=humongous(continues), CS=collection set, F=free, OA=open archive, CA=closed archive, TAMS=top-at-mark-start (previous, next)
|   0|0x0000000601000000, 0x0000000601200000, 0x0000000601200000|100%|HS|  |TAMS 0x0000000601200000, 0x0000000601000000| Complete 
|   1|0x0000000601200000, 0x0000000601400000, 0x0000000601400000|100%|HS|  |TAMS 0x0000000601400000, 0x0000000601200000| Complete 
|   2|0x0000000601400000, 0x0000000601600000, 0x0000000601600000|100%|HS|  |TAMS 0x0000000601600000, 0x0000000601400000| Complete 
|   3|0x0000000601600000, 0x0000000601800000, 0x0000000601800000|100%|HC|  |TAMS 0x0000000601800000, 0x0000000601600000| Complete 
|   4|0x0000000601800000, 0x0000000601a00000, 0x0000000601a00000|100%|HC|  |TAMS 0x0000000601a00000, 0x0000000601800000| Complete 
|   5|0x0000000601a00000, 0x0000000601c00000, 0x0000000601c00000|100%|HC|  |TAMS 0x0000000601c00000, 0x0000000601a00000| Complete 
|   6|0x0000000601c00000, 0x0000000601e00000, 0x0000000601e00000|100%|HC|  |TAMS 0x0000000601e00000, 0x0000000601c00000| Complete 
|   7|0x0000000601e00000, 0x0000000602000000, 0x0000000602000000|100%| O|  |TAMS 0x0000000602000000, 0x0000000601e00000| Untracked 
|   8|0x0000000602000000, 0x0000000602200000, 0x0000000602200000|100%|HS|  |TAMS 0x0000000602200000, 0x0000000602000000| Complete 
|   9|0x0000000602200000, 0x0000000602400000, 0x0000000602400000|100%|HC|  |TAMS 0x0000000602400000, 0x0000000602200000| Complete 
|  10|0x0000000602400000, 0x0000000602600000, 0x0000000602600000|100%|HC|  |TAMS 0x0000000602600000, 0x0000000602400000| Complete 
|  11|0x0000000602600000, 0x0000000602800000, 0x0000000602800000|100%|HC|  |TAMS 0x0000000602800000, 0x0000000602600000| Complete 
|  12|0x0000000602800000, 0x0000000602a00000, 0x0000000602a00000|100%|HC|  |TAMS 0x0000000602a00000, 0x0000000602800000| Complete 
|  13|0x0000000602a00000, 0x0000000602c00000, 0x0000000602c00000|100%|HC|  |TAMS 0x0000000602c00000, 0x0000000602a00000| Complete 
|  14|0x0000000602c00000, 0x0000000602e00000, 0x0000000602e00000|100%|HC|  |TAMS 0x0000000602e00000, 0x0000000602c00000| Complete 
|  15|0x0000000602e00000, 0x0000000603000000, 0x0000000603000000|100%|HS|  |TAMS 0x0000000603000000, 0x0000000602e00000| Complete 
|  16|0x0000000603000000, 0x0000000603200000, 0x0000000603200000|100%|HC|  |TAMS 0x0000000603200000, 0x0000000603000000| Complete 
|  17|0x0000000603200000, 0x0000000603400000, 0x0000000603400000|100%|HC|  |TAMS 0x0000000603400000, 0x0000000603200000| Complete 
|  18|0x0000000603400000, 0x0000000603600000, 0x0000000603600000|100%|HS|  |TAMS 0x0000000603600000, 0x0000000603400000| Complete 
|  19|0x0000000603600000, 0x0000000603800000, 0x0000000603800000|100%|HC|  |TAMS 0x0000000603800000, 0x0000000603600000| Complete 
|  20|0x0000000603800000, 0x0000000603a00000, 0x0000000603a00000|100%|HC|  |TAMS 0x0000000603a00000, 0x0000000603800000| Complete 
|  21|0x0000000603a00000, 0x0000000603c00000, 0x0000000603c00000|100%| O|  |TAMS 0x0000000603c00000, 0x0000000603a00000| Untracked 
|  22|0x0000000603c00000, 0x0000000603d0da00, 0x0000000603e00000| 52%| O|  |TAMS 0x0000000603d0da00, 0x0000000603c00000| Untracked 
|  23|0x0000000603e00000, 0x0000000603e00000, 0x0000000604000000|  0%| F|  |TAMS 0x0000000603e00000, 0x0000000603e00000| Untracked 
|  24|0x0000000604000000, 0x0000000604000000, 0x0000000604200000|  0%| F|  |TAMS 0x0000000604000000, 0x0000000604000000| Untracked 
|  25|0x0000000604200000, 0x0000000604200000, 0x0000000604400000|  0%| F|  |TAMS 0x0000000604200000, 0x0000000604200000| Untracked 
|  26|0x0000000604400000, 0x0000000604400000, 0x0000000604600000|  0%| F|  |TAMS 0x0000000604400000, 0x0000000604400000| Untracked 
|  27|0x0000000604600000, 0x0000000604600000, 0x0000000604800000|  0%| F|  |TAMS 0x0000000604600000, 0x0000000604600000| Untracked 
|  28|0x0000000604800000, 0x0000000604800000, 0x0000000604a00000|  0%| F|  |TAMS 0x0000000604800000, 0x0000000604800000| Untracked 
|  29|0x0000000604a00000, 0x0000000604a00000, 0x0000000604c00000|  0%| F|  |TAMS 0x0000000604a00000, 0x0000000604a00000| Untracked 
|  30|0x0000000604c00000, 0x0000000604c00000, 0x0000000604e00000|  0%| F|  |TAMS 0x0000000604c00000, 0x0000000604c00000| Untracked 
|  31|0x0000000604e00000, 0x0000000604e00000, 0x0000000605000000|  0%| F|  |TAMS 0x0000000604e00000, 0x0000000604e00000| Untracked 
|  32|0x0000000605000000, 0x0000000605000000, 0x0000000605200000|  0%| F|  |TAMS 0x0000000605000000, 0x0000000605000000| Untracked 
|  33|0x0000000605200000, 0x0000000605200000, 0x0000000605400000|  0%| F|  |TAMS 0x0000000605200000, 0x0000000605200000| Untracked 
|  34|0x0000000605400000, 0x0000000605400000, 0x0000000605600000|  0%| F|  |TAMS 0x0000000605400000, 0x0000000605400000| Untracked 
|  35|0x0000000605600000, 0x0000000605600000, 0x0000000605800000|  0%| F|  |TAMS 0x0000000605600000, 0x0000000605600000| Untracked 
|  36|0x0000000605800000, 0x0000000605800000, 0x0000000605a00000|  0%| F|  |TAMS 0x0000000605800000, 0x0000000605800000| Untracked 
|  37|0x0000000605a00000, 0x0000000605a00000, 0x0000000605c00000|  0%| F|  |TAMS 0x0000000605a00000, 0x0000000605a00000| Untracked 
|  38|0x0000000605c00000, 0x0000000605c00000, 0x0000000605e00000|  0%| F|  |TAMS 0x0000000605c00000, 0x0000000605c00000| Untracked 
|  39|0x0000000605e00000, 0x0000000605e00000, 0x0000000606000000|  0%| F|  |TAMS 0x0000000605e00000, 0x0000000605e00000| Untracked 
|  40|0x0000000606000000, 0x0000000606000000, 0x0000000606200000|  0%| F|  |TAMS 0x0000000606000000, 0x0000000606000000| Untracked 
|  41|0x0000000606200000, 0x0000000606200000, 0x0000000606400000|  0%| F|  |TAMS 0x0000000606200000, 0x0000000606200000| Untracked 
|  42|0x0000000606400000, 0x0000000606400000, 0x0000000606600000|  0%| F|  |TAMS 0x0000000606400000, 0x0000000606400000| Untracked 
|  43|0x0000000606600000, 0x0000000606600000, 0x0000000606800000|  0%| F|  |TAMS 0x0000000606600000, 0x0000000606600000| Untracked 
|  44|0x0000000606800000, 0x0000000606800000, 0x0000000606a00000|  0%| F|  |TAMS 0x0000000606800000, 0x0000000606800000| Untracked 
|  45|0x0000000606a00000, 0x0000000606a00000, 0x0000000606c00000|  0%| F|  |TAMS 0x0000000606a00000, 0x0000000606a00000| Untracked 
|  46|0x0000000606c00000, 0x0000000606c00000, 0x0000000606e00000|  0%| F|  |TAMS 0x0000000606c00000, 0x0000000606c00000| Untracked 
|  47|0x0000000606e00000, 0x0000000606e00000, 0x0000000607000000|  0%| F|  |TAMS 0x0000000606e00000, 0x0000000606e00000| Untracked 
|  48|0x0000000607000000, 0x0000000607000000, 0x0000000607200000|  0%| F|  |TAMS 0x0000000607000000, 0x0000000607000000| Untracked 
|  49|0x0000000607200000, 0x0000000607200000, 0x0000000607400000|  0%| F|  |TAMS 0x0000000607200000, 0x0000000607200000| Untracked 
|  50|0x0000000607400000, 0x0000000607400000, 0x0000000607600000|  0%| F|  |TAMS 0x0000000607400000, 0x0000000607400000| Untracked 
|  51|0x0000000607600000, 0x0000000607600000, 0x0000000607800000|  0%| F|  |TAMS 0x0000000607600000, 0x0000000607600000| Untracked 
|  52|0x0000000607800000, 0x0000000607800000, 0x0000000607a00000|  0%| F|  |TAMS 0x0000000607800000, 0x0000000607800000| Untracked 
|  53|0x0000000607a00000, 0x0000000607a00000, 0x0000000607c00000|  0%| F|  |TAMS 0x0000000607a00000, 0x0000000607a00000| Untracked 
|  54|0x0000000607c00000, 0x0000000607c00000, 0x0000000607e00000|  0%| F|  |TAMS 0x0000000607c00000, 0x0000000607c00000| Untracked 
|  55|0x0000000607e00000, 0x0000000607e00000, 0x0000000608000000|  0%| F|  |TAMS 0x0000000607e00000, 0x0000000607e00000| Untracked 
|  56|0x0000000608000000, 0x0000000608000000, 0x0000000608200000|  0%| F|  |TAMS 0x0000000608000000, 0x0000000608000000| Untracked 
|  57|0x0000000608200000, 0x0000000608200000, 0x0000000608400000|  0%| F|  |TAMS 0x0000000608200000, 0x0000000608200000| Untracked 
|  58|0x0000000608400000, 0x0000000608400000, 0x0000000608600000|  0%| F|  |TAMS 0x0000000608400000, 0x0000000608400000| Untracked 
|  59|0x0000000608600000, 0x0000000608600000, 0x0000000608800000|  0%| F|  |TAMS 0x0000000608600000, 0x0000000608600000| Untracked 
|  60|0x0000000608800000, 0x0000000608800000, 0x0000000608a00000|  0%| F|  |TAMS 0x0000000608800000, 0x0000000608800000| Untracked 
|  61|0x0000000608a00000, 0x0000000608a00000, 0x0000000608c00000|  0%| F|  |TAMS 0x0000000608a00000, 0x0000000608a00000| Untracked 
|  62|0x0000000608c00000, 0x0000000608c00000, 0x0000000608e00000|  0%| F|  |TAMS 0x0000000608c00000, 0x0000000608c00000| Untracked 
|  63|0x0000000608e00000, 0x0000000608e00000, 0x0000000609000000|  0%| F|  |TAMS 0x0000000608e00000, 0x0000000608e00000| Untracked 
|  64|0x0000000609000000, 0x0000000609000000, 0x0000000609200000|  0%| F|  |TAMS 0x0000000609000000, 0x0000000609000000| Untracked 
|  65|0x0000000609200000, 0x0000000609200000, 0x0000000609400000|  0%| F|  |TAMS 0x0000000609200000, 0x0000000609200000| Untracked 
|  66|0x0000000609400000, 0x0000000609400000, 0x0000000609600000|  0%| F|  |TAMS 0x0000000609400000, 0x0000000609400000| Untracked 
|  67|0x0000000609600000, 0x0000000609600000, 0x0000000609800000|  0%| F|  |TAMS 0x0000000609600000, 0x0000000609600000| Untracked 
|  68|0x0000000609800000, 0x0000000609800000, 0x0000000609a00000|  0%| F|  |TAMS 0x0000000609800000, 0x0000000609800000| Untracked 
|  69|0x0000000609a00000, 0x0000000609a00000, 0x0000000609c00000|  0%| F|  |TAMS 0x0000000609a00000, 0x0000000609a00000| Untracked 
|  70|0x0000000609c00000, 0x0000000609c00000, 0x0000000609e00000|  0%| F|  |TAMS 0x0000000609c00000, 0x0000000609c00000| Untracked 
|  71|0x0000000609e00000, 0x0000000609e00000, 0x000000060a000000|  0%| F|  |TAMS 0x0000000609e00000, 0x0000000609e00000| Untracked 
|  72|0x000000060a000000, 0x000000060a000000, 0x000000060a200000|  0%| F|  |TAMS 0x000000060a000000, 0x000000060a000000| Untracked 
|  73|0x000000060a200000, 0x000000060a200000, 0x000000060a400000|  0%| F|  |TAMS 0x000000060a200000, 0x000000060a200000| Untracked 
|  74|0x000000060a400000, 0x000000060a400000, 0x000000060a600000|  0%| F|  |TAMS 0x000000060a400000, 0x000000060a400000| Untracked 
|  75|0x000000060a600000, 0x000000060a600000, 0x000000060a800000|  0%| F|  |TAMS 0x000000060a600000, 0x000000060a600000| Untracked 
|  76|0x000000060a800000, 0x000000060aa00000, 0x000000060aa00000|100%| E|  |TAMS 0x000000060a800000, 0x000000060a800000| Complete 
|  77|0x000000060aa00000, 0x000000060ac00000, 0x000000060ac00000|100%| E|CS|TAMS 0x000000060aa00000, 0x000000060aa00000| Complete 
|  78|0x000000060ac00000, 0x000000060ae00000, 0x000000060ae00000|100%| E|CS|TAMS 0x000000060ac00000, 0x000000060ac00000| Complete 
|  79|0x000000060ae00000, 0x000000060b000000, 0x000000060b000000|100%| E|CS|TAMS 0x000000060ae00000, 0x000000060ae00000| Complete 
|  80|0x000000060b000000, 0x000000060b200000, 0x000000060b200000|100%| E|CS|TAMS 0x000000060b000000, 0x000000060b000000| Complete 
|  81|0x000000060b200000, 0x000000060b400000, 0x000000060b400000|100%| E|CS|TAMS 0x000000060b200000, 0x000000060b200000| Complete 
|  82|0x000000060b400000, 0x000000060b600000, 0x000000060b600000|100%| E|CS|TAMS 0x000000060b400000, 0x000000060b400000| Complete 
|  83|0x000000060b600000, 0x000000060b800000, 0x000000060b800000|100%| E|CS|TAMS 0x000000060b600000, 0x000000060b600000| Complete 
| 243|0x000000061f600000, 0x000000061f7d6e30, 0x000000061f800000| 91%| S|CS|TAMS 0x000000061f600000, 0x000000061f600000| Complete 
| 244|0x000000061f800000, 0x000000061fa00000, 0x000000061fa00000|100%| S|CS|TAMS 0x000000061f800000, 0x000000061f800000| Complete 
| 255|0x0000000620e00000, 0x0000000621000000, 0x0000000621000000|100%| E|CS|TAMS 0x0000000620e00000, 0x0000000620e00000| Complete 

Card table byte_map: [0x000002347b380000,0x000002347c380000] _byte_map_base: 0x0000023478378000

Marking Bits (Prev, Next): (CMBitMap*) 0x000002347172f668, (CMBitMap*) 0x000002347172f628
 Prev Bits: [0x0000023416fc0000, 0x000002341ef80000)
 Next Bits: [0x000002340f000000, 0x0000023416fc0000)

Polling page: 0x000002346f460000

Metaspace:

Usage:
  Non-class:     21.94 MB capacity,    21.74 MB (>99%) used,   154.52 KB ( <1%) free+waste,    43.31 KB ( <1%) overhead. 
      Class:      2.46 MB capacity,     2.31 MB ( 94%) used,   132.88 KB (  5%) free+waste,    20.25 KB ( <1%) overhead. 
       Both:     24.40 MB capacity,    24.06 MB ( 99%) used,   287.39 KB (  1%) free+waste,    63.56 KB ( <1%) overhead. 

Virtual space:
  Non-class space:       24.00 MB reserved,      22.25 MB ( 93%) committed 
      Class space:        1.00 GB reserved,       2.50 MB ( <1%) committed 
             Both:        1.02 GB reserved,      24.75 MB (  2%) committed 

Chunk freelists:
   Non-Class:  125.00 KB
       Class:  7.00 KB
        Both:  132.00 KB

MaxMetaspaceSize: 17179869184.00 GB
CompressedClassSpaceSize: 1.00 GB

CodeHeap 'non-profiled nmethods': size=120000Kb used=1428Kb max_used=1428Kb free=118571Kb
 bounds [0x0000023407ad0000, 0x0000023407d40000, 0x000002340f000000]
CodeHeap 'profiled nmethods': size=120000Kb used=6886Kb max_used=6886Kb free=113113Kb
 bounds [0x00000234005a0000, 0x0000023400c60000, 0x0000023407ad0000]
CodeHeap 'non-nmethods': size=5760Kb used=2072Kb max_used=2098Kb free=3687Kb
 bounds [0x0000023400000000, 0x0000023400270000, 0x00000234005a0000]
 total_blobs=5678 nmethods=3144 adapters=1397
 compilation: enabled
              stopped_count=0, restarted_count=0
 full_count=0

Compilation events (20 events):
Event: 13.900 Thread 0x000002341f337000 nmethod 3131 0x0000023400c56190 code [0x0000023400c56360, 0x0000023400c56738]
Event: 13.900 Thread 0x000002341f337000 3132       3       java.nio.DirectShortBufferU::<init> (50 bytes)
Event: 13.900 Thread 0x000002341f337000 nmethod 3132 0x0000023400c56890 code [0x0000023400c56a60, 0x0000023400c56f88]
Event: 13.900 Thread 0x000002341f337000 3133   !   3       java.nio.DirectShortBufferU::put (36 bytes)
Event: 13.900 Thread 0x000002341f337000 nmethod 3133 0x0000023400c57190 code [0x0000023400c57380, 0x0000023400c57868]
Event: 13.900 Thread 0x000002341f337000 3137       3       gln64j.rdp.textures.ImageFormat::RGBA5551_RGBA5551 (2 bytes)
Event: 13.900 Thread 0x000002341f337000 nmethod 3137 0x0000023400c57b10 code [0x0000023400c57ca0, 0x0000023400c57d78]
Event: 13.900 Thread 0x000002341f337000 3139       3       jdk.internal.misc.Unsafe::putFloat (8 bytes)
Event: 13.900 Thread 0x000002341f337000 nmethod 3139 0x0000023400c57e10 code [0x0000023400c57fa0, 0x0000023400c580d8]
Event: 13.900 Thread 0x000002341f337000 3140       3       java.nio.DirectFloatBufferU::ix (10 bytes)
Event: 13.900 Thread 0x000002341f337000 nmethod 3140 0x0000023400c58190 code [0x0000023400c58320, 0x0000023400c58458]
Event: 13.900 Thread 0x000002341f337000 3141   !   3       java.nio.DirectFloatBufferU::put (36 bytes)
Event: 13.901 Thread 0x000002341f337000 nmethod 3141 0x0000023400c58510 code [0x0000023400c58700, 0x0000023400c58be8]
Event: 13.901 Thread 0x000002341f337000 3142       3       jdk.internal.misc.Unsafe::getFloat (7 bytes)
Event: 13.901 Thread 0x000002341f337000 nmethod 3142 0x0000023400c58e90 code [0x0000023400c59020, 0x0000023400c59158]
Event: 13.901 Thread 0x000002341f337000 3144   !   3       java.nio.DirectFloatBufferU::get (33 bytes)
Event: 13.901 Thread 0x000002341f337000 nmethod 3144 0x0000023400c59210 code [0x0000023400c59400, 0x0000023400c598c8]
Event: 13.901 Thread 0x000002341f332800 nmethod 3138 0x0000023407c34a90 code [0x0000023407c34c20, 0x0000023407c34e58]
Event: 13.901 Thread 0x000002341f332800 3145       4       java.nio.DirectFloatBufferU::ix (10 bytes)
Event: 13.901 Thread 0x000002341f332800 nmethod 3145 0x0000023407c34f90 code [0x0000023407c35100, 0x0000023407c35178]

GC Heap History (6 events):
Event: 0.765 GC heap before
{Heap before GC invocations=0 (full 0):
 garbage-first heap   total 524288K, used 38912K [0x0000000601000000, 0x0000000800000000)
  region size 2048K, 12 young (24576K), 0 survivors (0K)
 Metaspace       used 8423K, capacity 8652K, committed 8832K, reserved 1056768K
  class space    used 987K, capacity 1082K, committed 1152K, reserved 1048576K
}
Event: 0.769 GC heap after
{Heap after GC invocations=1 (full 0):
 garbage-first heap   total 524288K, used 19191K [0x0000000601000000, 0x0000000800000000)
  region size 2048K, 2 young (4096K), 2 survivors (4096K)
 Metaspace       used 8423K, capacity 8652K, committed 8832K, reserved 1056768K
  class space    used 987K, capacity 1082K, committed 1152K, reserved 1048576K
}
Event: 10.990 GC heap before
{Heap before GC invocations=1 (full 0):
 garbage-first heap   total 524288K, used 74487K [0x0000000601000000, 0x0000000800000000)
  region size 2048K, 17 young (34816K), 2 survivors (4096K)
 Metaspace       used 15854K, capacity 16134K, committed 16384K, reserved 1062912K
  class space    used 1875K, capacity 1993K, committed 2048K, reserved 1048576K
}
Event: 10.995 GC heap after
{Heap after GC invocations=2 (full 0):
 garbage-first heap   total 524288K, used 52278K [0x0000000601000000, 0x0000000800000000)
  region size 2048K, 3 young (6144K), 3 survivors (6144K)
 Metaspace       used 15854K, capacity 16134K, committed 16384K, reserved 1062912K
  class space    used 1875K, capacity 1993K, committed 2048K, reserved 1048576K
}
Event: 11.790 GC heap before
{Heap before GC invocations=2 (full 0):
 garbage-first heap   total 524288K, used 72758K [0x0000000601000000, 0x0000000800000000)
  region size 2048K, 14 young (28672K), 3 survivors (6144K)
 Metaspace       used 20770K, capacity 21143K, committed 21248K, reserved 1069056K
  class space    used 2152K, capacity 2284K, committed 2304K, reserved 1048576K
}
Event: 11.793 GC heap after
{Heap after GC invocations=3 (full 0):
 garbage-first heap   total 524288K, used 50066K [0x0000000601000000, 0x0000000800000000)
  region size 2048K, 2 young (4096K), 2 survivors (4096K)
 Metaspace       used 20770K, capacity 21143K, committed 21248K, reserved 1069056K
  class space    used 2152K, capacity 2284K, committed 2304K, reserved 1048576K
}

Deoptimization events (20 events):
Event: 13.470 Thread 0x0000023421f12800 DEOPT PACKING pc=0x0000023400c3c2c2 sp=0x000000c1851fea70
Event: 13.470 Thread 0x0000023421f12800 DEOPT UNPACKING pc=0x000002340004964e sp=0x000000c1851fdf20 mode 0
Event: 13.505 Thread 0x0000023421f12800 DEOPT PACKING pc=0x0000023400c3c2c2 sp=0x000000c1851fea70
Event: 13.505 Thread 0x0000023421f12800 DEOPT UNPACKING pc=0x000002340004964e sp=0x000000c1851fdf20 mode 0
Event: 13.539 Thread 0x0000023421f12800 DEOPT PACKING pc=0x0000023400c3c2c2 sp=0x000000c1851fea70
Event: 13.539 Thread 0x0000023421f12800 DEOPT UNPACKING pc=0x000002340004964e sp=0x000000c1851fdf20 mode 0
Event: 13.557 Thread 0x0000023421f12800 DEOPT PACKING pc=0x0000023400c3c2c2 sp=0x000000c1851fea70
Event: 13.557 Thread 0x0000023421f12800 DEOPT UNPACKING pc=0x000002340004964e sp=0x000000c1851fdf20 mode 0
Event: 13.591 Thread 0x0000023421f12800 DEOPT PACKING pc=0x0000023400c3c2c2 sp=0x000000c1851fea70
Event: 13.591 Thread 0x0000023421f12800 DEOPT UNPACKING pc=0x000002340004964e sp=0x000000c1851fdf20 mode 0
Event: 13.626 Thread 0x0000023421f12800 Uncommon trap: trap_request=0xffffff45 fr.pc=0x0000023407bf5ba8 relative=0x00000000000006c8
Event: 13.626 Thread 0x0000023421f12800 Uncommon trap: reason=unstable_if action=reinterpret pc=0x0000023407bf5ba8 method=me.hydos.J64.hardware.Cop0.timerDone()V @ 16 c2
Event: 13.626 Thread 0x0000023421f12800 DEOPT PACKING pc=0x0000023407bf5ba8 sp=0x000000c1851fef30
Event: 13.626 Thread 0x0000023421f12800 DEOPT UNPACKING pc=0x000002340004912f sp=0x000000c1851fee10 mode 2
Event: 13.862 Thread 0x0000023421f12800 DEOPT PACKING pc=0x0000023400c3cb3e sp=0x000000c1851fead0
Event: 13.862 Thread 0x0000023421f12800 DEOPT UNPACKING pc=0x000002340004964e sp=0x000000c1851fdf78 mode 0
Event: 13.889 Thread 0x0000023421f12800 Uncommon trap: trap_request=0xffffff45 fr.pc=0x0000023407c0ff78 relative=0x0000000000000578
Event: 13.889 Thread 0x0000023421f12800 Uncommon trap: reason=unstable_if action=reinterpret pc=0x0000023407c0ff78 method=me.hydos.J64.N64Cpu.testInterpreterJump(IIII)I @ 2 c2
Event: 13.889 Thread 0x0000023421f12800 DEOPT PACKING pc=0x0000023407c0ff78 sp=0x000000c1851fef30
Event: 13.889 Thread 0x0000023421f12800 DEOPT UNPACKING pc=0x000002340004912f sp=0x000000c1851fee48 mode 2

Classes unloaded (0 events):
No events

Classes redefined (0 events):
No events

Internal exceptions (20 events):
Event: 11.465 Thread 0x00000234218c6000 Exception <a 'sun/nio/fs/WindowsException'{0x0000000620224798}> (0x0000000620224798) 
thrown [./open/src/hotspot/share/prims/jni.cpp, line 599]
Event: 11.466 Thread 0x00000234218c6000 Exception <a 'sun/nio/fs/WindowsException'{0x0000000620226ea8}> (0x0000000620226ea8) 
thrown [./open/src/hotspot/share/prims/jni.cpp, line 599]
Event: 11.471 Thread 0x00000234218c6000 Exception <a 'sun/nio/fs/WindowsException'{0x00000006202522e0}> (0x00000006202522e0) 
thrown [./open/src/hotspot/share/prims/jni.cpp, line 599]
Event: 11.472 Thread 0x00000234218c6000 Exception <a 'sun/nio/fs/WindowsException'{0x0000000620252658}> (0x0000000620252658) 
thrown [./open/src/hotspot/share/prims/jni.cpp, line 599]
Event: 11.693 Thread 0x00000234218c6000 Exception <a 'sun/nio/fs/WindowsException'{0x0000000620020358}> (0x0000000620020358) 
thrown [./open/src/hotspot/share/prims/jni.cpp, line 599]
Event: 11.693 Thread 0x00000234218c6000 Exception <a 'sun/nio/fs/WindowsException'{0x0000000620020708}> (0x0000000620020708) 
thrown [./open/src/hotspot/share/prims/jni.cpp, line 599]
Event: 11.696 Thread 0x00000234218c6000 Exception <a 'sun/nio/fs/WindowsException'{0x000000062003bdd0}> (0x000000062003bdd0) 
thrown [./open/src/hotspot/share/prims/jni.cpp, line 599]
Event: 11.696 Thread 0x00000234218c6000 Exception <a 'sun/nio/fs/WindowsException'{0x000000062003c0c0}> (0x000000062003c0c0) 
thrown [./open/src/hotspot/share/prims/jni.cpp, line 599]
Event: 11.724 Thread 0x00000234218c6000 Exception <a 'sun/nio/fs/WindowsException'{0x000000061fe3ae78}> (0x000000061fe3ae78) 
thrown [./open/src/hotspot/share/prims/jni.cpp, line 599]
Event: 11.724 Thread 0x00000234218c6000 Exception <a 'sun/nio/fs/WindowsException'{0x000000061fe3b220}> (0x000000061fe3b220) 
thrown [./open/src/hotspot/share/prims/jni.cpp, line 599]
Event: 11.724 Thread 0x00000234218c6000 Exception <a 'sun/nio/fs/WindowsException'{0x000000061fe3c230}> (0x000000061fe3c230) 
thrown [./open/src/hotspot/share/prims/jni.cpp, line 599]
Event: 11.724 Thread 0x00000234218c6000 Exception <a 'sun/nio/fs/WindowsException'{0x000000061fe3c520}> (0x000000061fe3c520) 
thrown [./open/src/hotspot/share/prims/jni.cpp, line 599]
Event: 11.724 Thread 0x00000234218c6000 Exception <a 'sun/nio/fs/WindowsException'{0x000000061fe3df70}> (0x000000061fe3df70) 
thrown [./open/src/hotspot/share/prims/jni.cpp, line 599]
Event: 11.724 Thread 0x00000234218c6000 Exception <a 'sun/nio/fs/WindowsException'{0x000000061fe3e250}> (0x000000061fe3e250) 
thrown [./open/src/hotspot/share/prims/jni.cpp, line 599]
Event: 11.724 Thread 0x00000234218c6000 Exception <a 'sun/nio/fs/WindowsException'{0x000000061fe3f150}> (0x000000061fe3f150) 
thrown [./open/src/hotspot/share/prims/jni.cpp, line 599]
Event: 11.725 Thread 0x00000234218c6000 Exception <a 'sun/nio/fs/WindowsException'{0x000000061fe3f378}> (0x000000061fe3f378) 
thrown [./open/src/hotspot/share/prims/jni.cpp, line 599]
Event: 11.726 Thread 0x00000234218c6000 Exception <a 'java/lang/UnsatisfiedLinkError'{0x000000061fe41a58}> (0x000000061fe41a58) 
thrown [./open/src/hotspot/share/oops/instanceKlass.cpp, line 1083]
Event: 11.726 Thread 0x00000234218c6000 Exception <a 'java/lang/UnsatisfiedLinkError'{0x000000061fe41a58}> (0x000000061fe41a58) 
thrown [./open/src/hotspot/share/oops/instanceKlass.cpp, line 1083]
Event: 11.884 Thread 0x00000234218c6000 Exception <a 'sun/nio/fs/WindowsException'{0x000000060b051750}> (0x000000060b051750) 
thrown [./open/src/hotspot/share/prims/jni.cpp, line 599]
Event: 11.884 Thread 0x00000234218c6000 Exception <a 'sun/nio/fs/WindowsException'{0x000000060b051ae0}> (0x000000060b051ae0) 
thrown [./open/src/hotspot/share/prims/jni.cpp, line 599]

Events (20 events):
Event: 13.193 loading class me/hydos/J64/audio/ABI2$16 done
Event: 13.193 loading class me/hydos/J64/audio/ABI2$17
Event: 13.193 loading class me/hydos/J64/audio/ABI2$17 done
Event: 13.193 loading class me/hydos/J64/audio/ABI2$18
Event: 13.193 loading class me/hydos/J64/audio/ABI2$18 done
Event: 13.194 loading class me/hydos/J64/audio/ABI2$19
Event: 13.194 loading class me/hydos/J64/audio/ABI2$19 done
Event: 13.220 Executing VM operation: HandshakeOneThread
Event: 13.220 Executing VM operation: HandshakeOneThread done
Event: 13.221 Executing VM operation: HandshakeOneThread
Event: 13.221 Executing VM operation: HandshakeOneThread done
Event: 13.562 Loaded shared library C:\Program Files\Java\jdk-14.0.1\bin\java.dll
Event: 13.611 Executing VM operation: HandshakeOneThread
Event: 13.611 Executing VM operation: HandshakeOneThread done
Event: 13.889 loading class java/math/BigDecimal$StringBuilderHelper
Event: 13.889 loading class java/math/BigDecimal$StringBuilderHelper done
Event: 13.890 loading class jdk/internal/math/FloatingDecimal$ASCIIToBinaryBuffer
Event: 13.890 loading class jdk/internal/math/FloatingDecimal$ASCIIToBinaryBuffer done
Event: 13.896 loading class gln64j/rsp/Math3D
Event: 13.896 loading class gln64j/rsp/Math3D done


Dynamic libraries:
0x00007ff67e8f0000 - 0x00007ff67e8ff000 	C:\Program Files\Java\jdk-14.0.1\bin\java.exe
0x00007ffbc6220000 - 0x00007ffbc6410000 	C:\WINDOWS\SYSTEM32\ntdll.dll
0x00007ffbc5d40000 - 0x00007ffbc5df2000 	C:\WINDOWS\System32\KERNEL32.DLL
0x00007ffbc3430000 - 0x00007ffbc36d3000 	C:\WINDOWS\System32\KERNELBASE.dll
0x00007ffbc3960000 - 0x00007ffbc3a5a000 	C:\WINDOWS\System32\ucrtbase.dll
0x00007ffbbed40000 - 0x00007ffbbed58000 	C:\Program Files\Java\jdk-14.0.1\bin\jli.dll
0x00007ffbbc930000 - 0x00007ffbbc945000 	C:\Program Files\Java\jdk-14.0.1\bin\VCRUNTIME140.dll
0x00007ffbc5490000 - 0x00007ffbc5533000 	C:\WINDOWS\System32\ADVAPI32.dll
0x00007ffbc5700000 - 0x00007ffbc579e000 	C:\WINDOWS\System32\msvcrt.dll
0x00007ffbc57a0000 - 0x00007ffbc5837000 	C:\WINDOWS\System32\sechost.dll
0x00007ffbc4820000 - 0x00007ffbc4940000 	C:\WINDOWS\System32\RPCRT4.dll
0x00007ffbc5ed0000 - 0x00007ffbc6064000 	C:\WINDOWS\System32\USER32.dll
0x00007ffbc3730000 - 0x00007ffbc3751000 	C:\WINDOWS\System32\win32u.dll
0x00007ffbb1ec0000 - 0x00007ffbb2145000 	C:\WINDOWS\WinSxS\amd64_microsoft.windows.common-controls_6595b64144ccf1df_6.0.18362.778_none_e6c6b761130d4fb8\COMCTL32.dll
0x00007ffbc59c0000 - 0x00007ffbc59e6000 	C:\WINDOWS\System32\GDI32.dll
0x00007ffbc5a00000 - 0x00007ffbc5d36000 	C:\WINDOWS\System32\combase.dll
0x00007ffbc3760000 - 0x00007ffbc38f4000 	C:\WINDOWS\System32\gdi32full.dll
0x00007ffbc32d0000 - 0x00007ffbc3350000 	C:\WINDOWS\System32\bcryptPrimitives.dll
0x00007ffbc3230000 - 0x00007ffbc32ce000 	C:\WINDOWS\System32\msvcp_win.dll
0x00007ffbbcb90000 - 0x00007ffbbcb9a000 	C:\WINDOWS\SYSTEM32\VERSION.dll
0x00007ffbc61b0000 - 0x00007ffbc61de000 	C:\WINDOWS\System32\IMM32.DLL
0x00007ffba8340000 - 0x00007ffba83db000 	C:\Program Files\Java\jdk-14.0.1\bin\msvcp140.dll
0x00007ffb774e0000 - 0x00007ffb77ffe000 	C:\Program Files\Java\jdk-14.0.1\bin\server\jvm.dll
0x00007ffbc59f0000 - 0x00007ffbc59f8000 	C:\WINDOWS\System32\PSAPI.DLL
0x00007ffbc12f0000 - 0x00007ffbc1314000 	C:\WINDOWS\SYSTEM32\WINMM.dll
0x00007ffbbed90000 - 0x00007ffbbed99000 	C:\WINDOWS\SYSTEM32\WSOCK32.dll
0x00007ffbc6070000 - 0x00007ffbc60df000 	C:\WINDOWS\System32\WS2_32.dll
0x00007ffbc1150000 - 0x00007ffbc117d000 	C:\WINDOWS\SYSTEM32\WINMMBASE.dll
0x00007ffbc36e0000 - 0x00007ffbc372a000 	C:\WINDOWS\System32\cfgmgr32.dll
0x00007ffbc31e0000 - 0x00007ffbc31f1000 	C:\WINDOWS\System32\kernel.appcore.dll
0x00007ffbb9530000 - 0x00007ffbb953a000 	C:\Program Files\Java\jdk-14.0.1\bin\jimage.dll
0x00007ffbb2e90000 - 0x00007ffbb3084000 	C:\WINDOWS\SYSTEM32\DBGHELP.DLL
0x00007ffbb34e0000 - 0x00007ffbb350a000 	C:\WINDOWS\SYSTEM32\dbgcore.DLL
0x00007ffba7d60000 - 0x00007ffba7d98000 	C:\Program Files\Java\jdk-14.0.1\bin\jdwp.dll
0x00007ffba8310000 - 0x00007ffba8335000 	C:\Program Files\Java\jdk-14.0.1\bin\java.dll
0x00007ffbbfa50000 - 0x00007ffbbfa5e000 	C:\Program Files\Java\jdk-14.0.1\bin\instrument.dll
0x00007ffbb9510000 - 0x00007ffbb9526000 	C:\Program Files\Java\jdk-14.0.1\bin\zip.dll
0x00007ffbc4a10000 - 0x00007ffbc50f5000 	C:\WINDOWS\System32\SHELL32.dll
0x00007ffbc5840000 - 0x00007ffbc58e9000 	C:\WINDOWS\System32\shcore.dll
0x00007ffbc3bd0000 - 0x00007ffbc4350000 	C:\WINDOWS\System32\windows.storage.dll
0x00007ffbc3200000 - 0x00007ffbc3223000 	C:\WINDOWS\System32\profapi.dll
0x00007ffbc3190000 - 0x00007ffbc31da000 	C:\WINDOWS\System32\powrprof.dll
0x00007ffbc3160000 - 0x00007ffbc3170000 	C:\WINDOWS\System32\UMPDC.dll
0x00007ffbc56a0000 - 0x00007ffbc56f2000 	C:\WINDOWS\System32\shlwapi.dll
0x00007ffbc3a60000 - 0x00007ffbc3a77000 	C:\WINDOWS\System32\cryptsp.dll
0x00007ffbbf9c0000 - 0x00007ffbbf9cb000 	C:\Program Files\Java\jdk-14.0.1\bin\dt_socket.dll
0x00007ffbc2680000 - 0x00007ffbc26ba000 	C:\WINDOWS\SYSTEM32\IPHLPAPI.DLL
0x00007ffbc2970000 - 0x00007ffbc29d7000 	C:\WINDOWS\system32\mswsock.dll
0x00007ffbacd70000 - 0x00007ffbacd89000 	C:\Program Files\Java\jdk-14.0.1\bin\net.dll
0x00007ffbba4c0000 - 0x00007ffbba5b0000 	C:\WINDOWS\SYSTEM32\WINHTTP.dll
0x00007ffba93e0000 - 0x00007ffba93f2000 	C:\Program Files\Java\jdk-14.0.1\bin\nio.dll
0x00007ffbb90b0000 - 0x00007ffbb90c0000 	C:\Program Files\Java\jdk-14.0.1\bin\verify.dll
0x00007ffb79fc0000 - 0x00007ffb7a158000 	C:\Program Files\Java\jdk-14.0.1\bin\awt.dll
0x00007ffbc5e00000 - 0x00007ffbc5ec4000 	C:\WINDOWS\System32\OLEAUT32.dll
0x00007ffbc1410000 - 0x00007ffbc149f000 	C:\WINDOWS\SYSTEM32\apphelp.dll
0x00007ffbc14e0000 - 0x00007ffbc1579000 	C:\WINDOWS\system32\uxtheme.dll
0x00007ffbc51a0000 - 0x00007ffbc52d6000 	C:\WINDOWS\System32\MSCTF.dll
0x00007ffbc5540000 - 0x00007ffbc5697000 	C:\WINDOWS\System32\ole32.dll
0x00007ffbc1900000 - 0x00007ffbc192d000 	C:\WINDOWS\system32\DWMAPI.DLL
0x00007ffb85da0000 - 0x00007ffb85ef6000 	C:\WINDOWS\system32\opengl32.dll
0x00007ffba82b0000 - 0x00007ffba82dc000 	C:\WINDOWS\SYSTEM32\GLU32.dll
0x00007ffbc1e40000 - 0x00007ffbc1e60000 	C:\WINDOWS\SYSTEM32\dxcore.dll
0x00007ffba5880000 - 0x00007ffba5a47000 	C:\WINDOWS\system32\d3d9.dll
0x00007ffbb9bb0000 - 0x00007ffbb9c9f000 	C:\WINDOWS\System32\DriverStore\FileRepository\nv_dispi.inf_amd64_9952681a7bb1dfac\nvldumdx.dll
0x00007ffbc3a80000 - 0x00007ffbc3bc9000 	C:\WINDOWS\System32\crypt32.dll
0x00007ffbc3170000 - 0x00007ffbc3182000 	C:\WINDOWS\System32\MSASN1.dll
0x00007ffbbca80000 - 0x00007ffbbcaaf000 	C:\WINDOWS\SYSTEM32\cryptnet.dll
0x00007ffbc2b40000 - 0x00007ffbc2b4c000 	C:\WINDOWS\SYSTEM32\cryptbase.dll
0x00007ffbc3900000 - 0x00007ffbc395c000 	C:\WINDOWS\System32\WINTRUST.DLL
0x00007ffbc49f0000 - 0x00007ffbc4a0d000 	C:\WINDOWS\System32\imagehlp.dll
0x00007ffbc24e0000 - 0x00007ffbc2513000 	C:\WINDOWS\system32\rsaenh.dll
0x00007ffbc3400000 - 0x00007ffbc3426000 	C:\WINDOWS\System32\bcrypt.dll
0x00007ffb66a40000 - 0x00007ffb67f63000 	C:\WINDOWS\System32\DriverStore\FileRepository\nv_dispi.inf_amd64_9952681a7bb1dfac\nvd3dumx.dll
0x00007ffb8f620000 - 0x00007ffb8f8d7000 	C:\WINDOWS\system32\nvspcap64.dll
0x00007ffbc21c0000 - 0x00007ffbc21f1000 	C:\WINDOWS\SYSTEM32\ntmarta.dll
0x00007ffbc1d80000 - 0x00007ffbc1da2000 	C:\WINDOWS\SYSTEM32\gpapi.dll
0x00007ffb8f1b0000 - 0x00007ffb8f232000 	C:\Program Files\Java\jdk-14.0.1\bin\freetype.dll
0x00007ffb8df20000 - 0x00007ffb8dfc6000 	C:\Program Files\Java\jdk-14.0.1\bin\fontmanager.dll
0x00007ffbaa4e0000 - 0x00007ffbaa57e000 	C:\WINDOWS\System32\TextInputFramework.dll
0x00007ffbbe670000 - 0x00007ffbbe99a000 	C:\WINDOWS\System32\CoreUIComponents.dll
0x00007ffbc1070000 - 0x00007ffbc1144000 	C:\WINDOWS\System32\CoreMessaging.dll
0x00007ffbbedb0000 - 0x00007ffbbef03000 	C:\WINDOWS\SYSTEM32\wintypes.dll
0x00007ffbad670000 - 0x00007ffbad681000 	C:\Program Files\Java\jdk-14.0.1\bin\jsound.dll
0x00007ffbbd0b0000 - 0x00007ffbbd149000 	C:\WINDOWS\SYSTEM32\DSOUND.dll
0x00007ffbc4940000 - 0x00007ffbc49e2000 	C:\WINDOWS\System32\clbcatq.dll
0x00007ffbbcd10000 - 0x00007ffbbcd82000 	C:\WINDOWS\System32\MMDevApi.dll
0x00007ffbc2f00000 - 0x00007ffbc2f2a000 	C:\WINDOWS\System32\DEVOBJ.dll
0x00007ffbb6b60000 - 0x00007ffbb6e06000 	C:\WINDOWS\System32\iertutil.dll
0x00007ffb9a100000 - 0x00007ffb9a144000 	C:\WINDOWS\SYSTEM32\wdmaud.drv
0x00007ffbbf1b0000 - 0x00007ffbbf1b9000 	C:\WINDOWS\SYSTEM32\ksuser.dll
0x00007ffbbef10000 - 0x00007ffbbef1a000 	C:\WINDOWS\SYSTEM32\AVRT.dll
0x00007ffbbd150000 - 0x00007ffbbd2ad000 	C:\WINDOWS\SYSTEM32\AUDIOSES.DLL
0x00007ffbbec20000 - 0x00007ffbbec2d000 	C:\WINDOWS\SYSTEM32\msacm32.drv
0x00007ffbaa3d0000 - 0x00007ffbaa3ec000 	C:\WINDOWS\SYSTEM32\MSACM32.dll
0x00007ffbb94f0000 - 0x00007ffbb94fa000 	C:\WINDOWS\SYSTEM32\midimap.dll
0x00007ffbc1800000 - 0x00007ffbc1814000 	C:\WINDOWS\SYSTEM32\resourcepolicyclient.dll
0x00007ffba27a0000 - 0x00007ffba2849000 	C:\WINDOWS\WinSxS\amd64_microsoft.windows.common-controls_6595b64144ccf1df_5.82.18362.778_none_2a29d4a64667eb69\comctl32.dll
0x00007ffbbfb00000 - 0x00007ffbbfbef000 	C:\WINDOWS\system32\propsys.dll
0x00007ffbbec30000 - 0x00007ffbbec46000 	C:\WINDOWS\system32\NetworkExplorer.dll
0x00007ffbbd860000 - 0x00007ffbbda0f000 	C:\WINDOWS\SYSTEM32\WindowsCodecs.dll
0x00007ffba4740000 - 0x00007ffba479e000 	C:\Windows\System32\thumbcache.dll
0x00007ffbbdc20000 - 0x00007ffbbdca6000 	C:\WINDOWS\SYSTEM32\policymanager.dll
0x00007ffbbfca0000 - 0x00007ffbbfd2a000 	C:\WINDOWS\SYSTEM32\msvcp110_win.dll
0x00007ffbad290000 - 0x00007ffbad2ab000 	C:\WINDOWS\SYSTEM32\MPR.dll
0x00007ffb948c0000 - 0x00007ffb948db000 	C:\WINDOWS\System32\p9np.dll
0x00007ffb948b0000 - 0x00007ffb948bb000 	C:\WINDOWS\System32\drprov.dll
0x00007ffbc2ff0000 - 0x00007ffbc304c000 	C:\WINDOWS\System32\WINSTA.dll
0x00007ffb94890000 - 0x00007ffb948a5000 	C:\WINDOWS\System32\ntlanman.dll
0x00007ffb94870000 - 0x00007ffb9488d000 	C:\WINDOWS\System32\davclnt.dll
0x00007ffb94860000 - 0x00007ffb9486c000 	C:\WINDOWS\System32\DAVHLPR.dll
0x00007ffbbf3e0000 - 0x00007ffbbf3f7000 	C:\WINDOWS\System32\wkscli.dll
0x00007ffba2fa0000 - 0x00007ffba2fb2000 	C:\WINDOWS\SYSTEM32\cscapi.dll
0x00007ffbc2790000 - 0x00007ffbc279c000 	C:\WINDOWS\System32\netutils.dll
0x00007ffba9400000 - 0x00007ffba9453000 	C:\Windows\System32\dlnashext.dll
0x00007ffba7cf0000 - 0x00007ffba7d54000 	C:\Windows\System32\PlayToDevice.dll
0x00007ffba1330000 - 0x00007ffba1350000 	C:\Windows\System32\DevDispItemProvider.dll
0x00007ffb8dd40000 - 0x00007ffb8dddb000 	C:\WINDOWS\system32\wpdshext.dll
0x00007ffba39a0000 - 0x00007ffba3b43000 	C:\WINDOWS\WinSxS\amd64_microsoft.windows.gdiplus_6595b64144ccf1df_1.1.18362.778_none_17b1aa466d9fc986\gdiplus.dll
0x00007ffbbf400000 - 0x00007ffbbf49e000 	C:\Windows\System32\PortableDeviceApi.dll
0x00007ffbc4350000 - 0x00007ffbc47c0000 	C:\WINDOWS\System32\SETUPAPI.dll
0x00007ffbbd390000 - 0x00007ffbbd3c0000 	C:\Windows\System32\PortableDeviceTypes.dll
0x00007ffbad6c0000 - 0x00007ffbad6f7000 	C:\Windows\System32\EhStorShell.dll
0x00007ffbad530000 - 0x00007ffbad555000 	C:\Windows\System32\EhStorAPI.dll
0x00007ffbbfc50000 - 0x00007ffbbfc63000 	C:\Windows\System32\WTSAPI32.dll
0x00007ffbab050000 - 0x00007ffbab05d000 	C:\WINDOWS\SYSTEM32\LINKINFO.dll
0x00007ffbb3550000 - 0x00007ffbb355c000 	C:\WINDOWS\SYSTEM32\Secur32.dll
0x00007ffbc3050000 - 0x00007ffbc307f000 	C:\WINDOWS\SYSTEM32\SSPICLI.DLL
0x00007ffba5690000 - 0x00007ffba56ca000 	C:\WINDOWS\system32\dataexchange.dll

dbghelp: loaded successfully - version: 4.0.5 - missing functions: none
symbol engine: initialized successfully - sym options: 0x614 - pdb path: .;C:\Program Files\Java\jdk-14.0.1\bin;C:\WINDOWS\SYSTEM32;C:\WINDOWS\WinSxS\amd64_microsoft.windows.common-controls_6595b64144ccf1df_6.0.18362.778_none_e6c6b761130d4fb8;C:\Program Files\Java\jdk-14.0.1\bin\server;C:\WINDOWS\System32\DriverStore\FileRepository\nv_dispi.inf_amd64_9952681a7bb1dfac;C:\WINDOWS\WinSxS\amd64_microsoft.windows.common-controls_6595b64144ccf1df_5.82.18362.778_none_2a29d4a64667eb69;C:\WINDOWS\WinSxS\amd64_microsoft.windows.gdiplus_6595b64144ccf1df_1.1.18362.778_none_17b1aa466d9fc986;C:\Users\hayden\AppData\Local\Microsoft\OneDrive\20.064.0329.0005\amd64;C:\Users\hayden\Desktop\lib;C:\WINDOWS\WinSxS\amd64_microsoft.vc80.crt_1fc8b3b9a1e18e3b_8.0.50727.9659_none_88dfc6bf2faefcc6;C:\Users\hayden\AppData\Local\Temp\lwjglhayden\3.2.4-build-5

VM Arguments:
jvm_args: -agentlib:jdwp=transport=dt_socket,address=127.0.0.1:49927,suspend=y,server=n -Dorg.lwjgl.util.Debug=true -Djava.library.path=C:\Users\hayden\Desktop\lib -javaagent:C:\Users\hayden\AppData\Local\JetBrains\IntelliJIdea2020.1\groovyHotSwap\gragent.jar -javaagent:C:\Users\hayden\AppData\Local\JetBrains\IntelliJIdea2020.1\captureAgent\debugger-agent.jar -Dfile.encoding=UTF-8 
java_command: me.hydos.J64.Main Dorg.lwjgl.util.Debug=true
java_class_path (initial): E:\dev\fabric\mods\1.8.9\JCraft64\build\production\JCraft64.main;C:\Users\hayden\.gradle\caches\fabric-loom\yarn-20w17a+build.7-v2-final.jar;C:\Users\hayden\.gradle\caches\modules-2\files-2.1\org.joml\joml\1.9.20\49c9e036bf10adaf4f0483edc2d54dc4dad035b5\joml-1.9.20.jar;C:\Users\hayden\.gradle\caches\modules-2\files-2.1\org.lwjgl\lwjgl-assimp\3.2.4-SNAPSHOT\b8b7a5e6882e88896dfe9a099a301a91c5df980b\lwjgl-assimp-3.2.4-SNAPSHOT.jar;C:\Users\hayden\.gradle\caches\modules-2\files-2.1\org.lwjgl\lwjgl-glfw\3.2.4-SNAPSHOT\4465a4aaab50536af484e32c63fbac736d94bff2\lwjgl-glfw-3.2.4-SNAPSHOT.jar;C:\Users\hayden\.gradle\caches\modules-2\files-2.1\org.lwjgl\lwjgl-jemalloc\3.2.4-SNAPSHOT\d5d49a280213a7bee1c7046b03100cb4a4f3379f\lwjgl-jemalloc-3.2.4-SNAPSHOT.jar;C:\Users\hayden\.gradle\caches\modules-2\files-2.1\org.lwjgl\lwjgl-openal\3.2.4-SNAPSHOT\e8b74ac82114fa1b198730eed4e07fad16c416df\lwjgl-openal-3.2.4-SNAPSHOT.jar;C:\Users\hayden\.gradle\caches\modules-2\files-2.1\org.lwjgl\lwjgl-opengl\3.2.4-SNAPSHOT\9a83d9a7ff6e5fb98f2a79db3a538f0129b756ff\lwjgl-opengl-3.2.4-SNAPSHOT.jar;C:\Users\hayden\.gradle\caches\modules-2\files-2.1\org.lwjgl\lwjgl-stb\3.2.4-SNAPSHOT\97355448c6c8750733ff8cc6b701cda08ec28ed8\lwjgl-stb-3.2.4-SNAPSHOT.jar;C:\Users\hayden\.gradle\caches\modules-2\files-2.1\org.lwjgl\lwjgl-tinyfd\3.2.4-SNAPSHOT\43eac32bd2c138c1ee139f8e87387c3836888002\lwjgl-tinyfd-3.2.4-SNAPSHOT.jar;C:\Users\hayden\.gradle\caches\modules-2\files-2.1\org.lwjgl\lwjgl\3.2.4-SNAPSHOT\3b2e6246b0c27d9f2272c735911e8306dff81fb7\lwjgl-3.2.4-SNAPSHOT.jar;C:\Users\hayden\.gradle\caches\modules-2\files-2.1\com.mojang\patchy\1.1\aef610b34a1be37fa851825f12372b78424d8903\patchy-1.1.jar;C:\Users\hayden\.gradle\caches\modules-2\files-2.1\oshi-project\oshi-core\1.1\9ddf7b048a8d701be231c0f4f95fd986198fd2d8\oshi-core-1.1.jar;C:\Users\hayden\.gradle\caches\modules-2\files-2.1\net.java.dev.jna\jna\4.4.0\cb208278274bf12ebdb56c61bd7407e6f774d65a\jna-4.4.0.jar;C:\Users\hayden\.gradle\ca
Launcher Type: SUN_STANDARD

[Global flags]
     intx CICompilerCount                          = 4                                         {product} {ergonomic}
     uint ConcGCThreads                            = 3                                         {product} {ergonomic}
     uint G1ConcRefinementThreads                  = 10                                        {product} {ergonomic}
   size_t G1HeapRegionSize                         = 2097152                                   {product} {ergonomic}
    uintx GCDrainStackTargetSize                   = 64                                        {product} {ergonomic}
   size_t InitialHeapSize                          = 536870912                                 {product} {ergonomic}
   size_t MarkStackSize                            = 4194304                                   {product} {ergonomic}
   size_t MaxHeapSize                              = 8573157376                                {product} {ergonomic}
   size_t MaxNewSize                               = 5142216704                                {product} {ergonomic}
   size_t MinHeapDeltaBytes                        = 2097152                                   {product} {ergonomic}
   size_t MinHeapSize                              = 8388608                                   {product} {ergonomic}
    uintx NonNMethodCodeHeapSize                   = 5839372                                {pd product} {ergonomic}
    uintx NonProfiledCodeHeapSize                  = 122909434                              {pd product} {ergonomic}
    uintx ProfiledCodeHeapSize                     = 122909434                              {pd product} {ergonomic}
    uintx ReservedCodeCacheSize                    = 251658240                              {pd product} {ergonomic}
     bool SegmentedCodeCache                       = true                                      {product} {ergonomic}
   size_t SoftMaxHeapSize                          = 8573157376                             {manageable} {ergonomic}
     bool UseCompressedClassPointers               = true                                 {lp64_product} {ergonomic}
     bool UseCompressedOops                        = true                                 {lp64_product} {ergonomic}
     bool UseG1GC                                  = true                                      {product} {ergonomic}
     bool UseLargePagesIndividualAllocation        = false                                  {pd product} {ergonomic}

Logging:
Log output configuration:
 #0: stdout all=warning uptime,level,tags
 #1: stderr all=off uptime,level,tags

Environment Variables:
JAVA_HOME=C:\Program Files\AdoptOpenJDK\jdk-8.0.252.09-hotspot\
PATH=C:\Program Files\AdoptOpenJDK\jdk-8.0.252.09-hotspot\bin;C:\Program Files\Oculus\Support\oculus-runtime;C:\Program Files (x86)\Common Files\Oracle\Java\javapath;C:\Windows\system32;C:\Windows;C:\Windows\System32\Wbem;C:\Windows\System32\WindowsPowerShell\v1.0\;C:\Program Files\NVIDIA Corporation\NVIDIA NvDLISR;C:\Program Files (x86)\NVIDIA Corporation\PhysX\Common;C:\WINDOWS\system32;C:\WINDOWS;C:\WINDOWS\System32\Wbem;C:\WINDOWS\System32\WindowsPowerShell\v1.0\;C:\WINDOWS\System32\OpenSSH\;C:\Program Files (x86)\Project64 2.3;C:\Program Files\Java\jdk1.8.0_251\bin;C:\Program Files\Git\cmd;C:\gradle-6.3\bin;C:\Users\hayden\AppData\Local\Programs\Python\Python38-32\Scripts\;C:\Users\hayden\AppData\Local\Programs\Python\Python38-32\;C:\Users\hayden\AppData\Local\Microsoft\WindowsApps;C:\Users\hayden\AppData\Local\GitHubDesktop\bin;C:\Program Files\JetBrains\IntelliJ IDEA 2020.1\bin;;C:\Users\hayden\AppData\Local\Microsoft\WindowsApps;;C:\Users\hayden\AppData\Local\Programs\Microsoft VS Code\bin;C:\Program Files\JetBrains\WebStorm 2020.1\bin;
USERNAME=hayden
OS=Windows_NT
PROCESSOR_IDENTIFIER=AMD64 Family 23 Model 8 Stepping 2, AuthenticAMD



---------------  S Y S T E M  ---------------

OS: Windows 10 , 64 bit Build 18362 (10.0.18362.778)
OS uptime: 0 days 9:18 hours

CPU:total 12 (initial active 12) (12 cores per cpu, 2 threads per core) family 23 model 8 stepping 2, cmov, cx8, fxsr, mmx, sse, sse2, sse3, ssse3, sse4.1, sse4.2, popcnt, avx, avx2, aes, clmul, mmxext, 3dnowpref, lzcnt, sse4a, ht, tsc, tscinvbit, tscinv, bmi1, bmi2, adx, sha, fma

Memory: 4k page, system-wide physical 32699M (23653M free)
TotalPageFile size 32699M (AvailPageFile size 21692M)
current process WorkingSet (physical memory assigned to process): 284M, peak: 284M
current process commit charge ("private bytes"): 484M, peak: 738M

vm_info: Java HotSpot(TM) 64-Bit Server VM (14.0.1+7) for windows-amd64 JRE (14.0.1+7), built on Mar  5 2020 10:30:14 by "mach5one" with MS VC++ 15.9 (VS2017)

END.
