#
# A fatal error has been detected by the Java Runtime Environment:
#
#  EXCEPTION_ACCESS_VIOLATION (0xc0000005) at pc=0x00007ffb05d990f9, pid=13508, tid=14308
#
# JRE version: Java(TM) SE Runtime Environment (14.0.1+7) (build 14.0.1+7)
# Java VM: Java HotSpot(TM) 64-Bit Server VM (14.0.1+7, mixed mode, sharing, tiered, compressed oops, g1 gc, windows-amd64)
# Problematic frame:
# C  [nvoglv64.dll+0xa490f9]
#
# No core dump will be written. Minidumps are not enabled by default on client versions of Windows
#
# If you would like to submit a bug report, please visit:
#   https://bugreport.java.com/bugreport/crash.jsp
# The crash happened outside the Java Virtual Machine in native code.
# See problematic frame for where to report the bug.
#

---------------  S U M M A R Y ------------

Command Line: -agentlib:jdwp=transport=dt_socket,address=127.0.0.1:58468,suspend=y,server=n -Djava.library.path=C:\Users\hayden\Desktop\lib -javaagent:C:\Users\hayden\AppData\Local\JetBrains\IntelliJIdea2020.1\groovyHotSwap\gragent.jar -javaagent:C:\Users\hayden\AppData\Local\JetBrains\IntelliJIdea2020.1\captureAgent\debugger-agent.jar -Dfile.encoding=UTF-8 me.hydos.J64.Main

Host: AMD Ryzen 5 2600 Six-Core Processor            , 12 cores, 31G,  Windows 10 , 64 bit Build 18362 (10.0.18362.778)
Time: Thu Apr 30 15:53:13 2020 E. Australia Standard Time elapsed time: 94 seconds (0d 0h 1m 34s)

---------------  T H R E A D  ---------------

Current thread (0x00000116f973b800):  JavaThread "main" [_thread_in_native, id=14308, stack(0x000000113b700000,0x000000113b800000)]

Stack: [0x000000113b700000,0x000000113b800000],  sp=0x000000113b7fec10,  free space=1019k
Native frames: (J=compiled Java code, j=interpreted, Vv=VM code, C=native code)
C  [nvoglv64.dll+0xa490f9]

Java frames: (J=compiled Java code, j=interpreted, Vv=VM code)
j  org.lwjgl.opengl.GL11C.nglDrawElements(IIIJ)V+0
j  org.lwjgl.opengl.GL11C.glDrawElements(IIIJ)V+4
j  org.lwjgl.opengl.GL11.glDrawElements(IIIJ)V+4
j  com.github.hydos.ginger.engine.opengl.render.renderers.GLGLVertexRenderer.render([Lgln64j/OpenGlGdp$GLVertex;)V+50
j  gln64j.OpenGlGdp.OGL_DrawTriangles()V+17
j  gln64j.rsp.Gsp.gSPFlushTriangles()V+50
j  gln64j.rsp.Gsp.gSP2Triangles(IIIIIIII)V+22
j  gln64j.opcodes.F3dex$5.exec(II)V+45
j  gln64j.rsp.Gsp.RSP_ProcessDList()V+276
j  gln64j.OpenGl$OGL_EventListener.lambda$display$0()V+129
j  gln64j.OpenGl$OGL_EventListener$$Lambda$180.run()V+0
j  me.hydos.J64.Main.main([Ljava/lang/String;)V+14
v  ~StubRoutines::call_stub

siginfo: EXCEPTION_ACCESS_VIOLATION (0xc0000005), reading address 0x0000000000000000


Register to memory mapping:

RIP=0x00007ffb05d990f9 nvoglv64.dll
RAX=0x00000008d5e49fde is an unknown value
RBX=0x0 is NULL
RCX=0x0 is NULL
RDX=0x0000005867823519 is an unknown value
RSP=0x000000113b7fec10 is pointing into the stack for thread: 0x00000116f973b800
RBP=0x000000113b7fedd8 is pointing into the stack for thread: 0x00000116f973b800
RSI=0x0000000000000100 is an unknown value
RDI=0x0000000000000001 is an unknown value
R8 =0x0000000004fe0e83 is an unknown value
R9 =0x0 is NULL
R10=0x00000000546c6148 is an unknown value
R11=0xfffffffff36c099b is an unknown value
R12=0x0000000000001405 is an unknown value
R13=0x00000116b14de3e8 points into unknown readable memory: 04 00 00 00 01 00 00 00
R14=0x0 is NULL
R15=0x00000116b14dc080 points into unknown readable memory: 00 00 00 00 00 00 00 00


Registers:
RAX=0x00000008d5e49fde, RBX=0x0000000000000000, RCX=0x0000000000000000, RDX=0x0000005867823519
RSP=0x000000113b7fec10, RBP=0x000000113b7fedd8, RSI=0x0000000000000100, RDI=0x0000000000000001
R8 =0x0000000004fe0e83, R9 =0x0000000000000000, R10=0x00000000546c6148, R11=0xfffffffff36c099b
R12=0x0000000000001405, R13=0x00000116b14de3e8, R14=0x0000000000000000, R15=0x00000116b14dc080
RIP=0x00007ffb05d990f9, EFLAGS=0x0000000000010246

Top of Stack: (sp=0x000000113b7fec10)
0x000000113b7fec10:   0000000000000000 0000000000000000
0x000000113b7fec20:   00000116f973bd00 0000000000000000
0x000000113b7fec30:   00007ffb3302cf58 00000116a9ad5a10
0x000000113b7fec40:   00000005f75f9fc8 00000000000000d8
0x000000113b7fec50:   00000116b2f25d60 00000116f973b800
0x000000113b7fec60:   0000000200000005 00000116f973b800
0x000000113b7fec70:   0000000000000000 0000000000001405
0x000000113b7fec80:   0000000000000004 00000116b14dc080
0x000000113b7fec90:   0000000000000100 000000113b7fedd8
0x000000113b7feca0:   0000000000000000 00007ffb05a14176
0x000000113b7fecb0:   00000116f973b800 0000001100000004
0x000000113b7fecc0:   0000001100000000 00007ffb00000000
0x000000113b7fecd0:   0000001100000100 0000011600000400
0x000000113b7fece0:   0000000000000000 0000011600000000
0x000000113b7fecf0:   00000116b2f25d00 00000116f973b800
0x000000113b7fed00:   00000116886dcda9 00000116886e5e47 

Instructions: (pc=0x00007ffb05d990f9)
0x00007ffb05d98ff9:   18 89 54 24 10 53 55 56 57 41 54 41 55 41 56 41
0x00007ffb05d99009:   57 48 83 ec 58 4c 8b a9 38 03 00 00 4c 8b f9 44
0x00007ffb05d99019:   8b a4 24 c8 00 00 00 41 8b cc 8b b4 24 c0 00 00
0x00007ffb05d99029:   00 8b d6 48 8b 9c 24 d0 00 00 00 45 8b 55 14 41
0x00007ffb05d99039:   8b 45 18 41 f7 d2 45 23 55 0c 41 0b c2 d1 e9 83
0x00007ffb05d99049:   e1 03 f7 d0 41 23 45 10 d3 e2 41 80 7d 1e 00 89
0x00007ffb05d99059:   94 24 c8 00 00 00 0f 85 52 08 00 00 41 80 bf 8c
0x00007ffb05d99069:   ec 55 00 00 0f 85 44 08 00 00 85 f6 0f 8e 3c 08
0x00007ffb05d99079:   00 00 41 3b 97 a8 ee 55 00 0f 8f 2f 08 00 00 41
0x00007ffb05d99089:   83 7d 08 00 0f 85 24 08 00 00 41 80 7d 1d 00 0f
0x00007ffb05d99099:   85 19 08 00 00 41 80 7d 1c 00 0f 85 0e 08 00 00
0x00007ffb05d990a9:   41 80 bf 95 38 55 00 00 0f 85 00 08 00 00 41 80
0x00007ffb05d990b9:   bf 9c 38 55 00 00 0f 85 f2 07 00 00 a9 00 00 03
0x00007ffb05d990c9:   00 0f 85 e7 07 00 00 44 0b d0 45 85 55 20 0f 85
0x00007ffb05d990d9:   da 07 00 00 bf 01 00 00 00 49 8d 8f 00 f0 55 00
0x00007ffb05d990e9:   8b d7 e8 10 f7 e6 ff 41 81 fc 05 14 00 00 75 21
0x00007ffb05d990f9:   8b 0b 8d 6e ff 48 63 c5 48 89 84 24 a0 00 00 00
0x00007ffb05d99109:   8b 04 83 3b c8 44 8b f0 44 0f 47 f1 0f 42 c1 eb
0x00007ffb05d99119:   6e 41 81 fc 03 14 00 00 75 2c 0f b7 13 8d 6e ff
0x00007ffb05d99129:   48 63 c5 48 89 84 24 a0 00 00 00 0f b7 0c 43 0f
0x00007ffb05d99139:   b7 c1 66 3b d1 66 0f 47 c2 66 0f 42 ca 44 0f b7
0x00007ffb05d99149:   f0 0f b7 c1 eb 39 41 81 fc 01 14 00 00 0f 85 5b
0x00007ffb05d99159:   07 00 00 44 0f b6 03 8d 6e ff 48 63 c5 48 89 84
0x00007ffb05d99169:   24 a0 00 00 00 0f b6 14 18 44 3a c2 8b ca 41 0f
0x00007ffb05d99179:   47 c8 44 0f b6 f1 8b ca 41 0f 42 c8 0f b6 c1 49
0x00007ffb05d99189:   8b cd 44 2b f0 e8 2d 0b 00 00 45 8b 55 78 41 8b
0x00007ffb05d99199:   c2 41 0f af c6 41 3b 87 ac ee 55 00 0f 8f 0c 07
0x00007ffb05d991a9:   00 00 41 81 fc 05 14 00 00 0f 85 0f 01 00 00 44
0x00007ffb05d991b9:   8b 0b 45 8b f1 48 8d 53 04 3b f7 0f 8e 83 03 00
0x00007ffb05d991c9:   00 83 fd 08 0f 82 b1 00 00 00 83 3d 06 d0 ab 01
0x00007ffb05d991d9:   02 0f 8c a4 00 00 00 81 e5 07 00 00 80 7d 07 ff
0x00007ffb05d991e9:   cd 83 cd f8 ff c5 66 41 0f 6e c9 8b c6 66 0f 70 


Stack slot to memory mapping:
stack at sp + 0 slots: 0x0 is NULL
stack at sp + 1 slots: 0x0 is NULL
stack at sp + 2 slots: 0x00000116f973bd00 points into unknown readable memory: 00 00 00 00 00 00 00 00
stack at sp + 3 slots: 0x0 is NULL
stack at sp + 4 slots: 0x00007ffb3302cf58 jvm.dll
stack at sp + 5 slots: 0x00000116a9ad5a10 points into unknown readable memory: 30 00 07 00 1f bb 28 49
stack at sp + 6 slots: 0x00000005f75f9fc8 is an unknown value
stack at sp + 7 slots: 0x00000000000000d8 is an unknown value


---------------  P R O C E S S  ---------------

Threads class SMR info:
_java_thread_list=0x00000116b21c3800, length=20, elements={
0x00000116f973b800, 0x00000116ff49e000, 0x00000116ffc43000, 0x00000116ffc5b000,
0x00000116ffc5e000, 0x00000116ffc5f800, 0x00000116ffc62800, 0x00000116ffc6d800,
0x00000116ffc7b000, 0x00000116ffc3d800, 0x00000116ffe21800, 0x00000116a825f800,
0x00000116a835b800, 0x00000116a835e800, 0x00000116a97c6000, 0x00000116a99f1800,
0x00000116b21a9800, 0x00000116b21aa800, 0x00000116b21a9000, 0x00000116b21ac000
}

Java Threads: ( => current thread )
=>0x00000116f973b800 JavaThread "main" [_thread_in_native, id=14308, stack(0x000000113b700000,0x000000113b800000)]
  0x00000116ff49e000 JavaThread "Reference Handler" daemon [_thread_blocked, id=11732, stack(0x000000113be00000,0x000000113bf00000)]
  0x00000116ffc43000 JavaThread "Finalizer" daemon [_thread_blocked, id=15004, stack(0x000000113bf00000,0x000000113c000000)]
  0x00000116ffc5b000 JavaThread "Signal Dispatcher" daemon [_thread_blocked, id=772, stack(0x000000113c000000,0x000000113c100000)]
  0x00000116ffc5e000 JavaThread "Attach Listener" daemon [_thread_blocked, id=15648, stack(0x000000113c100000,0x000000113c200000)]
  0x00000116ffc5f800 JavaThread "Service Thread" daemon [_thread_blocked, id=16800, stack(0x000000113c200000,0x000000113c300000)]
  0x00000116ffc62800 JavaThread "C2 CompilerThread0" daemon [_thread_blocked, id=1328, stack(0x000000113c300000,0x000000113c400000)]
  0x00000116ffc6d800 JavaThread "C1 CompilerThread0" daemon [_thread_blocked, id=12520, stack(0x000000113c400000,0x000000113c500000)]
  0x00000116ffc7b000 JavaThread "Sweeper thread" daemon [_thread_blocked, id=15912, stack(0x000000113c500000,0x000000113c600000)]
  0x00000116ffc3d800 JavaThread "Common-Cleaner" daemon [_thread_blocked, id=2684, stack(0x000000113c600000,0x000000113c700000)]
  0x00000116ffe21800 JavaThread "JDWP Event Helper Thread" daemon [_thread_blocked, id=12664, stack(0x000000113c900000,0x000000113ca00000)]
  0x00000116a825f800 JavaThread "Notification Thread" daemon [_thread_blocked, id=11728, stack(0x000000113cb00000,0x000000113cc00000)]
  0x00000116a835b800 JavaThread "Java2D Disposer" daemon [_thread_blocked, id=10796, stack(0x000000113cd00000,0x000000113ce00000)]
  0x00000116a835e800 JavaThread "AWT-Shutdown" [_thread_blocked, id=17092, stack(0x000000113ce00000,0x000000113cf00000)]
  0x00000116a97c6000 JavaThread "AWT-EventQueue-0" [_thread_blocked, id=15460, stack(0x000000113d200000,0x000000113d300000)]
  0x00000116a99f1800 JavaThread "Java Sound Event Dispatcher" daemon [_thread_blocked, id=17304, stack(0x000000113de00000,0x000000113df00000)]
  0x00000116b21a9800 JavaThread "Thread-0" [_thread_in_native, id=2660, stack(0x000000113e800000,0x000000113e900000)]
  0x00000116b21aa800 JavaThread "TimerQueue" daemon [_thread_blocked, id=15896, stack(0x000000113ed00000,0x000000113ee00000)]
  0x00000116b21a9000 JavaThread "SIGINT handler" daemon [_thread_blocked, id=17388, stack(0x000000113b400000,0x000000113b500000)]
  0x00000116b21ac000 JavaThread "ToolkitShutdown" daemon [_thread_in_native, id=10952, stack(0x000000113b500000,0x000000113b600000)]

Other Threads:
  0x00000116ff499800 VMThread "VM Thread" [stack: 0x000000113bd00000,0x000000113be00000] [id=11676]
  0x00000116a8260800 WatcherThread [stack: 0x000000113cc00000,0x000000113cd00000] [id=7944]
  0x00000116f75fe000 GCTaskThread "GC Thread#0" [stack: 0x000000113b800000,0x000000113b900000] [id=5100]
  0x00000116a98ae800 GCTaskThread "GC Thread#1" [stack: 0x000000113d400000,0x000000113d500000] [id=10556]
  0x00000116a98af000 GCTaskThread "GC Thread#2" [stack: 0x000000113d500000,0x000000113d600000] [id=280]
  0x00000116a98b0000 GCTaskThread "GC Thread#3" [stack: 0x000000113d600000,0x000000113d700000] [id=15752]
  0x00000116a98b0800 GCTaskThread "GC Thread#4" [stack: 0x000000113d700000,0x000000113d800000] [id=16476]
  0x00000116a98b4800 GCTaskThread "GC Thread#5" [stack: 0x000000113d800000,0x000000113d900000] [id=15028]
  0x00000116a98b5000 GCTaskThread "GC Thread#6" [stack: 0x000000113d900000,0x000000113da00000] [id=4416]
  0x00000116a98ba800 GCTaskThread "GC Thread#7" [stack: 0x000000113da00000,0x000000113db00000] [id=12168]
  0x00000116a98bb000 GCTaskThread "GC Thread#8" [stack: 0x000000113db00000,0x000000113dc00000] [id=11700]
  0x00000116a98bc000 GCTaskThread "GC Thread#9" [stack: 0x000000113dc00000,0x000000113dd00000] [id=15920]
  0x00000116f97dc000 ConcurrentGCThread "G1 Main Marker" [stack: 0x000000113b900000,0x000000113ba00000] [id=16604]
  0x00000116f97dd800 ConcurrentGCThread "G1 Conc#0" [stack: 0x000000113ba00000,0x000000113bb00000] [id=14372]
  0x00000116b2275800 ConcurrentGCThread "G1 Conc#1" [stack: 0x000000113ee00000,0x000000113ef00000] [id=7984]
  0x00000116a927f800 ConcurrentGCThread "G1 Conc#2" [stack: 0x000000113ef00000,0x000000113f000000] [id=7828]
  0x00000116ff445800 ConcurrentGCThread "G1 Refine#0" [stack: 0x000000113bb00000,0x000000113bc00000] [id=6516]
  0x00000116ff446800 ConcurrentGCThread "G1 Young RemSet Sampling" [stack: 0x000000113bc00000,0x000000113bd00000] [id=9572]

Threads with active compile tasks:

VM state:not at safepoint (normal execution)

VM Mutex/Monitor currently owned by a thread: None

Heap address: 0x0000000601000000, size: 8176 MB, Compressed Oops mode: Zero based, Oop shift amount: 3
Narrow klass base: 0x0000000800000000, Narrow klass shift: 3
Compressed class space size: 1073741824 Address: 0x0000000800b30000

Heap:
 garbage-first heap   total 110592K, used 55284K [0x0000000601000000, 0x0000000800000000)
  region size 2048K, 14 young (28672K), 3 survivors (6144K)
 Metaspace       used 24559K, capacity 24923K, committed 25088K, reserved 1071104K
  class space    used 2373K, capacity 2523K, committed 2560K, reserved 1048576K
Heap Regions: E=young(eden), S=young(survivor), O=old, HS=humongous(starts), HC=humongous(continues), CS=collection set, F=free, OA=open archive, CA=closed archive, TAMS=top-at-mark-start (previous, next)
|   0|0x0000000601000000, 0x0000000601200000, 0x0000000601200000|100%|HS|  |TAMS 0x0000000601200000, 0x0000000601000000| Complete 
|   1|0x0000000601200000, 0x0000000601400000, 0x0000000601400000|100%|HS|  |TAMS 0x0000000601400000, 0x0000000601200000| Complete 
|   2|0x0000000601400000, 0x0000000601600000, 0x0000000601600000|100%|HS|  |TAMS 0x0000000601600000, 0x0000000601400000| Complete 
|   3|0x0000000601600000, 0x0000000601800000, 0x0000000601800000|100%|HC|  |TAMS 0x0000000601800000, 0x0000000601600000| Complete 
|   4|0x0000000601800000, 0x0000000601a00000, 0x0000000601a00000|100%|HC|  |TAMS 0x0000000601a00000, 0x0000000601800000| Complete 
|   5|0x0000000601a00000, 0x0000000601c00000, 0x0000000601c00000|100%|HC|  |TAMS 0x0000000601c00000, 0x0000000601a00000| Complete 
|   6|0x0000000601c00000, 0x0000000601e00000, 0x0000000601e00000|100%|HC|  |TAMS 0x0000000601e00000, 0x0000000601c00000| Complete 
|   7|0x0000000601e00000, 0x0000000602000000, 0x0000000602000000|100%| O|  |TAMS 0x0000000602000000, 0x0000000601e00000| Untracked 
|   8|0x0000000602000000, 0x0000000602200000, 0x0000000602200000|100%| O|  |TAMS 0x0000000602200000, 0x0000000602000000| Untracked 
|   9|0x0000000602200000, 0x000000060230b400, 0x0000000602400000| 52%| O|  |TAMS 0x000000060230b400, 0x0000000602200000| Untracked 
|  10|0x0000000602400000, 0x0000000602600000, 0x0000000602600000|100%|HS|  |TAMS 0x0000000602400000, 0x0000000602400000| Complete 
|  11|0x0000000602600000, 0x0000000602800000, 0x0000000602800000|100%|HC|  |TAMS 0x0000000602600000, 0x0000000602600000| Complete 
|  12|0x0000000602800000, 0x0000000602a00000, 0x0000000602a00000|100%|HC|  |TAMS 0x0000000602800000, 0x0000000602800000| Complete 
|  13|0x0000000602a00000, 0x0000000602c00000, 0x0000000602c00000|100%|HS|  |TAMS 0x0000000602a00000, 0x0000000602a00000| Complete 
|  14|0x0000000602c00000, 0x0000000602e00000, 0x0000000602e00000|100%|HC|  |TAMS 0x0000000602c00000, 0x0000000602c00000| Complete 
|  15|0x0000000602e00000, 0x0000000603000000, 0x0000000603000000|100%|HC|  |TAMS 0x0000000602e00000, 0x0000000602e00000| Complete 
|  16|0x0000000603000000, 0x0000000603000000, 0x0000000603200000|  0%| F|  |TAMS 0x0000000603000000, 0x0000000603000000| Untracked 
|  17|0x0000000603200000, 0x0000000603200000, 0x0000000603400000|  0%| F|  |TAMS 0x0000000603200000, 0x0000000603200000| Untracked 
|  18|0x0000000603400000, 0x0000000603400000, 0x0000000603600000|  0%| F|  |TAMS 0x0000000603400000, 0x0000000603400000| Untracked 
|  19|0x0000000603600000, 0x0000000603600000, 0x0000000603800000|  0%| F|  |TAMS 0x0000000603600000, 0x0000000603600000| Untracked 
|  20|0x0000000603800000, 0x0000000603800000, 0x0000000603a00000|  0%| F|  |TAMS 0x0000000603800000, 0x0000000603800000| Untracked 
|  21|0x0000000603a00000, 0x0000000603a00000, 0x0000000603c00000|  0%| F|  |TAMS 0x0000000603a00000, 0x0000000603a00000| Untracked 
|  22|0x0000000603c00000, 0x0000000603c00000, 0x0000000603e00000|  0%| F|  |TAMS 0x0000000603c00000, 0x0000000603c00000| Untracked 
|  23|0x0000000603e00000, 0x0000000603e00000, 0x0000000604000000|  0%| F|  |TAMS 0x0000000603e00000, 0x0000000603e00000| Untracked 
|  24|0x0000000604000000, 0x0000000604000000, 0x0000000604200000|  0%| F|  |TAMS 0x0000000604000000, 0x0000000604000000| Untracked 
|  25|0x0000000604200000, 0x0000000604200000, 0x0000000604400000|  0%| F|  |TAMS 0x0000000604200000, 0x0000000604200000| Untracked 
|  26|0x0000000604400000, 0x0000000604400000, 0x0000000604600000|  0%| F|  |TAMS 0x0000000604400000, 0x0000000604400000| Untracked 
|  27|0x0000000604600000, 0x0000000604600000, 0x0000000604800000|  0%| F|  |TAMS 0x0000000604600000, 0x0000000604600000| Untracked 
|  28|0x0000000604800000, 0x0000000604800000, 0x0000000604a00000|  0%| F|  |TAMS 0x0000000604800000, 0x0000000604800000| Untracked 
|  29|0x0000000604a00000, 0x0000000604a00000, 0x0000000604c00000|  0%| F|  |TAMS 0x0000000604a00000, 0x0000000604a00000| Untracked 
|  30|0x0000000604c00000, 0x0000000604c00000, 0x0000000604e00000|  0%| F|  |TAMS 0x0000000604c00000, 0x0000000604c00000| Untracked 
|  31|0x0000000604e00000, 0x0000000604e00000, 0x0000000605000000|  0%| F|  |TAMS 0x0000000604e00000, 0x0000000604e00000| Untracked 
|  32|0x0000000605000000, 0x0000000605000000, 0x0000000605200000|  0%| F|  |TAMS 0x0000000605000000, 0x0000000605000000| Untracked 
|  33|0x0000000605200000, 0x0000000605200000, 0x0000000605400000|  0%| F|  |TAMS 0x0000000605200000, 0x0000000605200000| Untracked 
|  34|0x0000000605400000, 0x0000000605400000, 0x0000000605600000|  0%| F|  |TAMS 0x0000000605400000, 0x0000000605400000| Untracked 
|  35|0x0000000605600000, 0x0000000605600000, 0x0000000605800000|  0%| F|  |TAMS 0x0000000605600000, 0x0000000605600000| Untracked 
|  36|0x0000000605800000, 0x0000000605800000, 0x0000000605a00000|  0%| F|  |TAMS 0x0000000605800000, 0x0000000605800000| Untracked 
|  37|0x0000000605a00000, 0x0000000605a00000, 0x0000000605c00000|  0%| F|  |TAMS 0x0000000605a00000, 0x0000000605a00000| Untracked 
|  38|0x0000000605c00000, 0x0000000605c00000, 0x0000000605e00000|  0%| F|  |TAMS 0x0000000605c00000, 0x0000000605c00000| Untracked 
|  39|0x0000000605e00000, 0x0000000605e00000, 0x0000000606000000|  0%| F|  |TAMS 0x0000000605e00000, 0x0000000605e00000| Untracked 
|  40|0x0000000606000000, 0x0000000606194fe0, 0x0000000606200000| 79%| E|  |TAMS 0x0000000606000000, 0x0000000606000000| Complete 
|  41|0x0000000606200000, 0x0000000606400000, 0x0000000606400000|100%| E|CS|TAMS 0x0000000606200000, 0x0000000606200000| Complete 
|  42|0x0000000606400000, 0x0000000606600000, 0x0000000606600000|100%| E|CS|TAMS 0x0000000606400000, 0x0000000606400000| Complete 
|  43|0x0000000606600000, 0x0000000606800000, 0x0000000606800000|100%| E|CS|TAMS 0x0000000606600000, 0x0000000606600000| Complete 
|  44|0x0000000606800000, 0x0000000606a00000, 0x0000000606a00000|100%| E|  |TAMS 0x0000000606800000, 0x0000000606800000| Complete 
|  45|0x0000000606a00000, 0x0000000606c00000, 0x0000000606c00000|100%| E|CS|TAMS 0x0000000606a00000, 0x0000000606a00000| Complete 
|  46|0x0000000606c00000, 0x0000000606e00000, 0x0000000606e00000|100%| E|CS|TAMS 0x0000000606c00000, 0x0000000606c00000| Complete 
|  47|0x0000000606e00000, 0x0000000607000000, 0x0000000607000000|100%| E|CS|TAMS 0x0000000606e00000, 0x0000000606e00000| Complete 
| 242|0x000000061f400000, 0x000000061f4f1e00, 0x000000061f600000| 47%| S|CS|TAMS 0x000000061f400000, 0x000000061f400000| Complete 
| 243|0x000000061f600000, 0x000000061f800000, 0x000000061f800000|100%| S|CS|TAMS 0x000000061f600000, 0x000000061f600000| Complete 
| 244|0x000000061f800000, 0x000000061fa00000, 0x000000061fa00000|100%| S|CS|TAMS 0x000000061f800000, 0x000000061f800000| Complete 
| 253|0x0000000620a00000, 0x0000000620c00000, 0x0000000620c00000|100%| E|CS|TAMS 0x0000000620a00000, 0x0000000620a00000| Complete 
| 254|0x0000000620c00000, 0x0000000620e00000, 0x0000000620e00000|100%| E|CS|TAMS 0x0000000620c00000, 0x0000000620c00000| Complete 
| 255|0x0000000620e00000, 0x0000000621000000, 0x0000000621000000|100%| E|CS|TAMS 0x0000000620e00000, 0x0000000620e00000| Complete 

Card table byte_map: [0x00000116fad50000,0x00000116fbd50000] _byte_map_base: 0x00000116f7d48000

Marking Bits (Prev, Next): (CMBitMap*) 0x00000116f97bb4a8, (CMBitMap*) 0x00000116f97bb468
 Prev Bits: [0x000001169f690000, 0x00000116a7650000)
 Next Bits: [0x00000116976d0000, 0x000001169f690000)

Polling page: 0x00000116f74f0000

Metaspace:

Usage:
  Non-class:     21.88 MB capacity,    21.67 MB (>99%) used,   169.88 KB ( <1%) free+waste,    43.50 KB ( <1%) overhead. 
      Class:      2.46 MB capacity,     2.32 MB ( 94%) used,   129.46 KB (  5%) free+waste,    20.38 KB ( <1%) overhead. 
       Both:     24.34 MB capacity,    23.98 MB ( 99%) used,   299.34 KB (  1%) free+waste,    63.88 KB ( <1%) overhead. 

Virtual space:
  Non-class space:       22.00 MB reserved,      22.00 MB (100%) committed 
      Class space:        1.00 GB reserved,       2.50 MB ( <1%) committed 
             Both:        1.02 GB reserved,      24.50 MB (  2%) committed 

Chunk freelists:
   Non-Class:  64.00 KB
       Class:  37.00 KB
        Both:  101.00 KB

MaxMetaspaceSize: 17179869184.00 GB
CompressedClassSpaceSize: 1.00 GB

CodeHeap 'non-profiled nmethods': size=120000Kb used=1187Kb max_used=1187Kb free=118812Kb
 bounds [0x00000116901a0000, 0x0000011690410000, 0x00000116976d0000]
CodeHeap 'profiled nmethods': size=120000Kb used=6463Kb max_used=6463Kb free=113536Kb
 bounds [0x0000011688c70000, 0x00000116892c0000, 0x00000116901a0000]
CodeHeap 'non-nmethods': size=5760Kb used=2076Kb max_used=2115Kb free=3683Kb
 bounds [0x00000116886d0000, 0x0000011688940000, 0x0000011688c70000]
 total_blobs=5288 nmethods=2920 adapters=1397
 compilation: enabled
              stopped_count=0, restarted_count=0
 full_count=0

Compilation events (20 events):
Event: 10.199 Thread 0x00000116ffc6d800 nmethod 2896 0x00000116892b7f90 code [0x00000116892b8220, 0x00000116892b8f58]
Event: 10.199 Thread 0x00000116ffc6d800 2897       3       me.hydos.J64.hardware.Cop1::ldC1 (11 bytes)
Event: 10.199 Thread 0x00000116ffc6d800 nmethod 2897 0x00000116892b9610 code [0x00000116892b97a0, 0x00000116892b98f8]
Event: 10.199 Thread 0x00000116ffc6d800 2899       3       me.hydos.J64.hardware.Cop1$MipsDword::setF (14 bytes)
Event: 10.199 Thread 0x00000116ffc6d800 nmethod 2899 0x00000116892b9a10 code [0x00000116892b9bc0, 0x00000116892b9e98]
Event: 10.199 Thread 0x00000116ffc6d800 2900       3       java.lang.Float::floatToIntBits (15 bytes)
Event: 10.200 Thread 0x00000116ffc6d800 nmethod 2900 0x00000116892b9f90 code [0x00000116892ba140, 0x00000116892ba358]
Event: 10.200 Thread 0x00000116ffc6d800 2901       3       me.hydos.J64.hardware.Cop1$MipsDword::getW (65 bytes)
Event: 10.200 Thread 0x00000116ffc6d800 nmethod 2901 0x00000116892ba410 code [0x00000116892ba5c0, 0x00000116892ba818]
Event: 10.200 Thread 0x00000116ffc6d800 2902       3       me.hydos.J64.N64Cpu$10::run (24 bytes)
Event: 10.200 Thread 0x00000116ffc6d800 nmethod 2902 0x00000116892ba910 code [0x00000116892baac0, 0x00000116892bad08]
Event: 10.204 Thread 0x00000116ffc62800 nmethod 2898 0x00000116902c5c90 code [0x00000116902c5f40, 0x00000116902c67f8]
Event: 10.230 Thread 0x00000116ffc62800 2903   !   4       me.hydos.J64.N64Cpu$53::run (159 bytes)
Event: 10.235 Thread 0x00000116ffc62800 nmethod 2903 0x00000116902c6b10 code [0x00000116902c6dc0, 0x00000116902c75f8]
Event: 10.242 Thread 0x00000116ffc6d800 2904       3       jdk.internal.misc.Unsafe::getFloat (7 bytes)
Event: 10.242 Thread 0x00000116ffc6d800 nmethod 2904 0x00000116892bae10 code [0x00000116892bafa0, 0x00000116892bb0d8]
Event: 10.242 Thread 0x00000116ffc6d800 2906       3       java.nio.DirectFloatBufferU::ix (10 bytes)
Event: 10.242 Thread 0x00000116ffc6d800 nmethod 2906 0x00000116892bb190 code [0x00000116892bb320, 0x00000116892bb458]
Event: 10.242 Thread 0x00000116ffc6d800 2907   !   3       java.nio.DirectFloatBufferU::get (33 bytes)
Event: 10.242 Thread 0x00000116ffc6d800 nmethod 2907 0x00000116892bb510 code [0x00000116892bb700, 0x00000116892bbbc8]

GC Heap History (6 events):
Event: 1.303 GC heap before
{Heap before GC invocations=0 (full 0):
 garbage-first heap   total 524288K, used 38912K [0x0000000601000000, 0x0000000800000000)
  region size 2048K, 13 young (26624K), 0 survivors (0K)
 Metaspace       used 8662K, capacity 8936K, committed 9088K, reserved 1056768K
  class space    used 1004K, capacity 1114K, committed 1152K, reserved 1048576K
}
Event: 1.307 GC heap after
{Heap after GC invocations=1 (full 0):
 garbage-first heap   total 524288K, used 19317K [0x0000000601000000, 0x0000000800000000)
  region size 2048K, 2 young (4096K), 2 survivors (4096K)
 Metaspace       used 8662K, capacity 8936K, committed 9088K, reserved 1056768K
  class space    used 1004K, capacity 1114K, committed 1152K, reserved 1048576K
}
Event: 2.410 GC heap before
{Heap before GC invocations=1 (full 0):
 garbage-first heap   total 524288K, used 47989K [0x0000000601000000, 0x0000000800000000)
  region size 2048K, 17 young (34816K), 2 survivors (4096K)
 Metaspace       used 16036K, capacity 16336K, committed 16384K, reserved 1064960K
  class space    used 1402K, capacity 1517K, committed 1536K, reserved 1048576K
}
Event: 2.413 GC heap after
{Heap after GC invocations=2 (full 0):
 garbage-first heap   total 524288K, used 21092K [0x0000000601000000, 0x0000000800000000)
  region size 2048K, 1 young (2048K), 1 survivors (2048K)
 Metaspace       used 16036K, capacity 16336K, committed 16384K, reserved 1064960K
  class space    used 1402K, capacity 1517K, committed 1536K, reserved 1048576K
}
Event: 5.460 GC heap before
{Heap before GC invocations=2 (full 0):
 garbage-first heap   total 524288K, used 41572K [0x0000000601000000, 0x0000000800000000)
  region size 2048K, 12 young (24576K), 1 survivors (2048K)
 Metaspace       used 20795K, capacity 21083K, committed 21248K, reserved 1069056K
  class space    used 2047K, capacity 2180K, committed 2304K, reserved 1048576K
}
Event: 5.463 GC heap after
{Heap after GC invocations=3 (full 0):
 garbage-first heap   total 524288K, used 24564K [0x0000000601000000, 0x0000000800000000)
  region size 2048K, 3 young (6144K), 3 survivors (6144K)
 Metaspace       used 20795K, capacity 21083K, committed 21248K, reserved 1069056K
  class space    used 2047K, capacity 2180K, committed 2304K, reserved 1048576K
}

Deoptimization events (20 events):
Event: 9.680 Thread 0x00000116b21a9800 Uncommon trap: trap_request=0xffffff45 fr.pc=0x00000116902bbc5c relative=0x000000000000023c
Event: 9.680 Thread 0x00000116b21a9800 Uncommon trap: reason=unstable_if action=reinterpret pc=0x00000116902bbc5c method=me.hydos.J64.N64Cpu$22.run()V @ 37 c2
Event: 9.680 Thread 0x00000116b21a9800 DEOPT PACKING pc=0x00000116902bbc5c sp=0x000000113e8fee40
Event: 9.680 Thread 0x00000116b21a9800 DEOPT UNPACKING pc=0x000001168871912f sp=0x000000113e8fede8 mode 2
Event: 9.696 Thread 0x00000116b21a9800 Uncommon trap: trap_request=0xffffff45 fr.pc=0x000001169028d124 relative=0x0000000000000e84
Event: 9.696 Thread 0x00000116b21a9800 Uncommon trap: reason=unstable_if action=reinterpret pc=0x000001169028d124 method=me.hydos.J64.N64Cpu.jumpTo(I)V @ 24 c2
Event: 9.696 Thread 0x00000116b21a9800 DEOPT PACKING pc=0x000001169028d124 sp=0x000000113e8fee30
Event: 9.696 Thread 0x00000116b21a9800 DEOPT UNPACKING pc=0x000001168871912f sp=0x000000113e8fed80 mode 2
Event: 9.930 Thread 0x00000116b21a9800 Uncommon trap: trap_request=0xffffff45 fr.pc=0x00000116902bef78 relative=0x0000000000000a18
Event: 9.930 Thread 0x00000116b21a9800 Uncommon trap: reason=unstable_if action=reinterpret pc=0x00000116902bef78 method=me.hydos.J64.hardware.Memory.lwNonMemory(I)I @ 72 c2
Event: 9.930 Thread 0x00000116b21a9800 DEOPT PACKING pc=0x00000116902bef78 sp=0x000000113e8fedc0
Event: 9.930 Thread 0x00000116b21a9800 DEOPT UNPACKING pc=0x000001168871912f sp=0x000000113e8fed30 mode 2
Event: 9.930 Thread 0x00000116b21a9800 Uncommon trap: trap_request=0xffffff45 fr.pc=0x00000116902bc8e4 relative=0x0000000000000604
Event: 9.930 Thread 0x00000116b21a9800 Uncommon trap: reason=unstable_if action=reinterpret pc=0x00000116902bc8e4 method=me.hydos.J64.N64Cpu.testInterpreterJump(IIII)I @ 2 c2
Event: 9.930 Thread 0x00000116b21a9800 DEOPT PACKING pc=0x00000116902bc8e4 sp=0x000000113e8fee40
Event: 9.930 Thread 0x00000116b21a9800 DEOPT UNPACKING pc=0x000001168871912f sp=0x000000113e8fed58 mode 2
Event: 10.175 Thread 0x00000116b21a9800 Uncommon trap: trap_request=0xffffff45 fr.pc=0x00000116902b8150 relative=0x0000000000000410
Event: 10.176 Thread 0x00000116b21a9800 Uncommon trap: reason=unstable_if action=reinterpret pc=0x00000116902b8150 method=me.hydos.J64.hardware.Cop0.timerDone()V @ 16 c2
Event: 10.176 Thread 0x00000116b21a9800 DEOPT PACKING pc=0x00000116902b8150 sp=0x000000113e8fedd0
Event: 10.176 Thread 0x00000116b21a9800 DEOPT UNPACKING pc=0x000001168871912f sp=0x000000113e8fed10 mode 2

Classes unloaded (0 events):
No events

Classes redefined (0 events):
No events

Internal exceptions (20 events):
Event: 1.596 Thread 0x00000116f973b800 Exception <a 'sun/nio/fs/WindowsException'{0x000000062095a378}> (0x000000062095a378) 
thrown [./open/src/hotspot/share/prims/jni.cpp, line 599]
Event: 2.119 Thread 0x00000116f973b800 Exception <a 'sun/nio/fs/WindowsException'{0x0000000620444dc8}> (0x0000000620444dc8) 
thrown [./open/src/hotspot/share/prims/jni.cpp, line 599]
Event: 2.119 Thread 0x00000116f973b800 Exception <a 'sun/nio/fs/WindowsException'{0x0000000620445178}> (0x0000000620445178) 
thrown [./open/src/hotspot/share/prims/jni.cpp, line 599]
Event: 2.122 Thread 0x00000116f973b800 Exception <a 'sun/nio/fs/WindowsException'{0x0000000620467f80}> (0x0000000620467f80) 
thrown [./open/src/hotspot/share/prims/jni.cpp, line 599]
Event: 2.122 Thread 0x00000116f973b800 Exception <a 'sun/nio/fs/WindowsException'{0x0000000620468270}> (0x0000000620468270) 
thrown [./open/src/hotspot/share/prims/jni.cpp, line 599]
Event: 2.147 Thread 0x00000116f973b800 Exception <a 'sun/nio/fs/WindowsException'{0x0000000620284b60}> (0x0000000620284b60) 
thrown [./open/src/hotspot/share/prims/jni.cpp, line 599]
Event: 2.147 Thread 0x00000116f973b800 Exception <a 'sun/nio/fs/WindowsException'{0x0000000620284f08}> (0x0000000620284f08) 
thrown [./open/src/hotspot/share/prims/jni.cpp, line 599]
Event: 2.147 Thread 0x00000116f973b800 Exception <a 'sun/nio/fs/WindowsException'{0x00000006202859c8}> (0x00000006202859c8) 
thrown [./open/src/hotspot/share/prims/jni.cpp, line 599]
Event: 2.147 Thread 0x00000116f973b800 Exception <a 'sun/nio/fs/WindowsException'{0x0000000620285cb8}> (0x0000000620285cb8) 
thrown [./open/src/hotspot/share/prims/jni.cpp, line 599]
Event: 2.147 Thread 0x00000116f973b800 Exception <a 'sun/nio/fs/WindowsException'{0x0000000620287110}> (0x0000000620287110) 
thrown [./open/src/hotspot/share/prims/jni.cpp, line 599]
Event: 2.148 Thread 0x00000116f973b800 Exception <a 'sun/nio/fs/WindowsException'{0x00000006202873f0}> (0x00000006202873f0) 
thrown [./open/src/hotspot/share/prims/jni.cpp, line 599]
Event: 2.148 Thread 0x00000116f973b800 Exception <a 'sun/nio/fs/WindowsException'{0x0000000620287da0}> (0x0000000620287da0) 
thrown [./open/src/hotspot/share/prims/jni.cpp, line 599]
Event: 2.148 Thread 0x00000116f973b800 Exception <a 'sun/nio/fs/WindowsException'{0x0000000620287fc8}> (0x0000000620287fc8) 
thrown [./open/src/hotspot/share/prims/jni.cpp, line 599]
Event: 2.149 Thread 0x00000116f973b800 Exception <a 'java/lang/UnsatisfiedLinkError'{0x0000000620289f58}> (0x0000000620289f58) 
thrown [./open/src/hotspot/share/oops/instanceKlass.cpp, line 1083]
Event: 2.149 Thread 0x00000116f973b800 Exception <a 'java/lang/UnsatisfiedLinkError'{0x0000000620289f58}> (0x0000000620289f58) 
thrown [./open/src/hotspot/share/oops/instanceKlass.cpp, line 1083]
Event: 2.311 Thread 0x00000116f973b800 Exception <a 'sun/nio/fs/WindowsException'{0x000000061f784bc8}> (0x000000061f784bc8) 
thrown [./open/src/hotspot/share/prims/jni.cpp, line 599]
Event: 2.311 Thread 0x00000116f973b800 Exception <a 'sun/nio/fs/WindowsException'{0x000000061f784f58}> (0x000000061f784f58) 
thrown [./open/src/hotspot/share/prims/jni.cpp, line 599]
Event: 9.180 Thread 0x00000116f973b800 Exception <a 'java/lang/NoSuchMethodError'{0x0000000606f2d060}: 'void java.lang.invoke.DirectMethodHandle$Holder.invokeStatic(java.lang.Object, int, int)'> (0x0000000606f2d060) 
thrown [./open/src/hotspot/share/interpreter/linkResolver.cpp, line 766]
Event: 9.181 Thread 0x00000116f973b800 Exception <a 'java/lang/NoSuchMethodError'{0x0000000606f2fae8}: 'void java.lang.invoke.DirectMethodHandle$Holder.invokeStaticInit(java.lang.Object, int, int)'> (0x0000000606f2fae8) 
thrown [./open/src/hotspot/share/interpreter/linkResolver.cpp, line 766]
Event: 9.412 Thread 0x00000116a97c6000 Exception <a 'java/lang/NoSuchMethodError'{0x000000060625bb10}: 'int java.lang.invoke.DirectMethodHandle$Holder.invokeSpecialIFC(java.lang.Object, java.lang.Object, int)'> (0x000000060625bb10) 
thrown [./open/src/hotspot/share/interpreter/linkResolver.cpp, line 766]

Events (20 events):
Event: 91.213 Executing VM operation: ThreadsSuspendJVMTI done
Event: 91.213 Executing VM operation: GetFrameCount
Event: 91.213 Executing VM operation: GetFrameCount done
Event: 91.214 Executing VM operation: GetFrameCount
Event: 91.214 Executing VM operation: GetFrameCount done
Event: 91.214 Executing VM operation: GetStackTrace
Event: 91.214 Executing VM operation: GetStackTrace done
Event: 91.232 Executing VM operation: GetFrameLocation
Event: 91.232 Executing VM operation: GetFrameLocation done
Event: 91.232 Executing VM operation: get/set locals
Event: 91.232 Executing VM operation: get/set locals done
Event: 91.235 Executing VM operation: get/set locals
Event: 91.235 Executing VM operation: get/set locals done
Event: 91.238 Executing VM operation: get/set locals
Event: 91.238 Executing VM operation: get/set locals done
Event: 91.240 Executing VM operation: GetFrameCount
Event: 91.240 Executing VM operation: GetFrameCount done
Event: 91.240 Executing VM operation: GetStackTrace
Event: 91.240 Executing VM operation: GetStackTrace done
Event: 94.011 Executing VM operation: ChangeBreakpoints


Dynamic libraries:
0x00007ff73dfd0000 - 0x00007ff73dfdf000 	C:\Program Files\Java\jdk-14.0.1\bin\java.exe
0x00007ffb706a0000 - 0x00007ffb70890000 	C:\WINDOWS\SYSTEM32\ntdll.dll
0x00007ffb6f870000 - 0x00007ffb6f922000 	C:\WINDOWS\System32\KERNEL32.DLL
0x00007ffb6d8b0000 - 0x00007ffb6db53000 	C:\WINDOWS\System32\KERNELBASE.dll
0x00007ffb6e6b0000 - 0x00007ffb6e7aa000 	C:\WINDOWS\System32\ucrtbase.dll
0x00007ffb50e50000 - 0x00007ffb50e65000 	C:\Program Files\Java\jdk-14.0.1\bin\VCRUNTIME140.dll
0x00007ffb66210000 - 0x00007ffb66228000 	C:\Program Files\Java\jdk-14.0.1\bin\jli.dll
0x00007ffb6ea50000 - 0x00007ffb6eaf3000 	C:\WINDOWS\System32\ADVAPI32.dll
0x00007ffb6f260000 - 0x00007ffb6f2fe000 	C:\WINDOWS\System32\msvcrt.dll
0x00007ffb6f460000 - 0x00007ffb6f4f7000 	C:\WINDOWS\System32\sechost.dll
0x00007ffb6ecd0000 - 0x00007ffb6edf0000 	C:\WINDOWS\System32\RPCRT4.dll
0x00007ffb703e0000 - 0x00007ffb70574000 	C:\WINDOWS\System32\USER32.dll
0x00007ffb6dde0000 - 0x00007ffb6de01000 	C:\WINDOWS\System32\win32u.dll
0x00007ffb5bed0000 - 0x00007ffb5c155000 	C:\WINDOWS\WinSxS\amd64_microsoft.windows.common-controls_6595b64144ccf1df_6.0.18362.778_none_e6c6b761130d4fb8\COMCTL32.dll
0x00007ffb70630000 - 0x00007ffb70656000 	C:\WINDOWS\System32\GDI32.dll
0x00007ffb6f930000 - 0x00007ffb6fc66000 	C:\WINDOWS\System32\combase.dll
0x00007ffb6d690000 - 0x00007ffb6d824000 	C:\WINDOWS\System32\gdi32full.dll
0x00007ffb6e630000 - 0x00007ffb6e6b0000 	C:\WINDOWS\System32\bcryptPrimitives.dll
0x00007ffb6e590000 - 0x00007ffb6e62e000 	C:\WINDOWS\System32\msvcp_win.dll
0x00007ffb67a20000 - 0x00007ffb67a2a000 	C:\WINDOWS\SYSTEM32\VERSION.dll
0x00007ffb6e8f0000 - 0x00007ffb6e91e000 	C:\WINDOWS\System32\IMM32.DLL
0x00007ffb3f580000 - 0x00007ffb3f61b000 	C:\Program Files\Java\jdk-14.0.1\bin\msvcp140.dll
0x00007ffb327d0000 - 0x00007ffb332ee000 	C:\Program Files\Java\jdk-14.0.1\bin\server\jvm.dll
0x00007ffb6f450000 - 0x00007ffb6f458000 	C:\WINDOWS\System32\PSAPI.DLL
0x00007ffb48600000 - 0x00007ffb48609000 	C:\WINDOWS\SYSTEM32\WSOCK32.dll
0x00007ffb6b750000 - 0x00007ffb6b774000 	C:\WINDOWS\SYSTEM32\WINMM.dll
0x00007ffb6f800000 - 0x00007ffb6f86f000 	C:\WINDOWS\System32\WS2_32.dll
0x00007ffb6b5b0000 - 0x00007ffb6b5dd000 	C:\WINDOWS\SYSTEM32\WINMMBASE.dll
0x00007ffb6d860000 - 0x00007ffb6d8aa000 	C:\WINDOWS\System32\cfgmgr32.dll
0x00007ffb6d5d0000 - 0x00007ffb6d5e1000 	C:\WINDOWS\System32\kernel.appcore.dll
0x00007ffb67180000 - 0x00007ffb6718a000 	C:\Program Files\Java\jdk-14.0.1\bin\jimage.dll
0x00007ffb5d530000 - 0x00007ffb5d724000 	C:\WINDOWS\SYSTEM32\DBGHELP.DLL
0x00007ffb5d330000 - 0x00007ffb5d35a000 	C:\WINDOWS\SYSTEM32\dbgcore.DLL
0x00007ffb35520000 - 0x00007ffb35558000 	C:\Program Files\Java\jdk-14.0.1\bin\jdwp.dll
0x00007ffb4fac0000 - 0x00007ffb4fae5000 	C:\Program Files\Java\jdk-14.0.1\bin\java.dll
0x00007ffb4c040000 - 0x00007ffb4c04e000 	C:\Program Files\Java\jdk-14.0.1\bin\instrument.dll
0x00007ffb4fa40000 - 0x00007ffb4fa56000 	C:\Program Files\Java\jdk-14.0.1\bin\zip.dll
0x00007ffb6fcf0000 - 0x00007ffb703d5000 	C:\WINDOWS\System32\SHELL32.dll
0x00007ffb70580000 - 0x00007ffb70629000 	C:\WINDOWS\System32\shcore.dll
0x00007ffb6de10000 - 0x00007ffb6e590000 	C:\WINDOWS\System32\windows.storage.dll
0x00007ffb6d660000 - 0x00007ffb6d683000 	C:\WINDOWS\System32\profapi.dll
0x00007ffb6d610000 - 0x00007ffb6d65a000 	C:\WINDOWS\System32\powrprof.dll
0x00007ffb6d5c0000 - 0x00007ffb6d5d0000 	C:\WINDOWS\System32\UMPDC.dll
0x00007ffb6f3f0000 - 0x00007ffb6f442000 	C:\WINDOWS\System32\shlwapi.dll
0x00007ffb6dd60000 - 0x00007ffb6dd77000 	C:\WINDOWS\System32\cryptsp.dll
0x00007ffb4c030000 - 0x00007ffb4c03b000 	C:\Program Files\Java\jdk-14.0.1\bin\dt_socket.dll
0x00007ffb6cae0000 - 0x00007ffb6cb1a000 	C:\WINDOWS\SYSTEM32\IPHLPAPI.DLL
0x00007ffb6cdd0000 - 0x00007ffb6ce37000 	C:\WINDOWS\system32\mswsock.dll
0x00007ffb4fa20000 - 0x00007ffb4fa39000 	C:\Program Files\Java\jdk-14.0.1\bin\net.dll
0x00007ffb69070000 - 0x00007ffb69160000 	C:\WINDOWS\SYSTEM32\WINHTTP.dll
0x00007ffb4a580000 - 0x00007ffb4a592000 	C:\Program Files\Java\jdk-14.0.1\bin\nio.dll
0x00007ffb67050000 - 0x00007ffb67060000 	C:\Program Files\Java\jdk-14.0.1\bin\verify.dll
0x00007ffb34ba0000 - 0x00007ffb34d38000 	C:\Program Files\Java\jdk-14.0.1\bin\awt.dll
0x00007ffb6f500000 - 0x00007ffb6f5c4000 	C:\WINDOWS\System32\OLEAUT32.dll
0x00007ffb6b870000 - 0x00007ffb6b8ff000 	C:\WINDOWS\SYSTEM32\apphelp.dll
0x00007ffb6b940000 - 0x00007ffb6b9d9000 	C:\WINDOWS\system32\uxtheme.dll
0x00007ffb6e7b0000 - 0x00007ffb6e8e6000 	C:\WINDOWS\System32\MSCTF.dll
0x00007ffb6eb70000 - 0x00007ffb6ecc7000 	C:\WINDOWS\System32\ole32.dll
0x00007ffb6bd60000 - 0x00007ffb6bd8d000 	C:\WINDOWS\system32\DWMAPI.DLL
0x00007ffb3f930000 - 0x00007ffb3fa86000 	C:\WINDOWS\system32\opengl32.dll
0x00007ffb61d60000 - 0x00007ffb61d8c000 	C:\WINDOWS\SYSTEM32\GLU32.dll
0x00007ffb6c2a0000 - 0x00007ffb6c2c0000 	C:\WINDOWS\SYSTEM32\dxcore.dll
0x00007ffb6dc10000 - 0x00007ffb6dd59000 	C:\WINDOWS\System32\crypt32.dll
0x00007ffb6d5f0000 - 0x00007ffb6d602000 	C:\WINDOWS\System32\MSASN1.dll
0x00007ffb67930000 - 0x00007ffb6795f000 	C:\WINDOWS\SYSTEM32\cryptnet.dll
0x00007ffb6cfa0000 - 0x00007ffb6cfac000 	C:\WINDOWS\SYSTEM32\cryptbase.dll
0x00007ffb6dd80000 - 0x00007ffb6dddc000 	C:\WINDOWS\System32\WINTRUST.DLL
0x00007ffb6f3d0000 - 0x00007ffb6f3ed000 	C:\WINDOWS\System32\imagehlp.dll
0x00007ffb6c940000 - 0x00007ffb6c973000 	C:\WINDOWS\system32\rsaenh.dll
0x00007ffb6d830000 - 0x00007ffb6d856000 	C:\WINDOWS\System32\bcrypt.dll
0x00007ffb2eab0000 - 0x00007ffb2ed67000 	C:\WINDOWS\system32\nvspcap64.dll
0x00007ffb6c620000 - 0x00007ffb6c651000 	C:\WINDOWS\SYSTEM32\ntmarta.dll
0x00007ffb6c1e0000 - 0x00007ffb6c202000 	C:\WINDOWS\SYSTEM32\gpapi.dll
0x00007ffb344f0000 - 0x00007ffb34572000 	C:\Program Files\Java\jdk-14.0.1\bin\freetype.dll
0x00007ffb34440000 - 0x00007ffb344e6000 	C:\Program Files\Java\jdk-14.0.1\bin\fontmanager.dll
0x00007ffb53290000 - 0x00007ffb5332e000 	C:\WINDOWS\System32\TextInputFramework.dll
0x00007ffb689a0000 - 0x00007ffb68cca000 	C:\WINDOWS\System32\CoreUIComponents.dll
0x00007ffb6b160000 - 0x00007ffb6b234000 	C:\WINDOWS\System32\CoreMessaging.dll
0x00007ffb69490000 - 0x00007ffb695e3000 	C:\WINDOWS\SYSTEM32\wintypes.dll
0x00007ffb5dd70000 - 0x00007ffb5e016000 	C:\WINDOWS\System32\iertutil.dll
0x00007ffb4bb60000 - 0x00007ffb4bb71000 	C:\Program Files\Java\jdk-14.0.1\bin\jsound.dll
0x00007ffb42290000 - 0x00007ffb42329000 	C:\WINDOWS\SYSTEM32\DSOUND.dll
0x00007ffb6e920000 - 0x00007ffb6e9c2000 	C:\WINDOWS\System32\clbcatq.dll
0x00007ffb66d60000 - 0x00007ffb66dd2000 	C:\WINDOWS\System32\MMDevApi.dll
0x00007ffb6d360000 - 0x00007ffb6d38a000 	C:\WINDOWS\System32\DEVOBJ.dll
0x00007ffb61e40000 - 0x00007ffb61e84000 	C:\WINDOWS\SYSTEM32\wdmaud.drv
0x00007ffb69160000 - 0x00007ffb6916a000 	C:\WINDOWS\SYSTEM32\AVRT.dll
0x00007ffb69e30000 - 0x00007ffb69e39000 	C:\WINDOWS\SYSTEM32\ksuser.dll
0x00007ffb66ea0000 - 0x00007ffb66ffd000 	C:\WINDOWS\SYSTEM32\AUDIOSES.DLL
0x00007ffb687b0000 - 0x00007ffb687bd000 	C:\WINDOWS\SYSTEM32\msacm32.drv
0x00007ffb66250000 - 0x00007ffb6626c000 	C:\WINDOWS\SYSTEM32\MSACM32.dll
0x00007ffb66240000 - 0x00007ffb6624a000 	C:\WINDOWS\SYSTEM32\midimap.dll
0x00007ffb6bc60000 - 0x00007ffb6bc74000 	C:\WINDOWS\SYSTEM32\resourcepolicyclient.dll
0x00007ffb354b0000 - 0x00007ffb35514000 	C:\Users\hayden\AppData\Local\Temp\lwjglhayden\3.2.4-build-5\lwjgl.dll
0x00007ffb343d0000 - 0x00007ffb34432000 	C:\Users\hayden\AppData\Local\Temp\lwjglhayden\3.2.4-build-5\glfw.dll
0x00007ffb35260000 - 0x00007ffb352a3000 	C:\WINDOWS\SYSTEM32\dinput8.dll
0x00007ffb4a360000 - 0x00007ffb4a371000 	C:\WINDOWS\SYSTEM32\xinput1_4.dll
0x00007ffb51930000 - 0x00007ffb51a4a000 	C:\WINDOWS\SYSTEM32\inputhost.dll
0x00007ffb69f60000 - 0x00007ffb6a04f000 	C:\WINDOWS\SYSTEM32\PROPSYS.dll
0x00007ffb6c1d0000 - 0x00007ffb6c1de000 	C:\WINDOWS\SYSTEM32\HID.DLL
0x00007ffb6edf0000 - 0x00007ffb6f260000 	C:\WINDOWS\System32\SETUPAPI.DLL
0x00007ffb05350000 - 0x00007ffb07a74000 	C:\WINDOWS\System32\DriverStore\FileRepository\nv_dispi.inf_amd64_9952681a7bb1dfac\nvoglv64.dll
0x00007ffb6a0b0000 - 0x00007ffb6a0c3000 	C:\WINDOWS\SYSTEM32\WTSAPI32.dll
0x00007ffb6d450000 - 0x00007ffb6d4ac000 	C:\WINDOWS\SYSTEM32\WINSTA.dll
0x00007ffb34b40000 - 0x00007ffb34b99000 	C:\Users\hayden\AppData\Local\Temp\lwjglhayden\3.2.4-build-5\lwjgl_opengl.dll
0x00007ffb34160000 - 0x00007ffb341d9000 	C:\Users\hayden\AppData\Local\Temp\lwjglhayden\3.2.4-build-5\lwjgl_stb.dll
0x00007ffb66160000 - 0x00007ffb6620e000 	C:\WINDOWS\SYSTEM32\mscms.dll
0x00007ffb65f50000 - 0x00007ffb65f67000 	C:\WINDOWS\SYSTEM32\ColorAdapterClient.dll
0x00007ffb6d4e0000 - 0x00007ffb6d505000 	C:\WINDOWS\SYSTEM32\USERENV.dll
0x00007ffb40550000 - 0x00007ffb40593000 	C:\WINDOWS\SYSTEM32\icm32.dll
0x00007ffb56270000 - 0x00007ffb56319000 	C:\WINDOWS\WinSxS\amd64_microsoft.windows.common-controls_6595b64144ccf1df_5.82.18362.778_none_2a29d4a64667eb69\comctl32.dll
0x00007ffb67160000 - 0x00007ffb67176000 	C:\WINDOWS\system32\NetworkExplorer.dll
0x00007ffb67660000 - 0x00007ffb6780f000 	C:\WINDOWS\SYSTEM32\WindowsCodecs.dll
0x00007ffb4e2d0000 - 0x00007ffb4e32e000 	C:\Windows\System32\thumbcache.dll
0x00007ffb67960000 - 0x00007ffb679e6000 	C:\WINDOWS\SYSTEM32\policymanager.dll
0x00007ffb6a100000 - 0x00007ffb6a18a000 	C:\WINDOWS\SYSTEM32\msvcp110_win.dll
0x00007ffb55ab0000 - 0x00007ffb55acb000 	C:\WINDOWS\SYSTEM32\MPR.dll
0x00007ffb41c50000 - 0x00007ffb41c6b000 	C:\WINDOWS\System32\p9np.dll
0x00007ffb41c40000 - 0x00007ffb41c4b000 	C:\WINDOWS\System32\drprov.dll
0x00007ffb41c20000 - 0x00007ffb41c35000 	C:\WINDOWS\System32\ntlanman.dll
0x00007ffb41c00000 - 0x00007ffb41c1d000 	C:\WINDOWS\System32\davclnt.dll
0x00007ffb41bf0000 - 0x00007ffb41bfc000 	C:\WINDOWS\System32\DAVHLPR.dll
0x00007ffb69890000 - 0x00007ffb698a7000 	C:\WINDOWS\System32\wkscli.dll
0x00007ffb4be60000 - 0x00007ffb4be72000 	C:\WINDOWS\SYSTEM32\cscapi.dll
0x00007ffb6cbf0000 - 0x00007ffb6cbfc000 	C:\WINDOWS\System32\netutils.dll
0x00007ffb40390000 - 0x00007ffb403e3000 	C:\Windows\System32\dlnashext.dll
0x00007ffb2edc0000 - 0x00007ffb2ee24000 	C:\Windows\System32\PlayToDevice.dll
0x00007ffb4b0f0000 - 0x00007ffb4b110000 	C:\Windows\System32\DevDispItemProvider.dll

dbghelp: loaded successfully - version: 4.0.5 - missing functions: none
symbol engine: initialized successfully - sym options: 0x614 - pdb path: .;C:\Program Files\Java\jdk-14.0.1\bin;C:\WINDOWS\SYSTEM32;C:\WINDOWS\WinSxS\amd64_microsoft.windows.common-controls_6595b64144ccf1df_6.0.18362.778_none_e6c6b761130d4fb8;C:\Program Files\Java\jdk-14.0.1\bin\server;C:\WINDOWS\System32\DriverStore\FileRepository\nv_dispi.inf_amd64_9952681a7bb1dfac;C:\Users\hayden\AppData\Local\Temp\lwjglhayden\3.2.4-build-5;C:\WINDOWS\WinSxS\amd64_microsoft.windows.common-controls_6595b64144ccf1df_5.82.18362.778_none_2a29d4a64667eb69;C:\WINDOWS\WinSxS\amd64_microsoft.windows.gdiplus_6595b64144ccf1df_1.1.18362.778_none_17b1aa466d9fc986;C:\Users\hayden\AppData\Local\Microsoft\OneDrive\20.064.0329.0005\amd64;C:\Users\hayden\Desktop\lib;C:\WINDOWS\WinSxS\amd64_microsoft.vc80.crt_1fc8b3b9a1e18e3b_8.0.50727.9659_none_88dfc6bf2faefcc6

VM Arguments:
jvm_args: -agentlib:jdwp=transport=dt_socket,address=127.0.0.1:58468,suspend=y,server=n -Djava.library.path=C:\Users\hayden\Desktop\lib -javaagent:C:\Users\hayden\AppData\Local\JetBrains\IntelliJIdea2020.1\groovyHotSwap\gragent.jar -javaagent:C:\Users\hayden\AppData\Local\JetBrains\IntelliJIdea2020.1\captureAgent\debugger-agent.jar -Dfile.encoding=UTF-8 
java_command: me.hydos.J64.Main
java_class_path (initial): E:\dev\fabric\mods\1.8.9\JCraft64\build\production\JCraft64.main;C:\Users\hayden\.gradle\caches\fabric-loom\yarn-20w17a+build.7-v2-final.jar;C:\Users\hayden\.gradle\caches\modules-2\files-2.1\org.joml\joml\1.9.20\49c9e036bf10adaf4f0483edc2d54dc4dad035b5\joml-1.9.20.jar;C:\Users\hayden\.gradle\caches\modules-2\files-2.1\org.lwjgl\lwjgl-assimp\3.2.4-SNAPSHOT\b8b7a5e6882e88896dfe9a099a301a91c5df980b\lwjgl-assimp-3.2.4-SNAPSHOT.jar;C:\Users\hayden\.gradle\caches\modules-2\files-2.1\org.lwjgl\lwjgl-glfw\3.2.4-SNAPSHOT\4465a4aaab50536af484e32c63fbac736d94bff2\lwjgl-glfw-3.2.4-SNAPSHOT.jar;C:\Users\hayden\.gradle\caches\modules-2\files-2.1\org.lwjgl\lwjgl-jemalloc\3.2.4-SNAPSHOT\d5d49a280213a7bee1c7046b03100cb4a4f3379f\lwjgl-jemalloc-3.2.4-SNAPSHOT.jar;C:\Users\hayden\.gradle\caches\modules-2\files-2.1\org.lwjgl\lwjgl-openal\3.2.4-SNAPSHOT\e8b74ac82114fa1b198730eed4e07fad16c416df\lwjgl-openal-3.2.4-SNAPSHOT.jar;C:\Users\hayden\.gradle\caches\modules-2\files-2.1\org.lwjgl\lwjgl-opengl\3.2.4-SNAPSHOT\9a83d9a7ff6e5fb98f2a79db3a538f0129b756ff\lwjgl-opengl-3.2.4-SNAPSHOT.jar;C:\Users\hayden\.gradle\caches\modules-2\files-2.1\org.lwjgl\lwjgl-stb\3.2.4-SNAPSHOT\97355448c6c8750733ff8cc6b701cda08ec28ed8\lwjgl-stb-3.2.4-SNAPSHOT.jar;C:\Users\hayden\.gradle\caches\modules-2\files-2.1\org.lwjgl\lwjgl-tinyfd\3.2.4-SNAPSHOT\43eac32bd2c138c1ee139f8e87387c3836888002\lwjgl-tinyfd-3.2.4-SNAPSHOT.jar;C:\Users\hayden\.gradle\caches\modules-2\files-2.1\org.lwjgl\lwjgl\3.2.4-SNAPSHOT\3b2e6246b0c27d9f2272c735911e8306dff81fb7\lwjgl-3.2.4-SNAPSHOT.jar;C:\Users\hayden\.gradle\caches\modules-2\files-2.1\com.mojang\patchy\1.1\aef610b34a1be37fa851825f12372b78424d8903\patchy-1.1.jar;C:\Users\hayden\.gradle\caches\modules-2\files-2.1\oshi-project\oshi-core\1.1\9ddf7b048a8d701be231c0f4f95fd986198fd2d8\oshi-core-1.1.jar;C:\Users\hayden\.gradle\caches\modules-2\files-2.1\net.java.dev.jna\jna\4.4.0\cb208278274bf12ebdb56c61bd7407e6f774d65a\jna-4.4.0.jar;C:\Users\hayden\.gradle\ca
Launcher Type: SUN_STANDARD

[Global flags]
     intx CICompilerCount                          = 4                                         {product} {ergonomic}
     uint ConcGCThreads                            = 3                                         {product} {ergonomic}
     uint G1ConcRefinementThreads                  = 10                                        {product} {ergonomic}
   size_t G1HeapRegionSize                         = 2097152                                   {product} {ergonomic}
    uintx GCDrainStackTargetSize                   = 64                                        {product} {ergonomic}
   size_t InitialHeapSize                          = 536870912                                 {product} {ergonomic}
   size_t MarkStackSize                            = 4194304                                   {product} {ergonomic}
   size_t MaxHeapSize                              = 8573157376                                {product} {ergonomic}
   size_t MaxNewSize                               = 5142216704                                {product} {ergonomic}
   size_t MinHeapDeltaBytes                        = 2097152                                   {product} {ergonomic}
   size_t MinHeapSize                              = 8388608                                   {product} {ergonomic}
    uintx NonNMethodCodeHeapSize                   = 5839372                                {pd product} {ergonomic}
    uintx NonProfiledCodeHeapSize                  = 122909434                              {pd product} {ergonomic}
    uintx ProfiledCodeHeapSize                     = 122909434                              {pd product} {ergonomic}
    uintx ReservedCodeCacheSize                    = 251658240                              {pd product} {ergonomic}
     bool SegmentedCodeCache                       = true                                      {product} {ergonomic}
   size_t SoftMaxHeapSize                          = 8573157376                             {manageable} {ergonomic}
     bool UseCompressedClassPointers               = true                                 {lp64_product} {ergonomic}
     bool UseCompressedOops                        = true                                 {lp64_product} {ergonomic}
     bool UseG1GC                                  = true                                      {product} {ergonomic}
     bool UseLargePagesIndividualAllocation        = false                                  {pd product} {ergonomic}

Logging:
Log output configuration:
 #0: stdout all=warning uptime,level,tags
 #1: stderr all=off uptime,level,tags

Environment Variables:
JAVA_HOME=C:\Program Files\AdoptOpenJDK\jdk-8.0.252.09-hotspot\
PATH=C:\Program Files\AdoptOpenJDK\jdk-8.0.252.09-hotspot\bin;C:\Program Files\Oculus\Support\oculus-runtime;C:\Program Files (x86)\Common Files\Oracle\Java\javapath;C:\Windows\system32;C:\Windows;C:\Windows\System32\Wbem;C:\Windows\System32\WindowsPowerShell\v1.0\;C:\Program Files\NVIDIA Corporation\NVIDIA NvDLISR;C:\Program Files (x86)\NVIDIA Corporation\PhysX\Common;C:\WINDOWS\system32;C:\WINDOWS;C:\WINDOWS\System32\Wbem;C:\WINDOWS\System32\WindowsPowerShell\v1.0\;C:\WINDOWS\System32\OpenSSH\;C:\Program Files (x86)\Project64 2.3;C:\Program Files\Java\jdk1.8.0_251\bin;C:\Program Files\Git\cmd;C:\gradle-6.3\bin;C:\Users\hayden\AppData\Local\Programs\Python\Python38-32\Scripts\;C:\Users\hayden\AppData\Local\Programs\Python\Python38-32\;C:\Users\hayden\AppData\Local\Microsoft\WindowsApps;C:\Users\hayden\AppData\Local\GitHubDesktop\bin;C:\Program Files\JetBrains\IntelliJ IDEA 2020.1\bin;;C:\Users\hayden\AppData\Local\Microsoft\WindowsApps;;C:\Users\hayden\AppData\Local\Programs\Microsoft VS Code\bin;C:\Program Files\JetBrains\WebStorm 2020.1\bin;
USERNAME=hayden
OS=Windows_NT
PROCESSOR_IDENTIFIER=AMD64 Family 23 Model 8 Stepping 2, AuthenticAMD



---------------  S Y S T E M  ---------------

OS: Windows 10 , 64 bit Build 18362 (10.0.18362.778)
OS uptime: 0 days 10:32 hours

CPU:total 12 (initial active 12) (12 cores per cpu, 2 threads per core) family 23 model 8 stepping 2, cmov, cx8, fxsr, mmx, sse, sse2, sse3, ssse3, sse4.1, sse4.2, popcnt, avx, avx2, aes, clmul, mmxext, 3dnowpref, lzcnt, sse4a, ht, tsc, tscinvbit, tscinv, bmi1, bmi2, adx, sha, fma

Memory: 4k page, system-wide physical 32699M (22500M free)
TotalPageFile size 32699M (AvailPageFile size 20085M)
current process WorkingSet (physical memory assigned to process): 203M, peak: 245M
current process commit charge ("private bytes"): 329M, peak: 730M

vm_info: Java HotSpot(TM) 64-Bit Server VM (14.0.1+7) for windows-amd64 JRE (14.0.1+7), built on Mar  5 2020 10:30:14 by "mach5one" with MS VC++ 15.9 (VS2017)

END.
